[0.582s] Invoking command in '/home/uboot/data/ros2_uboot/build/fishbot_interfaces': CMAKE_PREFIX_PATH=/opt/ros/foxy /usr/bin/cmake --build /home/uboot/data/ros2_uboot/build/fishbot_interfaces -- -j8 -l8
[0.776s] [  9%] Built target fishbot_interfaces__rosidl_generator_c
[0.776s] [ 12%] Built target fishbot_interfaces__cpp
[0.872s] [ 22%] Built target fishbot_interfaces__rosidl_typesupport_c
[0.881s] [ 32%] Built target fishbot_interfaces__rosidl_typesupport_fastrtps_cpp
[0.882s] [ 41%] Built target fishbot_interfaces__rosidl_typesupport_introspection_c
[0.883s] [ 51%] Built target fishbot_interfaces__rosidl_typesupport_cpp
[0.892s] [ 61%] Built target fishbot_interfaces__rosidl_typesupport_introspection_cpp
[0.974s] [ 70%] Built target fishbot_interfaces__rosidl_typesupport_fastrtps_c
[1.025s] [ 70%] Built target fishbot_interfaces
[1.055s] [ 74%] Built target fishbot_interfaces__py
[1.143s] [ 80%] Built target fishbot_interfaces__python
[1.208s] [ 87%] Built target fishbot_interfaces__rosidl_typesupport_fastrtps_c__pyext
[1.211s] [ 93%] Built target fishbot_interfaces__rosidl_typesupport_introspection_c__pyext
[1.224s] [100%] Built target fishbot_interfaces__rosidl_typesupport_c__pyext
[2.642s] Invoked command in '/home/uboot/data/ros2_uboot/build/fishbot_interfaces' returned '0': CMAKE_PREFIX_PATH=/opt/ros/foxy /usr/bin/cmake --build /home/uboot/data/ros2_uboot/build/fishbot_interfaces -- -j8 -l8
[2.645s] Invoking command in '/home/uboot/data/ros2_uboot/build/fishbot_interfaces': CMAKE_PREFIX_PATH=/opt/ros/foxy /usr/bin/cmake --install /home/uboot/data/ros2_uboot/build/fishbot_interfaces
[2.691s] -- Install configuration: ""
[2.693s] -- Up-to-date: /home/uboot/data/ros2_uboot/install/fishbot_interfaces/share/ament_index/resource_index/rosidl_interfaces/fishbot_interfaces
[2.694s] -- Up-to-date: /home/uboot/data/ros2_uboot/install/fishbot_interfaces/include/fishbot_interfaces
[2.696s] -- Up-to-date: /home/uboot/data/ros2_uboot/install/fishbot_interfaces/include/fishbot_interfaces/msg
[2.697s] -- Up-to-date: /home/uboot/data/ros2_uboot/install/fishbot_interfaces/include/fishbot_interfaces/msg/rosidl_generator_c__visibility_control.h
[2.699s] -- Up-to-date: /home/uboot/data/ros2_uboot/install/fishbot_interfaces/include/fishbot_interfaces/srv
[2.701s] -- Up-to-date: /home/uboot/data/ros2_uboot/install/fishbot_interfaces/include/fishbot_interfaces/srv/detail
[2.707s] -- Up-to-date: /home/uboot/data/ros2_uboot/install/fishbot_interfaces/include/fishbot_interfaces/srv/detail/fish_bot_config__functions.c
[2.708s] -- Up-to-date: /home/uboot/data/ros2_uboot/install/fishbot_interfaces/include/fishbot_interfaces/srv/detail/fish_bot_config__struct.h
[2.708s] -- Up-to-date: /home/uboot/data/ros2_uboot/install/fishbot_interfaces/include/fishbot_interfaces/srv/detail/fish_bot_config__functions.h
[2.710s] -- Up-to-date: /home/uboot/data/ros2_uboot/install/fishbot_interfaces/include/fishbot_interfaces/srv/detail/fish_bot_config__type_support.h
[2.710s] -- Up-to-date: /home/uboot/data/ros2_uboot/install/fishbot_interfaces/include/fishbot_interfaces/srv/fish_bot_config.h
[2.710s] -- Up-to-date: /home/uboot/data/ros2_uboot/install/fishbot_interfaces/share/fishbot_interfaces/environment/library_path.sh
[2.710s] -- Up-to-date: /home/uboot/data/ros2_uboot/install/fishbot_interfaces/share/fishbot_interfaces/environment/library_path.dsv
[2.711s] -- Up-to-date: /home/uboot/data/ros2_uboot/install/fishbot_interfaces/lib/libfishbot_interfaces__rosidl_generator_c.so
[2.711s] -- Up-to-date: /home/uboot/data/ros2_uboot/install/fishbot_interfaces/include/fishbot_interfaces
[2.711s] -- Up-to-date: /home/uboot/data/ros2_uboot/install/fishbot_interfaces/include/fishbot_interfaces/msg
[2.711s] -- Up-to-date: /home/uboot/data/ros2_uboot/install/fishbot_interfaces/include/fishbot_interfaces/msg/rosidl_typesupport_fastrtps_c__visibility_control.h
[2.711s] -- Up-to-date: /home/uboot/data/ros2_uboot/install/fishbot_interfaces/include/fishbot_interfaces/srv
[2.712s] -- Up-to-date: /home/uboot/data/ros2_uboot/install/fishbot_interfaces/include/fishbot_interfaces/srv/detail
[2.712s] -- Up-to-date: /home/uboot/data/ros2_uboot/install/fishbot_interfaces/include/fishbot_interfaces/srv/detail/fish_bot_config__rosidl_typesupport_fastrtps_c.h
[2.712s] -- Up-to-date: /home/uboot/data/ros2_uboot/install/fishbot_interfaces/lib/libfishbot_interfaces__rosidl_typesupport_fastrtps_c.so
[2.712s] -- Up-to-date: /home/uboot/data/ros2_uboot/install/fishbot_interfaces/include/fishbot_interfaces
[2.712s] -- Up-to-date: /home/uboot/data/ros2_uboot/install/fishbot_interfaces/include/fishbot_interfaces/msg
[2.712s] -- Up-to-date: /home/uboot/data/ros2_uboot/install/fishbot_interfaces/include/fishbot_interfaces/msg/rosidl_typesupport_fastrtps_cpp__visibility_control.h
[2.713s] -- Up-to-date: /home/uboot/data/ros2_uboot/install/fishbot_interfaces/include/fishbot_interfaces/srv
[2.713s] -- Up-to-date: /home/uboot/data/ros2_uboot/install/fishbot_interfaces/include/fishbot_interfaces/srv/detail
[2.713s] -- Up-to-date: /home/uboot/data/ros2_uboot/install/fishbot_interfaces/include/fishbot_interfaces/srv/detail/dds_fastrtps
[2.713s] -- Up-to-date: /home/uboot/data/ros2_uboot/install/fishbot_interfaces/include/fishbot_interfaces/srv/detail/fish_bot_config__rosidl_typesupport_fastrtps_cpp.hpp
[2.713s] -- Up-to-date: /home/uboot/data/ros2_uboot/install/fishbot_interfaces/lib/libfishbot_interfaces__rosidl_typesupport_fastrtps_cpp.so
[2.714s] -- Up-to-date: /home/uboot/data/ros2_uboot/install/fishbot_interfaces/include/fishbot_interfaces
[2.714s] -- Up-to-date: /home/uboot/data/ros2_uboot/install/fishbot_interfaces/include/fishbot_interfaces/msg
[2.714s] -- Up-to-date: /home/uboot/data/ros2_uboot/install/fishbot_interfaces/include/fishbot_interfaces/msg/rosidl_typesupport_introspection_c__visibility_control.h
[2.714s] -- Up-to-date: /home/uboot/data/ros2_uboot/install/fishbot_interfaces/include/fishbot_interfaces/srv
[2.714s] -- Up-to-date: /home/uboot/data/ros2_uboot/install/fishbot_interfaces/include/fishbot_interfaces/srv/detail
[2.714s] -- Up-to-date: /home/uboot/data/ros2_uboot/install/fishbot_interfaces/include/fishbot_interfaces/srv/detail/fish_bot_config__type_support.c
[2.715s] -- Up-to-date: /home/uboot/data/ros2_uboot/install/fishbot_interfaces/include/fishbot_interfaces/srv/detail/fish_bot_config__rosidl_typesupport_introspection_c.h
[2.722s] -- Up-to-date: /home/uboot/data/ros2_uboot/install/fishbot_interfaces/lib/libfishbot_interfaces__rosidl_typesupport_introspection_c.so
[2.728s] -- Up-to-date: /home/uboot/data/ros2_uboot/install/fishbot_interfaces/lib/libfishbot_interfaces__rosidl_typesupport_c.so
[2.728s] -- Up-to-date: /home/uboot/data/ros2_uboot/install/fishbot_interfaces/include/fishbot_interfaces
[2.728s] -- Up-to-date: /home/uboot/data/ros2_uboot/install/fishbot_interfaces/include/fishbot_interfaces/msg
[2.728s] -- Up-to-date: /home/uboot/data/ros2_uboot/install/fishbot_interfaces/include/fishbot_interfaces/msg/rosidl_generator_cpp__visibility_control.hpp
[2.728s] -- Up-to-date: /home/uboot/data/ros2_uboot/install/fishbot_interfaces/include/fishbot_interfaces/srv
[2.729s] -- Up-to-date: /home/uboot/data/ros2_uboot/install/fishbot_interfaces/include/fishbot_interfaces/srv/detail
[2.729s] -- Up-to-date: /home/uboot/data/ros2_uboot/install/fishbot_interfaces/include/fishbot_interfaces/srv/detail/fish_bot_config__builder.hpp
[2.729s] -- Up-to-date: /home/uboot/data/ros2_uboot/install/fishbot_interfaces/include/fishbot_interfaces/srv/detail/fish_bot_config__struct.hpp
[2.729s] -- Up-to-date: /home/uboot/data/ros2_uboot/install/fishbot_interfaces/include/fishbot_interfaces/srv/detail/fish_bot_config__type_support.hpp
[2.729s] -- Up-to-date: /home/uboot/data/ros2_uboot/install/fishbot_interfaces/include/fishbot_interfaces/srv/detail/fish_bot_config__traits.hpp
[2.730s] -- Up-to-date: /home/uboot/data/ros2_uboot/install/fishbot_interfaces/include/fishbot_interfaces/srv/fish_bot_config.hpp
[2.730s] -- Up-to-date: /home/uboot/data/ros2_uboot/install/fishbot_interfaces/include/fishbot_interfaces
[2.730s] -- Up-to-date: /home/uboot/data/ros2_uboot/install/fishbot_interfaces/include/fishbot_interfaces/srv
[2.730s] -- Up-to-date: /home/uboot/data/ros2_uboot/install/fishbot_interfaces/include/fishbot_interfaces/srv/detail
[2.730s] -- Up-to-date: /home/uboot/data/ros2_uboot/install/fishbot_interfaces/include/fishbot_interfaces/srv/detail/fish_bot_config__type_support.cpp
[2.730s] -- Up-to-date: /home/uboot/data/ros2_uboot/install/fishbot_interfaces/include/fishbot_interfaces/srv/detail/fish_bot_config__rosidl_typesupport_introspection_cpp.hpp
[2.730s] -- Up-to-date: /home/uboot/data/ros2_uboot/install/fishbot_interfaces/lib/libfishbot_interfaces__rosidl_typesupport_introspection_cpp.so
[2.731s] -- Up-to-date: /home/uboot/data/ros2_uboot/install/fishbot_interfaces/lib/libfishbot_interfaces__rosidl_typesupport_cpp.so
[2.731s] -- Up-to-date: /home/uboot/data/ros2_uboot/install/fishbot_interfaces/share/fishbot_interfaces/environment/pythonpath.sh
[2.731s] -- Up-to-date: /home/uboot/data/ros2_uboot/install/fishbot_interfaces/share/fishbot_interfaces/environment/pythonpath.dsv
[2.731s] -- Up-to-date: /home/uboot/data/ros2_uboot/install/fishbot_interfaces/lib/python3.8/site-packages/fishbot_interfaces/__init__.py
[2.872s] -- Up-to-date: /home/uboot/data/ros2_uboot/install/fishbot_interfaces/lib/python3.8/site-packages/fishbot_interfaces/srv
[2.873s] -- Up-to-date: /home/uboot/data/ros2_uboot/install/fishbot_interfaces/lib/python3.8/site-packages/fishbot_interfaces/srv/__init__.py
[2.874s] -- Up-to-date: /home/uboot/data/ros2_uboot/install/fishbot_interfaces/lib/python3.8/site-packages/fishbot_interfaces/srv/_fish_bot_config.py
[2.874s] -- Up-to-date: /home/uboot/data/ros2_uboot/install/fishbot_interfaces/lib/python3.8/site-packages/fishbot_interfaces/srv/_fish_bot_config_s.c
[2.875s] -- Up-to-date: /home/uboot/data/ros2_uboot/install/fishbot_interfaces/lib/python3.8/site-packages/fishbot_interfaces/fishbot_interfaces_s__rosidl_typesupport_fastrtps_c.cpython-38-aarch64-linux-gnu.so
[2.876s] -- Up-to-date: /home/uboot/data/ros2_uboot/install/fishbot_interfaces/lib/python3.8/site-packages/fishbot_interfaces/fishbot_interfaces_s__rosidl_typesupport_introspection_c.cpython-38-aarch64-linux-gnu.so
[2.877s] -- Up-to-date: /home/uboot/data/ros2_uboot/install/fishbot_interfaces/lib/python3.8/site-packages/fishbot_interfaces/fishbot_interfaces_s__rosidl_typesupport_c.cpython-38-aarch64-linux-gnu.so
[2.878s] -- Up-to-date: /home/uboot/data/ros2_uboot/install/fishbot_interfaces/lib/libfishbot_interfaces__python.so
[2.879s] -- Up-to-date: /home/uboot/data/ros2_uboot/install/fishbot_interfaces/share/fishbot_interfaces/srv/FishBotConfig.idl
[2.879s] -- Up-to-date: /home/uboot/data/ros2_uboot/install/fishbot_interfaces/share/fishbot_interfaces/srv/FishBotConfig.srv
[2.880s] -- Up-to-date: /home/uboot/data/ros2_uboot/install/fishbot_interfaces/share/fishbot_interfaces/srv/FishBotConfig_Request.msg
[2.880s] -- Up-to-date: /home/uboot/data/ros2_uboot/install/fishbot_interfaces/share/fishbot_interfaces/srv/FishBotConfig_Response.msg
[2.881s] -- Up-to-date: /home/uboot/data/ros2_uboot/install/fishbot_interfaces/share/ament_index/resource_index/package_run_dependencies/fishbot_interfaces
[2.882s] -- Up-to-date: /home/uboot/data/ros2_uboot/install/fishbot_interfaces/share/ament_index/resource_index/parent_prefix_path/fishbot_interfaces
[2.882s] -- Up-to-date: /home/uboot/data/ros2_uboot/install/fishbot_interfaces/share/fishbot_interfaces/environment/ament_prefix_path.sh
[2.883s] -- Up-to-date: /home/uboot/data/ros2_uboot/install/fishbot_interfaces/share/fishbot_interfaces/environment/ament_prefix_path.dsv
[2.884s] -- Up-to-date: /home/uboot/data/ros2_uboot/install/fishbot_interfaces/share/fishbot_interfaces/environment/path.sh
[2.885s] -- Up-to-date: /home/uboot/data/ros2_uboot/install/fishbot_interfaces/share/fishbot_interfaces/environment/path.dsv
[2.886s] -- Up-to-date: /home/uboot/data/ros2_uboot/install/fishbot_interfaces/share/fishbot_interfaces/local_setup.bash
[2.887s] -- Up-to-date: /home/uboot/data/ros2_uboot/install/fishbot_interfaces/share/fishbot_interfaces/local_setup.sh
[2.891s] -- Up-to-date: /home/uboot/data/ros2_uboot/install/fishbot_interfaces/share/fishbot_interfaces/local_setup.zsh
[2.893s] -- Up-to-date: /home/uboot/data/ros2_uboot/install/fishbot_interfaces/share/fishbot_interfaces/local_setup.dsv
[2.894s] -- Installing: /home/uboot/data/ros2_uboot/install/fishbot_interfaces/share/fishbot_interfaces/package.dsv
[2.895s] -- Up-to-date: /home/uboot/data/ros2_uboot/install/fishbot_interfaces/share/ament_index/resource_index/packages/fishbot_interfaces
[2.895s] -- Up-to-date: /home/uboot/data/ros2_uboot/install/fishbot_interfaces/share/fishbot_interfaces/cmake/fishbot_interfaces__rosidl_generator_cExport.cmake
[2.901s] -- Up-to-date: /home/uboot/data/ros2_uboot/install/fishbot_interfaces/share/fishbot_interfaces/cmake/fishbot_interfaces__rosidl_generator_cExport-noconfig.cmake
[2.903s] -- Up-to-date: /home/uboot/data/ros2_uboot/install/fishbot_interfaces/share/fishbot_interfaces/cmake/fishbot_interfaces__rosidl_typesupport_introspection_cExport.cmake
[2.904s] -- Up-to-date: /home/uboot/data/ros2_uboot/install/fishbot_interfaces/share/fishbot_interfaces/cmake/fishbot_interfaces__rosidl_typesupport_introspection_cExport-noconfig.cmake
[2.906s] -- Up-to-date: /home/uboot/data/ros2_uboot/install/fishbot_interfaces/share/fishbot_interfaces/cmake/fishbot_interfaces__rosidl_typesupport_cExport.cmake
[2.906s] -- Up-to-date: /home/uboot/data/ros2_uboot/install/fishbot_interfaces/share/fishbot_interfaces/cmake/fishbot_interfaces__rosidl_typesupport_cExport-noconfig.cmake
[2.908s] -- Up-to-date: /home/uboot/data/ros2_uboot/install/fishbot_interfaces/share/fishbot_interfaces/cmake/fishbot_interfaces__rosidl_generator_cppExport.cmake
[2.909s] -- Up-to-date: /home/uboot/data/ros2_uboot/install/fishbot_interfaces/share/fishbot_interfaces/cmake/fishbot_interfaces__rosidl_typesupport_introspection_cppExport.cmake
[2.910s] -- Up-to-date: /home/uboot/data/ros2_uboot/install/fishbot_interfaces/share/fishbot_interfaces/cmake/fishbot_interfaces__rosidl_typesupport_introspection_cppExport-noconfig.cmake
[2.911s] -- Up-to-date: /home/uboot/data/ros2_uboot/install/fishbot_interfaces/share/fishbot_interfaces/cmake/fishbot_interfaces__rosidl_typesupport_cppExport.cmake
[2.912s] -- Up-to-date: /home/uboot/data/ros2_uboot/install/fishbot_interfaces/share/fishbot_interfaces/cmake/fishbot_interfaces__rosidl_typesupport_cppExport-noconfig.cmake
[2.913s] -- Up-to-date: /home/uboot/data/ros2_uboot/install/fishbot_interfaces/share/fishbot_interfaces/cmake/rosidl_cmake-extras.cmake
[2.915s] -- Up-to-date: /home/uboot/data/ros2_uboot/install/fishbot_interfaces/share/fishbot_interfaces/cmake/ament_cmake_export_dependencies-extras.cmake
[2.916s] -- Up-to-date: /home/uboot/data/ros2_uboot/install/fishbot_interfaces/share/fishbot_interfaces/cmake/ament_cmake_export_libraries-extras.cmake
[2.917s] -- Up-to-date: /home/uboot/data/ros2_uboot/install/fishbot_interfaces/share/fishbot_interfaces/cmake/ament_cmake_export_targets-extras.cmake
[2.918s] -- Up-to-date: /home/uboot/data/ros2_uboot/install/fishbot_interfaces/share/fishbot_interfaces/cmake/ament_cmake_export_include_directories-extras.cmake
[2.919s] -- Up-to-date: /home/uboot/data/ros2_uboot/install/fishbot_interfaces/share/fishbot_interfaces/cmake/rosidl_cmake_export_typesupport_libraries-extras.cmake
[2.920s] -- Up-to-date: /home/uboot/data/ros2_uboot/install/fishbot_interfaces/share/fishbot_interfaces/cmake/rosidl_cmake_export_typesupport_targets-extras.cmake
[2.922s] -- Up-to-date: /home/uboot/data/ros2_uboot/install/fishbot_interfaces/share/fishbot_interfaces/cmake/fishbot_interfacesConfig.cmake
[2.922s] -- Up-to-date: /home/uboot/data/ros2_uboot/install/fishbot_interfaces/share/fishbot_interfaces/cmake/fishbot_interfacesConfig-version.cmake
[2.925s] -- Up-to-date: /home/uboot/data/ros2_uboot/install/fishbot_interfaces/share/fishbot_interfaces/package.xml
[2.954s] Invoked command in '/home/uboot/data/ros2_uboot/build/fishbot_interfaces' returned '0': CMAKE_PREFIX_PATH=/opt/ros/foxy /usr/bin/cmake --install /home/uboot/data/ros2_uboot/build/fishbot_interfaces
