[0.618s] Invoking command in '/home/uboot/data/ros2_uboot/build/rplidar_ros': CMAKE_PREFIX_PATH=${CMAKE_PREFIX_PATH}:/home/uboot/data/ros2_uboot/install/yolo_v5:/home/uboot/data/ros2_uboot/install/uboot_chat:/home/uboot/data/ros2_uboot/install/task_scheduler:/home/uboot/data/ros2_uboot/install/fishbot_description:/opt/ros/foxy /usr/bin/cmake --build /home/uboot/data/ros2_uboot/build/rplidar_ros -- -j8 -l8
[0.886s] [  5%] Built target rplidar_client
[0.893s] [ 52%] Built target rplidar_composition
[0.918s] [100%] Built target rplidar_node
[1.389s] Invoked command in '/home/uboot/data/ros2_uboot/build/rplidar_ros' returned '0': CMAKE_PREFIX_PATH=${CMAKE_PREFIX_PATH}:/home/uboot/data/ros2_uboot/install/yolo_v5:/home/uboot/data/ros2_uboot/install/uboot_chat:/home/uboot/data/ros2_uboot/install/task_scheduler:/home/uboot/data/ros2_uboot/install/fishbot_description:/opt/ros/foxy /usr/bin/cmake --build /home/uboot/data/ros2_uboot/build/rplidar_ros -- -j8 -l8
[1.397s] Invoking command in '/home/uboot/data/ros2_uboot/build/rplidar_ros': CMAKE_PREFIX_PATH=${CMAKE_PREFIX_PATH}:/home/uboot/data/ros2_uboot/install/yolo_v5:/home/uboot/data/ros2_uboot/install/uboot_chat:/home/uboot/data/ros2_uboot/install/task_scheduler:/home/uboot/data/ros2_uboot/install/fishbot_description:/opt/ros/foxy /usr/bin/cmake --install /home/uboot/data/ros2_uboot/build/rplidar_ros
[1.943s] -- Install configuration: ""
[1.943s] -- Up-to-date: /home/uboot/data/ros2_uboot/install/rplidar_ros/share/rplidar_ros/launch
[1.943s] -- Up-to-date: /home/uboot/data/ros2_uboot/install/rplidar_ros/share/rplidar_ros/launch/view_rplidar_a3_launch.py
[1.944s] -- Up-to-date: /home/uboot/data/ros2_uboot/install/rplidar_ros/share/rplidar_ros/launch/rplidar_a2m7_launch.py
[1.944s] -- Up-to-date: /home/uboot/data/ros2_uboot/install/rplidar_ros/share/rplidar_ros/launch/rplidar_s1_tcp_launch.py
[1.944s] -- Up-to-date: /home/uboot/data/ros2_uboot/install/rplidar_ros/share/rplidar_ros/launch/view_rplidar_s2_launch.py
[1.945s] -- Up-to-date: /home/uboot/data/ros2_uboot/install/rplidar_ros/share/rplidar_ros/launch/view_rplidar_s1_launch.py
[1.945s] -- Up-to-date: /home/uboot/data/ros2_uboot/install/rplidar_ros/share/rplidar_ros/launch/view_rplidar_s3_launch.py
[1.946s] -- Up-to-date: /home/uboot/data/ros2_uboot/install/rplidar_ros/share/rplidar_ros/launch/rplidar_s2_launch.py
[1.946s] -- Up-to-date: /home/uboot/data/ros2_uboot/install/rplidar_ros/share/rplidar_ros/launch/view_rplidar_a2m7_launch.py
[1.946s] -- Up-to-date: /home/uboot/data/ros2_uboot/install/rplidar_ros/share/rplidar_ros/launch/rplidar_t1_launch.py
[1.947s] -- Up-to-date: /home/uboot/data/ros2_uboot/install/rplidar_ros/share/rplidar_ros/launch/rplidar_a3_launch.py
[1.947s] -- Up-to-date: /home/uboot/data/ros2_uboot/install/rplidar_ros/share/rplidar_ros/launch/view_rplidar_s1_tcp_launch.py
[1.947s] -- Up-to-date: /home/uboot/data/ros2_uboot/install/rplidar_ros/share/rplidar_ros/launch/view_rplidar_a2m8_launch.py
[1.948s] -- Up-to-date: /home/uboot/data/ros2_uboot/install/rplidar_ros/share/rplidar_ros/launch/rplidar_a2m12_launch.py
[1.948s] -- Up-to-date: /home/uboot/data/ros2_uboot/install/rplidar_ros/share/rplidar_ros/launch/rplidar_a1_launch.py
[1.948s] -- Up-to-date: /home/uboot/data/ros2_uboot/install/rplidar_ros/share/rplidar_ros/launch/rplidar_c1_launch.py
[1.949s] -- Up-to-date: /home/uboot/data/ros2_uboot/install/rplidar_ros/share/rplidar_ros/launch/view_rplidar_c1_launch.py
[1.949s] -- Up-to-date: /home/uboot/data/ros2_uboot/install/rplidar_ros/share/rplidar_ros/launch/view_rplidar_a2m12_launch.py
[1.949s] -- Up-to-date: /home/uboot/data/ros2_uboot/install/rplidar_ros/share/rplidar_ros/launch/rplidar_a2m8_launch.py
[1.950s] -- Up-to-date: /home/uboot/data/ros2_uboot/install/rplidar_ros/share/rplidar_ros/launch/view_rplidar_a1_launch.py
[1.950s] -- Up-to-date: /home/uboot/data/ros2_uboot/install/rplidar_ros/share/rplidar_ros/launch/view_rplidar_s2e_launch.py
[1.951s] -- Up-to-date: /home/uboot/data/ros2_uboot/install/rplidar_ros/share/rplidar_ros/launch/rplidar_s3_launch.py
[1.951s] -- Up-to-date: /home/uboot/data/ros2_uboot/install/rplidar_ros/share/rplidar_ros/launch/rplidar_s1_launch.py
[1.951s] -- Up-to-date: /home/uboot/data/ros2_uboot/install/rplidar_ros/share/rplidar_ros/launch/view_rplidar_t1_launch.py
[1.952s] -- Up-to-date: /home/uboot/data/ros2_uboot/install/rplidar_ros/share/rplidar_ros/launch/rplidar_s2e_launch.py
[1.952s] -- Up-to-date: /home/uboot/data/ros2_uboot/install/rplidar_ros/share/rplidar_ros/rviz
[1.952s] -- Up-to-date: /home/uboot/data/ros2_uboot/install/rplidar_ros/share/rplidar_ros/rviz/rplidar_ros.rviz
[1.953s] -- Up-to-date: /home/uboot/data/ros2_uboot/install/rplidar_ros/lib/rplidar_ros/rplidar_node
[1.953s] -- Up-to-date: /home/uboot/data/ros2_uboot/install/rplidar_ros/lib/rplidar_ros/rplidar_composition
[1.953s] -- Up-to-date: /home/uboot/data/ros2_uboot/install/rplidar_ros/lib/rplidar_ros/rplidar_client
[1.954s] -- Up-to-date: /home/uboot/data/ros2_uboot/install/rplidar_ros/share/ament_index/resource_index/package_run_dependencies/rplidar_ros
[1.954s] -- Up-to-date: /home/uboot/data/ros2_uboot/install/rplidar_ros/share/ament_index/resource_index/parent_prefix_path/rplidar_ros
[1.955s] -- Up-to-date: /home/uboot/data/ros2_uboot/install/rplidar_ros/share/rplidar_ros/environment/ament_prefix_path.sh
[1.955s] -- Up-to-date: /home/uboot/data/ros2_uboot/install/rplidar_ros/share/rplidar_ros/environment/ament_prefix_path.dsv
[1.955s] -- Up-to-date: /home/uboot/data/ros2_uboot/install/rplidar_ros/share/rplidar_ros/environment/path.sh
[1.956s] -- Up-to-date: /home/uboot/data/ros2_uboot/install/rplidar_ros/share/rplidar_ros/environment/path.dsv
[1.956s] -- Up-to-date: /home/uboot/data/ros2_uboot/install/rplidar_ros/share/rplidar_ros/local_setup.bash
[1.956s] -- Up-to-date: /home/uboot/data/ros2_uboot/install/rplidar_ros/share/rplidar_ros/local_setup.sh
[1.957s] -- Up-to-date: /home/uboot/data/ros2_uboot/install/rplidar_ros/share/rplidar_ros/local_setup.zsh
[1.957s] -- Up-to-date: /home/uboot/data/ros2_uboot/install/rplidar_ros/share/rplidar_ros/local_setup.dsv
[1.957s] -- Installing: /home/uboot/data/ros2_uboot/install/rplidar_ros/share/rplidar_ros/package.dsv
[1.958s] -- Up-to-date: /home/uboot/data/ros2_uboot/install/rplidar_ros/share/ament_index/resource_index/packages/rplidar_ros
[1.958s] -- Up-to-date: /home/uboot/data/ros2_uboot/install/rplidar_ros/share/rplidar_ros/cmake/ament_cmake_export_dependencies-extras.cmake
[1.958s] -- Up-to-date: /home/uboot/data/ros2_uboot/install/rplidar_ros/share/rplidar_ros/cmake/ament_cmake_export_include_directories-extras.cmake
[1.959s] -- Up-to-date: /home/uboot/data/ros2_uboot/install/rplidar_ros/share/rplidar_ros/cmake/rplidar_rosConfig.cmake
[1.959s] -- Up-to-date: /home/uboot/data/ros2_uboot/install/rplidar_ros/share/rplidar_ros/cmake/rplidar_rosConfig-version.cmake
[1.960s] -- Up-to-date: /home/uboot/data/ros2_uboot/install/rplidar_ros/share/rplidar_ros/package.xml
[2.443s] Invoked command in '/home/uboot/data/ros2_uboot/build/rplidar_ros' returned '0': CMAKE_PREFIX_PATH=${CMAKE_PREFIX_PATH}:/home/uboot/data/ros2_uboot/install/yolo_v5:/home/uboot/data/ros2_uboot/install/uboot_chat:/home/uboot/data/ros2_uboot/install/task_scheduler:/home/uboot/data/ros2_uboot/install/fishbot_description:/opt/ros/foxy /usr/bin/cmake --install /home/uboot/data/ros2_uboot/build/rplidar_ros
