[0.605s] Invoking command in '/home/uboot/data/ros2_uboot/build/rplidar_ros': CMAKE_PREFIX_PATH=${CMAKE_PREFIX_PATH}:/home/uboot/data/ros2_uboot/install/yolo_v5:/home/uboot/data/ros2_uboot/install/uboot_chat:/home/uboot/data/ros2_uboot/install/task_scheduler:/home/uboot/data/ros2_uboot/install/fishbot_description:/opt/ros/foxy /usr/bin/cmake --build /home/uboot/data/ros2_uboot/build/rplidar_ros -- -j8 -l8
[0.826s] [ 47%] Built target rplidar_node
[0.839s] [ 52%] Built target rplidar_client
[0.862s] [100%] Built target rplidar_composition
[1.013s] Invoked command in '/home/uboot/data/ros2_uboot/build/rplidar_ros' returned '0': CMAKE_PREFIX_PATH=${CMAKE_PREFIX_PATH}:/home/uboot/data/ros2_uboot/install/yolo_v5:/home/uboot/data/ros2_uboot/install/uboot_chat:/home/uboot/data/ros2_uboot/install/task_scheduler:/home/uboot/data/ros2_uboot/install/fishbot_description:/opt/ros/foxy /usr/bin/cmake --build /home/uboot/data/ros2_uboot/build/rplidar_ros -- -j8 -l8
[1.018s] Invoking command in '/home/uboot/data/ros2_uboot/build/rplidar_ros': CMAKE_PREFIX_PATH=${CMAKE_PREFIX_PATH}:/home/uboot/data/ros2_uboot/install/yolo_v5:/home/uboot/data/ros2_uboot/install/uboot_chat:/home/uboot/data/ros2_uboot/install/task_scheduler:/home/uboot/data/ros2_uboot/install/fishbot_description:/opt/ros/foxy /usr/bin/cmake --install /home/uboot/data/ros2_uboot/build/rplidar_ros
[1.056s] -- Install configuration: ""
[1.057s] -- Up-to-date: /home/uboot/data/ros2_uboot/install/rplidar_ros/share/rplidar_ros/launch
[1.057s] -- Up-to-date: /home/uboot/data/ros2_uboot/install/rplidar_ros/share/rplidar_ros/launch/view_rplidar_a3_launch.py
[1.057s] -- Up-to-date: /home/uboot/data/ros2_uboot/install/rplidar_ros/share/rplidar_ros/launch/rplidar_a2m7_launch.py
[1.057s] -- Up-to-date: /home/uboot/data/ros2_uboot/install/rplidar_ros/share/rplidar_ros/launch/rplidar_s1_tcp_launch.py
[1.057s] -- Up-to-date: /home/uboot/data/ros2_uboot/install/rplidar_ros/share/rplidar_ros/launch/view_rplidar_s2_launch.py
[1.058s] -- Up-to-date: /home/uboot/data/ros2_uboot/install/rplidar_ros/share/rplidar_ros/launch/view_rplidar_s1_launch.py
[1.058s] -- Up-to-date: /home/uboot/data/ros2_uboot/install/rplidar_ros/share/rplidar_ros/launch/view_rplidar_s3_launch.py
[1.058s] -- Up-to-date: /home/uboot/data/ros2_uboot/install/rplidar_ros/share/rplidar_ros/launch/rplidar_s2_launch.py
[1.058s] -- Up-to-date: /home/uboot/data/ros2_uboot/install/rplidar_ros/share/rplidar_ros/launch/view_rplidar_a2m7_launch.py
[1.058s] -- Up-to-date: /home/uboot/data/ros2_uboot/install/rplidar_ros/share/rplidar_ros/launch/rplidar_t1_launch.py
[1.058s] -- Up-to-date: /home/uboot/data/ros2_uboot/install/rplidar_ros/share/rplidar_ros/launch/rplidar_a3_launch.py
[1.058s] -- Up-to-date: /home/uboot/data/ros2_uboot/install/rplidar_ros/share/rplidar_ros/launch/view_rplidar_s1_tcp_launch.py
[1.059s] -- Up-to-date: /home/uboot/data/ros2_uboot/install/rplidar_ros/share/rplidar_ros/launch/view_rplidar_a2m8_launch.py
[1.059s] -- Up-to-date: /home/uboot/data/ros2_uboot/install/rplidar_ros/share/rplidar_ros/launch/rplidar_a2m12_launch.py
[1.059s] -- Up-to-date: /home/uboot/data/ros2_uboot/install/rplidar_ros/share/rplidar_ros/launch/rplidar_a1_launch.py
[1.059s] -- Up-to-date: /home/uboot/data/ros2_uboot/install/rplidar_ros/share/rplidar_ros/launch/rplidar_c1_launch.py
[1.059s] -- Up-to-date: /home/uboot/data/ros2_uboot/install/rplidar_ros/share/rplidar_ros/launch/view_rplidar_c1_launch.py
[1.059s] -- Up-to-date: /home/uboot/data/ros2_uboot/install/rplidar_ros/share/rplidar_ros/launch/view_rplidar_a2m12_launch.py
[1.059s] -- Up-to-date: /home/uboot/data/ros2_uboot/install/rplidar_ros/share/rplidar_ros/launch/rplidar_a2m8_launch.py
[1.059s] -- Up-to-date: /home/uboot/data/ros2_uboot/install/rplidar_ros/share/rplidar_ros/launch/view_rplidar_a1_launch.py
[1.059s] -- Up-to-date: /home/uboot/data/ros2_uboot/install/rplidar_ros/share/rplidar_ros/launch/view_rplidar_s2e_launch.py
[1.059s] -- Up-to-date: /home/uboot/data/ros2_uboot/install/rplidar_ros/share/rplidar_ros/launch/rplidar_s3_launch.py
[1.060s] -- Up-to-date: /home/uboot/data/ros2_uboot/install/rplidar_ros/share/rplidar_ros/launch/rplidar_s1_launch.py
[1.060s] -- Up-to-date: /home/uboot/data/ros2_uboot/install/rplidar_ros/share/rplidar_ros/launch/view_rplidar_t1_launch.py
[1.060s] -- Up-to-date: /home/uboot/data/ros2_uboot/install/rplidar_ros/share/rplidar_ros/launch/rplidar_s2e_launch.py
[1.060s] -- Up-to-date: /home/uboot/data/ros2_uboot/install/rplidar_ros/share/rplidar_ros/rviz
[1.060s] -- Up-to-date: /home/uboot/data/ros2_uboot/install/rplidar_ros/share/rplidar_ros/rviz/rplidar_ros.rviz
[1.061s] -- Up-to-date: /home/uboot/data/ros2_uboot/install/rplidar_ros/lib/rplidar_ros/rplidar_node
[1.061s] -- Up-to-date: /home/uboot/data/ros2_uboot/install/rplidar_ros/lib/rplidar_ros/rplidar_composition
[1.065s] -- Up-to-date: /home/uboot/data/ros2_uboot/install/rplidar_ros/lib/rplidar_ros/rplidar_client
[1.067s] -- Up-to-date: /home/uboot/data/ros2_uboot/install/rplidar_ros/share/ament_index/resource_index/package_run_dependencies/rplidar_ros
[1.069s] -- Up-to-date: /home/uboot/data/ros2_uboot/install/rplidar_ros/share/ament_index/resource_index/parent_prefix_path/rplidar_ros
[1.071s] -- Up-to-date: /home/uboot/data/ros2_uboot/install/rplidar_ros/share/rplidar_ros/environment/ament_prefix_path.sh
[1.071s] -- Up-to-date: /home/uboot/data/ros2_uboot/install/rplidar_ros/share/rplidar_ros/environment/ament_prefix_path.dsv
[1.072s] -- Up-to-date: /home/uboot/data/ros2_uboot/install/rplidar_ros/share/rplidar_ros/environment/path.sh
[1.072s] -- Up-to-date: /home/uboot/data/ros2_uboot/install/rplidar_ros/share/rplidar_ros/environment/path.dsv
[1.072s] -- Up-to-date: /home/uboot/data/ros2_uboot/install/rplidar_ros/share/rplidar_ros/local_setup.bash
[1.073s] -- Up-to-date: /home/uboot/data/ros2_uboot/install/rplidar_ros/share/rplidar_ros/local_setup.sh
[1.073s] -- Up-to-date: /home/uboot/data/ros2_uboot/install/rplidar_ros/share/rplidar_ros/local_setup.zsh
[1.073s] -- Up-to-date: /home/uboot/data/ros2_uboot/install/rplidar_ros/share/rplidar_ros/local_setup.dsv
[1.074s] -- Installing: /home/uboot/data/ros2_uboot/install/rplidar_ros/share/rplidar_ros/package.dsv
[1.074s] -- Up-to-date: /home/uboot/data/ros2_uboot/install/rplidar_ros/share/ament_index/resource_index/packages/rplidar_ros
[1.074s] -- Up-to-date: /home/uboot/data/ros2_uboot/install/rplidar_ros/share/rplidar_ros/cmake/ament_cmake_export_dependencies-extras.cmake
[1.075s] -- Up-to-date: /home/uboot/data/ros2_uboot/install/rplidar_ros/share/rplidar_ros/cmake/ament_cmake_export_include_directories-extras.cmake
[1.075s] -- Up-to-date: /home/uboot/data/ros2_uboot/install/rplidar_ros/share/rplidar_ros/cmake/rplidar_rosConfig.cmake
[1.075s] -- Up-to-date: /home/uboot/data/ros2_uboot/install/rplidar_ros/share/rplidar_ros/cmake/rplidar_rosConfig-version.cmake
[1.076s] -- Up-to-date: /home/uboot/data/ros2_uboot/install/rplidar_ros/share/rplidar_ros/package.xml
[2.371s] Invoked command in '/home/uboot/data/ros2_uboot/build/rplidar_ros' returned '0': CMAKE_PREFIX_PATH=${CMAKE_PREFIX_PATH}:/home/uboot/data/ros2_uboot/install/yolo_v5:/home/uboot/data/ros2_uboot/install/uboot_chat:/home/uboot/data/ros2_uboot/install/task_scheduler:/home/uboot/data/ros2_uboot/install/fishbot_description:/opt/ros/foxy /usr/bin/cmake --install /home/uboot/data/ros2_uboot/build/rplidar_ros
