[0.354s] DEBUG:colcon:Command line arguments: ['/usr/bin/colcon', 'build', '--packages-select', 'sensor']
[0.354s] DEBUG:colcon:Parsed command line arguments: Namespace(allow_overriding=[], ament_cmake_args=None, base_paths=['.'], build_base='build', catkin_cmake_args=None, catkin_skip_building_tests=False, cmake_args=None, cmake_clean_cache=False, cmake_clean_first=False, cmake_force_configure=False, cmake_target=None, cmake_target_skip_unavailable=False, continue_on_error=False, event_handlers=None, executor='parallel', ignore_user_meta=False, install_base='install', log_base=None, log_level=None, main=<bound method BuildVerb.main of <colcon_core.verb.build.BuildVerb object at 0x7f92504ac0>>, merge_install=False, metas=['./colcon.meta'], packages_above=None, packages_above_and_dependencies=None, packages_above_depth=None, packages_end=None, packages_ignore=None, packages_ignore_regex=None, packages_select=['sensor'], packages_select_build_failed=False, packages_select_by_dep=None, packages_select_regex=None, packages_select_test_failures=False, packages_skip=None, packages_skip_build_finished=False, packages_skip_by_dep=None, packages_skip_regex=None, packages_skip_test_passed=False, packages_skip_up_to=None, packages_start=None, packages_up_to=None, packages_up_to_regex=None, parallel_workers=8, paths=None, symlink_install=False, test_result_base=None, verb_extension=<colcon_core.verb.build.BuildVerb object at 0x7f92504ac0>, verb_name='build', verb_parser=<colcon_defaults.argument_parser.defaults.DefaultArgumentsDecorator object at 0x7f923dfbb0>)
[0.560s] Level 1:colcon.colcon_core.package_discovery:discover_packages(colcon_meta) check parameters
[0.560s] Level 1:colcon.colcon_core.package_discovery:discover_packages(recursive) check parameters
[0.560s] Level 1:colcon.colcon_core.package_discovery:discover_packages(ignore) check parameters
[0.560s] Level 1:colcon.colcon_core.package_discovery:discover_packages(path) check parameters
[0.560s] Level 1:colcon.colcon_core.package_discovery:discover_packages(colcon_meta) discover
[0.560s] Level 1:colcon.colcon_core.package_discovery:discover_packages(recursive) discover
[0.560s] INFO:colcon.colcon_core.package_discovery:Crawling recursively for packages in '/home/uboot/data/ros2_uboot'
[0.560s] Level 1:colcon.colcon_core.package_identification:_identify(.) by extensions ['ignore', 'ignore_ament_install']
[0.560s] Level 1:colcon.colcon_core.package_identification:_identify(.) by extension 'ignore'
[0.561s] Level 1:colcon.colcon_core.package_identification:_identify(.) by extension 'ignore_ament_install'
[0.561s] Level 1:colcon.colcon_core.package_identification:_identify(.) by extensions ['colcon_pkg']
[0.561s] Level 1:colcon.colcon_core.package_identification:_identify(.) by extension 'colcon_pkg'
[0.561s] Level 1:colcon.colcon_core.package_identification:_identify(.) by extensions ['colcon_meta']
[0.561s] Level 1:colcon.colcon_core.package_identification:_identify(.) by extension 'colcon_meta'
[0.561s] Level 1:colcon.colcon_core.package_identification:_identify(.) by extensions ['ros']
[0.561s] Level 1:colcon.colcon_core.package_identification:_identify(.) by extension 'ros'
[0.578s] Level 1:colcon.colcon_core.package_identification:_identify(.) by extensions ['cmake', 'python']
[0.578s] Level 1:colcon.colcon_core.package_identification:_identify(.) by extension 'cmake'
[0.578s] Level 1:colcon.colcon_core.package_identification:_identify(.) by extension 'python'
[0.578s] Level 1:colcon.colcon_core.package_identification:_identify(.) by extensions ['python_setup_py']
[0.579s] Level 1:colcon.colcon_core.package_identification:_identify(.) by extension 'python_setup_py'
[0.579s] Level 1:colcon.colcon_core.package_identification:_identify(build) by extensions ['ignore', 'ignore_ament_install']
[0.579s] Level 1:colcon.colcon_core.package_identification:_identify(build) by extension 'ignore'
[0.579s] Level 1:colcon.colcon_core.package_identification:_identify(build) ignored
[0.579s] Level 1:colcon.colcon_core.package_identification:_identify(install) by extensions ['ignore', 'ignore_ament_install']
[0.579s] Level 1:colcon.colcon_core.package_identification:_identify(install) by extension 'ignore'
[0.579s] Level 1:colcon.colcon_core.package_identification:_identify(install) ignored
[0.579s] Level 1:colcon.colcon_core.package_identification:_identify(log) by extensions ['ignore', 'ignore_ament_install']
[0.579s] Level 1:colcon.colcon_core.package_identification:_identify(log) by extension 'ignore'
[0.580s] Level 1:colcon.colcon_core.package_identification:_identify(log) ignored
[0.580s] Level 1:colcon.colcon_core.package_identification:_identify(sh) by extensions ['ignore', 'ignore_ament_install']
[0.580s] Level 1:colcon.colcon_core.package_identification:_identify(sh) by extension 'ignore'
[0.580s] Level 1:colcon.colcon_core.package_identification:_identify(sh) by extension 'ignore_ament_install'
[0.580s] Level 1:colcon.colcon_core.package_identification:_identify(sh) by extensions ['colcon_pkg']
[0.580s] Level 1:colcon.colcon_core.package_identification:_identify(sh) by extension 'colcon_pkg'
[0.580s] Level 1:colcon.colcon_core.package_identification:_identify(sh) by extensions ['colcon_meta']
[0.580s] Level 1:colcon.colcon_core.package_identification:_identify(sh) by extension 'colcon_meta'
[0.580s] Level 1:colcon.colcon_core.package_identification:_identify(sh) by extensions ['ros']
[0.580s] Level 1:colcon.colcon_core.package_identification:_identify(sh) by extension 'ros'
[0.580s] Level 1:colcon.colcon_core.package_identification:_identify(sh) by extensions ['cmake', 'python']
[0.580s] Level 1:colcon.colcon_core.package_identification:_identify(sh) by extension 'cmake'
[0.580s] Level 1:colcon.colcon_core.package_identification:_identify(sh) by extension 'python'
[0.580s] Level 1:colcon.colcon_core.package_identification:_identify(sh) by extensions ['python_setup_py']
[0.580s] Level 1:colcon.colcon_core.package_identification:_identify(sh) by extension 'python_setup_py'
[0.580s] Level 1:colcon.colcon_core.package_identification:_identify(src) by extensions ['ignore', 'ignore_ament_install']
[0.580s] Level 1:colcon.colcon_core.package_identification:_identify(src) by extension 'ignore'
[0.580s] Level 1:colcon.colcon_core.package_identification:_identify(src) by extension 'ignore_ament_install'
[0.581s] Level 1:colcon.colcon_core.package_identification:_identify(src) by extensions ['colcon_pkg']
[0.581s] Level 1:colcon.colcon_core.package_identification:_identify(src) by extension 'colcon_pkg'
[0.581s] Level 1:colcon.colcon_core.package_identification:_identify(src) by extensions ['colcon_meta']
[0.581s] Level 1:colcon.colcon_core.package_identification:_identify(src) by extension 'colcon_meta'
[0.581s] Level 1:colcon.colcon_core.package_identification:_identify(src) by extensions ['ros']
[0.581s] Level 1:colcon.colcon_core.package_identification:_identify(src) by extension 'ros'
[0.581s] Level 1:colcon.colcon_core.package_identification:_identify(src) by extensions ['cmake', 'python']
[0.581s] Level 1:colcon.colcon_core.package_identification:_identify(src) by extension 'cmake'
[0.581s] Level 1:colcon.colcon_core.package_identification:_identify(src) by extension 'python'
[0.581s] Level 1:colcon.colcon_core.package_identification:_identify(src) by extensions ['python_setup_py']
[0.581s] Level 1:colcon.colcon_core.package_identification:_identify(src) by extension 'python_setup_py'
[0.582s] Level 1:colcon.colcon_core.package_identification:_identify(src/detect) by extensions ['ignore', 'ignore_ament_install']
[0.582s] Level 1:colcon.colcon_core.package_identification:_identify(src/detect) by extension 'ignore'
[0.582s] Level 1:colcon.colcon_core.package_identification:_identify(src/detect) by extension 'ignore_ament_install'
[0.582s] Level 1:colcon.colcon_core.package_identification:_identify(src/detect) by extensions ['colcon_pkg']
[0.582s] Level 1:colcon.colcon_core.package_identification:_identify(src/detect) by extension 'colcon_pkg'
[0.582s] Level 1:colcon.colcon_core.package_identification:_identify(src/detect) by extensions ['colcon_meta']
[0.582s] Level 1:colcon.colcon_core.package_identification:_identify(src/detect) by extension 'colcon_meta'
[0.582s] Level 1:colcon.colcon_core.package_identification:_identify(src/detect) by extensions ['ros']
[0.582s] Level 1:colcon.colcon_core.package_identification:_identify(src/detect) by extension 'ros'
[0.582s] Level 1:colcon.colcon_core.package_identification:_identify(src/detect) by extensions ['cmake', 'python']
[0.582s] Level 1:colcon.colcon_core.package_identification:_identify(src/detect) by extension 'cmake'
[0.582s] Level 1:colcon.colcon_core.package_identification:_identify(src/detect) by extension 'python'
[0.583s] Level 1:colcon.colcon_core.package_identification:_identify(src/detect) by extensions ['python_setup_py']
[0.583s] Level 1:colcon.colcon_core.package_identification:_identify(src/detect) by extension 'python_setup_py'
[0.583s] Level 1:colcon.colcon_core.package_identification:_identify(src/fishbot) by extensions ['ignore', 'ignore_ament_install']
[0.583s] Level 1:colcon.colcon_core.package_identification:_identify(src/fishbot) by extension 'ignore'
[0.583s] Level 1:colcon.colcon_core.package_identification:_identify(src/fishbot) by extension 'ignore_ament_install'
[0.583s] Level 1:colcon.colcon_core.package_identification:_identify(src/fishbot) by extensions ['colcon_pkg']
[0.583s] Level 1:colcon.colcon_core.package_identification:_identify(src/fishbot) by extension 'colcon_pkg'
[0.583s] Level 1:colcon.colcon_core.package_identification:_identify(src/fishbot) by extensions ['colcon_meta']
[0.583s] Level 1:colcon.colcon_core.package_identification:_identify(src/fishbot) by extension 'colcon_meta'
[0.583s] Level 1:colcon.colcon_core.package_identification:_identify(src/fishbot) by extensions ['ros']
[0.583s] Level 1:colcon.colcon_core.package_identification:_identify(src/fishbot) by extension 'ros'
[0.583s] Level 1:colcon.colcon_core.package_identification:_identify(src/fishbot) by extensions ['cmake', 'python']
[0.583s] Level 1:colcon.colcon_core.package_identification:_identify(src/fishbot) by extension 'cmake'
[0.583s] Level 1:colcon.colcon_core.package_identification:_identify(src/fishbot) by extension 'python'
[0.584s] Level 1:colcon.colcon_core.package_identification:_identify(src/fishbot) by extensions ['python_setup_py']
[0.584s] Level 1:colcon.colcon_core.package_identification:_identify(src/fishbot) by extension 'python_setup_py'
[0.584s] Level 1:colcon.colcon_core.package_identification:_identify(src/fishbot/doc) by extensions ['ignore', 'ignore_ament_install']
[0.584s] Level 1:colcon.colcon_core.package_identification:_identify(src/fishbot/doc) by extension 'ignore'
[0.584s] Level 1:colcon.colcon_core.package_identification:_identify(src/fishbot/doc) by extension 'ignore_ament_install'
[0.584s] Level 1:colcon.colcon_core.package_identification:_identify(src/fishbot/doc) by extensions ['colcon_pkg']
[0.584s] Level 1:colcon.colcon_core.package_identification:_identify(src/fishbot/doc) by extension 'colcon_pkg'
[0.584s] Level 1:colcon.colcon_core.package_identification:_identify(src/fishbot/doc) by extensions ['colcon_meta']
[0.584s] Level 1:colcon.colcon_core.package_identification:_identify(src/fishbot/doc) by extension 'colcon_meta'
[0.584s] Level 1:colcon.colcon_core.package_identification:_identify(src/fishbot/doc) by extensions ['ros']
[0.584s] Level 1:colcon.colcon_core.package_identification:_identify(src/fishbot/doc) by extension 'ros'
[0.584s] Level 1:colcon.colcon_core.package_identification:_identify(src/fishbot/doc) by extensions ['cmake', 'python']
[0.584s] Level 1:colcon.colcon_core.package_identification:_identify(src/fishbot/doc) by extension 'cmake'
[0.584s] Level 1:colcon.colcon_core.package_identification:_identify(src/fishbot/doc) by extension 'python'
[0.585s] Level 1:colcon.colcon_core.package_identification:_identify(src/fishbot/doc) by extensions ['python_setup_py']
[0.585s] Level 1:colcon.colcon_core.package_identification:_identify(src/fishbot/doc) by extension 'python_setup_py'
[0.585s] Level 1:colcon.colcon_core.package_identification:_identify(src/fishbot/doc/imgs) by extensions ['ignore', 'ignore_ament_install']
[0.585s] Level 1:colcon.colcon_core.package_identification:_identify(src/fishbot/doc/imgs) by extension 'ignore'
[0.585s] Level 1:colcon.colcon_core.package_identification:_identify(src/fishbot/doc/imgs) by extension 'ignore_ament_install'
[0.585s] Level 1:colcon.colcon_core.package_identification:_identify(src/fishbot/doc/imgs) by extensions ['colcon_pkg']
[0.585s] Level 1:colcon.colcon_core.package_identification:_identify(src/fishbot/doc/imgs) by extension 'colcon_pkg'
[0.585s] Level 1:colcon.colcon_core.package_identification:_identify(src/fishbot/doc/imgs) by extensions ['colcon_meta']
[0.585s] Level 1:colcon.colcon_core.package_identification:_identify(src/fishbot/doc/imgs) by extension 'colcon_meta'
[0.585s] Level 1:colcon.colcon_core.package_identification:_identify(src/fishbot/doc/imgs) by extensions ['ros']
[0.585s] Level 1:colcon.colcon_core.package_identification:_identify(src/fishbot/doc/imgs) by extension 'ros'
[0.585s] Level 1:colcon.colcon_core.package_identification:_identify(src/fishbot/doc/imgs) by extensions ['cmake', 'python']
[0.585s] Level 1:colcon.colcon_core.package_identification:_identify(src/fishbot/doc/imgs) by extension 'cmake'
[0.586s] Level 1:colcon.colcon_core.package_identification:_identify(src/fishbot/doc/imgs) by extension 'python'
[0.586s] Level 1:colcon.colcon_core.package_identification:_identify(src/fishbot/doc/imgs) by extensions ['python_setup_py']
[0.586s] Level 1:colcon.colcon_core.package_identification:_identify(src/fishbot/doc/imgs) by extension 'python_setup_py'
[0.586s] Level 1:colcon.colcon_core.package_identification:_identify(src/fishbot/src) by extensions ['ignore', 'ignore_ament_install']
[0.586s] Level 1:colcon.colcon_core.package_identification:_identify(src/fishbot/src) by extension 'ignore'
[0.586s] Level 1:colcon.colcon_core.package_identification:_identify(src/fishbot/src) by extension 'ignore_ament_install'
[0.586s] Level 1:colcon.colcon_core.package_identification:_identify(src/fishbot/src) by extensions ['colcon_pkg']
[0.586s] Level 1:colcon.colcon_core.package_identification:_identify(src/fishbot/src) by extension 'colcon_pkg'
[0.586s] Level 1:colcon.colcon_core.package_identification:_identify(src/fishbot/src) by extensions ['colcon_meta']
[0.586s] Level 1:colcon.colcon_core.package_identification:_identify(src/fishbot/src) by extension 'colcon_meta'
[0.586s] Level 1:colcon.colcon_core.package_identification:_identify(src/fishbot/src) by extensions ['ros']
[0.586s] Level 1:colcon.colcon_core.package_identification:_identify(src/fishbot/src) by extension 'ros'
[0.586s] Level 1:colcon.colcon_core.package_identification:_identify(src/fishbot/src) by extensions ['cmake', 'python']
[0.586s] Level 1:colcon.colcon_core.package_identification:_identify(src/fishbot/src) by extension 'cmake'
[0.587s] Level 1:colcon.colcon_core.package_identification:_identify(src/fishbot/src) by extension 'python'
[0.587s] Level 1:colcon.colcon_core.package_identification:_identify(src/fishbot/src) by extensions ['python_setup_py']
[0.587s] Level 1:colcon.colcon_core.package_identification:_identify(src/fishbot/src) by extension 'python_setup_py'
[0.587s] Level 1:colcon.colcon_core.package_identification:_identify(src/fishbot/src/fishbot_bringup) by extensions ['ignore', 'ignore_ament_install']
[0.587s] Level 1:colcon.colcon_core.package_identification:_identify(src/fishbot/src/fishbot_bringup) by extension 'ignore'
[0.587s] Level 1:colcon.colcon_core.package_identification:_identify(src/fishbot/src/fishbot_bringup) by extension 'ignore_ament_install'
[0.587s] Level 1:colcon.colcon_core.package_identification:_identify(src/fishbot/src/fishbot_bringup) by extensions ['colcon_pkg']
[0.587s] Level 1:colcon.colcon_core.package_identification:_identify(src/fishbot/src/fishbot_bringup) by extension 'colcon_pkg'
[0.587s] Level 1:colcon.colcon_core.package_identification:_identify(src/fishbot/src/fishbot_bringup) by extensions ['colcon_meta']
[0.587s] Level 1:colcon.colcon_core.package_identification:_identify(src/fishbot/src/fishbot_bringup) by extension 'colcon_meta'
[0.587s] Level 1:colcon.colcon_core.package_identification:_identify(src/fishbot/src/fishbot_bringup) by extensions ['ros']
[0.587s] Level 1:colcon.colcon_core.package_identification:_identify(src/fishbot/src/fishbot_bringup) by extension 'ros'
[0.592s] DEBUG:colcon.colcon_core.package_identification:Package 'src/fishbot/src/fishbot_bringup' with type 'ros.ament_cmake' and name 'fishbot_bringup'
[0.593s] Level 1:colcon.colcon_core.package_identification:_identify(src/fishbot/src/fishbot_cartographer) by extensions ['ignore', 'ignore_ament_install']
[0.593s] Level 1:colcon.colcon_core.package_identification:_identify(src/fishbot/src/fishbot_cartographer) by extension 'ignore'
[0.593s] Level 1:colcon.colcon_core.package_identification:_identify(src/fishbot/src/fishbot_cartographer) by extension 'ignore_ament_install'
[0.593s] Level 1:colcon.colcon_core.package_identification:_identify(src/fishbot/src/fishbot_cartographer) by extensions ['colcon_pkg']
[0.593s] Level 1:colcon.colcon_core.package_identification:_identify(src/fishbot/src/fishbot_cartographer) by extension 'colcon_pkg'
[0.593s] Level 1:colcon.colcon_core.package_identification:_identify(src/fishbot/src/fishbot_cartographer) by extensions ['colcon_meta']
[0.593s] Level 1:colcon.colcon_core.package_identification:_identify(src/fishbot/src/fishbot_cartographer) by extension 'colcon_meta'
[0.593s] Level 1:colcon.colcon_core.package_identification:_identify(src/fishbot/src/fishbot_cartographer) by extensions ['ros']
[0.593s] Level 1:colcon.colcon_core.package_identification:_identify(src/fishbot/src/fishbot_cartographer) by extension 'ros'
[0.595s] DEBUG:colcon.colcon_core.package_identification:Package 'src/fishbot/src/fishbot_cartographer' with type 'ros.ament_cmake' and name 'fishbot_cartographer'
[0.595s] Level 1:colcon.colcon_core.package_identification:_identify(src/fishbot/src/fishbot_description) by extensions ['ignore', 'ignore_ament_install']
[0.595s] Level 1:colcon.colcon_core.package_identification:_identify(src/fishbot/src/fishbot_description) by extension 'ignore'
[0.595s] Level 1:colcon.colcon_core.package_identification:_identify(src/fishbot/src/fishbot_description) by extension 'ignore_ament_install'
[0.596s] Level 1:colcon.colcon_core.package_identification:_identify(src/fishbot/src/fishbot_description) by extensions ['colcon_pkg']
[0.596s] Level 1:colcon.colcon_core.package_identification:_identify(src/fishbot/src/fishbot_description) by extension 'colcon_pkg'
[0.596s] Level 1:colcon.colcon_core.package_identification:_identify(src/fishbot/src/fishbot_description) by extensions ['colcon_meta']
[0.596s] Level 1:colcon.colcon_core.package_identification:_identify(src/fishbot/src/fishbot_description) by extension 'colcon_meta'
[0.596s] Level 1:colcon.colcon_core.package_identification:_identify(src/fishbot/src/fishbot_description) by extensions ['ros']
[0.596s] Level 1:colcon.colcon_core.package_identification:_identify(src/fishbot/src/fishbot_description) by extension 'ros'
[0.598s] DEBUG:colcon.colcon_core.package_identification:Package 'src/fishbot/src/fishbot_description' with type 'ros.ament_python' and name 'fishbot_description'
[0.598s] Level 1:colcon.colcon_core.package_identification:_identify(src/fishbot/src/fishbot_interfaces) by extensions ['ignore', 'ignore_ament_install']
[0.598s] Level 1:colcon.colcon_core.package_identification:_identify(src/fishbot/src/fishbot_interfaces) by extension 'ignore'
[0.598s] Level 1:colcon.colcon_core.package_identification:_identify(src/fishbot/src/fishbot_interfaces) by extension 'ignore_ament_install'
[0.598s] Level 1:colcon.colcon_core.package_identification:_identify(src/fishbot/src/fishbot_interfaces) by extensions ['colcon_pkg']
[0.598s] Level 1:colcon.colcon_core.package_identification:_identify(src/fishbot/src/fishbot_interfaces) by extension 'colcon_pkg'
[0.599s] Level 1:colcon.colcon_core.package_identification:_identify(src/fishbot/src/fishbot_interfaces) by extensions ['colcon_meta']
[0.599s] Level 1:colcon.colcon_core.package_identification:_identify(src/fishbot/src/fishbot_interfaces) by extension 'colcon_meta'
[0.599s] Level 1:colcon.colcon_core.package_identification:_identify(src/fishbot/src/fishbot_interfaces) by extensions ['ros']
[0.599s] Level 1:colcon.colcon_core.package_identification:_identify(src/fishbot/src/fishbot_interfaces) by extension 'ros'
[0.600s] DEBUG:colcon.colcon_core.package_identification:Package 'src/fishbot/src/fishbot_interfaces' with type 'ros.ament_cmake' and name 'fishbot_interfaces'
[0.600s] Level 1:colcon.colcon_core.package_identification:_identify(src/fishbot/src/fishbot_navigation2) by extensions ['ignore', 'ignore_ament_install']
[0.601s] Level 1:colcon.colcon_core.package_identification:_identify(src/fishbot/src/fishbot_navigation2) by extension 'ignore'
[0.601s] Level 1:colcon.colcon_core.package_identification:_identify(src/fishbot/src/fishbot_navigation2) by extension 'ignore_ament_install'
[0.601s] Level 1:colcon.colcon_core.package_identification:_identify(src/fishbot/src/fishbot_navigation2) by extensions ['colcon_pkg']
[0.601s] Level 1:colcon.colcon_core.package_identification:_identify(src/fishbot/src/fishbot_navigation2) by extension 'colcon_pkg'
[0.601s] Level 1:colcon.colcon_core.package_identification:_identify(src/fishbot/src/fishbot_navigation2) by extensions ['colcon_meta']
[0.601s] Level 1:colcon.colcon_core.package_identification:_identify(src/fishbot/src/fishbot_navigation2) by extension 'colcon_meta'
[0.601s] Level 1:colcon.colcon_core.package_identification:_identify(src/fishbot/src/fishbot_navigation2) by extensions ['ros']
[0.601s] Level 1:colcon.colcon_core.package_identification:_identify(src/fishbot/src/fishbot_navigation2) by extension 'ros'
[0.602s] DEBUG:colcon.colcon_core.package_identification:Package 'src/fishbot/src/fishbot_navigation2' with type 'ros.ament_cmake' and name 'fishbot_navigation2'
[0.603s] Level 1:colcon.colcon_core.package_identification:_identify(src/micro-ROS-Agent) by extensions ['ignore', 'ignore_ament_install']
[0.603s] Level 1:colcon.colcon_core.package_identification:_identify(src/micro-ROS-Agent) by extension 'ignore'
[0.603s] Level 1:colcon.colcon_core.package_identification:_identify(src/micro-ROS-Agent) by extension 'ignore_ament_install'
[0.603s] Level 1:colcon.colcon_core.package_identification:_identify(src/micro-ROS-Agent) by extensions ['colcon_pkg']
[0.603s] Level 1:colcon.colcon_core.package_identification:_identify(src/micro-ROS-Agent) by extension 'colcon_pkg'
[0.603s] Level 1:colcon.colcon_core.package_identification:_identify(src/micro-ROS-Agent) by extensions ['colcon_meta']
[0.603s] Level 1:colcon.colcon_core.package_identification:_identify(src/micro-ROS-Agent) by extension 'colcon_meta'
[0.603s] Level 1:colcon.colcon_core.package_identification:_identify(src/micro-ROS-Agent) by extensions ['ros']
[0.603s] Level 1:colcon.colcon_core.package_identification:_identify(src/micro-ROS-Agent) by extension 'ros'
[0.603s] Level 1:colcon.colcon_core.package_identification:_identify(src/micro-ROS-Agent) by extensions ['cmake', 'python']
[0.603s] Level 1:colcon.colcon_core.package_identification:_identify(src/micro-ROS-Agent) by extension 'cmake'
[0.603s] Level 1:colcon.colcon_core.package_identification:_identify(src/micro-ROS-Agent) by extension 'python'
[0.604s] Level 1:colcon.colcon_core.package_identification:_identify(src/micro-ROS-Agent) by extensions ['python_setup_py']
[0.604s] Level 1:colcon.colcon_core.package_identification:_identify(src/micro-ROS-Agent) by extension 'python_setup_py'
[0.604s] Level 1:colcon.colcon_core.package_identification:_identify(src/micro-ROS-Agent/micro_ros_agent) by extensions ['ignore', 'ignore_ament_install']
[0.604s] Level 1:colcon.colcon_core.package_identification:_identify(src/micro-ROS-Agent/micro_ros_agent) by extension 'ignore'
[0.604s] Level 1:colcon.colcon_core.package_identification:_identify(src/micro-ROS-Agent/micro_ros_agent) by extension 'ignore_ament_install'
[0.604s] Level 1:colcon.colcon_core.package_identification:_identify(src/micro-ROS-Agent/micro_ros_agent) by extensions ['colcon_pkg']
[0.604s] Level 1:colcon.colcon_core.package_identification:_identify(src/micro-ROS-Agent/micro_ros_agent) by extension 'colcon_pkg'
[0.604s] Level 1:colcon.colcon_core.package_identification:_identify(src/micro-ROS-Agent/micro_ros_agent) by extensions ['colcon_meta']
[0.604s] Level 1:colcon.colcon_core.package_identification:_identify(src/micro-ROS-Agent/micro_ros_agent) by extension 'colcon_meta'
[0.605s] Level 1:colcon.colcon_core.package_identification:_identify(src/micro-ROS-Agent/micro_ros_agent) by extensions ['ros']
[0.605s] Level 1:colcon.colcon_core.package_identification:_identify(src/micro-ROS-Agent/micro_ros_agent) by extension 'ros'
[0.606s] DEBUG:colcon.colcon_core.package_identification:Package 'src/micro-ROS-Agent/micro_ros_agent' with type 'ros.ament_cmake' and name 'micro_ros_agent'
[0.607s] Level 1:colcon.colcon_core.package_identification:_identify(src/micro-ROS-Agent/snap) by extensions ['ignore', 'ignore_ament_install']
[0.607s] Level 1:colcon.colcon_core.package_identification:_identify(src/micro-ROS-Agent/snap) by extension 'ignore'
[0.607s] Level 1:colcon.colcon_core.package_identification:_identify(src/micro-ROS-Agent/snap) by extension 'ignore_ament_install'
[0.607s] Level 1:colcon.colcon_core.package_identification:_identify(src/micro-ROS-Agent/snap) by extensions ['colcon_pkg']
[0.607s] Level 1:colcon.colcon_core.package_identification:_identify(src/micro-ROS-Agent/snap) by extension 'colcon_pkg'
[0.607s] Level 1:colcon.colcon_core.package_identification:_identify(src/micro-ROS-Agent/snap) by extensions ['colcon_meta']
[0.607s] Level 1:colcon.colcon_core.package_identification:_identify(src/micro-ROS-Agent/snap) by extension 'colcon_meta'
[0.607s] Level 1:colcon.colcon_core.package_identification:_identify(src/micro-ROS-Agent/snap) by extensions ['ros']
[0.607s] Level 1:colcon.colcon_core.package_identification:_identify(src/micro-ROS-Agent/snap) by extension 'ros'
[0.608s] Level 1:colcon.colcon_core.package_identification:_identify(src/micro-ROS-Agent/snap) by extensions ['cmake', 'python']
[0.608s] Level 1:colcon.colcon_core.package_identification:_identify(src/micro-ROS-Agent/snap) by extension 'cmake'
[0.608s] Level 1:colcon.colcon_core.package_identification:_identify(src/micro-ROS-Agent/snap) by extension 'python'
[0.608s] Level 1:colcon.colcon_core.package_identification:_identify(src/micro-ROS-Agent/snap) by extensions ['python_setup_py']
[0.608s] Level 1:colcon.colcon_core.package_identification:_identify(src/micro-ROS-Agent/snap) by extension 'python_setup_py'
[0.608s] Level 1:colcon.colcon_core.package_identification:_identify(src/micro-ROS-Agent/snap/hooks) by extensions ['ignore', 'ignore_ament_install']
[0.608s] Level 1:colcon.colcon_core.package_identification:_identify(src/micro-ROS-Agent/snap/hooks) by extension 'ignore'
[0.608s] Level 1:colcon.colcon_core.package_identification:_identify(src/micro-ROS-Agent/snap/hooks) by extension 'ignore_ament_install'
[0.608s] Level 1:colcon.colcon_core.package_identification:_identify(src/micro-ROS-Agent/snap/hooks) by extensions ['colcon_pkg']
[0.608s] Level 1:colcon.colcon_core.package_identification:_identify(src/micro-ROS-Agent/snap/hooks) by extension 'colcon_pkg'
[0.608s] Level 1:colcon.colcon_core.package_identification:_identify(src/micro-ROS-Agent/snap/hooks) by extensions ['colcon_meta']
[0.609s] Level 1:colcon.colcon_core.package_identification:_identify(src/micro-ROS-Agent/snap/hooks) by extension 'colcon_meta'
[0.609s] Level 1:colcon.colcon_core.package_identification:_identify(src/micro-ROS-Agent/snap/hooks) by extensions ['ros']
[0.609s] Level 1:colcon.colcon_core.package_identification:_identify(src/micro-ROS-Agent/snap/hooks) by extension 'ros'
[0.609s] Level 1:colcon.colcon_core.package_identification:_identify(src/micro-ROS-Agent/snap/hooks) by extensions ['cmake', 'python']
[0.609s] Level 1:colcon.colcon_core.package_identification:_identify(src/micro-ROS-Agent/snap/hooks) by extension 'cmake'
[0.609s] Level 1:colcon.colcon_core.package_identification:_identify(src/micro-ROS-Agent/snap/hooks) by extension 'python'
[0.609s] Level 1:colcon.colcon_core.package_identification:_identify(src/micro-ROS-Agent/snap/hooks) by extensions ['python_setup_py']
[0.609s] Level 1:colcon.colcon_core.package_identification:_identify(src/micro-ROS-Agent/snap/hooks) by extension 'python_setup_py'
[0.609s] Level 1:colcon.colcon_core.package_identification:_identify(src/micro-ROS-Agent/snap/local) by extensions ['ignore', 'ignore_ament_install']
[0.609s] Level 1:colcon.colcon_core.package_identification:_identify(src/micro-ROS-Agent/snap/local) by extension 'ignore'
[0.609s] Level 1:colcon.colcon_core.package_identification:_identify(src/micro-ROS-Agent/snap/local) by extension 'ignore_ament_install'
[0.610s] Level 1:colcon.colcon_core.package_identification:_identify(src/micro-ROS-Agent/snap/local) by extensions ['colcon_pkg']
[0.610s] Level 1:colcon.colcon_core.package_identification:_identify(src/micro-ROS-Agent/snap/local) by extension 'colcon_pkg'
[0.610s] Level 1:colcon.colcon_core.package_identification:_identify(src/micro-ROS-Agent/snap/local) by extensions ['colcon_meta']
[0.610s] Level 1:colcon.colcon_core.package_identification:_identify(src/micro-ROS-Agent/snap/local) by extension 'colcon_meta'
[0.610s] Level 1:colcon.colcon_core.package_identification:_identify(src/micro-ROS-Agent/snap/local) by extensions ['ros']
[0.610s] Level 1:colcon.colcon_core.package_identification:_identify(src/micro-ROS-Agent/snap/local) by extension 'ros'
[0.610s] Level 1:colcon.colcon_core.package_identification:_identify(src/micro-ROS-Agent/snap/local) by extensions ['cmake', 'python']
[0.610s] Level 1:colcon.colcon_core.package_identification:_identify(src/micro-ROS-Agent/snap/local) by extension 'cmake'
[0.610s] Level 1:colcon.colcon_core.package_identification:_identify(src/micro-ROS-Agent/snap/local) by extension 'python'
[0.610s] Level 1:colcon.colcon_core.package_identification:_identify(src/micro-ROS-Agent/snap/local) by extensions ['python_setup_py']
[0.610s] Level 1:colcon.colcon_core.package_identification:_identify(src/micro-ROS-Agent/snap/local) by extension 'python_setup_py'
[0.610s] Level 1:colcon.colcon_core.package_identification:_identify(src/micro_ros_msgs) by extensions ['ignore', 'ignore_ament_install']
[0.611s] Level 1:colcon.colcon_core.package_identification:_identify(src/micro_ros_msgs) by extension 'ignore'
[0.611s] Level 1:colcon.colcon_core.package_identification:_identify(src/micro_ros_msgs) by extension 'ignore_ament_install'
[0.611s] Level 1:colcon.colcon_core.package_identification:_identify(src/micro_ros_msgs) by extensions ['colcon_pkg']
[0.611s] Level 1:colcon.colcon_core.package_identification:_identify(src/micro_ros_msgs) by extension 'colcon_pkg'
[0.611s] Level 1:colcon.colcon_core.package_identification:_identify(src/micro_ros_msgs) by extensions ['colcon_meta']
[0.611s] Level 1:colcon.colcon_core.package_identification:_identify(src/micro_ros_msgs) by extension 'colcon_meta'
[0.611s] Level 1:colcon.colcon_core.package_identification:_identify(src/micro_ros_msgs) by extensions ['ros']
[0.611s] Level 1:colcon.colcon_core.package_identification:_identify(src/micro_ros_msgs) by extension 'ros'
[0.612s] DEBUG:colcon.colcon_core.package_identification:Package 'src/micro_ros_msgs' with type 'ros.ament_cmake' and name 'micro_ros_msgs'
[0.613s] Level 1:colcon.colcon_core.package_identification:_identify(src/rplidar_ros) by extensions ['ignore', 'ignore_ament_install']
[0.613s] Level 1:colcon.colcon_core.package_identification:_identify(src/rplidar_ros) by extension 'ignore'
[0.613s] Level 1:colcon.colcon_core.package_identification:_identify(src/rplidar_ros) by extension 'ignore_ament_install'
[0.613s] Level 1:colcon.colcon_core.package_identification:_identify(src/rplidar_ros) by extensions ['colcon_pkg']
[0.613s] Level 1:colcon.colcon_core.package_identification:_identify(src/rplidar_ros) by extension 'colcon_pkg'
[0.613s] Level 1:colcon.colcon_core.package_identification:_identify(src/rplidar_ros) by extensions ['colcon_meta']
[0.613s] Level 1:colcon.colcon_core.package_identification:_identify(src/rplidar_ros) by extension 'colcon_meta'
[0.613s] Level 1:colcon.colcon_core.package_identification:_identify(src/rplidar_ros) by extensions ['ros']
[0.613s] Level 1:colcon.colcon_core.package_identification:_identify(src/rplidar_ros) by extension 'ros'
[0.615s] DEBUG:colcon.colcon_core.package_identification:Package 'src/rplidar_ros' with type 'ros.ament_cmake' and name 'rplidar_ros'
[0.615s] Level 1:colcon.colcon_core.package_identification:_identify(src/sensor) by extensions ['ignore', 'ignore_ament_install']
[0.615s] Level 1:colcon.colcon_core.package_identification:_identify(src/sensor) by extension 'ignore'
[0.615s] Level 1:colcon.colcon_core.package_identification:_identify(src/sensor) by extension 'ignore_ament_install'
[0.615s] Level 1:colcon.colcon_core.package_identification:_identify(src/sensor) by extensions ['colcon_pkg']
[0.615s] Level 1:colcon.colcon_core.package_identification:_identify(src/sensor) by extension 'colcon_pkg'
[0.616s] Level 1:colcon.colcon_core.package_identification:_identify(src/sensor) by extensions ['colcon_meta']
[0.616s] Level 1:colcon.colcon_core.package_identification:_identify(src/sensor) by extension 'colcon_meta'
[0.616s] Level 1:colcon.colcon_core.package_identification:_identify(src/sensor) by extensions ['ros']
[0.616s] Level 1:colcon.colcon_core.package_identification:_identify(src/sensor) by extension 'ros'
[0.617s] DEBUG:colcon.colcon_core.package_identification:Package 'src/sensor' with type 'ros.ament_cmake' and name 'sensor'
[0.618s] Level 1:colcon.colcon_core.package_identification:_identify(src/task_scheduler) by extensions ['ignore', 'ignore_ament_install']
[0.619s] Level 1:colcon.colcon_core.package_identification:_identify(src/task_scheduler) by extension 'ignore'
[0.619s] Level 1:colcon.colcon_core.package_identification:_identify(src/task_scheduler) by extension 'ignore_ament_install'
[0.620s] Level 1:colcon.colcon_core.package_identification:_identify(src/task_scheduler) by extensions ['colcon_pkg']
[0.620s] Level 1:colcon.colcon_core.package_identification:_identify(src/task_scheduler) by extension 'colcon_pkg'
[0.620s] Level 1:colcon.colcon_core.package_identification:_identify(src/task_scheduler) by extensions ['colcon_meta']
[0.620s] Level 1:colcon.colcon_core.package_identification:_identify(src/task_scheduler) by extension 'colcon_meta'
[0.620s] Level 1:colcon.colcon_core.package_identification:_identify(src/task_scheduler) by extensions ['ros']
[0.621s] Level 1:colcon.colcon_core.package_identification:_identify(src/task_scheduler) by extension 'ros'
[0.623s] DEBUG:colcon.colcon_core.package_identification:Package 'src/task_scheduler' with type 'ros.ament_python' and name 'task_scheduler'
[0.623s] Level 1:colcon.colcon_core.package_identification:_identify(src/uboot_chat) by extensions ['ignore', 'ignore_ament_install']
[0.623s] Level 1:colcon.colcon_core.package_identification:_identify(src/uboot_chat) by extension 'ignore'
[0.623s] Level 1:colcon.colcon_core.package_identification:_identify(src/uboot_chat) by extension 'ignore_ament_install'
[0.623s] Level 1:colcon.colcon_core.package_identification:_identify(src/uboot_chat) by extensions ['colcon_pkg']
[0.623s] Level 1:colcon.colcon_core.package_identification:_identify(src/uboot_chat) by extension 'colcon_pkg'
[0.624s] Level 1:colcon.colcon_core.package_identification:_identify(src/uboot_chat) by extensions ['colcon_meta']
[0.624s] Level 1:colcon.colcon_core.package_identification:_identify(src/uboot_chat) by extension 'colcon_meta'
[0.624s] Level 1:colcon.colcon_core.package_identification:_identify(src/uboot_chat) by extensions ['ros']
[0.624s] Level 1:colcon.colcon_core.package_identification:_identify(src/uboot_chat) by extension 'ros'
[0.627s] DEBUG:colcon.colcon_core.package_identification:Package 'src/uboot_chat' with type 'ros.ament_python' and name 'uboot_chat'
[0.627s] Level 1:colcon.colcon_core.package_identification:_identify(src/yolo_v5) by extensions ['ignore', 'ignore_ament_install']
[0.628s] Level 1:colcon.colcon_core.package_identification:_identify(src/yolo_v5) by extension 'ignore'
[0.628s] Level 1:colcon.colcon_core.package_identification:_identify(src/yolo_v5) by extension 'ignore_ament_install'
[0.629s] Level 1:colcon.colcon_core.package_identification:_identify(src/yolo_v5) by extensions ['colcon_pkg']
[0.629s] Level 1:colcon.colcon_core.package_identification:_identify(src/yolo_v5) by extension 'colcon_pkg'
[0.629s] Level 1:colcon.colcon_core.package_identification:_identify(src/yolo_v5) by extensions ['colcon_meta']
[0.629s] Level 1:colcon.colcon_core.package_identification:_identify(src/yolo_v5) by extension 'colcon_meta'
[0.630s] Level 1:colcon.colcon_core.package_identification:_identify(src/yolo_v5) by extensions ['ros']
[0.630s] Level 1:colcon.colcon_core.package_identification:_identify(src/yolo_v5) by extension 'ros'
[0.632s] DEBUG:colcon.colcon_core.package_identification:Package 'src/yolo_v5' with type 'ros.ament_python' and name 'yolo_v5'
[0.632s] Level 1:colcon.colcon_core.package_discovery:discover_packages(recursive) using defaults
[0.632s] Level 1:colcon.colcon_core.package_discovery:discover_packages(ignore) discover
[0.632s] Level 1:colcon.colcon_core.package_discovery:discover_packages(ignore) using defaults
[0.632s] Level 1:colcon.colcon_core.package_discovery:discover_packages(path) discover
[0.632s] Level 1:colcon.colcon_core.package_discovery:discover_packages(path) using defaults
[0.674s] INFO:colcon.colcon_core.package_selection:Skipping not selected package 'fishbot_bringup' in 'src/fishbot/src/fishbot_bringup'
[0.674s] INFO:colcon.colcon_core.package_selection:Skipping not selected package 'fishbot_cartographer' in 'src/fishbot/src/fishbot_cartographer'
[0.674s] INFO:colcon.colcon_core.package_selection:Skipping not selected package 'fishbot_description' in 'src/fishbot/src/fishbot_description'
[0.674s] INFO:colcon.colcon_core.package_selection:Skipping not selected package 'fishbot_interfaces' in 'src/fishbot/src/fishbot_interfaces'
[0.674s] INFO:colcon.colcon_core.package_selection:Skipping not selected package 'fishbot_navigation2' in 'src/fishbot/src/fishbot_navigation2'
[0.674s] INFO:colcon.colcon_core.package_selection:Skipping not selected package 'micro_ros_msgs' in 'src/micro_ros_msgs'
[0.674s] INFO:colcon.colcon_core.package_selection:Skipping not selected package 'rplidar_ros' in 'src/rplidar_ros'
[0.674s] INFO:colcon.colcon_core.package_selection:Skipping not selected package 'task_scheduler' in 'src/task_scheduler'
[0.674s] INFO:colcon.colcon_core.package_selection:Skipping not selected package 'uboot_chat' in 'src/uboot_chat'
[0.674s] INFO:colcon.colcon_core.package_selection:Skipping not selected package 'yolo_v5' in 'src/yolo_v5'
[0.674s] INFO:colcon.colcon_core.package_selection:Skipping not selected package 'micro_ros_agent' in 'src/micro-ROS-Agent/micro_ros_agent'
[0.675s] Level 1:colcon.colcon_core.package_discovery:discover_packages(prefix_path) check parameters
[0.675s] Level 1:colcon.colcon_core.package_discovery:discover_packages(prefix_path) discover
[0.712s] DEBUG:colcon.colcon_installed_package_information.package_discovery:Found 12 installed packages in /home/uboot/data/ros2_uboot/install
[0.715s] DEBUG:colcon.colcon_installed_package_information.package_discovery:Found 293 installed packages in /opt/ros/foxy
[0.717s] Level 1:colcon.colcon_core.package_discovery:discover_packages(prefix_path) using defaults
[0.863s] Level 5:colcon.colcon_core.verb:set package 'sensor' build argument 'cmake_args' from command line to 'None'
[0.863s] Level 5:colcon.colcon_core.verb:set package 'sensor' build argument 'cmake_target' from command line to 'None'
[0.863s] Level 5:colcon.colcon_core.verb:set package 'sensor' build argument 'cmake_target_skip_unavailable' from command line to 'False'
[0.863s] Level 5:colcon.colcon_core.verb:set package 'sensor' build argument 'cmake_clean_cache' from command line to 'False'
[0.863s] Level 5:colcon.colcon_core.verb:set package 'sensor' build argument 'cmake_clean_first' from command line to 'False'
[0.863s] Level 5:colcon.colcon_core.verb:set package 'sensor' build argument 'cmake_force_configure' from command line to 'False'
[0.863s] Level 5:colcon.colcon_core.verb:set package 'sensor' build argument 'ament_cmake_args' from command line to 'None'
[0.863s] Level 5:colcon.colcon_core.verb:set package 'sensor' build argument 'catkin_cmake_args' from command line to 'None'
[0.863s] Level 5:colcon.colcon_core.verb:set package 'sensor' build argument 'catkin_skip_building_tests' from command line to 'False'
[0.863s] DEBUG:colcon.colcon_core.verb:Building package 'sensor' with the following arguments: {'ament_cmake_args': None, 'build_base': '/home/uboot/data/ros2_uboot/build/sensor', 'catkin_cmake_args': None, 'catkin_skip_building_tests': False, 'cmake_args': None, 'cmake_clean_cache': False, 'cmake_clean_first': False, 'cmake_force_configure': False, 'cmake_target': None, 'cmake_target_skip_unavailable': False, 'install_base': '/home/uboot/data/ros2_uboot/install/sensor', 'merge_install': False, 'path': '/home/uboot/data/ros2_uboot/src/sensor', 'symlink_install': False, 'test_result_base': None}
[0.863s] INFO:colcon.colcon_core.executor:Executing jobs using 'parallel' executor
[0.865s] DEBUG:colcon.colcon_parallel_executor.executor.parallel:run_until_complete
[0.865s] INFO:colcon.colcon_ros.task.ament_cmake.build:Building ROS package in '/home/uboot/data/ros2_uboot/src/sensor' with build type 'ament_cmake'
[0.866s] INFO:colcon.colcon_cmake.task.cmake.build:Building CMake package in '/home/uboot/data/ros2_uboot/src/sensor'
[0.872s] INFO:colcon.colcon_core.plugin_system:Skipping extension 'colcon_core.shell.bat': Not used on non-Windows systems
[0.872s] INFO:colcon.colcon_core.shell:Skip shell extension 'powershell' for command environment: Not usable outside of PowerShell
[0.872s] DEBUG:colcon.colcon_core.shell:Skip shell extension 'dsv' for command environment
[0.893s] DEBUG:colcon.colcon_core.event_handler.log_command:Invoking command in '/home/uboot/data/ros2_uboot/build/sensor': CMAKE_PREFIX_PATH=${CMAKE_PREFIX_PATH}:/home/uboot/data/ros2_uboot/install/yolo_v5:/home/uboot/data/ros2_uboot/install/uboot_chat:/home/uboot/data/ros2_uboot/install/task_scheduler:/home/uboot/data/ros2_uboot/install/fishbot_description:/opt/ros/foxy /usr/bin/cmake --build /home/uboot/data/ros2_uboot/build/sensor -- -j8 -l8
[6.813s] DEBUG:colcon.colcon_core.event_handler.log_command:Invoked command in '/home/uboot/data/ros2_uboot/build/sensor' returned '0': CMAKE_PREFIX_PATH=${CMAKE_PREFIX_PATH}:/home/uboot/data/ros2_uboot/install/yolo_v5:/home/uboot/data/ros2_uboot/install/uboot_chat:/home/uboot/data/ros2_uboot/install/task_scheduler:/home/uboot/data/ros2_uboot/install/fishbot_description:/opt/ros/foxy /usr/bin/cmake --build /home/uboot/data/ros2_uboot/build/sensor -- -j8 -l8
[6.853s] DEBUG:colcon.colcon_core.event_handler.log_command:Invoking command in '/home/uboot/data/ros2_uboot/build/sensor': CMAKE_PREFIX_PATH=${CMAKE_PREFIX_PATH}:/home/uboot/data/ros2_uboot/install/yolo_v5:/home/uboot/data/ros2_uboot/install/uboot_chat:/home/uboot/data/ros2_uboot/install/task_scheduler:/home/uboot/data/ros2_uboot/install/fishbot_description:/opt/ros/foxy /usr/bin/cmake --install /home/uboot/data/ros2_uboot/build/sensor
[6.983s] Level 1:colcon.colcon_core.environment:create_environment_scripts_only(sensor)
[6.997s] DEBUG:colcon.colcon_core.event_handler.log_command:Invoked command in '/home/uboot/data/ros2_uboot/build/sensor' returned '0': CMAKE_PREFIX_PATH=${CMAKE_PREFIX_PATH}:/home/uboot/data/ros2_uboot/install/yolo_v5:/home/uboot/data/ros2_uboot/install/uboot_chat:/home/uboot/data/ros2_uboot/install/task_scheduler:/home/uboot/data/ros2_uboot/install/fishbot_description:/opt/ros/foxy /usr/bin/cmake --install /home/uboot/data/ros2_uboot/build/sensor
[7.005s] Level 1:colcon.colcon_core.environment:checking '/home/uboot/data/ros2_uboot/install/sensor' for CMake module files
[7.008s] Level 1:colcon.colcon_core.environment:checking '/home/uboot/data/ros2_uboot/install/sensor' for CMake config files
[7.010s] Level 1:colcon.colcon_core.shell:create_environment_hook('sensor', 'cmake_prefix_path')
[7.011s] INFO:colcon.colcon_core.shell:Creating environment hook '/home/uboot/data/ros2_uboot/install/sensor/share/sensor/hook/cmake_prefix_path.ps1'
[7.015s] INFO:colcon.colcon_core.shell:Creating environment descriptor '/home/uboot/data/ros2_uboot/install/sensor/share/sensor/hook/cmake_prefix_path.dsv'
[7.018s] INFO:colcon.colcon_core.shell:Creating environment hook '/home/uboot/data/ros2_uboot/install/sensor/share/sensor/hook/cmake_prefix_path.sh'
[7.022s] Level 1:colcon.colcon_core.environment:checking '/home/uboot/data/ros2_uboot/install/sensor/lib'
[7.023s] Level 1:colcon.colcon_core.shell:create_environment_hook('sensor', 'ld_library_path_lib')
[7.024s] INFO:colcon.colcon_core.shell:Creating environment hook '/home/uboot/data/ros2_uboot/install/sensor/share/sensor/hook/ld_library_path_lib.ps1'
[7.026s] INFO:colcon.colcon_core.shell:Creating environment descriptor '/home/uboot/data/ros2_uboot/install/sensor/share/sensor/hook/ld_library_path_lib.dsv'
[7.028s] INFO:colcon.colcon_core.shell:Creating environment hook '/home/uboot/data/ros2_uboot/install/sensor/share/sensor/hook/ld_library_path_lib.sh'
[7.030s] Level 1:colcon.colcon_core.environment:checking '/home/uboot/data/ros2_uboot/install/sensor/bin'
[7.030s] Level 1:colcon.colcon_core.environment:checking '/home/uboot/data/ros2_uboot/install/sensor/lib/pkgconfig/sensor.pc'
[7.031s] Level 1:colcon.colcon_core.environment:checking '/home/uboot/data/ros2_uboot/install/sensor/lib/python3.8/site-packages'
[7.031s] Level 1:colcon.colcon_core.shell:create_environment_hook('sensor', 'pythonpath')
[7.032s] INFO:colcon.colcon_core.shell:Creating environment hook '/home/uboot/data/ros2_uboot/install/sensor/share/sensor/hook/pythonpath.ps1'
[7.034s] INFO:colcon.colcon_core.shell:Creating environment descriptor '/home/uboot/data/ros2_uboot/install/sensor/share/sensor/hook/pythonpath.dsv'
[7.036s] INFO:colcon.colcon_core.shell:Creating environment hook '/home/uboot/data/ros2_uboot/install/sensor/share/sensor/hook/pythonpath.sh'
[7.038s] Level 1:colcon.colcon_core.environment:checking '/home/uboot/data/ros2_uboot/install/sensor/bin'
[7.040s] INFO:colcon.colcon_core.shell:Creating package script '/home/uboot/data/ros2_uboot/install/sensor/share/sensor/package.ps1'
[7.045s] INFO:colcon.colcon_core.shell:Creating package descriptor '/home/uboot/data/ros2_uboot/install/sensor/share/sensor/package.dsv'
[7.046s] INFO:colcon.colcon_core.shell:Creating package script '/home/uboot/data/ros2_uboot/install/sensor/share/sensor/package.sh'
[7.048s] INFO:colcon.colcon_core.shell:Creating package script '/home/uboot/data/ros2_uboot/install/sensor/share/sensor/package.bash'
[7.049s] INFO:colcon.colcon_core.shell:Creating package script '/home/uboot/data/ros2_uboot/install/sensor/share/sensor/package.zsh'
[7.050s] Level 1:colcon.colcon_core.environment:create_file_with_runtime_dependencies(/home/uboot/data/ros2_uboot/install/sensor/share/colcon-core/packages/sensor)
[7.051s] Level 1:colcon.colcon_core.environment:create_environment_scripts_only(sensor)
[7.051s] Level 1:colcon.colcon_core.environment:checking '/home/uboot/data/ros2_uboot/install/sensor' for CMake module files
[7.052s] Level 1:colcon.colcon_core.environment:checking '/home/uboot/data/ros2_uboot/install/sensor' for CMake config files
[7.052s] Level 1:colcon.colcon_core.shell:create_environment_hook('sensor', 'cmake_prefix_path')
[7.053s] INFO:colcon.colcon_core.shell:Creating environment hook '/home/uboot/data/ros2_uboot/install/sensor/share/sensor/hook/cmake_prefix_path.ps1'
[7.053s] INFO:colcon.colcon_core.shell:Creating environment descriptor '/home/uboot/data/ros2_uboot/install/sensor/share/sensor/hook/cmake_prefix_path.dsv'
[7.054s] INFO:colcon.colcon_core.shell:Creating environment hook '/home/uboot/data/ros2_uboot/install/sensor/share/sensor/hook/cmake_prefix_path.sh'
[7.054s] Level 1:colcon.colcon_core.environment:checking '/home/uboot/data/ros2_uboot/install/sensor/lib'
[7.054s] Level 1:colcon.colcon_core.shell:create_environment_hook('sensor', 'ld_library_path_lib')
[7.055s] INFO:colcon.colcon_core.shell:Creating environment hook '/home/uboot/data/ros2_uboot/install/sensor/share/sensor/hook/ld_library_path_lib.ps1'
[7.055s] INFO:colcon.colcon_core.shell:Creating environment descriptor '/home/uboot/data/ros2_uboot/install/sensor/share/sensor/hook/ld_library_path_lib.dsv'
[7.055s] INFO:colcon.colcon_core.shell:Creating environment hook '/home/uboot/data/ros2_uboot/install/sensor/share/sensor/hook/ld_library_path_lib.sh'
[7.056s] Level 1:colcon.colcon_core.environment:checking '/home/uboot/data/ros2_uboot/install/sensor/bin'
[7.056s] Level 1:colcon.colcon_core.environment:checking '/home/uboot/data/ros2_uboot/install/sensor/lib/pkgconfig/sensor.pc'
[7.056s] Level 1:colcon.colcon_core.environment:checking '/home/uboot/data/ros2_uboot/install/sensor/lib/python3.8/site-packages'
[7.056s] Level 1:colcon.colcon_core.shell:create_environment_hook('sensor', 'pythonpath')
[7.056s] INFO:colcon.colcon_core.shell:Creating environment hook '/home/uboot/data/ros2_uboot/install/sensor/share/sensor/hook/pythonpath.ps1'
[7.057s] INFO:colcon.colcon_core.shell:Creating environment descriptor '/home/uboot/data/ros2_uboot/install/sensor/share/sensor/hook/pythonpath.dsv'
[7.057s] INFO:colcon.colcon_core.shell:Creating environment hook '/home/uboot/data/ros2_uboot/install/sensor/share/sensor/hook/pythonpath.sh'
[7.058s] Level 1:colcon.colcon_core.environment:checking '/home/uboot/data/ros2_uboot/install/sensor/bin'
[7.058s] INFO:colcon.colcon_core.shell:Creating package script '/home/uboot/data/ros2_uboot/install/sensor/share/sensor/package.ps1'
[7.059s] INFO:colcon.colcon_core.shell:Creating package descriptor '/home/uboot/data/ros2_uboot/install/sensor/share/sensor/package.dsv'
[7.060s] INFO:colcon.colcon_core.shell:Creating package script '/home/uboot/data/ros2_uboot/install/sensor/share/sensor/package.sh'
[7.060s] INFO:colcon.colcon_core.shell:Creating package script '/home/uboot/data/ros2_uboot/install/sensor/share/sensor/package.bash'
[7.061s] INFO:colcon.colcon_core.shell:Creating package script '/home/uboot/data/ros2_uboot/install/sensor/share/sensor/package.zsh'
[7.061s] Level 1:colcon.colcon_core.environment:create_file_with_runtime_dependencies(/home/uboot/data/ros2_uboot/install/sensor/share/colcon-core/packages/sensor)
[7.061s] DEBUG:colcon.colcon_parallel_executor.executor.parallel:closing loop
[7.062s] DEBUG:colcon.colcon_parallel_executor.executor.parallel:loop closed
[7.062s] DEBUG:colcon.colcon_parallel_executor.executor.parallel:run_until_complete finished with '0'
[7.062s] DEBUG:colcon.colcon_core.event_reactor:joining thread
[7.084s] INFO:colcon.colcon_core.plugin_system:Skipping extension 'colcon_notification.desktop_notification.terminal_notifier': Not used on non-Darwin systems
[7.085s] INFO:colcon.colcon_core.plugin_system:Skipping extension 'colcon_notification.desktop_notification.win32': Not used on non-Windows systems
[7.085s] INFO:colcon.colcon_notification.desktop_notification:Sending desktop notification using 'notify2'
[32.112s] DEBUG:colcon.colcon_notification.desktop_notification.notify2:Failed to initialize notify2: org.freedesktop.DBus.Error.NoReply: Did not receive a reply. Possible causes include: the remote application did not send a reply, the message bus security policy blocked the reply, the reply timeout expired, or the network connection was broken.
[32.112s] DEBUG:colcon.colcon_core.event_reactor:joined thread
[32.113s] INFO:colcon.colcon_core.shell:Creating prefix script '/home/uboot/data/ros2_uboot/install/local_setup.ps1'
[32.114s] INFO:colcon.colcon_core.shell:Creating prefix util module '/home/uboot/data/ros2_uboot/install/_local_setup_util_ps1.py'
[32.117s] INFO:colcon.colcon_core.shell:Creating prefix chain script '/home/uboot/data/ros2_uboot/install/setup.ps1'
[32.119s] INFO:colcon.colcon_core.shell:Creating prefix script '/home/uboot/data/ros2_uboot/install/local_setup.sh'
[32.119s] INFO:colcon.colcon_core.shell:Creating prefix util module '/home/uboot/data/ros2_uboot/install/_local_setup_util_sh.py'
[32.120s] INFO:colcon.colcon_core.shell:Creating prefix chain script '/home/uboot/data/ros2_uboot/install/setup.sh'
[32.122s] INFO:colcon.colcon_core.shell:Creating prefix script '/home/uboot/data/ros2_uboot/install/local_setup.bash'
[32.123s] INFO:colcon.colcon_core.shell:Creating prefix chain script '/home/uboot/data/ros2_uboot/install/setup.bash'
[32.125s] INFO:colcon.colcon_core.shell:Creating prefix script '/home/uboot/data/ros2_uboot/install/local_setup.zsh'
[32.126s] INFO:colcon.colcon_core.shell:Creating prefix chain script '/home/uboot/data/ros2_uboot/install/setup.zsh'
