[2.275s] Invoking command in '/home/uboot/data/ros2_uboot/src/yolo_v5': PYTHONPATH=/home/uboot/data/ros2_uboot/build/yolo_v5/prefix_override:/usr/lib/python3/dist-packages/colcon_core/task/python/colcon_distutils_commands:/home/uboot/data/ros2_uboot/install/yolo_v5/lib/python3.8/site-packages:${PYTHONPATH} /usr/bin/python3 -W ignore:setup.py install is deprecated -W ignore:easy_install command is deprecated setup.py egg_info --egg-base ../../build/yolo_v5 build --build-base /home/uboot/data/ros2_uboot/build/yolo_v5/build install --record /home/uboot/data/ros2_uboot/build/yolo_v5/install.log --install-scripts $base/lib/yolo_v5 --single-version-externally-managed install_data
[2.584s] running egg_info
[2.585s] writing ../../build/yolo_v5/yolo_v5.egg-info/PKG-INFO
[2.586s] writing dependency_links to ../../build/yolo_v5/yolo_v5.egg-info/dependency_links.txt
[2.587s] writing entry points to ../../build/yolo_v5/yolo_v5.egg-info/entry_points.txt
[2.588s] writing requirements to ../../build/yolo_v5/yolo_v5.egg-info/requires.txt
[2.589s] writing top-level names to ../../build/yolo_v5/yolo_v5.egg-info/top_level.txt
[2.638s] reading manifest file '../../build/yolo_v5/yolo_v5.egg-info/SOURCES.txt'
[2.639s] writing manifest file '../../build/yolo_v5/yolo_v5.egg-info/SOURCES.txt'
[2.639s] running build
[2.640s] running build_py
[2.640s] running install
[2.641s] running install_lib
[2.643s] running install_data
[2.644s] running install_egg_info
[2.647s] removing '/home/uboot/data/ros2_uboot/install/yolo_v5/lib/python3.8/site-packages/yolo_v5-0.0.0-py3.8.egg-info' (and everything under it)
[2.648s] Copying ../../build/yolo_v5/yolo_v5.egg-info to /home/uboot/data/ros2_uboot/install/yolo_v5/lib/python3.8/site-packages/yolo_v5-0.0.0-py3.8.egg-info
[2.648s] running install_scripts
[2.672s] Installing start script to /home/uboot/data/ros2_uboot/install/yolo_v5/lib/yolo_v5
[2.673s] writing list of installed files to '/home/uboot/data/ros2_uboot/build/yolo_v5/install.log'
[2.735s] Invoked command in '/home/uboot/data/ros2_uboot/src/yolo_v5' returned '0': PYTHONPATH=/home/uboot/data/ros2_uboot/build/yolo_v5/prefix_override:/usr/lib/python3/dist-packages/colcon_core/task/python/colcon_distutils_commands:/home/uboot/data/ros2_uboot/install/yolo_v5/lib/python3.8/site-packages:${PYTHONPATH} /usr/bin/python3 -W ignore:setup.py install is deprecated -W ignore:easy_install command is deprecated setup.py egg_info --egg-base ../../build/yolo_v5 build --build-base /home/uboot/data/ros2_uboot/build/yolo_v5/build install --record /home/uboot/data/ros2_uboot/build/yolo_v5/install.log --install-scripts $base/lib/yolo_v5 --single-version-externally-managed install_data
