[0.673s] Invoking command in '/home/uboot/data/ros2_uboot/build/sensor': CMAKE_PREFIX_PATH=/opt/ros/foxy /usr/bin/cmake --build /home/uboot/data/ros2_uboot/build/sensor -- -j8 -l8
[0.824s] [  4%] Built target do_something_server
[0.840s] [ 12%] Built target sensor__rosidl_generator_c
[0.860s] [ 14%] Built target sensor__cpp
[0.861s] [ 19%] Built target human_detector_client
[0.892s] [ 23%] Built target sensor_node
[0.956s] [ 31%] Built target sensor__rosidl_typesupport_c
[0.956s] [ 40%] Built target sensor__rosidl_typesupport_cpp
[0.958s] [ 48%] Built target sensor__rosidl_typesupport_introspection_c
[0.972s] [ 57%] Built target sensor__rosidl_typesupport_fastrtps_cpp
[0.993s] [ 65%] Built target sensor__rosidl_typesupport_introspection_cpp
[1.070s] [ 74%] Built target sensor__rosidl_typesupport_fastrtps_c
[1.138s] [ 74%] Built target sensor
[1.198s] [ 76%] Built target sensor__py
[1.227s] [ 80%] Built target openamp_core1
[1.290s] [ 87%] Built target sensor__python
[1.345s] [ 91%] Built target sensor__rosidl_typesupport_c__pyext
[1.379s] [100%] Built target sensor__rosidl_typesupport_fastrtps_c__pyext
[1.380s] [100%] Built target sensor__rosidl_typesupport_introspection_c__pyext
[2.431s] Invoked command in '/home/uboot/data/ros2_uboot/build/sensor' returned '0': CMAKE_PREFIX_PATH=/opt/ros/foxy /usr/bin/cmake --build /home/uboot/data/ros2_uboot/build/sensor -- -j8 -l8
[2.437s] Invoking command in '/home/uboot/data/ros2_uboot/build/sensor': CMAKE_PREFIX_PATH=/opt/ros/foxy /usr/bin/cmake --install /home/uboot/data/ros2_uboot/build/sensor
[2.512s] -- Install configuration: ""
[2.518s] -- Up-to-date: /home/uboot/data/ros2_uboot/install/sensor/share/ament_index/resource_index/rosidl_interfaces/sensor
[2.519s] -- Up-to-date: /home/uboot/data/ros2_uboot/install/sensor/include/sensor
[2.520s] -- Up-to-date: /home/uboot/data/ros2_uboot/install/sensor/include/sensor/msg
[2.522s] -- Up-to-date: /home/uboot/data/ros2_uboot/install/sensor/include/sensor/msg/rosidl_generator_c__visibility_control.h
[2.529s] -- Up-to-date: /home/uboot/data/ros2_uboot/install/sensor/include/sensor/msg/core_command.h
[2.530s] -- Up-to-date: /home/uboot/data/ros2_uboot/install/sensor/include/sensor/msg/detail
[2.530s] -- Up-to-date: /home/uboot/data/ros2_uboot/install/sensor/include/sensor/msg/detail/core_command__functions.c
[2.531s] -- Up-to-date: /home/uboot/data/ros2_uboot/install/sensor/include/sensor/msg/detail/core_command__struct.h
[2.532s] -- Up-to-date: /home/uboot/data/ros2_uboot/install/sensor/include/sensor/msg/detail/device_status__type_support.h
[2.532s] -- Up-to-date: /home/uboot/data/ros2_uboot/install/sensor/include/sensor/msg/detail/device_status__functions.c
[2.532s] -- Up-to-date: /home/uboot/data/ros2_uboot/install/sensor/include/sensor/msg/detail/device_status__struct.h
[2.534s] -- Up-to-date: /home/uboot/data/ros2_uboot/install/sensor/include/sensor/msg/detail/core_command__functions.h
[2.536s] -- Up-to-date: /home/uboot/data/ros2_uboot/install/sensor/include/sensor/msg/detail/device_status__functions.h
[2.540s] -- Up-to-date: /home/uboot/data/ros2_uboot/install/sensor/include/sensor/msg/detail/core_command__type_support.h
[2.542s] -- Up-to-date: /home/uboot/data/ros2_uboot/install/sensor/include/sensor/msg/device_status.h
[2.544s] -- Up-to-date: /home/uboot/data/ros2_uboot/install/sensor/share/sensor/environment/library_path.sh
[2.545s] -- Up-to-date: /home/uboot/data/ros2_uboot/install/sensor/share/sensor/environment/library_path.dsv
[2.546s] -- Up-to-date: /home/uboot/data/ros2_uboot/install/sensor/lib/libsensor__rosidl_generator_c.so
[2.549s] -- Up-to-date: /home/uboot/data/ros2_uboot/install/sensor/include/sensor
[2.550s] -- Up-to-date: /home/uboot/data/ros2_uboot/install/sensor/include/sensor/msg
[2.551s] -- Up-to-date: /home/uboot/data/ros2_uboot/install/sensor/include/sensor/msg/detail
[2.551s] -- Up-to-date: /home/uboot/data/ros2_uboot/install/sensor/include/sensor/msg/detail/core_command__rosidl_typesupport_fastrtps_c.h
[2.559s] -- Up-to-date: /home/uboot/data/ros2_uboot/install/sensor/include/sensor/msg/detail/device_status__rosidl_typesupport_fastrtps_c.h
[2.561s] -- Up-to-date: /home/uboot/data/ros2_uboot/install/sensor/include/sensor/msg/rosidl_typesupport_fastrtps_c__visibility_control.h
[2.562s] -- Up-to-date: /home/uboot/data/ros2_uboot/install/sensor/lib/libsensor__rosidl_typesupport_fastrtps_c.so
[2.563s] -- Up-to-date: /home/uboot/data/ros2_uboot/install/sensor/include/sensor
[2.563s] -- Up-to-date: /home/uboot/data/ros2_uboot/install/sensor/include/sensor/msg
[2.564s] -- Up-to-date: /home/uboot/data/ros2_uboot/install/sensor/include/sensor/msg/rosidl_typesupport_fastrtps_cpp__visibility_control.h
[2.564s] -- Up-to-date: /home/uboot/data/ros2_uboot/install/sensor/include/sensor/msg/detail
[2.565s] -- Up-to-date: /home/uboot/data/ros2_uboot/install/sensor/include/sensor/msg/detail/device_status__rosidl_typesupport_fastrtps_cpp.hpp
[2.565s] -- Up-to-date: /home/uboot/data/ros2_uboot/install/sensor/include/sensor/msg/detail/dds_fastrtps
[2.566s] -- Up-to-date: /home/uboot/data/ros2_uboot/install/sensor/include/sensor/msg/detail/core_command__rosidl_typesupport_fastrtps_cpp.hpp
[2.566s] -- Up-to-date: /home/uboot/data/ros2_uboot/install/sensor/lib/libsensor__rosidl_typesupport_fastrtps_cpp.so
[2.567s] -- Up-to-date: /home/uboot/data/ros2_uboot/install/sensor/include/sensor
[2.567s] -- Up-to-date: /home/uboot/data/ros2_uboot/install/sensor/include/sensor/msg
[2.568s] -- Up-to-date: /home/uboot/data/ros2_uboot/install/sensor/include/sensor/msg/rosidl_typesupport_introspection_c__visibility_control.h
[2.569s] -- Up-to-date: /home/uboot/data/ros2_uboot/install/sensor/include/sensor/msg/detail
[2.569s] -- Up-to-date: /home/uboot/data/ros2_uboot/install/sensor/include/sensor/msg/detail/core_command__type_support.c
[2.570s] -- Up-to-date: /home/uboot/data/ros2_uboot/install/sensor/include/sensor/msg/detail/device_status__type_support.c
[2.570s] -- Up-to-date: /home/uboot/data/ros2_uboot/install/sensor/include/sensor/msg/detail/core_command__rosidl_typesupport_introspection_c.h
[2.571s] -- Up-to-date: /home/uboot/data/ros2_uboot/install/sensor/include/sensor/msg/detail/device_status__rosidl_typesupport_introspection_c.h
[2.571s] -- Up-to-date: /home/uboot/data/ros2_uboot/install/sensor/lib/libsensor__rosidl_typesupport_introspection_c.so
[2.571s] -- Up-to-date: /home/uboot/data/ros2_uboot/install/sensor/lib/libsensor__rosidl_typesupport_c.so
[2.573s] -- Up-to-date: /home/uboot/data/ros2_uboot/install/sensor/include/sensor
[2.574s] -- Up-to-date: /home/uboot/data/ros2_uboot/install/sensor/include/sensor/msg
[2.575s] -- Up-to-date: /home/uboot/data/ros2_uboot/install/sensor/include/sensor/msg/detail
[2.575s] -- Up-to-date: /home/uboot/data/ros2_uboot/install/sensor/include/sensor/msg/detail/core_command__builder.hpp
[2.576s] -- Up-to-date: /home/uboot/data/ros2_uboot/install/sensor/include/sensor/msg/detail/core_command__type_support.hpp
[2.577s] -- Up-to-date: /home/uboot/data/ros2_uboot/install/sensor/include/sensor/msg/detail/device_status__type_support.hpp
[2.577s] -- Up-to-date: /home/uboot/data/ros2_uboot/install/sensor/include/sensor/msg/detail/device_status__traits.hpp
[2.578s] -- Up-to-date: /home/uboot/data/ros2_uboot/install/sensor/include/sensor/msg/detail/core_command__traits.hpp
[2.578s] -- Up-to-date: /home/uboot/data/ros2_uboot/install/sensor/include/sensor/msg/detail/device_status__builder.hpp
[2.578s] -- Up-to-date: /home/uboot/data/ros2_uboot/install/sensor/include/sensor/msg/detail/core_command__struct.hpp
[2.579s] -- Up-to-date: /home/uboot/data/ros2_uboot/install/sensor/include/sensor/msg/detail/device_status__struct.hpp
[2.579s] -- Up-to-date: /home/uboot/data/ros2_uboot/install/sensor/include/sensor/msg/device_status.hpp
[2.580s] -- Up-to-date: /home/uboot/data/ros2_uboot/install/sensor/include/sensor/msg/core_command.hpp
[2.580s] -- Up-to-date: /home/uboot/data/ros2_uboot/install/sensor/include/sensor/msg/rosidl_generator_cpp__visibility_control.hpp
[2.580s] -- Up-to-date: /home/uboot/data/ros2_uboot/install/sensor/include/sensor
[2.581s] -- Up-to-date: /home/uboot/data/ros2_uboot/install/sensor/include/sensor/msg
[2.581s] -- Up-to-date: /home/uboot/data/ros2_uboot/install/sensor/include/sensor/msg/detail
[2.582s] -- Up-to-date: /home/uboot/data/ros2_uboot/install/sensor/include/sensor/msg/detail/core_command__rosidl_typesupport_introspection_cpp.hpp
[2.582s] -- Up-to-date: /home/uboot/data/ros2_uboot/install/sensor/include/sensor/msg/detail/device_status__type_support.cpp
[2.582s] -- Up-to-date: /home/uboot/data/ros2_uboot/install/sensor/include/sensor/msg/detail/device_status__rosidl_typesupport_introspection_cpp.hpp
[2.583s] -- Up-to-date: /home/uboot/data/ros2_uboot/install/sensor/include/sensor/msg/detail/core_command__type_support.cpp
[2.583s] -- Up-to-date: /home/uboot/data/ros2_uboot/install/sensor/lib/libsensor__rosidl_typesupport_introspection_cpp.so
[2.584s] -- Up-to-date: /home/uboot/data/ros2_uboot/install/sensor/lib/libsensor__rosidl_typesupport_cpp.so
[2.584s] -- Up-to-date: /home/uboot/data/ros2_uboot/install/sensor/share/sensor/environment/pythonpath.sh
[2.584s] -- Up-to-date: /home/uboot/data/ros2_uboot/install/sensor/share/sensor/environment/pythonpath.dsv
[2.585s] -- Up-to-date: /home/uboot/data/ros2_uboot/install/sensor/lib/python3.8/site-packages/sensor/__init__.py
[2.643s] -- Up-to-date: /home/uboot/data/ros2_uboot/install/sensor/lib/python3.8/site-packages/sensor/msg
[2.643s] -- Up-to-date: /home/uboot/data/ros2_uboot/install/sensor/lib/python3.8/site-packages/sensor/msg/__init__.py
[2.643s] -- Up-to-date: /home/uboot/data/ros2_uboot/install/sensor/lib/python3.8/site-packages/sensor/msg/_core_command_s.c
[2.643s] -- Up-to-date: /home/uboot/data/ros2_uboot/install/sensor/lib/python3.8/site-packages/sensor/msg/_core_command.py
[2.643s] -- Up-to-date: /home/uboot/data/ros2_uboot/install/sensor/lib/python3.8/site-packages/sensor/msg/_device_status_s.c
[2.643s] -- Up-to-date: /home/uboot/data/ros2_uboot/install/sensor/lib/python3.8/site-packages/sensor/msg/_device_status.py
[2.643s] -- Up-to-date: /home/uboot/data/ros2_uboot/install/sensor/lib/python3.8/site-packages/sensor/sensor_s__rosidl_typesupport_fastrtps_c.cpython-38-aarch64-linux-gnu.so
[2.643s] -- Up-to-date: /home/uboot/data/ros2_uboot/install/sensor/lib/python3.8/site-packages/sensor/sensor_s__rosidl_typesupport_introspection_c.cpython-38-aarch64-linux-gnu.so
[2.643s] -- Up-to-date: /home/uboot/data/ros2_uboot/install/sensor/lib/python3.8/site-packages/sensor/sensor_s__rosidl_typesupport_c.cpython-38-aarch64-linux-gnu.so
[2.644s] -- Up-to-date: /home/uboot/data/ros2_uboot/install/sensor/lib/libsensor__python.so
[2.644s] -- Up-to-date: /home/uboot/data/ros2_uboot/install/sensor/share/sensor/msg/CoreCommand.idl
[2.644s] -- Up-to-date: /home/uboot/data/ros2_uboot/install/sensor/share/sensor/msg/DeviceStatus.idl
[2.644s] -- Up-to-date: /home/uboot/data/ros2_uboot/install/sensor/share/sensor/msg/CoreCommand.msg
[2.644s] -- Up-to-date: /home/uboot/data/ros2_uboot/install/sensor/share/sensor/msg/DeviceStatus.msg
[2.644s] -- Up-to-date: /home/uboot/data/ros2_uboot/install/sensor/lib/sensor/sensor_node
[2.644s] -- Up-to-date: /home/uboot/data/ros2_uboot/install/sensor/lib/sensor/human_detector_client
[2.644s] -- Up-to-date: /home/uboot/data/ros2_uboot/install/sensor/lib/sensor/do_something_server
[2.644s] -- Up-to-date: /home/uboot/data/ros2_uboot/install/sensor/lib/sensor/openamp_core1
[2.644s] -- Up-to-date: /home/uboot/data/ros2_uboot/install/sensor/share/ament_index/resource_index/package_run_dependencies/sensor
[2.644s] -- Up-to-date: /home/uboot/data/ros2_uboot/install/sensor/share/ament_index/resource_index/parent_prefix_path/sensor
[2.644s] -- Up-to-date: /home/uboot/data/ros2_uboot/install/sensor/share/sensor/environment/ament_prefix_path.sh
[2.645s] -- Up-to-date: /home/uboot/data/ros2_uboot/install/sensor/share/sensor/environment/ament_prefix_path.dsv
[2.645s] -- Up-to-date: /home/uboot/data/ros2_uboot/install/sensor/share/sensor/environment/path.sh
[2.645s] -- Up-to-date: /home/uboot/data/ros2_uboot/install/sensor/share/sensor/environment/path.dsv
[2.645s] -- Up-to-date: /home/uboot/data/ros2_uboot/install/sensor/share/sensor/local_setup.bash
[2.645s] -- Up-to-date: /home/uboot/data/ros2_uboot/install/sensor/share/sensor/local_setup.sh
[2.645s] -- Up-to-date: /home/uboot/data/ros2_uboot/install/sensor/share/sensor/local_setup.zsh
[2.645s] -- Up-to-date: /home/uboot/data/ros2_uboot/install/sensor/share/sensor/local_setup.dsv
[2.645s] -- Installing: /home/uboot/data/ros2_uboot/install/sensor/share/sensor/package.dsv
[2.647s] -- Up-to-date: /home/uboot/data/ros2_uboot/install/sensor/share/ament_index/resource_index/packages/sensor
[2.670s] -- Up-to-date: /home/uboot/data/ros2_uboot/install/sensor/share/sensor/cmake/sensor__rosidl_generator_cExport.cmake
[2.683s] -- Up-to-date: /home/uboot/data/ros2_uboot/install/sensor/share/sensor/cmake/sensor__rosidl_generator_cExport-noconfig.cmake
[2.684s] -- Up-to-date: /home/uboot/data/ros2_uboot/install/sensor/share/sensor/cmake/sensor__rosidl_typesupport_introspection_cExport.cmake
[2.685s] -- Up-to-date: /home/uboot/data/ros2_uboot/install/sensor/share/sensor/cmake/sensor__rosidl_typesupport_introspection_cExport-noconfig.cmake
[2.686s] -- Up-to-date: /home/uboot/data/ros2_uboot/install/sensor/share/sensor/cmake/sensor__rosidl_typesupport_cExport.cmake
[2.687s] -- Up-to-date: /home/uboot/data/ros2_uboot/install/sensor/share/sensor/cmake/sensor__rosidl_typesupport_cExport-noconfig.cmake
[2.687s] -- Up-to-date: /home/uboot/data/ros2_uboot/install/sensor/share/sensor/cmake/sensor__rosidl_generator_cppExport.cmake
[2.688s] -- Up-to-date: /home/uboot/data/ros2_uboot/install/sensor/share/sensor/cmake/sensor__rosidl_typesupport_introspection_cppExport.cmake
[2.688s] -- Up-to-date: /home/uboot/data/ros2_uboot/install/sensor/share/sensor/cmake/sensor__rosidl_typesupport_introspection_cppExport-noconfig.cmake
[2.689s] -- Up-to-date: /home/uboot/data/ros2_uboot/install/sensor/share/sensor/cmake/sensor__rosidl_typesupport_cppExport.cmake
[2.690s] -- Up-to-date: /home/uboot/data/ros2_uboot/install/sensor/share/sensor/cmake/sensor__rosidl_typesupport_cppExport-noconfig.cmake
[2.691s] -- Up-to-date: /home/uboot/data/ros2_uboot/install/sensor/share/sensor/cmake/rosidl_cmake-extras.cmake
[2.692s] -- Up-to-date: /home/uboot/data/ros2_uboot/install/sensor/share/sensor/cmake/ament_cmake_export_dependencies-extras.cmake
[2.694s] -- Up-to-date: /home/uboot/data/ros2_uboot/install/sensor/share/sensor/cmake/ament_cmake_export_libraries-extras.cmake
[2.697s] -- Up-to-date: /home/uboot/data/ros2_uboot/install/sensor/share/sensor/cmake/ament_cmake_export_targets-extras.cmake
[2.698s] -- Up-to-date: /home/uboot/data/ros2_uboot/install/sensor/share/sensor/cmake/ament_cmake_export_include_directories-extras.cmake
[2.698s] -- Up-to-date: /home/uboot/data/ros2_uboot/install/sensor/share/sensor/cmake/rosidl_cmake_export_typesupport_libraries-extras.cmake
[2.699s] -- Up-to-date: /home/uboot/data/ros2_uboot/install/sensor/share/sensor/cmake/rosidl_cmake_export_typesupport_targets-extras.cmake
[2.700s] -- Up-to-date: /home/uboot/data/ros2_uboot/install/sensor/share/sensor/cmake/sensorConfig.cmake
[2.700s] -- Up-to-date: /home/uboot/data/ros2_uboot/install/sensor/share/sensor/cmake/sensorConfig-version.cmake
[2.700s] -- Up-to-date: /home/uboot/data/ros2_uboot/install/sensor/share/sensor/package.xml
[2.702s] Invoked command in '/home/uboot/data/ros2_uboot/build/sensor' returned '0': CMAKE_PREFIX_PATH=/opt/ros/foxy /usr/bin/cmake --install /home/uboot/data/ros2_uboot/build/sensor
