/home/uboot/data/ros2_uboot/install/fishbot_description/lib/python3.8/site-packages/fishbot_description/__init__.py
/home/uboot/data/ros2_uboot/install/fishbot_description/lib/python3.8/site-packages/fishbot_description/rotate_wheel.py
/home/uboot/data/ros2_uboot/install/fishbot_description/lib/python3.8/site-packages/fishbot_description/__pycache__/__init__.cpython-38.pyc
/home/uboot/data/ros2_uboot/install/fishbot_description/lib/python3.8/site-packages/fishbot_description/__pycache__/rotate_wheel.cpython-38.pyc
/home/uboot/data/ros2_uboot/install/fishbot_description/share/ament_index/resource_index/packages/fishbot_description
/home/uboot/data/ros2_uboot/install/fishbot_description/share/fishbot_description/package.xml
/home/uboot/data/ros2_uboot/install/fishbot_description/share/fishbot_description/launch/gazebo.launch.py
/home/uboot/data/ros2_uboot/install/fishbot_description/share/fishbot_description/launch/display_rviz2.launch.py
/home/uboot/data/ros2_uboot/install/fishbot_description/share/fishbot_description/urdf/fishbot_base.urdf
/home/uboot/data/ros2_uboot/install/fishbot_description/share/fishbot_description/urdf/fishbot_gazebo.urdf
/home/uboot/data/ros2_uboot/install/fishbot_description/share/fishbot_description/urdf/fishbot_v1.0.1.urdf
/home/uboot/data/ros2_uboot/install/fishbot_description/share/fishbot_description/urdf/fishbot_v1.0.0.urdf
/home/uboot/data/ros2_uboot/install/fishbot_description/share/fishbot_description/world/fishbot.world
/home/uboot/data/ros2_uboot/install/fishbot_description/share/fishbot_description/world/fish.world
/home/uboot/data/ros2_uboot/install/fishbot_description/lib/python3.8/site-packages/fishbot_description-0.0.0-py3.8.egg-info/zip-safe
/home/uboot/data/ros2_uboot/install/fishbot_description/lib/python3.8/site-packages/fishbot_description-0.0.0-py3.8.egg-info/top_level.txt
/home/uboot/data/ros2_uboot/install/fishbot_description/lib/python3.8/site-packages/fishbot_description-0.0.0-py3.8.egg-info/entry_points.txt
/home/uboot/data/ros2_uboot/install/fishbot_description/lib/python3.8/site-packages/fishbot_description-0.0.0-py3.8.egg-info/SOURCES.txt
/home/uboot/data/ros2_uboot/install/fishbot_description/lib/python3.8/site-packages/fishbot_description-0.0.0-py3.8.egg-info/dependency_links.txt
/home/uboot/data/ros2_uboot/install/fishbot_description/lib/python3.8/site-packages/fishbot_description-0.0.0-py3.8.egg-info/requires.txt
/home/uboot/data/ros2_uboot/install/fishbot_description/lib/python3.8/site-packages/fishbot_description-0.0.0-py3.8.egg-info/PKG-INFO
/home/uboot/data/ros2_uboot/install/fishbot_description/lib/fishbot_description/rotate_wheel
