[1.626s] Invoking command in '/home/uboot/data/ros2_uboot/src/yolo_v5': PYTHONPATH=/home/uboot/data/ros2_uboot/build/yolo_v5/prefix_override:/usr/lib/python3/dist-packages/colcon_core/task/python/colcon_distutils_commands:/home/uboot/data/ros2_uboot/install/yolo_v5/lib/python3.8/site-packages:${PYTHONPATH} /usr/bin/python3 -W ignore:setup.py install is deprecated -W ignore:easy_install command is deprecated setup.py egg_info --egg-base ../../build/yolo_v5 build --build-base /home/uboot/data/ros2_uboot/build/yolo_v5/build install --record /home/uboot/data/ros2_uboot/build/yolo_v5/install.log --install-scripts $base/lib/yolo_v5 --single-version-externally-managed install_data
[1.864s] running egg_info
[1.865s] writing ../../build/yolo_v5/yolo_v5.egg-info/PKG-INFO
[1.866s] writing dependency_links to ../../build/yolo_v5/yolo_v5.egg-info/dependency_links.txt
[1.866s] writing entry points to ../../build/yolo_v5/yolo_v5.egg-info/entry_points.txt
[1.867s] writing requirements to ../../build/yolo_v5/yolo_v5.egg-info/requires.txt
[1.867s] writing top-level names to ../../build/yolo_v5/yolo_v5.egg-info/top_level.txt
[1.910s] reading manifest file '../../build/yolo_v5/yolo_v5.egg-info/SOURCES.txt'
[1.912s] writing manifest file '../../build/yolo_v5/yolo_v5.egg-info/SOURCES.txt'
[1.912s] running build
[1.912s] running build_py
[1.912s] running install
[1.915s] running install_lib
[1.916s] running install_data
[1.917s] running install_egg_info
[1.918s] removing '/home/uboot/data/ros2_uboot/install/yolo_v5/lib/python3.8/site-packages/yolo_v5-0.0.0-py3.8.egg-info' (and everything under it)
[1.919s] Copying ../../build/yolo_v5/yolo_v5.egg-info to /home/uboot/data/ros2_uboot/install/yolo_v5/lib/python3.8/site-packages/yolo_v5-0.0.0-py3.8.egg-info
[1.920s] running install_scripts
[1.942s] Installing start script to /home/uboot/data/ros2_uboot/install/yolo_v5/lib/yolo_v5
[1.942s] writing list of installed files to '/home/uboot/data/ros2_uboot/build/yolo_v5/install.log'
[1.984s] Invoked command in '/home/uboot/data/ros2_uboot/src/yolo_v5' returned '0': PYTHONPATH=/home/uboot/data/ros2_uboot/build/yolo_v5/prefix_override:/usr/lib/python3/dist-packages/colcon_core/task/python/colcon_distutils_commands:/home/uboot/data/ros2_uboot/install/yolo_v5/lib/python3.8/site-packages:${PYTHONPATH} /usr/bin/python3 -W ignore:setup.py install is deprecated -W ignore:easy_install command is deprecated setup.py egg_info --egg-base ../../build/yolo_v5 build --build-base /home/uboot/data/ros2_uboot/build/yolo_v5/build install --record /home/uboot/data/ros2_uboot/build/yolo_v5/install.log --install-scripts $base/lib/yolo_v5 --single-version-externally-managed install_data
