[2.309s] Invoking command in '/home/uboot/data/ros2_uboot/src/yolo_v5': PYTHONPATH=/home/uboot/data/ros2_uboot/build/yolo_v5/prefix_override:/usr/lib/python3/dist-packages/colcon_core/task/python/colcon_distutils_commands:/home/uboot/data/ros2_uboot/install/yolo_v5/lib/python3.8/site-packages:${PYTHONPATH} /usr/bin/python3 -W ignore:setup.py install is deprecated -W ignore:easy_install command is deprecated setup.py egg_info --egg-base ../../build/yolo_v5 build --build-base /home/uboot/data/ros2_uboot/build/yolo_v5/build install --record /home/uboot/data/ros2_uboot/build/yolo_v5/install.log --install-scripts $base/lib/yolo_v5 --single-version-externally-managed install_data
[2.605s] running egg_info
[2.606s] writing ../../build/yolo_v5/yolo_v5.egg-info/PKG-INFO
[2.608s] writing dependency_links to ../../build/yolo_v5/yolo_v5.egg-info/dependency_links.txt
[2.609s] writing entry points to ../../build/yolo_v5/yolo_v5.egg-info/entry_points.txt
[2.609s] writing requirements to ../../build/yolo_v5/yolo_v5.egg-info/requires.txt
[2.610s] writing top-level names to ../../build/yolo_v5/yolo_v5.egg-info/top_level.txt
[2.662s] reading manifest file '../../build/yolo_v5/yolo_v5.egg-info/SOURCES.txt'
[2.664s] writing manifest file '../../build/yolo_v5/yolo_v5.egg-info/SOURCES.txt'
[2.665s] running build
[2.665s] running build_py
[2.676s] copying yolo_v5/yolo_node_NPU copy.py -> /home/uboot/data/ros2_uboot/build/yolo_v5/build/lib/yolo_v5
[2.677s] copying yolo_v5/yolo_node.py -> /home/uboot/data/ros2_uboot/build/yolo_v5/build/lib/yolo_v5
[2.678s] copying yolo_v5/yolo_node_NPU.py -> /home/uboot/data/ros2_uboot/build/yolo_v5/build/lib/yolo_v5
[2.679s] copying yolo_v5/yolo_node copy.py -> /home/uboot/data/ros2_uboot/build/yolo_v5/build/lib/yolo_v5
[2.679s] running install
[2.680s] running install_lib
[2.680s] copying /home/uboot/data/ros2_uboot/build/yolo_v5/build/lib/yolo_v5/yolo_node_NPU copy.py -> /home/uboot/data/ros2_uboot/install/yolo_v5/lib/python3.8/site-packages/yolo_v5
[2.681s] copying /home/uboot/data/ros2_uboot/build/yolo_v5/build/lib/yolo_v5/yolo_node.py -> /home/uboot/data/ros2_uboot/install/yolo_v5/lib/python3.8/site-packages/yolo_v5
[2.681s] copying /home/uboot/data/ros2_uboot/build/yolo_v5/build/lib/yolo_v5/yolo_node_NPU.py -> /home/uboot/data/ros2_uboot/install/yolo_v5/lib/python3.8/site-packages/yolo_v5
[2.682s] copying /home/uboot/data/ros2_uboot/build/yolo_v5/build/lib/yolo_v5/yolo_node copy.py -> /home/uboot/data/ros2_uboot/install/yolo_v5/lib/python3.8/site-packages/yolo_v5
[2.682s] byte-compiling /home/uboot/data/ros2_uboot/install/yolo_v5/lib/python3.8/site-packages/yolo_v5/yolo_node_NPU copy.py to yolo_node_NPU copy.cpython-38.pyc
[2.690s] byte-compiling /home/uboot/data/ros2_uboot/install/yolo_v5/lib/python3.8/site-packages/yolo_v5/yolo_node.py to yolo_node.cpython-38.pyc
[2.692s] byte-compiling /home/uboot/data/ros2_uboot/install/yolo_v5/lib/python3.8/site-packages/yolo_v5/yolo_node_NPU.py to yolo_node_NPU.cpython-38.pyc
[2.693s] byte-compiling /home/uboot/data/ros2_uboot/install/yolo_v5/lib/python3.8/site-packages/yolo_v5/yolo_node copy.py to yolo_node copy.cpython-38.pyc
[2.695s] running install_data
[2.697s] running install_egg_info
[2.698s] removing '/home/uboot/data/ros2_uboot/install/yolo_v5/lib/python3.8/site-packages/yolo_v5-0.0.0-py3.8.egg-info' (and everything under it)
[2.700s] Copying ../../build/yolo_v5/yolo_v5.egg-info to /home/uboot/data/ros2_uboot/install/yolo_v5/lib/python3.8/site-packages/yolo_v5-0.0.0-py3.8.egg-info
[2.706s] running install_scripts
[2.737s] Installing start script to /home/uboot/data/ros2_uboot/install/yolo_v5/lib/yolo_v5
[2.738s] writing list of installed files to '/home/uboot/data/ros2_uboot/build/yolo_v5/install.log'
[2.854s] Invoked command in '/home/uboot/data/ros2_uboot/src/yolo_v5' returned '0': PYTHONPATH=/home/uboot/data/ros2_uboot/build/yolo_v5/prefix_override:/usr/lib/python3/dist-packages/colcon_core/task/python/colcon_distutils_commands:/home/uboot/data/ros2_uboot/install/yolo_v5/lib/python3.8/site-packages:${PYTHONPATH} /usr/bin/python3 -W ignore:setup.py install is deprecated -W ignore:easy_install command is deprecated setup.py egg_info --egg-base ../../build/yolo_v5 build --build-base /home/uboot/data/ros2_uboot/build/yolo_v5/build install --record /home/uboot/data/ros2_uboot/build/yolo_v5/install.log --install-scripts $base/lib/yolo_v5 --single-version-externally-managed install_data
