[1.073s] Invoking command in '/home/uboot/data/ros2_uboot/src/uboot_chat': PYTHONPATH=/home/uboot/data/ros2_uboot/build/uboot_chat/prefix_override:/usr/lib/python3/dist-packages/colcon_core/task/python/colcon_distutils_commands:/home/uboot/data/ros2_uboot/install/uboot_chat/lib/python3.8/site-packages:${PYTHONPATH} /usr/bin/python3 -W ignore:setup.py install is deprecated -W ignore:easy_install command is deprecated setup.py egg_info --egg-base ../../build/uboot_chat build --build-base /home/uboot/data/ros2_uboot/build/uboot_chat/build install --record /home/uboot/data/ros2_uboot/build/uboot_chat/install.log --install-scripts $base/lib/uboot_chat --single-version-externally-managed install_data
[1.509s] running egg_info
[1.511s] writing ../../build/uboot_chat/uboot_chat.egg-info/PKG-INFO
[1.511s] writing dependency_links to ../../build/uboot_chat/uboot_chat.egg-info/dependency_links.txt
[1.512s] writing entry points to ../../build/uboot_chat/uboot_chat.egg-info/entry_points.txt
[1.512s] writing requirements to ../../build/uboot_chat/uboot_chat.egg-info/requires.txt
[1.513s] writing top-level names to ../../build/uboot_chat/uboot_chat.egg-info/top_level.txt
[1.576s] reading manifest file '../../build/uboot_chat/uboot_chat.egg-info/SOURCES.txt'
[1.577s] writing manifest file '../../build/uboot_chat/uboot_chat.egg-info/SOURCES.txt'
[1.578s] running build
[1.579s] running build_py
[1.579s] copying uboot_chat/micro_recognizer.py -> /home/uboot/data/ros2_uboot/build/uboot_chat/build/lib/uboot_chat
[1.579s] running install
[1.580s] running install_lib
[1.582s] copying /home/uboot/data/ros2_uboot/build/uboot_chat/build/lib/uboot_chat/micro_recognizer.py -> /home/uboot/data/ros2_uboot/install/uboot_chat/lib/python3.8/site-packages/uboot_chat
[1.584s] byte-compiling /home/uboot/data/ros2_uboot/install/uboot_chat/lib/python3.8/site-packages/uboot_chat/micro_recognizer.py to micro_recognizer.cpython-38.pyc
[1.588s] running install_data
[1.588s] running install_egg_info
[1.591s] removing '/home/uboot/data/ros2_uboot/install/uboot_chat/lib/python3.8/site-packages/uboot_chat-0.0.0-py3.8.egg-info' (and everything under it)
[1.592s] Copying ../../build/uboot_chat/uboot_chat.egg-info to /home/uboot/data/ros2_uboot/install/uboot_chat/lib/python3.8/site-packages/uboot_chat-0.0.0-py3.8.egg-info
[1.592s] running install_scripts
[1.622s] Installing chat script to /home/uboot/data/ros2_uboot/install/uboot_chat/lib/uboot_chat
[1.623s] Installing micro script to /home/uboot/data/ros2_uboot/install/uboot_chat/lib/uboot_chat
[1.624s] Installing pub script to /home/uboot/data/ros2_uboot/install/uboot_chat/lib/uboot_chat
[1.624s] Installing speech script to /home/uboot/data/ros2_uboot/install/uboot_chat/lib/uboot_chat
[1.624s] writing list of installed files to '/home/uboot/data/ros2_uboot/build/uboot_chat/install.log'
[1.701s] Invoked command in '/home/uboot/data/ros2_uboot/src/uboot_chat' returned '0': PYTHONPATH=/home/uboot/data/ros2_uboot/build/uboot_chat/prefix_override:/usr/lib/python3/dist-packages/colcon_core/task/python/colcon_distutils_commands:/home/uboot/data/ros2_uboot/install/uboot_chat/lib/python3.8/site-packages:${PYTHONPATH} /usr/bin/python3 -W ignore:setup.py install is deprecated -W ignore:easy_install command is deprecated setup.py egg_info --egg-base ../../build/uboot_chat build --build-base /home/uboot/data/ros2_uboot/build/uboot_chat/build install --record /home/uboot/data/ros2_uboot/build/uboot_chat/install.log --install-scripts $base/lib/uboot_chat --single-version-externally-managed install_data
