[0.641s] Invoking command in '/home/uboot/data/ros2_uboot/build/fishbot_navigation2': CMAKE_PREFIX_PATH=/opt/ros/foxy /usr/bin/cmake /home/uboot/data/ros2_uboot/src/fishbot/src/fishbot_navigation2 -DCMAKE_INSTALL_PREFIX=/home/uboot/data/ros2_uboot/install/fishbot_navigation2
[0.744s] -- The C compiler identification is GNU 9.4.0
[0.936s] -- The CXX compiler identification is GNU 9.4.0
[0.937s] -- Check for working C compiler: /usr/bin/cc
[1.103s] -- Check for working C compiler: /usr/bin/cc -- works
[1.103s] -- Detecting C compiler ABI info
[1.299s] -- Detecting C compiler ABI info - done
[1.357s] -- Detecting C compile features
[1.360s] -- Detecting C compile features - done
[1.368s] -- Check for working CXX compiler: /usr/bin/c++
[1.563s] -- Check for working CXX compiler: /usr/bin/c++ -- works
[1.566s] -- Detecting CXX compiler ABI info
[1.860s] -- Detecting CXX compiler ABI info - done
[1.911s] -- Detecting CXX compile features
[1.914s] -- Detecting CXX compile features - done
[1.922s] -- Found ament_cmake: 0.9.12 (/opt/ros/foxy/share/ament_cmake/cmake)
[1.986s] -- Found PythonInterp: /usr/bin/python3 (found suitable version "3.8.10", minimum required is "3") 
[1.987s] -- Using PYTHON_EXECUTABLE: /usr/bin/python3
[2.259s] -- Found ament_lint_auto: 0.9.8 (/opt/ros/foxy/share/ament_lint_auto/cmake)
[2.365s] -- Added test 'copyright' to check source files copyright and LICENSE
[2.367s] -- Added test 'flake8' to check Python code syntax and style conventions
[2.368s] -- Added test 'lint_cmake' to check CMake code style
[2.368s] -- Added test 'pep257' to check Python code against some of the style conventions in PEP 257
[2.370s] -- Added test 'xmllint' to check XML markup files
[2.372s] -- Configuring done
[2.374s] -- Generating done
[2.378s] -- Build files have been written to: /home/uboot/data/ros2_uboot/build/fishbot_navigation2
[2.386s] Invoked command in '/home/uboot/data/ros2_uboot/build/fishbot_navigation2' returned '0': CMAKE_PREFIX_PATH=/opt/ros/foxy /usr/bin/cmake /home/uboot/data/ros2_uboot/src/fishbot/src/fishbot_navigation2 -DCMAKE_INSTALL_PREFIX=/home/uboot/data/ros2_uboot/install/fishbot_navigation2
[2.437s] Invoking command in '/home/uboot/data/ros2_uboot/build/fishbot_navigation2': CMAKE_PREFIX_PATH=/opt/ros/foxy /usr/bin/cmake --build /home/uboot/data/ros2_uboot/build/fishbot_navigation2 -- -j8 -l8
[2.534s] Invoked command in '/home/uboot/data/ros2_uboot/build/fishbot_navigation2' returned '0': CMAKE_PREFIX_PATH=/opt/ros/foxy /usr/bin/cmake --build /home/uboot/data/ros2_uboot/build/fishbot_navigation2 -- -j8 -l8
[2.536s] Invoking command in '/home/uboot/data/ros2_uboot/build/fishbot_navigation2': CMAKE_PREFIX_PATH=/opt/ros/foxy /usr/bin/cmake --install /home/uboot/data/ros2_uboot/build/fishbot_navigation2
[2.612s] -- Install configuration: ""
[2.613s] -- Installing: /home/uboot/data/ros2_uboot/install/fishbot_navigation2/share/fishbot_navigation2/launch
[2.613s] -- Installing: /home/uboot/data/ros2_uboot/install/fishbot_navigation2/share/fishbot_navigation2/launch/navigation2.launch.py
[2.613s] -- Installing: /home/uboot/data/ros2_uboot/install/fishbot_navigation2/share/fishbot_navigation2/launch/odom_ekf.launch.py
[2.613s] -- Installing: /home/uboot/data/ros2_uboot/install/fishbot_navigation2/share/fishbot_navigation2/config
[2.613s] -- Installing: /home/uboot/data/ros2_uboot/install/fishbot_navigation2/share/fishbot_navigation2/config/ekf.yaml
[2.613s] -- Installing: /home/uboot/data/ros2_uboot/install/fishbot_navigation2/share/fishbot_navigation2/param
[2.613s] -- Installing: /home/uboot/data/ros2_uboot/install/fishbot_navigation2/share/fishbot_navigation2/param/fishbot_nav2.yaml
[2.613s] -- Installing: /home/uboot/data/ros2_uboot/install/fishbot_navigation2/share/fishbot_navigation2/param/fishbot.yaml
[2.613s] -- Installing: /home/uboot/data/ros2_uboot/install/fishbot_navigation2/share/fishbot_navigation2/maps
[2.613s] -- Installing: /home/uboot/data/ros2_uboot/install/fishbot_navigation2/share/fishbot_navigation2/maps/my_map.pgm
[2.613s] -- Installing: /home/uboot/data/ros2_uboot/install/fishbot_navigation2/share/fishbot_navigation2/maps/fishbot_map.yaml
[2.613s] -- Installing: /home/uboot/data/ros2_uboot/install/fishbot_navigation2/share/fishbot_navigation2/maps/gh.yaml
[2.613s] -- Installing: /home/uboot/data/ros2_uboot/install/fishbot_navigation2/share/fishbot_navigation2/maps/show_pgm.py
[2.614s] -- Installing: /home/uboot/data/ros2_uboot/install/fishbot_navigation2/share/fishbot_navigation2/maps/fishbot_map.pgm
[2.614s] -- Installing: /home/uboot/data/ros2_uboot/install/fishbot_navigation2/share/fishbot_navigation2/maps/fishbot_map.png
[2.614s] -- Installing: /home/uboot/data/ros2_uboot/install/fishbot_navigation2/share/fishbot_navigation2/maps/gh.pgm
[2.614s] -- Installing: /home/uboot/data/ros2_uboot/install/fishbot_navigation2/share/fishbot_navigation2/maps/map_1747574051.yaml
[2.614s] -- Installing: /home/uboot/data/ros2_uboot/install/fishbot_navigation2/share/fishbot_navigation2/maps/gh_room.yaml
[2.614s] -- Installing: /home/uboot/data/ros2_uboot/install/fishbot_navigation2/share/fishbot_navigation2/maps/map_1747574051.pgm
[2.614s] -- Installing: /home/uboot/data/ros2_uboot/install/fishbot_navigation2/share/fishbot_navigation2/maps/gh_room.pgm
[2.614s] -- Installing: /home/uboot/data/ros2_uboot/install/fishbot_navigation2/share/fishbot_navigation2/maps/my_map.yaml
[2.614s] -- Installing: /home/uboot/data/ros2_uboot/install/fishbot_navigation2/share/ament_index/resource_index/package_run_dependencies/fishbot_navigation2
[2.614s] -- Installing: /home/uboot/data/ros2_uboot/install/fishbot_navigation2/share/ament_index/resource_index/parent_prefix_path/fishbot_navigation2
[2.615s] -- Installing: /home/uboot/data/ros2_uboot/install/fishbot_navigation2/share/fishbot_navigation2/environment/ament_prefix_path.sh
[2.615s] -- Installing: /home/uboot/data/ros2_uboot/install/fishbot_navigation2/share/fishbot_navigation2/environment/ament_prefix_path.dsv
[2.615s] -- Installing: /home/uboot/data/ros2_uboot/install/fishbot_navigation2/share/fishbot_navigation2/environment/path.sh
[2.615s] -- Installing: /home/uboot/data/ros2_uboot/install/fishbot_navigation2/share/fishbot_navigation2/environment/path.dsv
[2.615s] -- Installing: /home/uboot/data/ros2_uboot/install/fishbot_navigation2/share/fishbot_navigation2/local_setup.bash
[2.615s] -- Installing: /home/uboot/data/ros2_uboot/install/fishbot_navigation2/share/fishbot_navigation2/local_setup.sh
[2.615s] -- Installing: /home/uboot/data/ros2_uboot/install/fishbot_navigation2/share/fishbot_navigation2/local_setup.zsh
[2.615s] -- Installing: /home/uboot/data/ros2_uboot/install/fishbot_navigation2/share/fishbot_navigation2/local_setup.dsv
[2.615s] -- Installing: /home/uboot/data/ros2_uboot/install/fishbot_navigation2/share/fishbot_navigation2/package.dsv
[2.615s] -- Installing: /home/uboot/data/ros2_uboot/install/fishbot_navigation2/share/ament_index/resource_index/packages/fishbot_navigation2
[2.615s] -- Installing: /home/uboot/data/ros2_uboot/install/fishbot_navigation2/share/fishbot_navigation2/cmake/fishbot_navigation2Config.cmake
[2.615s] -- Installing: /home/uboot/data/ros2_uboot/install/fishbot_navigation2/share/fishbot_navigation2/cmake/fishbot_navigation2Config-version.cmake
[2.615s] -- Installing: /home/uboot/data/ros2_uboot/install/fishbot_navigation2/share/fishbot_navigation2/package.xml
[3.068s] Invoked command in '/home/uboot/data/ros2_uboot/build/fishbot_navigation2' returned '0': CMAKE_PREFIX_PATH=/opt/ros/foxy /usr/bin/cmake --install /home/uboot/data/ros2_uboot/build/fishbot_navigation2
