running egg_info
creating ../../build/task_scheduler/task_scheduler.egg-info
writing ../../build/task_scheduler/task_scheduler.egg-info/PKG-INFO
writing dependency_links to ../../build/task_scheduler/task_scheduler.egg-info/dependency_links.txt
writing entry points to ../../build/task_scheduler/task_scheduler.egg-info/entry_points.txt
writing requirements to ../../build/task_scheduler/task_scheduler.egg-info/requires.txt
writing top-level names to ../../build/task_scheduler/task_scheduler.egg-info/top_level.txt
writing manifest file '../../build/task_scheduler/task_scheduler.egg-info/SOURCES.txt'
reading manifest file '../../build/task_scheduler/task_scheduler.egg-info/SOURCES.txt'
writing manifest file '../../build/task_scheduler/task_scheduler.egg-info/SOURCES.txt'
running build
running build_py
creating /home/uboot/data/ros2_uboot/build/task_scheduler/build
creating /home/uboot/data/ros2_uboot/build/task_scheduler/build/lib
creating /home/uboot/data/ros2_uboot/build/task_scheduler/build/lib/task_scheduler
copying task_scheduler/__init__.py -> /home/uboot/data/ros2_uboot/build/task_scheduler/build/lib/task_scheduler
copying task_scheduler/test.py -> /home/uboot/data/ros2_uboot/build/task_scheduler/build/lib/task_scheduler
copying task_scheduler/action.py -> /home/uboot/data/ros2_uboot/build/task_scheduler/build/lib/task_scheduler
copying task_scheduler/scheduler.py -> /home/uboot/data/ros2_uboot/build/task_scheduler/build/lib/task_scheduler
running install
running install_lib
creating /home/uboot/data/ros2_uboot/install/task_scheduler/lib/python3.8/site-packages/task_scheduler
copying /home/uboot/data/ros2_uboot/build/task_scheduler/build/lib/task_scheduler/__init__.py -> /home/uboot/data/ros2_uboot/install/task_scheduler/lib/python3.8/site-packages/task_scheduler
copying /home/uboot/data/ros2_uboot/build/task_scheduler/build/lib/task_scheduler/test.py -> /home/uboot/data/ros2_uboot/install/task_scheduler/lib/python3.8/site-packages/task_scheduler
copying /home/uboot/data/ros2_uboot/build/task_scheduler/build/lib/task_scheduler/action.py -> /home/uboot/data/ros2_uboot/install/task_scheduler/lib/python3.8/site-packages/task_scheduler
copying /home/uboot/data/ros2_uboot/build/task_scheduler/build/lib/task_scheduler/scheduler.py -> /home/uboot/data/ros2_uboot/install/task_scheduler/lib/python3.8/site-packages/task_scheduler
byte-compiling /home/uboot/data/ros2_uboot/install/task_scheduler/lib/python3.8/site-packages/task_scheduler/__init__.py to __init__.cpython-38.pyc
byte-compiling /home/uboot/data/ros2_uboot/install/task_scheduler/lib/python3.8/site-packages/task_scheduler/test.py to test.cpython-38.pyc
byte-compiling /home/uboot/data/ros2_uboot/install/task_scheduler/lib/python3.8/site-packages/task_scheduler/action.py to action.cpython-38.pyc
byte-compiling /home/uboot/data/ros2_uboot/install/task_scheduler/lib/python3.8/site-packages/task_scheduler/scheduler.py to scheduler.cpython-38.pyc
running install_data
creating /home/uboot/data/ros2_uboot/install/task_scheduler/share/ament_index
creating /home/uboot/data/ros2_uboot/install/task_scheduler/share/ament_index/resource_index
creating /home/uboot/data/ros2_uboot/install/task_scheduler/share/ament_index/resource_index/packages
copying resource/task_scheduler -> /home/uboot/data/ros2_uboot/install/task_scheduler/share/ament_index/resource_index/packages
copying package.xml -> /home/uboot/data/ros2_uboot/install/task_scheduler/share/task_scheduler
running install_egg_info
Copying ../../build/task_scheduler/task_scheduler.egg-info to /home/uboot/data/ros2_uboot/install/task_scheduler/lib/python3.8/site-packages/task_scheduler-0.0.0-py3.8.egg-info
running install_scripts
Installing start script to /home/uboot/data/ros2_uboot/install/task_scheduler/lib/task_scheduler
writing list of installed files to '/home/uboot/data/ros2_uboot/build/task_scheduler/install.log'
