[0.634s] Invoking command in '/home/uboot/data/ros2_uboot/build/fishbot_interfaces': CMAKE_PREFIX_PATH=${CMAKE_PREFIX_PATH}:/home/uboot/data/ros2_uboot/install/yolo_v5:/home/uboot/data/ros2_uboot/install/uboot_chat:/home/uboot/data/ros2_uboot/install/task_scheduler:/home/uboot/data/ros2_uboot/install/fishbot_description:/opt/ros/foxy /usr/bin/cmake --build /home/uboot/data/ros2_uboot/build/fishbot_interfaces -- -j8 -l8
[0.847s] [  3%] Built target fishbot_interfaces__cpp
[0.884s] [ 12%] Built target fishbot_interfaces__rosidl_generator_c
[0.960s] [ 22%] Built target fishbot_interfaces__rosidl_typesupport_introspection_cpp
[1.004s] [ 32%] Built target fishbot_interfaces__rosidl_typesupport_cpp
[1.028s] [ 41%] Built target fishbot_interfaces__rosidl_typesupport_fastrtps_cpp
[1.053s] [ 51%] Built target fishbot_interfaces__rosidl_typesupport_c
[1.055s] [ 61%] Built target fishbot_interfaces__rosidl_typesupport_introspection_c
[1.143s] [ 70%] Built target fishbot_interfaces__rosidl_typesupport_fastrtps_c
[1.211s] [ 70%] Built target fishbot_interfaces
[1.270s] [ 74%] Built target fishbot_interfaces__py
[1.377s] [ 80%] Built target fishbot_interfaces__python
[1.441s] [ 87%] Built target fishbot_interfaces__rosidl_typesupport_introspection_c__pyext
[1.465s] [ 93%] Built target fishbot_interfaces__rosidl_typesupport_c__pyext
[1.485s] [100%] Built target fishbot_interfaces__rosidl_typesupport_fastrtps_c__pyext
[1.898s] Invoked command in '/home/uboot/data/ros2_uboot/build/fishbot_interfaces' returned '0': CMAKE_PREFIX_PATH=${CMAKE_PREFIX_PATH}:/home/uboot/data/ros2_uboot/install/yolo_v5:/home/uboot/data/ros2_uboot/install/uboot_chat:/home/uboot/data/ros2_uboot/install/task_scheduler:/home/uboot/data/ros2_uboot/install/fishbot_description:/opt/ros/foxy /usr/bin/cmake --build /home/uboot/data/ros2_uboot/build/fishbot_interfaces -- -j8 -l8
[1.910s] Invoking command in '/home/uboot/data/ros2_uboot/build/fishbot_interfaces': CMAKE_PREFIX_PATH=${CMAKE_PREFIX_PATH}:/home/uboot/data/ros2_uboot/install/yolo_v5:/home/uboot/data/ros2_uboot/install/uboot_chat:/home/uboot/data/ros2_uboot/install/task_scheduler:/home/uboot/data/ros2_uboot/install/fishbot_description:/opt/ros/foxy /usr/bin/cmake --install /home/uboot/data/ros2_uboot/build/fishbot_interfaces
[2.069s] -- Install configuration: ""
[2.069s] -- Up-to-date: /home/uboot/data/ros2_uboot/install/fishbot_interfaces/share/ament_index/resource_index/rosidl_interfaces/fishbot_interfaces
[2.069s] -- Up-to-date: /home/uboot/data/ros2_uboot/install/fishbot_interfaces/include/fishbot_interfaces
[2.070s] -- Up-to-date: /home/uboot/data/ros2_uboot/install/fishbot_interfaces/include/fishbot_interfaces/msg
[2.070s] -- Up-to-date: /home/uboot/data/ros2_uboot/install/fishbot_interfaces/include/fishbot_interfaces/msg/rosidl_generator_c__visibility_control.h
[2.070s] -- Up-to-date: /home/uboot/data/ros2_uboot/install/fishbot_interfaces/include/fishbot_interfaces/srv
[2.071s] -- Up-to-date: /home/uboot/data/ros2_uboot/install/fishbot_interfaces/include/fishbot_interfaces/srv/detail
[2.071s] -- Up-to-date: /home/uboot/data/ros2_uboot/install/fishbot_interfaces/include/fishbot_interfaces/srv/detail/fish_bot_config__functions.c
[2.071s] -- Up-to-date: /home/uboot/data/ros2_uboot/install/fishbot_interfaces/include/fishbot_interfaces/srv/detail/fish_bot_config__struct.h
[2.072s] -- Up-to-date: /home/uboot/data/ros2_uboot/install/fishbot_interfaces/include/fishbot_interfaces/srv/detail/fish_bot_config__functions.h
[2.072s] -- Up-to-date: /home/uboot/data/ros2_uboot/install/fishbot_interfaces/include/fishbot_interfaces/srv/detail/fish_bot_config__type_support.h
[2.073s] -- Up-to-date: /home/uboot/data/ros2_uboot/install/fishbot_interfaces/include/fishbot_interfaces/srv/fish_bot_config.h
[2.073s] -- Up-to-date: /home/uboot/data/ros2_uboot/install/fishbot_interfaces/share/fishbot_interfaces/environment/library_path.sh
[2.073s] -- Up-to-date: /home/uboot/data/ros2_uboot/install/fishbot_interfaces/share/fishbot_interfaces/environment/library_path.dsv
[2.074s] -- Up-to-date: /home/uboot/data/ros2_uboot/install/fishbot_interfaces/lib/libfishbot_interfaces__rosidl_generator_c.so
[2.074s] -- Up-to-date: /home/uboot/data/ros2_uboot/install/fishbot_interfaces/include/fishbot_interfaces
[2.074s] -- Up-to-date: /home/uboot/data/ros2_uboot/install/fishbot_interfaces/include/fishbot_interfaces/msg
[2.075s] -- Up-to-date: /home/uboot/data/ros2_uboot/install/fishbot_interfaces/include/fishbot_interfaces/msg/rosidl_typesupport_fastrtps_c__visibility_control.h
[2.075s] -- Up-to-date: /home/uboot/data/ros2_uboot/install/fishbot_interfaces/include/fishbot_interfaces/srv
[2.076s] -- Up-to-date: /home/uboot/data/ros2_uboot/install/fishbot_interfaces/include/fishbot_interfaces/srv/detail
[2.076s] -- Up-to-date: /home/uboot/data/ros2_uboot/install/fishbot_interfaces/include/fishbot_interfaces/srv/detail/fish_bot_config__rosidl_typesupport_fastrtps_c.h
[2.076s] -- Up-to-date: /home/uboot/data/ros2_uboot/install/fishbot_interfaces/lib/libfishbot_interfaces__rosidl_typesupport_fastrtps_c.so
[2.077s] -- Up-to-date: /home/uboot/data/ros2_uboot/install/fishbot_interfaces/include/fishbot_interfaces
[2.077s] -- Up-to-date: /home/uboot/data/ros2_uboot/install/fishbot_interfaces/include/fishbot_interfaces/msg
[2.078s] -- Up-to-date: /home/uboot/data/ros2_uboot/install/fishbot_interfaces/include/fishbot_interfaces/msg/rosidl_typesupport_fastrtps_cpp__visibility_control.h
[2.078s] -- Up-to-date: /home/uboot/data/ros2_uboot/install/fishbot_interfaces/include/fishbot_interfaces/srv
[2.078s] -- Up-to-date: /home/uboot/data/ros2_uboot/install/fishbot_interfaces/include/fishbot_interfaces/srv/detail
[2.079s] -- Up-to-date: /home/uboot/data/ros2_uboot/install/fishbot_interfaces/include/fishbot_interfaces/srv/detail/dds_fastrtps
[2.079s] -- Up-to-date: /home/uboot/data/ros2_uboot/install/fishbot_interfaces/include/fishbot_interfaces/srv/detail/fish_bot_config__rosidl_typesupport_fastrtps_cpp.hpp
[2.080s] -- Up-to-date: /home/uboot/data/ros2_uboot/install/fishbot_interfaces/lib/libfishbot_interfaces__rosidl_typesupport_fastrtps_cpp.so
[2.080s] -- Up-to-date: /home/uboot/data/ros2_uboot/install/fishbot_interfaces/include/fishbot_interfaces
[2.080s] -- Up-to-date: /home/uboot/data/ros2_uboot/install/fishbot_interfaces/include/fishbot_interfaces/msg
[2.081s] -- Up-to-date: /home/uboot/data/ros2_uboot/install/fishbot_interfaces/include/fishbot_interfaces/msg/rosidl_typesupport_introspection_c__visibility_control.h
[2.081s] -- Up-to-date: /home/uboot/data/ros2_uboot/install/fishbot_interfaces/include/fishbot_interfaces/srv
[2.081s] -- Up-to-date: /home/uboot/data/ros2_uboot/install/fishbot_interfaces/include/fishbot_interfaces/srv/detail
[2.082s] -- Up-to-date: /home/uboot/data/ros2_uboot/install/fishbot_interfaces/include/fishbot_interfaces/srv/detail/fish_bot_config__type_support.c
[2.082s] -- Up-to-date: /home/uboot/data/ros2_uboot/install/fishbot_interfaces/include/fishbot_interfaces/srv/detail/fish_bot_config__rosidl_typesupport_introspection_c.h
[2.082s] -- Up-to-date: /home/uboot/data/ros2_uboot/install/fishbot_interfaces/lib/libfishbot_interfaces__rosidl_typesupport_introspection_c.so
[2.083s] -- Up-to-date: /home/uboot/data/ros2_uboot/install/fishbot_interfaces/lib/libfishbot_interfaces__rosidl_typesupport_c.so
[2.083s] -- Up-to-date: /home/uboot/data/ros2_uboot/install/fishbot_interfaces/include/fishbot_interfaces
[2.084s] -- Up-to-date: /home/uboot/data/ros2_uboot/install/fishbot_interfaces/include/fishbot_interfaces/msg
[2.084s] -- Up-to-date: /home/uboot/data/ros2_uboot/install/fishbot_interfaces/include/fishbot_interfaces/msg/rosidl_generator_cpp__visibility_control.hpp
[2.084s] -- Up-to-date: /home/uboot/data/ros2_uboot/install/fishbot_interfaces/include/fishbot_interfaces/srv
[2.085s] -- Up-to-date: /home/uboot/data/ros2_uboot/install/fishbot_interfaces/include/fishbot_interfaces/srv/detail
[2.085s] -- Up-to-date: /home/uboot/data/ros2_uboot/install/fishbot_interfaces/include/fishbot_interfaces/srv/detail/fish_bot_config__builder.hpp
[2.085s] -- Up-to-date: /home/uboot/data/ros2_uboot/install/fishbot_interfaces/include/fishbot_interfaces/srv/detail/fish_bot_config__struct.hpp
[2.086s] -- Up-to-date: /home/uboot/data/ros2_uboot/install/fishbot_interfaces/include/fishbot_interfaces/srv/detail/fish_bot_config__type_support.hpp
[2.086s] -- Up-to-date: /home/uboot/data/ros2_uboot/install/fishbot_interfaces/include/fishbot_interfaces/srv/detail/fish_bot_config__traits.hpp
[2.086s] -- Up-to-date: /home/uboot/data/ros2_uboot/install/fishbot_interfaces/include/fishbot_interfaces/srv/fish_bot_config.hpp
[2.087s] -- Up-to-date: /home/uboot/data/ros2_uboot/install/fishbot_interfaces/include/fishbot_interfaces
[2.087s] -- Up-to-date: /home/uboot/data/ros2_uboot/install/fishbot_interfaces/include/fishbot_interfaces/srv
[2.088s] -- Up-to-date: /home/uboot/data/ros2_uboot/install/fishbot_interfaces/include/fishbot_interfaces/srv/detail
[2.088s] -- Up-to-date: /home/uboot/data/ros2_uboot/install/fishbot_interfaces/include/fishbot_interfaces/srv/detail/fish_bot_config__type_support.cpp
[2.088s] -- Up-to-date: /home/uboot/data/ros2_uboot/install/fishbot_interfaces/include/fishbot_interfaces/srv/detail/fish_bot_config__rosidl_typesupport_introspection_cpp.hpp
[2.089s] -- Up-to-date: /home/uboot/data/ros2_uboot/install/fishbot_interfaces/lib/libfishbot_interfaces__rosidl_typesupport_introspection_cpp.so
[2.089s] -- Up-to-date: /home/uboot/data/ros2_uboot/install/fishbot_interfaces/lib/libfishbot_interfaces__rosidl_typesupport_cpp.so
[2.089s] -- Up-to-date: /home/uboot/data/ros2_uboot/install/fishbot_interfaces/share/fishbot_interfaces/environment/pythonpath.sh
[2.090s] -- Up-to-date: /home/uboot/data/ros2_uboot/install/fishbot_interfaces/share/fishbot_interfaces/environment/pythonpath.dsv
[2.090s] -- Up-to-date: /home/uboot/data/ros2_uboot/install/fishbot_interfaces/lib/python3.8/site-packages/fishbot_interfaces/__init__.py
[2.131s] -- Up-to-date: /home/uboot/data/ros2_uboot/install/fishbot_interfaces/lib/python3.8/site-packages/fishbot_interfaces/srv
[2.131s] -- Up-to-date: /home/uboot/data/ros2_uboot/install/fishbot_interfaces/lib/python3.8/site-packages/fishbot_interfaces/srv/__init__.py
[2.132s] -- Up-to-date: /home/uboot/data/ros2_uboot/install/fishbot_interfaces/lib/python3.8/site-packages/fishbot_interfaces/srv/_fish_bot_config.py
[2.132s] -- Up-to-date: /home/uboot/data/ros2_uboot/install/fishbot_interfaces/lib/python3.8/site-packages/fishbot_interfaces/srv/_fish_bot_config_s.c
[2.133s] -- Up-to-date: /home/uboot/data/ros2_uboot/install/fishbot_interfaces/lib/python3.8/site-packages/fishbot_interfaces/fishbot_interfaces_s__rosidl_typesupport_fastrtps_c.cpython-38-aarch64-linux-gnu.so
[2.137s] -- Up-to-date: /home/uboot/data/ros2_uboot/install/fishbot_interfaces/lib/python3.8/site-packages/fishbot_interfaces/fishbot_interfaces_s__rosidl_typesupport_introspection_c.cpython-38-aarch64-linux-gnu.so
[2.139s] -- Up-to-date: /home/uboot/data/ros2_uboot/install/fishbot_interfaces/lib/python3.8/site-packages/fishbot_interfaces/fishbot_interfaces_s__rosidl_typesupport_c.cpython-38-aarch64-linux-gnu.so
[2.141s] -- Up-to-date: /home/uboot/data/ros2_uboot/install/fishbot_interfaces/lib/libfishbot_interfaces__python.so
[2.143s] -- Up-to-date: /home/uboot/data/ros2_uboot/install/fishbot_interfaces/share/fishbot_interfaces/srv/FishBotConfig.idl
[2.143s] -- Up-to-date: /home/uboot/data/ros2_uboot/install/fishbot_interfaces/share/fishbot_interfaces/srv/FishBotConfig.srv
[2.144s] -- Up-to-date: /home/uboot/data/ros2_uboot/install/fishbot_interfaces/share/fishbot_interfaces/srv/FishBotConfig_Request.msg
[2.146s] -- Up-to-date: /home/uboot/data/ros2_uboot/install/fishbot_interfaces/share/fishbot_interfaces/srv/FishBotConfig_Response.msg
[2.147s] -- Up-to-date: /home/uboot/data/ros2_uboot/install/fishbot_interfaces/share/ament_index/resource_index/package_run_dependencies/fishbot_interfaces
[2.148s] -- Up-to-date: /home/uboot/data/ros2_uboot/install/fishbot_interfaces/share/ament_index/resource_index/parent_prefix_path/fishbot_interfaces
[2.149s] -- Up-to-date: /home/uboot/data/ros2_uboot/install/fishbot_interfaces/share/fishbot_interfaces/environment/ament_prefix_path.sh
[2.149s] -- Up-to-date: /home/uboot/data/ros2_uboot/install/fishbot_interfaces/share/fishbot_interfaces/environment/ament_prefix_path.dsv
[2.149s] -- Up-to-date: /home/uboot/data/ros2_uboot/install/fishbot_interfaces/share/fishbot_interfaces/environment/path.sh
[2.150s] -- Up-to-date: /home/uboot/data/ros2_uboot/install/fishbot_interfaces/share/fishbot_interfaces/environment/path.dsv
[2.150s] -- Up-to-date: /home/uboot/data/ros2_uboot/install/fishbot_interfaces/share/fishbot_interfaces/local_setup.bash
[2.151s] -- Up-to-date: /home/uboot/data/ros2_uboot/install/fishbot_interfaces/share/fishbot_interfaces/local_setup.sh
[2.151s] -- Up-to-date: /home/uboot/data/ros2_uboot/install/fishbot_interfaces/share/fishbot_interfaces/local_setup.zsh
[2.153s] -- Up-to-date: /home/uboot/data/ros2_uboot/install/fishbot_interfaces/share/fishbot_interfaces/local_setup.dsv
[2.154s] -- Installing: /home/uboot/data/ros2_uboot/install/fishbot_interfaces/share/fishbot_interfaces/package.dsv
[2.157s] -- Up-to-date: /home/uboot/data/ros2_uboot/install/fishbot_interfaces/share/ament_index/resource_index/packages/fishbot_interfaces
[2.167s] -- Up-to-date: /home/uboot/data/ros2_uboot/install/fishbot_interfaces/share/fishbot_interfaces/cmake/fishbot_interfaces__rosidl_generator_cExport.cmake
[2.167s] -- Up-to-date: /home/uboot/data/ros2_uboot/install/fishbot_interfaces/share/fishbot_interfaces/cmake/fishbot_interfaces__rosidl_generator_cExport-noconfig.cmake
[2.168s] -- Up-to-date: /home/uboot/data/ros2_uboot/install/fishbot_interfaces/share/fishbot_interfaces/cmake/fishbot_interfaces__rosidl_typesupport_introspection_cExport.cmake
[2.168s] -- Up-to-date: /home/uboot/data/ros2_uboot/install/fishbot_interfaces/share/fishbot_interfaces/cmake/fishbot_interfaces__rosidl_typesupport_introspection_cExport-noconfig.cmake
[2.169s] -- Up-to-date: /home/uboot/data/ros2_uboot/install/fishbot_interfaces/share/fishbot_interfaces/cmake/fishbot_interfaces__rosidl_typesupport_cExport.cmake
[2.170s] -- Up-to-date: /home/uboot/data/ros2_uboot/install/fishbot_interfaces/share/fishbot_interfaces/cmake/fishbot_interfaces__rosidl_typesupport_cExport-noconfig.cmake
[2.172s] -- Up-to-date: /home/uboot/data/ros2_uboot/install/fishbot_interfaces/share/fishbot_interfaces/cmake/fishbot_interfaces__rosidl_generator_cppExport.cmake
[2.172s] -- Up-to-date: /home/uboot/data/ros2_uboot/install/fishbot_interfaces/share/fishbot_interfaces/cmake/fishbot_interfaces__rosidl_typesupport_introspection_cppExport.cmake
[2.173s] -- Up-to-date: /home/uboot/data/ros2_uboot/install/fishbot_interfaces/share/fishbot_interfaces/cmake/fishbot_interfaces__rosidl_typesupport_introspection_cppExport-noconfig.cmake
[2.174s] -- Up-to-date: /home/uboot/data/ros2_uboot/install/fishbot_interfaces/share/fishbot_interfaces/cmake/fishbot_interfaces__rosidl_typesupport_cppExport.cmake
[2.174s] -- Up-to-date: /home/uboot/data/ros2_uboot/install/fishbot_interfaces/share/fishbot_interfaces/cmake/fishbot_interfaces__rosidl_typesupport_cppExport-noconfig.cmake
[2.174s] -- Up-to-date: /home/uboot/data/ros2_uboot/install/fishbot_interfaces/share/fishbot_interfaces/cmake/rosidl_cmake-extras.cmake
[2.175s] -- Up-to-date: /home/uboot/data/ros2_uboot/install/fishbot_interfaces/share/fishbot_interfaces/cmake/ament_cmake_export_dependencies-extras.cmake
[2.175s] -- Up-to-date: /home/uboot/data/ros2_uboot/install/fishbot_interfaces/share/fishbot_interfaces/cmake/ament_cmake_export_libraries-extras.cmake
[2.175s] -- Up-to-date: /home/uboot/data/ros2_uboot/install/fishbot_interfaces/share/fishbot_interfaces/cmake/ament_cmake_export_targets-extras.cmake
[2.176s] -- Up-to-date: /home/uboot/data/ros2_uboot/install/fishbot_interfaces/share/fishbot_interfaces/cmake/ament_cmake_export_include_directories-extras.cmake
[2.177s] -- Up-to-date: /home/uboot/data/ros2_uboot/install/fishbot_interfaces/share/fishbot_interfaces/cmake/rosidl_cmake_export_typesupport_libraries-extras.cmake
[2.177s] -- Up-to-date: /home/uboot/data/ros2_uboot/install/fishbot_interfaces/share/fishbot_interfaces/cmake/rosidl_cmake_export_typesupport_targets-extras.cmake
[2.178s] -- Up-to-date: /home/uboot/data/ros2_uboot/install/fishbot_interfaces/share/fishbot_interfaces/cmake/fishbot_interfacesConfig.cmake
[2.179s] -- Up-to-date: /home/uboot/data/ros2_uboot/install/fishbot_interfaces/share/fishbot_interfaces/cmake/fishbot_interfacesConfig-version.cmake
[2.179s] -- Up-to-date: /home/uboot/data/ros2_uboot/install/fishbot_interfaces/share/fishbot_interfaces/package.xml
[2.533s] Invoked command in '/home/uboot/data/ros2_uboot/build/fishbot_interfaces' returned '0': CMAKE_PREFIX_PATH=${CMAKE_PREFIX_PATH}:/home/uboot/data/ros2_uboot/install/yolo_v5:/home/uboot/data/ros2_uboot/install/uboot_chat:/home/uboot/data/ros2_uboot/install/task_scheduler:/home/uboot/data/ros2_uboot/install/fishbot_description:/opt/ros/foxy /usr/bin/cmake --install /home/uboot/data/ros2_uboot/build/fishbot_interfaces
