[0.634s] Invoking command in '/home/uboot/data/ros2_uboot/build/fishbot_interfaces': CMAKE_PREFIX_PATH=${CMAKE_PREFIX_PATH}:/home/uboot/data/ros2_uboot/install/yolo_v5:/home/uboot/data/ros2_uboot/install/uboot_chat:/home/uboot/data/ros2_uboot/install/task_scheduler:/home/uboot/data/ros2_uboot/install/fishbot_description:/opt/ros/foxy /usr/bin/cmake --build /home/uboot/data/ros2_uboot/build/fishbot_interfaces -- -j8 -l8
[0.812s] [  9%] Built target fishbot_interfaces__rosidl_generator_c
[0.833s] [ 12%] Built target fishbot_interfaces__cpp
[0.912s] [ 22%] Built target fishbot_interfaces__rosidl_typesupport_introspection_c
[0.917s] [ 32%] Built target fishbot_interfaces__rosidl_typesupport_c
[0.933s] [ 41%] Built target fishbot_interfaces__rosidl_typesupport_introspection_cpp
[0.959s] [ 51%] Built target fishbot_interfaces__rosidl_typesupport_fastrtps_cpp
[0.969s] [ 61%] Built target fishbot_interfaces__rosidl_typesupport_cpp
[1.021s] [ 70%] Built target fishbot_interfaces__rosidl_typesupport_fastrtps_c
[1.084s] [ 70%] Built target fishbot_interfaces
[1.210s] [ 74%] Built target fishbot_interfaces__py
[1.264s] [ 80%] Built target fishbot_interfaces__python
[1.357s] [ 87%] Built target fishbot_interfaces__rosidl_typesupport_fastrtps_c__pyext
[1.361s] [ 93%] Built target fishbot_interfaces__rosidl_typesupport_c__pyext
[1.372s] [100%] Built target fishbot_interfaces__rosidl_typesupport_introspection_c__pyext
[2.688s] Invoked command in '/home/uboot/data/ros2_uboot/build/fishbot_interfaces' returned '0': CMAKE_PREFIX_PATH=${CMAKE_PREFIX_PATH}:/home/uboot/data/ros2_uboot/install/yolo_v5:/home/uboot/data/ros2_uboot/install/uboot_chat:/home/uboot/data/ros2_uboot/install/task_scheduler:/home/uboot/data/ros2_uboot/install/fishbot_description:/opt/ros/foxy /usr/bin/cmake --build /home/uboot/data/ros2_uboot/build/fishbot_interfaces -- -j8 -l8
[2.701s] Invoking command in '/home/uboot/data/ros2_uboot/build/fishbot_interfaces': CMAKE_PREFIX_PATH=${CMAKE_PREFIX_PATH}:/home/uboot/data/ros2_uboot/install/yolo_v5:/home/uboot/data/ros2_uboot/install/uboot_chat:/home/uboot/data/ros2_uboot/install/task_scheduler:/home/uboot/data/ros2_uboot/install/fishbot_description:/opt/ros/foxy /usr/bin/cmake --install /home/uboot/data/ros2_uboot/build/fishbot_interfaces
[2.752s] -- Install configuration: ""
[2.753s] -- Up-to-date: /home/uboot/data/ros2_uboot/install/fishbot_interfaces/share/ament_index/resource_index/rosidl_interfaces/fishbot_interfaces
[2.755s] -- Up-to-date: /home/uboot/data/ros2_uboot/install/fishbot_interfaces/include/fishbot_interfaces
[2.756s] -- Up-to-date: /home/uboot/data/ros2_uboot/install/fishbot_interfaces/include/fishbot_interfaces/msg
[2.756s] -- Up-to-date: /home/uboot/data/ros2_uboot/install/fishbot_interfaces/include/fishbot_interfaces/msg/rosidl_generator_c__visibility_control.h
[2.756s] -- Up-to-date: /home/uboot/data/ros2_uboot/install/fishbot_interfaces/include/fishbot_interfaces/srv
[2.756s] -- Up-to-date: /home/uboot/data/ros2_uboot/install/fishbot_interfaces/include/fishbot_interfaces/srv/detail
[2.756s] -- Up-to-date: /home/uboot/data/ros2_uboot/install/fishbot_interfaces/include/fishbot_interfaces/srv/detail/fish_bot_config__functions.c
[2.756s] -- Up-to-date: /home/uboot/data/ros2_uboot/install/fishbot_interfaces/include/fishbot_interfaces/srv/detail/fish_bot_config__struct.h
[2.756s] -- Up-to-date: /home/uboot/data/ros2_uboot/install/fishbot_interfaces/include/fishbot_interfaces/srv/detail/fish_bot_config__functions.h
[2.756s] -- Up-to-date: /home/uboot/data/ros2_uboot/install/fishbot_interfaces/include/fishbot_interfaces/srv/detail/fish_bot_config__type_support.h
[2.757s] -- Up-to-date: /home/uboot/data/ros2_uboot/install/fishbot_interfaces/include/fishbot_interfaces/srv/fish_bot_config.h
[2.757s] -- Up-to-date: /home/uboot/data/ros2_uboot/install/fishbot_interfaces/share/fishbot_interfaces/environment/library_path.sh
[2.757s] -- Up-to-date: /home/uboot/data/ros2_uboot/install/fishbot_interfaces/share/fishbot_interfaces/environment/library_path.dsv
[2.757s] -- Up-to-date: /home/uboot/data/ros2_uboot/install/fishbot_interfaces/lib/libfishbot_interfaces__rosidl_generator_c.so
[2.757s] -- Up-to-date: /home/uboot/data/ros2_uboot/install/fishbot_interfaces/include/fishbot_interfaces
[2.757s] -- Up-to-date: /home/uboot/data/ros2_uboot/install/fishbot_interfaces/include/fishbot_interfaces/msg
[2.757s] -- Up-to-date: /home/uboot/data/ros2_uboot/install/fishbot_interfaces/include/fishbot_interfaces/msg/rosidl_typesupport_fastrtps_c__visibility_control.h
[2.757s] -- Up-to-date: /home/uboot/data/ros2_uboot/install/fishbot_interfaces/include/fishbot_interfaces/srv
[2.757s] -- Up-to-date: /home/uboot/data/ros2_uboot/install/fishbot_interfaces/include/fishbot_interfaces/srv/detail
[2.757s] -- Up-to-date: /home/uboot/data/ros2_uboot/install/fishbot_interfaces/include/fishbot_interfaces/srv/detail/fish_bot_config__rosidl_typesupport_fastrtps_c.h
[2.757s] -- Up-to-date: /home/uboot/data/ros2_uboot/install/fishbot_interfaces/lib/libfishbot_interfaces__rosidl_typesupport_fastrtps_c.so
[2.757s] -- Up-to-date: /home/uboot/data/ros2_uboot/install/fishbot_interfaces/include/fishbot_interfaces
[2.757s] -- Up-to-date: /home/uboot/data/ros2_uboot/install/fishbot_interfaces/include/fishbot_interfaces/msg
[2.758s] -- Up-to-date: /home/uboot/data/ros2_uboot/install/fishbot_interfaces/include/fishbot_interfaces/msg/rosidl_typesupport_fastrtps_cpp__visibility_control.h
[2.758s] -- Up-to-date: /home/uboot/data/ros2_uboot/install/fishbot_interfaces/include/fishbot_interfaces/srv
[2.758s] -- Up-to-date: /home/uboot/data/ros2_uboot/install/fishbot_interfaces/include/fishbot_interfaces/srv/detail
[2.758s] -- Up-to-date: /home/uboot/data/ros2_uboot/install/fishbot_interfaces/include/fishbot_interfaces/srv/detail/dds_fastrtps
[2.758s] -- Up-to-date: /home/uboot/data/ros2_uboot/install/fishbot_interfaces/include/fishbot_interfaces/srv/detail/fish_bot_config__rosidl_typesupport_fastrtps_cpp.hpp
[2.758s] -- Up-to-date: /home/uboot/data/ros2_uboot/install/fishbot_interfaces/lib/libfishbot_interfaces__rosidl_typesupport_fastrtps_cpp.so
[2.758s] -- Up-to-date: /home/uboot/data/ros2_uboot/install/fishbot_interfaces/include/fishbot_interfaces
[2.758s] -- Up-to-date: /home/uboot/data/ros2_uboot/install/fishbot_interfaces/include/fishbot_interfaces/msg
[2.758s] -- Up-to-date: /home/uboot/data/ros2_uboot/install/fishbot_interfaces/include/fishbot_interfaces/msg/rosidl_typesupport_introspection_c__visibility_control.h
[2.759s] -- Up-to-date: /home/uboot/data/ros2_uboot/install/fishbot_interfaces/include/fishbot_interfaces/srv
[2.759s] -- Up-to-date: /home/uboot/data/ros2_uboot/install/fishbot_interfaces/include/fishbot_interfaces/srv/detail
[2.759s] -- Up-to-date: /home/uboot/data/ros2_uboot/install/fishbot_interfaces/include/fishbot_interfaces/srv/detail/fish_bot_config__type_support.c
[2.759s] -- Up-to-date: /home/uboot/data/ros2_uboot/install/fishbot_interfaces/include/fishbot_interfaces/srv/detail/fish_bot_config__rosidl_typesupport_introspection_c.h
[2.759s] -- Up-to-date: /home/uboot/data/ros2_uboot/install/fishbot_interfaces/lib/libfishbot_interfaces__rosidl_typesupport_introspection_c.so
[2.759s] -- Up-to-date: /home/uboot/data/ros2_uboot/install/fishbot_interfaces/lib/libfishbot_interfaces__rosidl_typesupport_c.so
[2.759s] -- Up-to-date: /home/uboot/data/ros2_uboot/install/fishbot_interfaces/include/fishbot_interfaces
[2.759s] -- Up-to-date: /home/uboot/data/ros2_uboot/install/fishbot_interfaces/include/fishbot_interfaces/msg
[2.760s] -- Up-to-date: /home/uboot/data/ros2_uboot/install/fishbot_interfaces/include/fishbot_interfaces/msg/rosidl_generator_cpp__visibility_control.hpp
[2.761s] -- Up-to-date: /home/uboot/data/ros2_uboot/install/fishbot_interfaces/include/fishbot_interfaces/srv
[2.762s] -- Up-to-date: /home/uboot/data/ros2_uboot/install/fishbot_interfaces/include/fishbot_interfaces/srv/detail
[2.762s] -- Up-to-date: /home/uboot/data/ros2_uboot/install/fishbot_interfaces/include/fishbot_interfaces/srv/detail/fish_bot_config__builder.hpp
[2.762s] -- Up-to-date: /home/uboot/data/ros2_uboot/install/fishbot_interfaces/include/fishbot_interfaces/srv/detail/fish_bot_config__struct.hpp
[2.762s] -- Up-to-date: /home/uboot/data/ros2_uboot/install/fishbot_interfaces/include/fishbot_interfaces/srv/detail/fish_bot_config__type_support.hpp
[2.768s] -- Up-to-date: /home/uboot/data/ros2_uboot/install/fishbot_interfaces/include/fishbot_interfaces/srv/detail/fish_bot_config__traits.hpp
[2.770s] -- Up-to-date: /home/uboot/data/ros2_uboot/install/fishbot_interfaces/include/fishbot_interfaces/srv/fish_bot_config.hpp
[2.770s] -- Up-to-date: /home/uboot/data/ros2_uboot/install/fishbot_interfaces/include/fishbot_interfaces
[2.771s] -- Up-to-date: /home/uboot/data/ros2_uboot/install/fishbot_interfaces/include/fishbot_interfaces/srv
[2.772s] -- Up-to-date: /home/uboot/data/ros2_uboot/install/fishbot_interfaces/include/fishbot_interfaces/srv/detail
[2.772s] -- Up-to-date: /home/uboot/data/ros2_uboot/install/fishbot_interfaces/include/fishbot_interfaces/srv/detail/fish_bot_config__type_support.cpp
[2.772s] -- Up-to-date: /home/uboot/data/ros2_uboot/install/fishbot_interfaces/include/fishbot_interfaces/srv/detail/fish_bot_config__rosidl_typesupport_introspection_cpp.hpp
[2.773s] -- Up-to-date: /home/uboot/data/ros2_uboot/install/fishbot_interfaces/lib/libfishbot_interfaces__rosidl_typesupport_introspection_cpp.so
[2.773s] -- Up-to-date: /home/uboot/data/ros2_uboot/install/fishbot_interfaces/lib/libfishbot_interfaces__rosidl_typesupport_cpp.so
[2.774s] -- Up-to-date: /home/uboot/data/ros2_uboot/install/fishbot_interfaces/share/fishbot_interfaces/environment/pythonpath.sh
[2.774s] -- Up-to-date: /home/uboot/data/ros2_uboot/install/fishbot_interfaces/share/fishbot_interfaces/environment/pythonpath.dsv
[2.774s] -- Up-to-date: /home/uboot/data/ros2_uboot/install/fishbot_interfaces/lib/python3.8/site-packages/fishbot_interfaces/__init__.py
[2.857s] -- Up-to-date: /home/uboot/data/ros2_uboot/install/fishbot_interfaces/lib/python3.8/site-packages/fishbot_interfaces/srv
[2.858s] -- Up-to-date: /home/uboot/data/ros2_uboot/install/fishbot_interfaces/lib/python3.8/site-packages/fishbot_interfaces/srv/__init__.py
[2.858s] -- Up-to-date: /home/uboot/data/ros2_uboot/install/fishbot_interfaces/lib/python3.8/site-packages/fishbot_interfaces/srv/_fish_bot_config.py
[2.859s] -- Up-to-date: /home/uboot/data/ros2_uboot/install/fishbot_interfaces/lib/python3.8/site-packages/fishbot_interfaces/srv/_fish_bot_config_s.c
[2.859s] -- Up-to-date: /home/uboot/data/ros2_uboot/install/fishbot_interfaces/lib/python3.8/site-packages/fishbot_interfaces/fishbot_interfaces_s__rosidl_typesupport_fastrtps_c.cpython-38-aarch64-linux-gnu.so
[2.859s] -- Up-to-date: /home/uboot/data/ros2_uboot/install/fishbot_interfaces/lib/python3.8/site-packages/fishbot_interfaces/fishbot_interfaces_s__rosidl_typesupport_introspection_c.cpython-38-aarch64-linux-gnu.so
[2.860s] -- Up-to-date: /home/uboot/data/ros2_uboot/install/fishbot_interfaces/lib/python3.8/site-packages/fishbot_interfaces/fishbot_interfaces_s__rosidl_typesupport_c.cpython-38-aarch64-linux-gnu.so
[2.860s] -- Up-to-date: /home/uboot/data/ros2_uboot/install/fishbot_interfaces/lib/libfishbot_interfaces__python.so
[2.860s] -- Up-to-date: /home/uboot/data/ros2_uboot/install/fishbot_interfaces/share/fishbot_interfaces/srv/FishBotConfig.idl
[2.861s] -- Up-to-date: /home/uboot/data/ros2_uboot/install/fishbot_interfaces/share/fishbot_interfaces/srv/FishBotConfig.srv
[2.865s] -- Up-to-date: /home/uboot/data/ros2_uboot/install/fishbot_interfaces/share/fishbot_interfaces/srv/FishBotConfig_Request.msg
[2.866s] -- Up-to-date: /home/uboot/data/ros2_uboot/install/fishbot_interfaces/share/fishbot_interfaces/srv/FishBotConfig_Response.msg
[2.866s] -- Up-to-date: /home/uboot/data/ros2_uboot/install/fishbot_interfaces/share/ament_index/resource_index/package_run_dependencies/fishbot_interfaces
[2.874s] -- Up-to-date: /home/uboot/data/ros2_uboot/install/fishbot_interfaces/share/ament_index/resource_index/parent_prefix_path/fishbot_interfaces
[2.874s] -- Up-to-date: /home/uboot/data/ros2_uboot/install/fishbot_interfaces/share/fishbot_interfaces/environment/ament_prefix_path.sh
[2.875s] -- Up-to-date: /home/uboot/data/ros2_uboot/install/fishbot_interfaces/share/fishbot_interfaces/environment/ament_prefix_path.dsv
[2.875s] -- Up-to-date: /home/uboot/data/ros2_uboot/install/fishbot_interfaces/share/fishbot_interfaces/environment/path.sh
[2.876s] -- Up-to-date: /home/uboot/data/ros2_uboot/install/fishbot_interfaces/share/fishbot_interfaces/environment/path.dsv
[2.876s] -- Up-to-date: /home/uboot/data/ros2_uboot/install/fishbot_interfaces/share/fishbot_interfaces/local_setup.bash
[2.876s] -- Up-to-date: /home/uboot/data/ros2_uboot/install/fishbot_interfaces/share/fishbot_interfaces/local_setup.sh
[2.877s] -- Up-to-date: /home/uboot/data/ros2_uboot/install/fishbot_interfaces/share/fishbot_interfaces/local_setup.zsh
[2.877s] -- Up-to-date: /home/uboot/data/ros2_uboot/install/fishbot_interfaces/share/fishbot_interfaces/local_setup.dsv
[2.877s] -- Installing: /home/uboot/data/ros2_uboot/install/fishbot_interfaces/share/fishbot_interfaces/package.dsv
[2.878s] -- Up-to-date: /home/uboot/data/ros2_uboot/install/fishbot_interfaces/share/ament_index/resource_index/packages/fishbot_interfaces
[2.878s] -- Up-to-date: /home/uboot/data/ros2_uboot/install/fishbot_interfaces/share/fishbot_interfaces/cmake/fishbot_interfaces__rosidl_generator_cExport.cmake
[2.878s] -- Up-to-date: /home/uboot/data/ros2_uboot/install/fishbot_interfaces/share/fishbot_interfaces/cmake/fishbot_interfaces__rosidl_generator_cExport-noconfig.cmake
[2.879s] -- Up-to-date: /home/uboot/data/ros2_uboot/install/fishbot_interfaces/share/fishbot_interfaces/cmake/fishbot_interfaces__rosidl_typesupport_introspection_cExport.cmake
[2.879s] -- Up-to-date: /home/uboot/data/ros2_uboot/install/fishbot_interfaces/share/fishbot_interfaces/cmake/fishbot_interfaces__rosidl_typesupport_introspection_cExport-noconfig.cmake
[2.880s] -- Up-to-date: /home/uboot/data/ros2_uboot/install/fishbot_interfaces/share/fishbot_interfaces/cmake/fishbot_interfaces__rosidl_typesupport_cExport.cmake
[2.881s] -- Up-to-date: /home/uboot/data/ros2_uboot/install/fishbot_interfaces/share/fishbot_interfaces/cmake/fishbot_interfaces__rosidl_typesupport_cExport-noconfig.cmake
[2.895s] -- Up-to-date: /home/uboot/data/ros2_uboot/install/fishbot_interfaces/share/fishbot_interfaces/cmake/fishbot_interfaces__rosidl_generator_cppExport.cmake
[2.895s] -- Up-to-date: /home/uboot/data/ros2_uboot/install/fishbot_interfaces/share/fishbot_interfaces/cmake/fishbot_interfaces__rosidl_typesupport_introspection_cppExport.cmake
[2.895s] -- Up-to-date: /home/uboot/data/ros2_uboot/install/fishbot_interfaces/share/fishbot_interfaces/cmake/fishbot_interfaces__rosidl_typesupport_introspection_cppExport-noconfig.cmake
[2.896s] -- Up-to-date: /home/uboot/data/ros2_uboot/install/fishbot_interfaces/share/fishbot_interfaces/cmake/fishbot_interfaces__rosidl_typesupport_cppExport.cmake
[2.896s] -- Up-to-date: /home/uboot/data/ros2_uboot/install/fishbot_interfaces/share/fishbot_interfaces/cmake/fishbot_interfaces__rosidl_typesupport_cppExport-noconfig.cmake
[2.897s] -- Up-to-date: /home/uboot/data/ros2_uboot/install/fishbot_interfaces/share/fishbot_interfaces/cmake/rosidl_cmake-extras.cmake
[2.897s] -- Up-to-date: /home/uboot/data/ros2_uboot/install/fishbot_interfaces/share/fishbot_interfaces/cmake/ament_cmake_export_dependencies-extras.cmake
[2.897s] -- Up-to-date: /home/uboot/data/ros2_uboot/install/fishbot_interfaces/share/fishbot_interfaces/cmake/ament_cmake_export_libraries-extras.cmake
[2.898s] -- Up-to-date: /home/uboot/data/ros2_uboot/install/fishbot_interfaces/share/fishbot_interfaces/cmake/ament_cmake_export_targets-extras.cmake
[2.898s] -- Up-to-date: /home/uboot/data/ros2_uboot/install/fishbot_interfaces/share/fishbot_interfaces/cmake/ament_cmake_export_include_directories-extras.cmake
[2.898s] -- Up-to-date: /home/uboot/data/ros2_uboot/install/fishbot_interfaces/share/fishbot_interfaces/cmake/rosidl_cmake_export_typesupport_libraries-extras.cmake
[2.899s] -- Up-to-date: /home/uboot/data/ros2_uboot/install/fishbot_interfaces/share/fishbot_interfaces/cmake/rosidl_cmake_export_typesupport_targets-extras.cmake
[2.899s] -- Up-to-date: /home/uboot/data/ros2_uboot/install/fishbot_interfaces/share/fishbot_interfaces/cmake/fishbot_interfacesConfig.cmake
[2.899s] -- Up-to-date: /home/uboot/data/ros2_uboot/install/fishbot_interfaces/share/fishbot_interfaces/cmake/fishbot_interfacesConfig-version.cmake
[2.900s] -- Up-to-date: /home/uboot/data/ros2_uboot/install/fishbot_interfaces/share/fishbot_interfaces/package.xml
[2.914s] Invoked command in '/home/uboot/data/ros2_uboot/build/fishbot_interfaces' returned '0': CMAKE_PREFIX_PATH=${CMAKE_PREFIX_PATH}:/home/uboot/data/ros2_uboot/install/yolo_v5:/home/uboot/data/ros2_uboot/install/uboot_chat:/home/uboot/data/ros2_uboot/install/task_scheduler:/home/uboot/data/ros2_uboot/install/fishbot_description:/opt/ros/foxy /usr/bin/cmake --install /home/uboot/data/ros2_uboot/build/fishbot_interfaces
