[2.534s] Invoking command in '/home/uboot/data/ros2_uboot/src/fishbot/src/fishbot_description': PYTHONPATH=/home/uboot/data/ros2_uboot/build/fishbot_description/prefix_override:/usr/lib/python3/dist-packages/colcon_core/task/python/colcon_distutils_commands:/home/uboot/data/ros2_uboot/install/fishbot_description/lib/python3.8/site-packages:${PYTHONPATH} /usr/bin/python3 -W ignore:setup.py install is deprecated -W ignore:easy_install command is deprecated setup.py egg_info --egg-base ../../../../build/fishbot_description build --build-base /home/uboot/data/ros2_uboot/build/fishbot_description/build install --record /home/uboot/data/ros2_uboot/build/fishbot_description/install.log --single-version-externally-managed install_data
[2.890s] running egg_info
[2.891s] writing ../../../../build/fishbot_description/fishbot_description.egg-info/PKG-INFO
[2.892s] writing dependency_links to ../../../../build/fishbot_description/fishbot_description.egg-info/dependency_links.txt
[2.893s] writing entry points to ../../../../build/fishbot_description/fishbot_description.egg-info/entry_points.txt
[2.893s] writing requirements to ../../../../build/fishbot_description/fishbot_description.egg-info/requires.txt
[2.894s] writing top-level names to ../../../../build/fishbot_description/fishbot_description.egg-info/top_level.txt
[2.939s] reading manifest file '../../../../build/fishbot_description/fishbot_description.egg-info/SOURCES.txt'
[2.940s] writing manifest file '../../../../build/fishbot_description/fishbot_description.egg-info/SOURCES.txt'
[2.940s] running build
[2.941s] running build_py
[2.941s] running install
[2.942s] running install_lib
[2.943s] running install_data
[2.944s] running install_egg_info
[2.947s] removing '/home/uboot/data/ros2_uboot/install/fishbot_description/lib/python3.8/site-packages/fishbot_description-0.0.0-py3.8.egg-info' (and everything under it)
[2.948s] Copying ../../../../build/fishbot_description/fishbot_description.egg-info to /home/uboot/data/ros2_uboot/install/fishbot_description/lib/python3.8/site-packages/fishbot_description-0.0.0-py3.8.egg-info
[2.948s] running install_scripts
[2.977s] Installing rotate_wheel script to /home/uboot/data/ros2_uboot/install/fishbot_description/lib/fishbot_description
[2.977s] writing list of installed files to '/home/uboot/data/ros2_uboot/build/fishbot_description/install.log'
[3.044s] Invoked command in '/home/uboot/data/ros2_uboot/src/fishbot/src/fishbot_description' returned '0': PYTHONPATH=/home/uboot/data/ros2_uboot/build/fishbot_description/prefix_override:/usr/lib/python3/dist-packages/colcon_core/task/python/colcon_distutils_commands:/home/uboot/data/ros2_uboot/install/fishbot_description/lib/python3.8/site-packages:${PYTHONPATH} /usr/bin/python3 -W ignore:setup.py install is deprecated -W ignore:easy_install command is deprecated setup.py egg_info --egg-base ../../../../build/fishbot_description build --build-base /home/uboot/data/ros2_uboot/build/fishbot_description/build install --record /home/uboot/data/ros2_uboot/build/fishbot_description/install.log --single-version-externally-managed install_data
