[2.217s] Invoking command in '/home/uboot/data/ros2_uboot/src/uboot_chat': PYTHONPATH=/home/uboot/data/ros2_uboot/build/uboot_chat/prefix_override:/usr/lib/python3/dist-packages/colcon_core/task/python/colcon_distutils_commands:/home/uboot/data/ros2_uboot/install/uboot_chat/lib/python3.8/site-packages:${PYTHONPATH} /usr/bin/python3 -W ignore:setup.py install is deprecated -W ignore:easy_install command is deprecated setup.py egg_info --egg-base ../../build/uboot_chat build --build-base /home/uboot/data/ros2_uboot/build/uboot_chat/build install --record /home/uboot/data/ros2_uboot/build/uboot_chat/install.log --install-scripts $base/lib/uboot_chat --single-version-externally-managed install_data
[2.494s] running egg_info
[2.496s] writing ../../build/uboot_chat/uboot_chat.egg-info/PKG-INFO
[2.497s] writing dependency_links to ../../build/uboot_chat/uboot_chat.egg-info/dependency_links.txt
[2.497s] writing entry points to ../../build/uboot_chat/uboot_chat.egg-info/entry_points.txt
[2.498s] writing requirements to ../../build/uboot_chat/uboot_chat.egg-info/requires.txt
[2.498s] writing top-level names to ../../build/uboot_chat/uboot_chat.egg-info/top_level.txt
[2.548s] reading manifest file '../../build/uboot_chat/uboot_chat.egg-info/SOURCES.txt'
[2.551s] writing manifest file '../../build/uboot_chat/uboot_chat.egg-info/SOURCES.txt'
[2.552s] running build
[2.553s] running build_py
[2.554s] copying uboot_chat/calibrate.py -> /home/uboot/data/ros2_uboot/build/uboot_chat/build/lib/uboot_chat
[2.555s] copying uboot_chat/sparkModel.py -> /home/uboot/data/ros2_uboot/build/uboot_chat/build/lib/uboot_chat
[2.555s] running install
[2.558s] running install_lib
[2.560s] copying /home/uboot/data/ros2_uboot/build/uboot_chat/build/lib/uboot_chat/calibrate.py -> /home/uboot/data/ros2_uboot/install/uboot_chat/lib/python3.8/site-packages/uboot_chat
[2.561s] copying /home/uboot/data/ros2_uboot/build/uboot_chat/build/lib/uboot_chat/sparkModel.py -> /home/uboot/data/ros2_uboot/install/uboot_chat/lib/python3.8/site-packages/uboot_chat
[2.561s] byte-compiling /home/uboot/data/ros2_uboot/install/uboot_chat/lib/python3.8/site-packages/uboot_chat/calibrate.py to calibrate.cpython-38.pyc
[2.563s] byte-compiling /home/uboot/data/ros2_uboot/install/uboot_chat/lib/python3.8/site-packages/uboot_chat/sparkModel.py to sparkModel.cpython-38.pyc
[2.564s] running install_data
[2.565s] running install_egg_info
[2.568s] removing '/home/uboot/data/ros2_uboot/install/uboot_chat/lib/python3.8/site-packages/uboot_chat-0.0.0-py3.8.egg-info' (and everything under it)
[2.569s] Copying ../../build/uboot_chat/uboot_chat.egg-info to /home/uboot/data/ros2_uboot/install/uboot_chat/lib/python3.8/site-packages/uboot_chat-0.0.0-py3.8.egg-info
[2.570s] running install_scripts
[2.610s] Installing chat script to /home/uboot/data/ros2_uboot/install/uboot_chat/lib/uboot_chat
[2.611s] Installing micro script to /home/uboot/data/ros2_uboot/install/uboot_chat/lib/uboot_chat
[2.611s] Installing pub script to /home/uboot/data/ros2_uboot/install/uboot_chat/lib/uboot_chat
[2.612s] Installing speech script to /home/uboot/data/ros2_uboot/install/uboot_chat/lib/uboot_chat
[2.613s] writing list of installed files to '/home/uboot/data/ros2_uboot/build/uboot_chat/install.log'
[2.700s] Invoked command in '/home/uboot/data/ros2_uboot/src/uboot_chat' returned '0': PYTHONPATH=/home/uboot/data/ros2_uboot/build/uboot_chat/prefix_override:/usr/lib/python3/dist-packages/colcon_core/task/python/colcon_distutils_commands:/home/uboot/data/ros2_uboot/install/uboot_chat/lib/python3.8/site-packages:${PYTHONPATH} /usr/bin/python3 -W ignore:setup.py install is deprecated -W ignore:easy_install command is deprecated setup.py egg_info --egg-base ../../build/uboot_chat build --build-base /home/uboot/data/ros2_uboot/build/uboot_chat/build install --record /home/uboot/data/ros2_uboot/build/uboot_chat/install.log --install-scripts $base/lib/uboot_chat --single-version-externally-managed install_data
