[0.223s] Invoking command in '/home/uboot/data/ros2_uboot/build/fishbot_bringup': CMAKE_PREFIX_PATH=${CMAKE_PREFIX_PATH}:/home/uboot/data/ros2_uboot/install/yolo_v5:/home/uboot/data/ros2_uboot/install/uboot_chat:/home/uboot/data/ros2_uboot/install/task_scheduler:/home/uboot/data/ros2_uboot/install/fishbot_description:/opt/ros/foxy /usr/bin/cmake --build /home/uboot/data/ros2_uboot/build/fishbot_bringup -- -j8 -l8
[0.748s] [100%] Built target odom2tf
[0.797s] Invoked command in '/home/uboot/data/ros2_uboot/build/fishbot_bringup' returned '0': CMAKE_PREFIX_PATH=${CMAKE_PREFIX_PATH}:/home/uboot/data/ros2_uboot/install/yolo_v5:/home/uboot/data/ros2_uboot/install/uboot_chat:/home/uboot/data/ros2_uboot/install/task_scheduler:/home/uboot/data/ros2_uboot/install/fishbot_description:/opt/ros/foxy /usr/bin/cmake --build /home/uboot/data/ros2_uboot/build/fishbot_bringup -- -j8 -l8
[0.803s] Invoking command in '/home/uboot/data/ros2_uboot/build/fishbot_bringup': CMAKE_PREFIX_PATH=${CMAKE_PREFIX_PATH}:/home/uboot/data/ros2_uboot/install/yolo_v5:/home/uboot/data/ros2_uboot/install/uboot_chat:/home/uboot/data/ros2_uboot/install/task_scheduler:/home/uboot/data/ros2_uboot/install/fishbot_description:/opt/ros/foxy /usr/bin/cmake --install /home/uboot/data/ros2_uboot/build/fishbot_bringup
[0.844s] -- Install configuration: ""
[0.846s] -- Up-to-date: /home/uboot/data/ros2_uboot/install/fishbot_bringup/lib/fishbot_bringup/odom2tf
[0.847s] -- Up-to-date: /home/uboot/data/ros2_uboot/install/fishbot_bringup/share/fishbot_bringup/launch
[0.850s] -- Up-to-date: /home/uboot/data/ros2_uboot/install/fishbot_bringup/share/fishbot_bringup/launch/bringup_quick.launch.py
[0.851s] -- Up-to-date: /home/uboot/data/ros2_uboot/install/fishbot_bringup/share/fishbot_bringup/launch/bringup.launch.py
[0.853s] -- Up-to-date: /home/uboot/data/ros2_uboot/install/fishbot_bringup/share/fishbot_bringup/launch/urdf2tf.launch.py
[0.857s] -- Up-to-date: /home/uboot/data/ros2_uboot/install/fishbot_bringup/share/fishbot_bringup/launch/fishbot_bringup.launch.py
[0.858s] -- Up-to-date: /home/uboot/data/ros2_uboot/install/fishbot_bringup/share/ament_index/resource_index/package_run_dependencies/fishbot_bringup
[0.859s] -- Up-to-date: /home/uboot/data/ros2_uboot/install/fishbot_bringup/share/ament_index/resource_index/parent_prefix_path/fishbot_bringup
[0.860s] -- Up-to-date: /home/uboot/data/ros2_uboot/install/fishbot_bringup/share/fishbot_bringup/environment/ament_prefix_path.sh
[0.867s] -- Up-to-date: /home/uboot/data/ros2_uboot/install/fishbot_bringup/share/fishbot_bringup/environment/ament_prefix_path.dsv
[0.868s] -- Up-to-date: /home/uboot/data/ros2_uboot/install/fishbot_bringup/share/fishbot_bringup/environment/path.sh
[0.868s] -- Up-to-date: /home/uboot/data/ros2_uboot/install/fishbot_bringup/share/fishbot_bringup/environment/path.dsv
[0.868s] -- Up-to-date: /home/uboot/data/ros2_uboot/install/fishbot_bringup/share/fishbot_bringup/local_setup.bash
[0.869s] -- Up-to-date: /home/uboot/data/ros2_uboot/install/fishbot_bringup/share/fishbot_bringup/local_setup.sh
[0.869s] -- Up-to-date: /home/uboot/data/ros2_uboot/install/fishbot_bringup/share/fishbot_bringup/local_setup.zsh
[0.869s] -- Up-to-date: /home/uboot/data/ros2_uboot/install/fishbot_bringup/share/fishbot_bringup/local_setup.dsv
[0.869s] -- Installing: /home/uboot/data/ros2_uboot/install/fishbot_bringup/share/fishbot_bringup/package.dsv
[0.869s] -- Up-to-date: /home/uboot/data/ros2_uboot/install/fishbot_bringup/share/ament_index/resource_index/packages/fishbot_bringup
[0.869s] -- Up-to-date: /home/uboot/data/ros2_uboot/install/fishbot_bringup/share/fishbot_bringup/cmake/fishbot_bringupConfig.cmake
[0.869s] -- Up-to-date: /home/uboot/data/ros2_uboot/install/fishbot_bringup/share/fishbot_bringup/cmake/fishbot_bringupConfig-version.cmake
[0.869s] -- Up-to-date: /home/uboot/data/ros2_uboot/install/fishbot_bringup/share/fishbot_bringup/package.xml
[0.961s] Invoked command in '/home/uboot/data/ros2_uboot/build/fishbot_bringup' returned '0': CMAKE_PREFIX_PATH=${CMAKE_PREFIX_PATH}:/home/uboot/data/ros2_uboot/install/yolo_v5:/home/uboot/data/ros2_uboot/install/uboot_chat:/home/uboot/data/ros2_uboot/install/task_scheduler:/home/uboot/data/ros2_uboot/install/fishbot_description:/opt/ros/foxy /usr/bin/cmake --install /home/uboot/data/ros2_uboot/build/fishbot_bringup
