[1.679s] Invoking command in '/home/uboot/data/ros2_uboot/src/task_scheduler': PYTHONPATH=/home/uboot/data/ros2_uboot/build/task_scheduler/prefix_override:/usr/lib/python3/dist-packages/colcon_core/task/python/colcon_distutils_commands:/home/uboot/data/ros2_uboot/install/task_scheduler/lib/python3.8/site-packages:${PYTHONPATH} /usr/bin/python3 -W ignore:setup.py install is deprecated -W ignore:easy_install command is deprecated setup.py egg_info --egg-base ../../build/task_scheduler build --build-base /home/uboot/data/ros2_uboot/build/task_scheduler/build install --record /home/uboot/data/ros2_uboot/build/task_scheduler/install.log --install-scripts $base/lib/task_scheduler --single-version-externally-managed install_data
[1.966s] running egg_info
[1.967s] writing ../../build/task_scheduler/task_scheduler.egg-info/PKG-INFO
[1.968s] writing dependency_links to ../../build/task_scheduler/task_scheduler.egg-info/dependency_links.txt
[1.968s] writing entry points to ../../build/task_scheduler/task_scheduler.egg-info/entry_points.txt
[1.969s] writing requirements to ../../build/task_scheduler/task_scheduler.egg-info/requires.txt
[1.969s] writing top-level names to ../../build/task_scheduler/task_scheduler.egg-info/top_level.txt
[2.013s] reading manifest file '../../build/task_scheduler/task_scheduler.egg-info/SOURCES.txt'
[2.015s] writing manifest file '../../build/task_scheduler/task_scheduler.egg-info/SOURCES.txt'
[2.016s] running build
[2.016s] running build_py
[2.017s] running install
[2.017s] running install_lib
[2.019s] running install_data
[2.019s] running install_egg_info
[2.022s] removing '/home/uboot/data/ros2_uboot/install/task_scheduler/lib/python3.8/site-packages/task_scheduler-0.0.0-py3.8.egg-info' (and everything under it)
[2.023s] Copying ../../build/task_scheduler/task_scheduler.egg-info to /home/uboot/data/ros2_uboot/install/task_scheduler/lib/python3.8/site-packages/task_scheduler-0.0.0-py3.8.egg-info
[2.024s] running install_scripts
[2.052s] Installing start script to /home/uboot/data/ros2_uboot/install/task_scheduler/lib/task_scheduler
[2.053s] writing list of installed files to '/home/uboot/data/ros2_uboot/build/task_scheduler/install.log'
[2.113s] Invoked command in '/home/uboot/data/ros2_uboot/src/task_scheduler' returned '0': PYTHONPATH=/home/uboot/data/ros2_uboot/build/task_scheduler/prefix_override:/usr/lib/python3/dist-packages/colcon_core/task/python/colcon_distutils_commands:/home/uboot/data/ros2_uboot/install/task_scheduler/lib/python3.8/site-packages:${PYTHONPATH} /usr/bin/python3 -W ignore:setup.py install is deprecated -W ignore:easy_install command is deprecated setup.py egg_info --egg-base ../../build/task_scheduler build --build-base /home/uboot/data/ros2_uboot/build/task_scheduler/build install --record /home/uboot/data/ros2_uboot/build/task_scheduler/install.log --install-scripts $base/lib/task_scheduler --single-version-externally-managed install_data
