[0.025s] Invoking command in '/home/uboot/data/ros2_uboot/build/sensor': CMAKE_PREFIX_PATH=${CMAKE_PREFIX_PATH}:/home/uboot/data/ros2_uboot/install/yolo_v5:/home/uboot/data/ros2_uboot/install/uboot_chat:/home/uboot/data/ros2_uboot/install/task_scheduler:/home/uboot/data/ros2_uboot/install/fishbot_description:/opt/ros/foxy /usr/bin/cmake --build /home/uboot/data/ros2_uboot/build/sensor -- -j8 -l8
[0.164s] [  8%] Built target sensor__rosidl_generator_c
[0.165s] [35m[1mScanning dependencies of target sensor_node[0m
[0.211s] [ 12%] Built target do_something_server
[0.225s] [ 14%] Built target sensor__cpp
[0.239s] [ 19%] Built target human_detector_client
[0.245s] [ 21%] [32mBuilding CXX object CMakeFiles/sensor_node.dir/src/sensor_node.cpp.o[0m
[0.252s] [ 29%] Built target sensor__rosidl_typesupport_c
[0.273s] [ 38%] Built target sensor__rosidl_typesupport_introspection_c
[0.285s] [ 46%] Built target sensor__rosidl_typesupport_cpp
[0.290s] [ 55%] Built target sensor__rosidl_typesupport_fastrtps_cpp
[0.301s] [ 63%] Built target sensor__rosidl_typesupport_introspection_cpp
[0.390s] [ 72%] Built target sensor__rosidl_typesupport_fastrtps_c
[0.457s] [ 72%] Built target sensor
[0.521s] [ 76%] Built target openamp_core1
[0.535s] [ 78%] Built target sensor__py
[0.628s] [ 85%] Built target sensor__python
[0.660s] [ 89%] Built target sensor__rosidl_typesupport_fastrtps_c__pyext
[0.706s] [ 93%] Built target sensor__rosidl_typesupport_introspection_c__pyext
[0.711s] [ 97%] Built target sensor__rosidl_typesupport_c__pyext
[2.195s] [01m[K/home/uboot/data/ros2_uboot/src/sensor/src/sensor_node.cpp:[m[K In constructor ‘[01m[KSensorNode::SensorNode()[m[K’:
[2.195s] [01m[K/home/uboot/data/ros2_uboot/src/sensor/src/sensor_node.cpp:32:102:[m[K [01;31m[Kerror: [m[Kno match for ‘[01m[Koperator=[m[K’ (operand types are ‘[01m[Krclcpp::Publisher<std_msgs::msg::Float32_<std::allocator<void> > >::SharedPtr[m[K’ {aka ‘[01m[Kstd::shared_ptr<rclcpp::Publisher<std_msgs::msg::Float32_<std::allocator<void> > > >[m[K’} and ‘[01m[Kstd::shared_ptr<rclcpp::Publisher<sensor_msgs::msg::BatteryState_<std::allocator<void> >, std::allocator<void> > >[m[K’)
[2.196s]    32 |         battery_publisher_     = this->create_publisher<sensor_msgs::msg::BatteryState>("battery", 10[01;31m[K)[m[K;
[2.196s]       |                                                                                                      [01;31m[K^[m[K
[2.196s] In file included from [01m[K/usr/include/c++/9/memory:81[m[K,
[2.197s]                  from [01m[K/opt/ros/foxy/include/rclcpp/rclcpp.hpp:144[m[K,
[2.197s]                  from [01m[K/home/uboot/data/ros2_uboot/src/sensor/src/sensor_node.cpp:12[m[K:
[2.197s] [01m[K/usr/include/c++/9/bits/shared_ptr.h:309:19:[m[K [01;36m[Knote: [m[Kcandidate: ‘[01m[Kstd::shared_ptr<_Tp>& std::shared_ptr<_Tp>::operator=(const std::shared_ptr<_Tp>&) [with _Tp = rclcpp::Publisher<std_msgs::msg::Float32_<std::allocator<void> > >][m[K’
[2.198s]   309 |       shared_ptr& [01;36m[Koperator[m[K=(const shared_ptr&) noexcept = default;
[2.198s]       |                   [01;36m[K^~~~~~~~[m[K
[2.198s] [01m[K/usr/include/c++/9/bits/shared_ptr.h:309:29:[m[K [01;36m[Knote: [m[K  no known conversion for argument 1 from ‘[01m[Kstd::shared_ptr<rclcpp::Publisher<sensor_msgs::msg::BatteryState_<std::allocator<void> >, std::allocator<void> > >[m[K’ to ‘[01m[Kconst std::shared_ptr<rclcpp::Publisher<std_msgs::msg::Float32_<std::allocator<void> > > >&[m[K’
[2.199s]   309 |       shared_ptr& operator=([01;36m[Kconst shared_ptr&[m[K) noexcept = default;
[2.199s]       |                             [01;36m[K^~~~~~~~~~~~~~~~~[m[K
[2.199s] [01m[K/usr/include/c++/9/bits/shared_ptr.h:313:2:[m[K [01;36m[Knote: [m[Kcandidate: ‘[01m[Ktemplate<class _Yp> std::shared_ptr<_Tp>::_Assignable<const std::shared_ptr<_Yp>&> std::shared_ptr<_Tp>::operator=(const std::shared_ptr<_Yp>&) [with _Yp = _Yp; _Tp = rclcpp::Publisher<std_msgs::msg::Float32_<std::allocator<void> > >][m[K’
[2.200s]   313 |  [01;36m[Koperator[m[K=(const shared_ptr<_Yp>& __r) noexcept
[2.200s]       |  [01;36m[K^~~~~~~~[m[K
[2.201s] [01m[K/usr/include/c++/9/bits/shared_ptr.h:313:2:[m[K [01;36m[Knote: [m[K  template argument deduction/substitution failed:
[2.201s] /usr/include/c++/9/bits/shared_ptr.h: In substitution of ‘[01m[Ktemplate<class _Tp> template<class _Arg> using _Assignable = typename std::enable_if<std::is_assignable<std::__shared_ptr<_Tp>&, _Arg>::value, std::shared_ptr<_Tp>&>::type [with _Arg = const std::shared_ptr<rclcpp::Publisher<sensor_msgs::msg::BatteryState_<std::allocator<void> >, std::allocator<void> > >&; _Tp = rclcpp::Publisher<std_msgs::msg::Float32_<std::allocator<void> > >][m[K’:
[2.201s] [01m[K/usr/include/c++/9/bits/shared_ptr.h:313:2:[m[K   required by substitution of ‘[01m[Ktemplate<class _Yp> std::shared_ptr<rclcpp::Publisher<std_msgs::msg::Float32_<std::allocator<void> > > >::_Assignable<const std::shared_ptr<_Tp>&> std::shared_ptr<rclcpp::Publisher<std_msgs::msg::Float32_<std::allocator<void> > > >::operator=<_Yp>(const std::shared_ptr<_Tp>&) [with _Yp = rclcpp::Publisher<sensor_msgs::msg::BatteryState_<std::allocator<void> >, std::allocator<void> >][m[K’
[2.202s] [01m[K/home/uboot/data/ros2_uboot/src/sensor/src/sensor_node.cpp:32:102:[m[K   required from here
[2.202s] [01m[K/usr/include/c++/9/bits/shared_ptr.h:111:8:[m[K [01;31m[Kerror: [m[Kno type named ‘[01m[Ktype[m[K’ in ‘[01m[Kstruct std::enable_if<false, std::shared_ptr<rclcpp::Publisher<std_msgs::msg::Float32_<std::allocator<void> > > >&>[m[K’
[2.202s]   111 |  using [01;31m[K_Assignable[m[K = typename enable_if<
[2.203s]       |        [01;31m[K^~~~~~~~~~~[m[K
[2.203s] [01m[K/usr/include/c++/9/bits/shared_ptr.h:324:2:[m[K [01;36m[Knote: [m[Kcandidate: ‘[01m[Ktemplate<class _Yp> std::shared_ptr<_Tp>::_Assignable<std::auto_ptr<_Up> > std::shared_ptr<_Tp>::operator=(std::auto_ptr<_Up>&&) [with _Yp = _Yp; _Tp = rclcpp::Publisher<std_msgs::msg::Float32_<std::allocator<void> > >][m[K’
[2.203s]   324 |  [01;36m[Koperator[m[K=(auto_ptr<_Yp>&& __r)
[2.204s]       |  [01;36m[K^~~~~~~~[m[K
[2.204s] [01m[K/usr/include/c++/9/bits/shared_ptr.h:324:2:[m[K [01;36m[Knote: [m[K  template argument deduction/substitution failed:
[2.204s] [01m[K/home/uboot/data/ros2_uboot/src/sensor/src/sensor_node.cpp:32:102:[m[K [01;36m[Knote: [m[K  ‘[01m[Kstd::shared_ptr<rclcpp::Publisher<sensor_msgs::msg::BatteryState_<std::allocator<void> >, std::allocator<void> > >[m[K’ is not derived from ‘[01m[Kstd::auto_ptr<_Up>[m[K’
[2.205s]    32 |         battery_publisher_     = this->create_publisher<sensor_msgs::msg::BatteryState>("battery", 10[01;36m[K)[m[K;
[2.205s]       |                                                                                                      [01;36m[K^[m[K
[2.205s] In file included from [01m[K/usr/include/c++/9/memory:81[m[K,
[2.206s]                  from [01m[K/opt/ros/foxy/include/rclcpp/rclcpp.hpp:144[m[K,
[2.206s]                  from [01m[K/home/uboot/data/ros2_uboot/src/sensor/src/sensor_node.cpp:12[m[K:
[2.207s] [01m[K/usr/include/c++/9/bits/shared_ptr.h:333:7:[m[K [01;36m[Knote: [m[Kcandidate: ‘[01m[Kstd::shared_ptr<_Tp>& std::shared_ptr<_Tp>::operator=(std::shared_ptr<_Tp>&&) [with _Tp = rclcpp::Publisher<std_msgs::msg::Float32_<std::allocator<void> > >][m[K’
[2.207s]   333 |       [01;36m[Koperator[m[K=(shared_ptr&& __r) noexcept
[2.208s]       |       [01;36m[K^~~~~~~~[m[K
[2.208s] [01m[K/usr/include/c++/9/bits/shared_ptr.h:333:30:[m[K [01;36m[Knote: [m[K  no known conversion for argument 1 from ‘[01m[Kstd::shared_ptr<rclcpp::Publisher<sensor_msgs::msg::BatteryState_<std::allocator<void> >, std::allocator<void> > >[m[K’ to ‘[01m[Kstd::shared_ptr<rclcpp::Publisher<std_msgs::msg::Float32_<std::allocator<void> > > >&&[m[K’
[2.208s]   333 |       operator=([01;36m[Kshared_ptr&& __r[m[K) noexcept
[2.209s]       |                 [01;36m[K~~~~~~~~~~~~~^~~[m[K
[2.209s] [01m[K/usr/include/c++/9/bits/shared_ptr.h:341:2:[m[K [01;36m[Knote: [m[Kcandidate: ‘[01m[Ktemplate<class _Yp> std::shared_ptr<_Tp>::_Assignable<std::shared_ptr<_Yp> > std::shared_ptr<_Tp>::operator=(std::shared_ptr<_Yp>&&) [with _Yp = _Yp; _Tp = rclcpp::Publisher<std_msgs::msg::Float32_<std::allocator<void> > >][m[K’
[2.209s]   341 |  [01;36m[Koperator[m[K=(shared_ptr<_Yp>&& __r) noexcept
[2.210s]       |  [01;36m[K^~~~~~~~[m[K
[2.210s] [01m[K/usr/include/c++/9/bits/shared_ptr.h:341:2:[m[K [01;36m[Knote: [m[K  template argument deduction/substitution failed:
[2.210s] /usr/include/c++/9/bits/shared_ptr.h: In substitution of ‘[01m[Ktemplate<class _Tp> template<class _Arg> using _Assignable = typename std::enable_if<std::is_assignable<std::__shared_ptr<_Tp>&, _Arg>::value, std::shared_ptr<_Tp>&>::type [with _Arg = std::shared_ptr<rclcpp::Publisher<sensor_msgs::msg::BatteryState_<std::allocator<void> >, std::allocator<void> > >; _Tp = rclcpp::Publisher<std_msgs::msg::Float32_<std::allocator<void> > >][m[K’:
[2.211s] [01m[K/usr/include/c++/9/bits/shared_ptr.h:341:2:[m[K   required by substitution of ‘[01m[Ktemplate<class _Yp> std::shared_ptr<rclcpp::Publisher<std_msgs::msg::Float32_<std::allocator<void> > > >::_Assignable<std::shared_ptr<_Tp> > std::shared_ptr<rclcpp::Publisher<std_msgs::msg::Float32_<std::allocator<void> > > >::operator=<_Yp>(std::shared_ptr<_Tp>&&) [with _Yp = rclcpp::Publisher<sensor_msgs::msg::BatteryState_<std::allocator<void> >, std::allocator<void> >][m[K’
[2.211s] [01m[K/home/uboot/data/ros2_uboot/src/sensor/src/sensor_node.cpp:32:102:[m[K   required from here
[2.211s] [01m[K/usr/include/c++/9/bits/shared_ptr.h:111:8:[m[K [01;31m[Kerror: [m[Kno type named ‘[01m[Ktype[m[K’ in ‘[01m[Kstruct std::enable_if<false, std::shared_ptr<rclcpp::Publisher<std_msgs::msg::Float32_<std::allocator<void> > > >&>[m[K’
[2.212s]   111 |  using [01;31m[K_Assignable[m[K = typename enable_if<
[2.212s]       |        [01;31m[K^~~~~~~~~~~[m[K
[2.213s] [01m[K/usr/include/c++/9/bits/shared_ptr.h:349:2:[m[K [01;36m[Knote: [m[Kcandidate: ‘[01m[Ktemplate<class _Yp, class _Del> std::shared_ptr<_Tp>::_Assignable<std::unique_ptr<_Up, _Ep> > std::shared_ptr<_Tp>::operator=(std::unique_ptr<_Up, _Ep>&&) [with _Yp = _Yp; _Del = _Del; _Tp = rclcpp::Publisher<std_msgs::msg::Float32_<std::allocator<void> > >][m[K’
[2.213s]   349 |  [01;36m[Koperator[m[K=(unique_ptr<_Yp, _Del>&& __r)
[2.213s]       |  [01;36m[K^~~~~~~~[m[K
[2.220s] [01m[K/usr/include/c++/9/bits/shared_ptr.h:349:2:[m[K [01;36m[Knote: [m[K  template argument deduction/substitution failed:
[2.220s] [01m[K/home/uboot/data/ros2_uboot/src/sensor/src/sensor_node.cpp:32:102:[m[K [01;36m[Knote: [m[K  ‘[01m[Kstd::shared_ptr<rclcpp::Publisher<sensor_msgs::msg::BatteryState_<std::allocator<void> >, std::allocator<void> > >[m[K’ is not derived from ‘[01m[Kstd::unique_ptr<_Tp, _Dp>[m[K’
[2.221s]    32 |         battery_publisher_     = this->create_publisher<sensor_msgs::msg::BatteryState>("battery", 10[01;36m[K)[m[K;
[2.221s]       |                                                                                                      [01;36m[K^[m[K
[3.964s] make[2]: *** [CMakeFiles/sensor_node.dir/build.make:63: CMakeFiles/sensor_node.dir/src/sensor_node.cpp.o] Error 1
[3.965s] make[1]: *** [CMakeFiles/Makefile2:559: CMakeFiles/sensor_node.dir/all] Error 2
[3.965s] make: *** [Makefile:141: all] Error 2
[3.972s] Invoked command in '/home/uboot/data/ros2_uboot/build/sensor' returned '2': CMAKE_PREFIX_PATH=${CMAKE_PREFIX_PATH}:/home/uboot/data/ros2_uboot/install/yolo_v5:/home/uboot/data/ros2_uboot/install/uboot_chat:/home/uboot/data/ros2_uboot/install/task_scheduler:/home/uboot/data/ros2_uboot/install/fishbot_description:/opt/ros/foxy /usr/bin/cmake --build /home/uboot/data/ros2_uboot/build/sensor -- -j8 -l8
