[1.916s] Invoking command in '/home/uboot/data/ros2_uboot/src/uboot_chat': PYTHONPATH=/home/uboot/data/ros2_uboot/build/uboot_chat/prefix_override:/usr/lib/python3/dist-packages/colcon_core/task/python/colcon_distutils_commands:/home/uboot/data/ros2_uboot/install/uboot_chat/lib/python3.8/site-packages:${PYTHONPATH} /usr/bin/python3 -W ignore:setup.py install is deprecated -W ignore:easy_install command is deprecated setup.py egg_info --egg-base ../../build/uboot_chat build --build-base /home/uboot/data/ros2_uboot/build/uboot_chat/build install --record /home/uboot/data/ros2_uboot/build/uboot_chat/install.log --install-scripts $base/lib/uboot_chat --single-version-externally-managed install_data
[2.185s] running egg_info
[2.186s] writing ../../build/uboot_chat/uboot_chat.egg-info/PKG-INFO
[2.186s] writing dependency_links to ../../build/uboot_chat/uboot_chat.egg-info/dependency_links.txt
[2.187s] writing entry points to ../../build/uboot_chat/uboot_chat.egg-info/entry_points.txt
[2.187s] writing requirements to ../../build/uboot_chat/uboot_chat.egg-info/requires.txt
[2.188s] writing top-level names to ../../build/uboot_chat/uboot_chat.egg-info/top_level.txt
[2.227s] reading manifest file '../../build/uboot_chat/uboot_chat.egg-info/SOURCES.txt'
[2.229s] writing manifest file '../../build/uboot_chat/uboot_chat.egg-info/SOURCES.txt'
[2.230s] running build
[2.230s] running build_py
[2.231s] copying uboot_chat/LocalCalibrate.py -> /home/uboot/data/ros2_uboot/build/uboot_chat/build/lib/uboot_chat
[2.231s] copying uboot_chat/localModel.py -> /home/uboot/data/ros2_uboot/build/uboot_chat/build/lib/uboot_chat
[2.233s] running install
[2.234s] running install_lib
[2.235s] copying /home/uboot/data/ros2_uboot/build/uboot_chat/build/lib/uboot_chat/LocalCalibrate.py -> /home/uboot/data/ros2_uboot/install/uboot_chat/lib/python3.8/site-packages/uboot_chat
[2.236s] copying /home/uboot/data/ros2_uboot/build/uboot_chat/build/lib/uboot_chat/localModel.py -> /home/uboot/data/ros2_uboot/install/uboot_chat/lib/python3.8/site-packages/uboot_chat
[2.237s] byte-compiling /home/uboot/data/ros2_uboot/install/uboot_chat/lib/python3.8/site-packages/uboot_chat/LocalCalibrate.py to LocalCalibrate.cpython-38.pyc
[2.239s] byte-compiling /home/uboot/data/ros2_uboot/install/uboot_chat/lib/python3.8/site-packages/uboot_chat/localModel.py to localModel.cpython-38.pyc
[2.241s] running install_data
[2.241s] running install_egg_info
[2.243s] removing '/home/uboot/data/ros2_uboot/install/uboot_chat/lib/python3.8/site-packages/uboot_chat-0.0.0-py3.8.egg-info' (and everything under it)
[2.244s] Copying ../../build/uboot_chat/uboot_chat.egg-info to /home/uboot/data/ros2_uboot/install/uboot_chat/lib/python3.8/site-packages/uboot_chat-0.0.0-py3.8.egg-info
[2.245s] running install_scripts
[2.268s] Installing chat script to /home/uboot/data/ros2_uboot/install/uboot_chat/lib/uboot_chat
[2.268s] Installing micro script to /home/uboot/data/ros2_uboot/install/uboot_chat/lib/uboot_chat
[2.269s] Installing pub script to /home/uboot/data/ros2_uboot/install/uboot_chat/lib/uboot_chat
[2.269s] Installing speech script to /home/uboot/data/ros2_uboot/install/uboot_chat/lib/uboot_chat
[2.269s] writing list of installed files to '/home/uboot/data/ros2_uboot/build/uboot_chat/install.log'
[2.315s] Invoked command in '/home/uboot/data/ros2_uboot/src/uboot_chat' returned '0': PYTHONPATH=/home/uboot/data/ros2_uboot/build/uboot_chat/prefix_override:/usr/lib/python3/dist-packages/colcon_core/task/python/colcon_distutils_commands:/home/uboot/data/ros2_uboot/install/uboot_chat/lib/python3.8/site-packages:${PYTHONPATH} /usr/bin/python3 -W ignore:setup.py install is deprecated -W ignore:easy_install command is deprecated setup.py egg_info --egg-base ../../build/uboot_chat build --build-base /home/uboot/data/ros2_uboot/build/uboot_chat/build install --record /home/uboot/data/ros2_uboot/build/uboot_chat/install.log --install-scripts $base/lib/uboot_chat --single-version-externally-managed install_data
