[0.032s] Invoking command in '/home/uboot/data/ros2_uboot/build/sensor': CMAKE_PREFIX_PATH=${CMAKE_PREFIX_PATH}:/home/uboot/data/ros2_uboot/install/yolo_v5:/home/uboot/data/ros2_uboot/install/uboot_chat:/home/uboot/data/ros2_uboot/install/task_scheduler:/home/uboot/data/ros2_uboot/install/fishbot_description:/opt/ros/foxy /usr/bin/cmake --build /home/uboot/data/ros2_uboot/build/sensor -- -j8 -l8
[0.215s] [35m[1mScanning dependencies of target sensor_node[0m
[0.243s] [  2%] Built target sensor__cpp
[0.249s] [ 10%] Built target sensor__rosidl_generator_c
[0.264s] [ 14%] Built target human_detector_client
[0.279s] [ 19%] Built target do_something_server
[0.297s] [ 21%] [32mBuilding CXX object CMakeFiles/sensor_node.dir/src/sensor_node.cpp.o[0m
[0.331s] [ 29%] Built target sensor__rosidl_typesupport_c
[0.333s] [ 38%] Built target sensor__rosidl_typesupport_introspection_c
[0.334s] [ 46%] Built target sensor__rosidl_typesupport_introspection_cpp
[0.337s] [ 55%] Built target sensor__rosidl_typesupport_cpp
[0.358s] [ 63%] Built target sensor__rosidl_typesupport_fastrtps_cpp
[0.397s] [ 72%] Built target sensor__rosidl_typesupport_fastrtps_c
[0.441s] [ 72%] Built target sensor
[0.508s] [ 74%] Built target sensor__py
[0.528s] [ 78%] Built target openamp_core1
[0.600s] [ 85%] Built target sensor__python
[0.688s] [ 93%] Built target sensor__rosidl_typesupport_introspection_c__pyext
[0.688s] [ 93%] Built target sensor__rosidl_typesupport_c__pyext
[0.689s] [ 97%] Built target sensor__rosidl_typesupport_fastrtps_c__pyext
[6.420s] [100%] [32m[1mLinking CXX executable sensor_node[0m
[6.914s] [100%] Built target sensor_node
[6.957s] Invoked command in '/home/uboot/data/ros2_uboot/build/sensor' returned '0': CMAKE_PREFIX_PATH=${CMAKE_PREFIX_PATH}:/home/uboot/data/ros2_uboot/install/yolo_v5:/home/uboot/data/ros2_uboot/install/uboot_chat:/home/uboot/data/ros2_uboot/install/task_scheduler:/home/uboot/data/ros2_uboot/install/fishbot_description:/opt/ros/foxy /usr/bin/cmake --build /home/uboot/data/ros2_uboot/build/sensor -- -j8 -l8
[7.005s] Invoking command in '/home/uboot/data/ros2_uboot/build/sensor': CMAKE_PREFIX_PATH=${CMAKE_PREFIX_PATH}:/home/uboot/data/ros2_uboot/install/yolo_v5:/home/uboot/data/ros2_uboot/install/uboot_chat:/home/uboot/data/ros2_uboot/install/task_scheduler:/home/uboot/data/ros2_uboot/install/fishbot_description:/opt/ros/foxy /usr/bin/cmake --install /home/uboot/data/ros2_uboot/build/sensor
[7.043s] -- Install configuration: ""
[7.044s] -- Up-to-date: /home/uboot/data/ros2_uboot/install/sensor/share/ament_index/resource_index/rosidl_interfaces/sensor
[7.044s] -- Up-to-date: /home/uboot/data/ros2_uboot/install/sensor/include/sensor
[7.046s] -- Up-to-date: /home/uboot/data/ros2_uboot/install/sensor/include/sensor/msg
[7.048s] -- Up-to-date: /home/uboot/data/ros2_uboot/install/sensor/include/sensor/msg/rosidl_generator_c__visibility_control.h
[7.049s] -- Up-to-date: /home/uboot/data/ros2_uboot/install/sensor/include/sensor/msg/core_command.h
[7.050s] -- Up-to-date: /home/uboot/data/ros2_uboot/install/sensor/include/sensor/msg/detail
[7.050s] -- Up-to-date: /home/uboot/data/ros2_uboot/install/sensor/include/sensor/msg/detail/core_command__functions.c
[7.050s] -- Up-to-date: /home/uboot/data/ros2_uboot/install/sensor/include/sensor/msg/detail/core_command__struct.h
[7.051s] -- Up-to-date: /home/uboot/data/ros2_uboot/install/sensor/include/sensor/msg/detail/device_status__type_support.h
[7.052s] -- Up-to-date: /home/uboot/data/ros2_uboot/install/sensor/include/sensor/msg/detail/device_status__functions.c
[7.052s] -- Up-to-date: /home/uboot/data/ros2_uboot/install/sensor/include/sensor/msg/detail/device_status__struct.h
[7.052s] -- Up-to-date: /home/uboot/data/ros2_uboot/install/sensor/include/sensor/msg/detail/core_command__functions.h
[7.053s] -- Up-to-date: /home/uboot/data/ros2_uboot/install/sensor/include/sensor/msg/detail/device_status__functions.h
[7.053s] -- Up-to-date: /home/uboot/data/ros2_uboot/install/sensor/include/sensor/msg/detail/core_command__type_support.h
[7.054s] -- Up-to-date: /home/uboot/data/ros2_uboot/install/sensor/include/sensor/msg/device_status.h
[7.054s] -- Up-to-date: /home/uboot/data/ros2_uboot/install/sensor/share/sensor/environment/library_path.sh
[7.054s] -- Up-to-date: /home/uboot/data/ros2_uboot/install/sensor/share/sensor/environment/library_path.dsv
[7.055s] -- Up-to-date: /home/uboot/data/ros2_uboot/install/sensor/lib/libsensor__rosidl_generator_c.so
[7.055s] -- Up-to-date: /home/uboot/data/ros2_uboot/install/sensor/include/sensor
[7.055s] -- Up-to-date: /home/uboot/data/ros2_uboot/install/sensor/include/sensor/msg
[7.056s] -- Up-to-date: /home/uboot/data/ros2_uboot/install/sensor/include/sensor/msg/detail
[7.056s] -- Up-to-date: /home/uboot/data/ros2_uboot/install/sensor/include/sensor/msg/detail/core_command__rosidl_typesupport_fastrtps_c.h
[7.057s] -- Up-to-date: /home/uboot/data/ros2_uboot/install/sensor/include/sensor/msg/detail/device_status__rosidl_typesupport_fastrtps_c.h
[7.057s] -- Up-to-date: /home/uboot/data/ros2_uboot/install/sensor/include/sensor/msg/rosidl_typesupport_fastrtps_c__visibility_control.h
[7.058s] -- Up-to-date: /home/uboot/data/ros2_uboot/install/sensor/lib/libsensor__rosidl_typesupport_fastrtps_c.so
[7.058s] -- Up-to-date: /home/uboot/data/ros2_uboot/install/sensor/include/sensor
[7.058s] -- Up-to-date: /home/uboot/data/ros2_uboot/install/sensor/include/sensor/msg
[7.059s] -- Up-to-date: /home/uboot/data/ros2_uboot/install/sensor/include/sensor/msg/rosidl_typesupport_fastrtps_cpp__visibility_control.h
[7.059s] -- Up-to-date: /home/uboot/data/ros2_uboot/install/sensor/include/sensor/msg/detail
[7.060s] -- Up-to-date: /home/uboot/data/ros2_uboot/install/sensor/include/sensor/msg/detail/device_status__rosidl_typesupport_fastrtps_cpp.hpp
[7.060s] -- Up-to-date: /home/uboot/data/ros2_uboot/install/sensor/include/sensor/msg/detail/dds_fastrtps
[7.060s] -- Up-to-date: /home/uboot/data/ros2_uboot/install/sensor/include/sensor/msg/detail/core_command__rosidl_typesupport_fastrtps_cpp.hpp
[7.061s] -- Up-to-date: /home/uboot/data/ros2_uboot/install/sensor/lib/libsensor__rosidl_typesupport_fastrtps_cpp.so
[7.061s] -- Up-to-date: /home/uboot/data/ros2_uboot/install/sensor/include/sensor
[7.061s] -- Up-to-date: /home/uboot/data/ros2_uboot/install/sensor/include/sensor/msg
[7.062s] -- Up-to-date: /home/uboot/data/ros2_uboot/install/sensor/include/sensor/msg/rosidl_typesupport_introspection_c__visibility_control.h
[7.062s] -- Up-to-date: /home/uboot/data/ros2_uboot/install/sensor/include/sensor/msg/detail
[7.063s] -- Up-to-date: /home/uboot/data/ros2_uboot/install/sensor/include/sensor/msg/detail/core_command__type_support.c
[7.063s] -- Up-to-date: /home/uboot/data/ros2_uboot/install/sensor/include/sensor/msg/detail/device_status__type_support.c
[7.063s] -- Up-to-date: /home/uboot/data/ros2_uboot/install/sensor/include/sensor/msg/detail/core_command__rosidl_typesupport_introspection_c.h
[7.064s] -- Up-to-date: /home/uboot/data/ros2_uboot/install/sensor/include/sensor/msg/detail/device_status__rosidl_typesupport_introspection_c.h
[7.064s] -- Up-to-date: /home/uboot/data/ros2_uboot/install/sensor/lib/libsensor__rosidl_typesupport_introspection_c.so
[7.064s] -- Up-to-date: /home/uboot/data/ros2_uboot/install/sensor/lib/libsensor__rosidl_typesupport_c.so
[7.065s] -- Up-to-date: /home/uboot/data/ros2_uboot/install/sensor/include/sensor
[7.065s] -- Up-to-date: /home/uboot/data/ros2_uboot/install/sensor/include/sensor/msg
[7.065s] -- Up-to-date: /home/uboot/data/ros2_uboot/install/sensor/include/sensor/msg/detail
[7.066s] -- Up-to-date: /home/uboot/data/ros2_uboot/install/sensor/include/sensor/msg/detail/core_command__builder.hpp
[7.066s] -- Up-to-date: /home/uboot/data/ros2_uboot/install/sensor/include/sensor/msg/detail/core_command__type_support.hpp
[7.066s] -- Up-to-date: /home/uboot/data/ros2_uboot/install/sensor/include/sensor/msg/detail/device_status__type_support.hpp
[7.067s] -- Up-to-date: /home/uboot/data/ros2_uboot/install/sensor/include/sensor/msg/detail/device_status__traits.hpp
[7.067s] -- Up-to-date: /home/uboot/data/ros2_uboot/install/sensor/include/sensor/msg/detail/core_command__traits.hpp
[7.067s] -- Up-to-date: /home/uboot/data/ros2_uboot/install/sensor/include/sensor/msg/detail/device_status__builder.hpp
[7.068s] -- Up-to-date: /home/uboot/data/ros2_uboot/install/sensor/include/sensor/msg/detail/core_command__struct.hpp
[7.068s] -- Up-to-date: /home/uboot/data/ros2_uboot/install/sensor/include/sensor/msg/detail/device_status__struct.hpp
[7.069s] -- Up-to-date: /home/uboot/data/ros2_uboot/install/sensor/include/sensor/msg/device_status.hpp
[7.069s] -- Up-to-date: /home/uboot/data/ros2_uboot/install/sensor/include/sensor/msg/core_command.hpp
[7.069s] -- Up-to-date: /home/uboot/data/ros2_uboot/install/sensor/include/sensor/msg/rosidl_generator_cpp__visibility_control.hpp
[7.070s] -- Up-to-date: /home/uboot/data/ros2_uboot/install/sensor/include/sensor
[7.070s] -- Up-to-date: /home/uboot/data/ros2_uboot/install/sensor/include/sensor/msg
[7.070s] -- Up-to-date: /home/uboot/data/ros2_uboot/install/sensor/include/sensor/msg/detail
[7.071s] -- Up-to-date: /home/uboot/data/ros2_uboot/install/sensor/include/sensor/msg/detail/core_command__rosidl_typesupport_introspection_cpp.hpp
[7.071s] -- Up-to-date: /home/uboot/data/ros2_uboot/install/sensor/include/sensor/msg/detail/device_status__type_support.cpp
[7.072s] -- Up-to-date: /home/uboot/data/ros2_uboot/install/sensor/include/sensor/msg/detail/device_status__rosidl_typesupport_introspection_cpp.hpp
[7.072s] -- Up-to-date: /home/uboot/data/ros2_uboot/install/sensor/include/sensor/msg/detail/core_command__type_support.cpp
[7.073s] -- Up-to-date: /home/uboot/data/ros2_uboot/install/sensor/lib/libsensor__rosidl_typesupport_introspection_cpp.so
[7.073s] -- Up-to-date: /home/uboot/data/ros2_uboot/install/sensor/lib/libsensor__rosidl_typesupport_cpp.so
[7.073s] -- Up-to-date: /home/uboot/data/ros2_uboot/install/sensor/share/sensor/environment/pythonpath.sh
[7.074s] -- Up-to-date: /home/uboot/data/ros2_uboot/install/sensor/share/sensor/environment/pythonpath.dsv
[7.074s] -- Up-to-date: /home/uboot/data/ros2_uboot/install/sensor/lib/python3.8/site-packages/sensor/__init__.py
[7.165s] -- Up-to-date: /home/uboot/data/ros2_uboot/install/sensor/lib/python3.8/site-packages/sensor/msg
[7.166s] -- Up-to-date: /home/uboot/data/ros2_uboot/install/sensor/lib/python3.8/site-packages/sensor/msg/__init__.py
[7.166s] -- Up-to-date: /home/uboot/data/ros2_uboot/install/sensor/lib/python3.8/site-packages/sensor/msg/_core_command_s.c
[7.167s] -- Up-to-date: /home/uboot/data/ros2_uboot/install/sensor/lib/python3.8/site-packages/sensor/msg/_core_command.py
[7.167s] -- Up-to-date: /home/uboot/data/ros2_uboot/install/sensor/lib/python3.8/site-packages/sensor/msg/_device_status_s.c
[7.168s] -- Up-to-date: /home/uboot/data/ros2_uboot/install/sensor/lib/python3.8/site-packages/sensor/msg/_device_status.py
[7.168s] -- Up-to-date: /home/uboot/data/ros2_uboot/install/sensor/lib/python3.8/site-packages/sensor/sensor_s__rosidl_typesupport_fastrtps_c.cpython-38-aarch64-linux-gnu.so
[7.169s] -- Up-to-date: /home/uboot/data/ros2_uboot/install/sensor/lib/python3.8/site-packages/sensor/sensor_s__rosidl_typesupport_introspection_c.cpython-38-aarch64-linux-gnu.so
[7.169s] -- Up-to-date: /home/uboot/data/ros2_uboot/install/sensor/lib/python3.8/site-packages/sensor/sensor_s__rosidl_typesupport_c.cpython-38-aarch64-linux-gnu.so
[7.169s] -- Up-to-date: /home/uboot/data/ros2_uboot/install/sensor/lib/libsensor__python.so
[7.170s] -- Up-to-date: /home/uboot/data/ros2_uboot/install/sensor/share/sensor/msg/CoreCommand.idl
[7.170s] -- Up-to-date: /home/uboot/data/ros2_uboot/install/sensor/share/sensor/msg/DeviceStatus.idl
[7.170s] -- Up-to-date: /home/uboot/data/ros2_uboot/install/sensor/share/sensor/msg/CoreCommand.msg
[7.171s] -- Up-to-date: /home/uboot/data/ros2_uboot/install/sensor/share/sensor/msg/DeviceStatus.msg
[7.172s] -- Installing: /home/uboot/data/ros2_uboot/install/sensor/lib/sensor/sensor_node
[7.172s] -- Set runtime path of "/home/uboot/data/ros2_uboot/install/sensor/lib/sensor/sensor_node" to ""
[7.173s] -- Up-to-date: /home/uboot/data/ros2_uboot/install/sensor/lib/sensor/human_detector_client
[7.173s] -- Up-to-date: /home/uboot/data/ros2_uboot/install/sensor/lib/sensor/do_something_server
[7.174s] -- Up-to-date: /home/uboot/data/ros2_uboot/install/sensor/lib/sensor/openamp_core1
[7.175s] -- Up-to-date: /home/uboot/data/ros2_uboot/install/sensor/share/ament_index/resource_index/package_run_dependencies/sensor
[7.175s] -- Up-to-date: /home/uboot/data/ros2_uboot/install/sensor/share/ament_index/resource_index/parent_prefix_path/sensor
[7.176s] -- Up-to-date: /home/uboot/data/ros2_uboot/install/sensor/share/sensor/environment/ament_prefix_path.sh
[7.176s] -- Up-to-date: /home/uboot/data/ros2_uboot/install/sensor/share/sensor/environment/ament_prefix_path.dsv
[7.177s] -- Up-to-date: /home/uboot/data/ros2_uboot/install/sensor/share/sensor/environment/path.sh
[7.177s] -- Up-to-date: /home/uboot/data/ros2_uboot/install/sensor/share/sensor/environment/path.dsv
[7.177s] -- Up-to-date: /home/uboot/data/ros2_uboot/install/sensor/share/sensor/local_setup.bash
[7.178s] -- Up-to-date: /home/uboot/data/ros2_uboot/install/sensor/share/sensor/local_setup.sh
[7.178s] -- Up-to-date: /home/uboot/data/ros2_uboot/install/sensor/share/sensor/local_setup.zsh
[7.178s] -- Up-to-date: /home/uboot/data/ros2_uboot/install/sensor/share/sensor/local_setup.dsv
[7.179s] -- Installing: /home/uboot/data/ros2_uboot/install/sensor/share/sensor/package.dsv
[7.179s] -- Up-to-date: /home/uboot/data/ros2_uboot/install/sensor/share/ament_index/resource_index/packages/sensor
[7.179s] -- Up-to-date: /home/uboot/data/ros2_uboot/install/sensor/share/sensor/cmake/sensor__rosidl_generator_cExport.cmake
[7.180s] -- Up-to-date: /home/uboot/data/ros2_uboot/install/sensor/share/sensor/cmake/sensor__rosidl_generator_cExport-noconfig.cmake
[7.182s] -- Up-to-date: /home/uboot/data/ros2_uboot/install/sensor/share/sensor/cmake/sensor__rosidl_typesupport_introspection_cExport.cmake
[7.185s] -- Up-to-date: /home/uboot/data/ros2_uboot/install/sensor/share/sensor/cmake/sensor__rosidl_typesupport_introspection_cExport-noconfig.cmake
[7.185s] -- Up-to-date: /home/uboot/data/ros2_uboot/install/sensor/share/sensor/cmake/sensor__rosidl_typesupport_cExport.cmake
[7.187s] -- Up-to-date: /home/uboot/data/ros2_uboot/install/sensor/share/sensor/cmake/sensor__rosidl_typesupport_cExport-noconfig.cmake
[7.188s] -- Up-to-date: /home/uboot/data/ros2_uboot/install/sensor/share/sensor/cmake/sensor__rosidl_generator_cppExport.cmake
[7.189s] -- Up-to-date: /home/uboot/data/ros2_uboot/install/sensor/share/sensor/cmake/sensor__rosidl_typesupport_introspection_cppExport.cmake
[7.191s] -- Up-to-date: /home/uboot/data/ros2_uboot/install/sensor/share/sensor/cmake/sensor__rosidl_typesupport_introspection_cppExport-noconfig.cmake
[7.192s] -- Up-to-date: /home/uboot/data/ros2_uboot/install/sensor/share/sensor/cmake/sensor__rosidl_typesupport_cppExport.cmake
[7.192s] -- Up-to-date: /home/uboot/data/ros2_uboot/install/sensor/share/sensor/cmake/sensor__rosidl_typesupport_cppExport-noconfig.cmake
[7.193s] -- Up-to-date: /home/uboot/data/ros2_uboot/install/sensor/share/sensor/cmake/rosidl_cmake-extras.cmake
[7.194s] -- Up-to-date: /home/uboot/data/ros2_uboot/install/sensor/share/sensor/cmake/ament_cmake_export_dependencies-extras.cmake
[7.194s] -- Up-to-date: /home/uboot/data/ros2_uboot/install/sensor/share/sensor/cmake/ament_cmake_export_libraries-extras.cmake
[7.195s] -- Up-to-date: /home/uboot/data/ros2_uboot/install/sensor/share/sensor/cmake/ament_cmake_export_targets-extras.cmake
[7.196s] -- Up-to-date: /home/uboot/data/ros2_uboot/install/sensor/share/sensor/cmake/ament_cmake_export_include_directories-extras.cmake
[7.196s] -- Up-to-date: /home/uboot/data/ros2_uboot/install/sensor/share/sensor/cmake/rosidl_cmake_export_typesupport_libraries-extras.cmake
[7.197s] -- Up-to-date: /home/uboot/data/ros2_uboot/install/sensor/share/sensor/cmake/rosidl_cmake_export_typesupport_targets-extras.cmake
[7.198s] -- Up-to-date: /home/uboot/data/ros2_uboot/install/sensor/share/sensor/cmake/sensorConfig.cmake
[7.198s] -- Up-to-date: /home/uboot/data/ros2_uboot/install/sensor/share/sensor/cmake/sensorConfig-version.cmake
[7.200s] -- Up-to-date: /home/uboot/data/ros2_uboot/install/sensor/share/sensor/package.xml
[7.201s] Invoked command in '/home/uboot/data/ros2_uboot/build/sensor' returned '0': CMAKE_PREFIX_PATH=${CMAKE_PREFIX_PATH}:/home/uboot/data/ros2_uboot/install/yolo_v5:/home/uboot/data/ros2_uboot/install/uboot_chat:/home/uboot/data/ros2_uboot/install/task_scheduler:/home/uboot/data/ros2_uboot/install/fishbot_description:/opt/ros/foxy /usr/bin/cmake --install /home/uboot/data/ros2_uboot/build/sensor
