[0.182s] Invoking command in '/home/uboot/data/ros2_uboot/build/fishbot_bringup': CMAKE_PREFIX_PATH=/opt/ros/foxy /usr/bin/cmake --build /home/uboot/data/ros2_uboot/build/fishbot_bringup -- -j8 -l8
[0.751s] [100%] Built target odom2tf
[0.752s] Invoked command in '/home/uboot/data/ros2_uboot/build/fishbot_bringup' returned '0': CMAKE_PREFIX_PATH=/opt/ros/foxy /usr/bin/cmake --build /home/uboot/data/ros2_uboot/build/fishbot_bringup -- -j8 -l8
[0.802s] Invoking command in '/home/uboot/data/ros2_uboot/build/fishbot_bringup': CMAKE_PREFIX_PATH=/opt/ros/foxy /usr/bin/cmake --install /home/uboot/data/ros2_uboot/build/fishbot_bringup
[0.863s] -- Install configuration: ""
[0.863s] -- Up-to-date: /home/uboot/data/ros2_uboot/install/fishbot_bringup/lib/fishbot_bringup/odom2tf
[0.864s] -- Up-to-date: /home/uboot/data/ros2_uboot/install/fishbot_bringup/share/fishbot_bringup/launch
[0.864s] -- Up-to-date: /home/uboot/data/ros2_uboot/install/fishbot_bringup/share/fishbot_bringup/launch/bringup_quick.launch.py
[0.865s] -- Up-to-date: /home/uboot/data/ros2_uboot/install/fishbot_bringup/share/fishbot_bringup/launch/bringup.launch.py
[0.866s] -- Up-to-date: /home/uboot/data/ros2_uboot/install/fishbot_bringup/share/fishbot_bringup/launch/urdf2tf.launch.py
[0.866s] -- Up-to-date: /home/uboot/data/ros2_uboot/install/fishbot_bringup/share/fishbot_bringup/launch/fishbot_bringup.launch.py
[0.867s] -- Up-to-date: /home/uboot/data/ros2_uboot/install/fishbot_bringup/share/ament_index/resource_index/package_run_dependencies/fishbot_bringup
[0.867s] -- Up-to-date: /home/uboot/data/ros2_uboot/install/fishbot_bringup/share/ament_index/resource_index/parent_prefix_path/fishbot_bringup
[0.868s] -- Up-to-date: /home/uboot/data/ros2_uboot/install/fishbot_bringup/share/fishbot_bringup/environment/ament_prefix_path.sh
[0.868s] -- Up-to-date: /home/uboot/data/ros2_uboot/install/fishbot_bringup/share/fishbot_bringup/environment/ament_prefix_path.dsv
[0.869s] -- Up-to-date: /home/uboot/data/ros2_uboot/install/fishbot_bringup/share/fishbot_bringup/environment/path.sh
[0.869s] -- Up-to-date: /home/uboot/data/ros2_uboot/install/fishbot_bringup/share/fishbot_bringup/environment/path.dsv
[0.870s] -- Up-to-date: /home/uboot/data/ros2_uboot/install/fishbot_bringup/share/fishbot_bringup/local_setup.bash
[0.870s] -- Up-to-date: /home/uboot/data/ros2_uboot/install/fishbot_bringup/share/fishbot_bringup/local_setup.sh
[0.872s] -- Up-to-date: /home/uboot/data/ros2_uboot/install/fishbot_bringup/share/fishbot_bringup/local_setup.zsh
[0.873s] -- Up-to-date: /home/uboot/data/ros2_uboot/install/fishbot_bringup/share/fishbot_bringup/local_setup.dsv
[0.874s] -- Installing: /home/uboot/data/ros2_uboot/install/fishbot_bringup/share/fishbot_bringup/package.dsv
[0.874s] -- Up-to-date: /home/uboot/data/ros2_uboot/install/fishbot_bringup/share/ament_index/resource_index/packages/fishbot_bringup
[0.875s] -- Up-to-date: /home/uboot/data/ros2_uboot/install/fishbot_bringup/share/fishbot_bringup/cmake/fishbot_bringupConfig.cmake
[0.875s] -- Up-to-date: /home/uboot/data/ros2_uboot/install/fishbot_bringup/share/fishbot_bringup/cmake/fishbot_bringupConfig-version.cmake
[0.884s] -- Up-to-date: /home/uboot/data/ros2_uboot/install/fishbot_bringup/share/fishbot_bringup/package.xml
[0.937s] Invoked command in '/home/uboot/data/ros2_uboot/build/fishbot_bringup' returned '0': CMAKE_PREFIX_PATH=/opt/ros/foxy /usr/bin/cmake --install /home/uboot/data/ros2_uboot/build/fishbot_bringup
