[0.021s] Invoking command in '/home/uboot/data/ros2_uboot/build/sensor': CMAKE_PREFIX_PATH=${CMAKE_PREFIX_PATH}:/home/uboot/data/ros2_uboot/install/yolo_v5:/home/uboot/data/ros2_uboot/install/uboot_chat:/home/uboot/data/ros2_uboot/install/task_scheduler:/home/uboot/data/ros2_uboot/install/fishbot_description:/opt/ros/foxy /usr/bin/cmake --build /home/uboot/data/ros2_uboot/build/sensor -- -j8 -l8
[0.162s] [  4%] Built target do_something_server
[0.168s] [35m[1mScanning dependencies of target sensor_node[0m
[0.176s] [  6%] Built target sensor__cpp
[0.182s] [ 14%] Built target sensor__rosidl_generator_c
[0.217s] [ 19%] Built target human_detector_client
[0.232s] [ 27%] Built target sensor__rosidl_typesupport_fastrtps_cpp
[0.253s] [ 36%] Built target sensor__rosidl_typesupport_cpp
[0.257s] [ 44%] Built target sensor__rosidl_typesupport_introspection_cpp
[0.258s] [ 46%] [32mBuilding CXX object CMakeFiles/sensor_node.dir/src/sensor_node.cpp.o[0m
[0.270s] [ 55%] Built target sensor__rosidl_typesupport_c
[0.285s] [ 63%] Built target sensor__rosidl_typesupport_introspection_c
[0.296s] [ 72%] Built target sensor__rosidl_typesupport_fastrtps_c
[0.347s] [ 72%] Built target sensor
[0.377s] [ 74%] Built target sensor__py
[0.420s] [ 78%] Built target openamp_core1
[0.439s] [ 85%] Built target sensor__python
[0.484s] [ 89%] Built target sensor__rosidl_typesupport_introspection_c__pyext
[0.500s] [ 93%] Built target sensor__rosidl_typesupport_c__pyext
[0.511s] [ 97%] Built target sensor__rosidl_typesupport_fastrtps_c__pyext
[5.174s] [100%] [32m[1mLinking CXX executable sensor_node[0m
[5.506s] [100%] Built target sensor_node
[5.541s] Invoked command in '/home/uboot/data/ros2_uboot/build/sensor' returned '0': CMAKE_PREFIX_PATH=${CMAKE_PREFIX_PATH}:/home/uboot/data/ros2_uboot/install/yolo_v5:/home/uboot/data/ros2_uboot/install/uboot_chat:/home/uboot/data/ros2_uboot/install/task_scheduler:/home/uboot/data/ros2_uboot/install/fishbot_description:/opt/ros/foxy /usr/bin/cmake --build /home/uboot/data/ros2_uboot/build/sensor -- -j8 -l8
[5.564s] Invoking command in '/home/uboot/data/ros2_uboot/build/sensor': CMAKE_PREFIX_PATH=${CMAKE_PREFIX_PATH}:/home/uboot/data/ros2_uboot/install/yolo_v5:/home/uboot/data/ros2_uboot/install/uboot_chat:/home/uboot/data/ros2_uboot/install/task_scheduler:/home/uboot/data/ros2_uboot/install/fishbot_description:/opt/ros/foxy /usr/bin/cmake --install /home/uboot/data/ros2_uboot/build/sensor
[5.572s] -- Install configuration: ""
[5.573s] -- Up-to-date: /home/uboot/data/ros2_uboot/install/sensor/share/ament_index/resource_index/rosidl_interfaces/sensor
[5.574s] -- Up-to-date: /home/uboot/data/ros2_uboot/install/sensor/include/sensor
[5.574s] -- Up-to-date: /home/uboot/data/ros2_uboot/install/sensor/include/sensor/msg
[5.574s] -- Up-to-date: /home/uboot/data/ros2_uboot/install/sensor/include/sensor/msg/rosidl_generator_c__visibility_control.h
[5.574s] -- Up-to-date: /home/uboot/data/ros2_uboot/install/sensor/include/sensor/msg/core_command.h
[5.574s] -- Up-to-date: /home/uboot/data/ros2_uboot/install/sensor/include/sensor/msg/detail
[5.574s] -- Up-to-date: /home/uboot/data/ros2_uboot/install/sensor/include/sensor/msg/detail/core_command__functions.c
[5.575s] -- Up-to-date: /home/uboot/data/ros2_uboot/install/sensor/include/sensor/msg/detail/core_command__struct.h
[5.577s] -- Up-to-date: /home/uboot/data/ros2_uboot/install/sensor/include/sensor/msg/detail/device_status__type_support.h
[5.577s] -- Up-to-date: /home/uboot/data/ros2_uboot/install/sensor/include/sensor/msg/detail/device_status__functions.c
[5.578s] -- Up-to-date: /home/uboot/data/ros2_uboot/install/sensor/include/sensor/msg/detail/device_status__struct.h
[5.578s] -- Up-to-date: /home/uboot/data/ros2_uboot/install/sensor/include/sensor/msg/detail/core_command__functions.h
[5.578s] -- Up-to-date: /home/uboot/data/ros2_uboot/install/sensor/include/sensor/msg/detail/device_status__functions.h
[5.579s] -- Up-to-date: /home/uboot/data/ros2_uboot/install/sensor/include/sensor/msg/detail/core_command__type_support.h
[5.579s] -- Up-to-date: /home/uboot/data/ros2_uboot/install/sensor/include/sensor/msg/device_status.h
[5.580s] -- Up-to-date: /home/uboot/data/ros2_uboot/install/sensor/share/sensor/environment/library_path.sh
[5.580s] -- Up-to-date: /home/uboot/data/ros2_uboot/install/sensor/share/sensor/environment/library_path.dsv
[5.581s] -- Up-to-date: /home/uboot/data/ros2_uboot/install/sensor/lib/libsensor__rosidl_generator_c.so
[5.581s] -- Up-to-date: /home/uboot/data/ros2_uboot/install/sensor/include/sensor
[5.582s] -- Up-to-date: /home/uboot/data/ros2_uboot/install/sensor/include/sensor/msg
[5.582s] -- Up-to-date: /home/uboot/data/ros2_uboot/install/sensor/include/sensor/msg/detail
[5.582s] -- Up-to-date: /home/uboot/data/ros2_uboot/install/sensor/include/sensor/msg/detail/core_command__rosidl_typesupport_fastrtps_c.h
[5.583s] -- Up-to-date: /home/uboot/data/ros2_uboot/install/sensor/include/sensor/msg/detail/device_status__rosidl_typesupport_fastrtps_c.h
[5.583s] -- Up-to-date: /home/uboot/data/ros2_uboot/install/sensor/include/sensor/msg/rosidl_typesupport_fastrtps_c__visibility_control.h
[5.583s] -- Up-to-date: /home/uboot/data/ros2_uboot/install/sensor/lib/libsensor__rosidl_typesupport_fastrtps_c.so
[5.584s] -- Up-to-date: /home/uboot/data/ros2_uboot/install/sensor/include/sensor
[5.584s] -- Up-to-date: /home/uboot/data/ros2_uboot/install/sensor/include/sensor/msg
[5.585s] -- Up-to-date: /home/uboot/data/ros2_uboot/install/sensor/include/sensor/msg/rosidl_typesupport_fastrtps_cpp__visibility_control.h
[5.585s] -- Up-to-date: /home/uboot/data/ros2_uboot/install/sensor/include/sensor/msg/detail
[5.585s] -- Up-to-date: /home/uboot/data/ros2_uboot/install/sensor/include/sensor/msg/detail/device_status__rosidl_typesupport_fastrtps_cpp.hpp
[5.586s] -- Up-to-date: /home/uboot/data/ros2_uboot/install/sensor/include/sensor/msg/detail/dds_fastrtps
[5.586s] -- Up-to-date: /home/uboot/data/ros2_uboot/install/sensor/include/sensor/msg/detail/core_command__rosidl_typesupport_fastrtps_cpp.hpp
[5.586s] -- Up-to-date: /home/uboot/data/ros2_uboot/install/sensor/lib/libsensor__rosidl_typesupport_fastrtps_cpp.so
[5.587s] -- Up-to-date: /home/uboot/data/ros2_uboot/install/sensor/include/sensor
[5.587s] -- Up-to-date: /home/uboot/data/ros2_uboot/install/sensor/include/sensor/msg
[5.587s] -- Up-to-date: /home/uboot/data/ros2_uboot/install/sensor/include/sensor/msg/rosidl_typesupport_introspection_c__visibility_control.h
[5.588s] -- Up-to-date: /home/uboot/data/ros2_uboot/install/sensor/include/sensor/msg/detail
[5.588s] -- Up-to-date: /home/uboot/data/ros2_uboot/install/sensor/include/sensor/msg/detail/core_command__type_support.c
[5.588s] -- Up-to-date: /home/uboot/data/ros2_uboot/install/sensor/include/sensor/msg/detail/device_status__type_support.c
[5.589s] -- Up-to-date: /home/uboot/data/ros2_uboot/install/sensor/include/sensor/msg/detail/core_command__rosidl_typesupport_introspection_c.h
[5.589s] -- Up-to-date: /home/uboot/data/ros2_uboot/install/sensor/include/sensor/msg/detail/device_status__rosidl_typesupport_introspection_c.h
[5.590s] -- Up-to-date: /home/uboot/data/ros2_uboot/install/sensor/lib/libsensor__rosidl_typesupport_introspection_c.so
[5.590s] -- Up-to-date: /home/uboot/data/ros2_uboot/install/sensor/lib/libsensor__rosidl_typesupport_c.so
[5.590s] -- Up-to-date: /home/uboot/data/ros2_uboot/install/sensor/include/sensor
[5.591s] -- Up-to-date: /home/uboot/data/ros2_uboot/install/sensor/include/sensor/msg
[5.591s] -- Up-to-date: /home/uboot/data/ros2_uboot/install/sensor/include/sensor/msg/detail
[5.591s] -- Up-to-date: /home/uboot/data/ros2_uboot/install/sensor/include/sensor/msg/detail/core_command__builder.hpp
[5.592s] -- Up-to-date: /home/uboot/data/ros2_uboot/install/sensor/include/sensor/msg/detail/core_command__type_support.hpp
[5.592s] -- Up-to-date: /home/uboot/data/ros2_uboot/install/sensor/include/sensor/msg/detail/device_status__type_support.hpp
[5.592s] -- Up-to-date: /home/uboot/data/ros2_uboot/install/sensor/include/sensor/msg/detail/device_status__traits.hpp
[5.593s] -- Up-to-date: /home/uboot/data/ros2_uboot/install/sensor/include/sensor/msg/detail/core_command__traits.hpp
[5.593s] -- Up-to-date: /home/uboot/data/ros2_uboot/install/sensor/include/sensor/msg/detail/device_status__builder.hpp
[5.594s] -- Up-to-date: /home/uboot/data/ros2_uboot/install/sensor/include/sensor/msg/detail/core_command__struct.hpp
[5.594s] -- Up-to-date: /home/uboot/data/ros2_uboot/install/sensor/include/sensor/msg/detail/device_status__struct.hpp
[5.594s] -- Up-to-date: /home/uboot/data/ros2_uboot/install/sensor/include/sensor/msg/device_status.hpp
[5.595s] -- Up-to-date: /home/uboot/data/ros2_uboot/install/sensor/include/sensor/msg/core_command.hpp
[5.595s] -- Up-to-date: /home/uboot/data/ros2_uboot/install/sensor/include/sensor/msg/rosidl_generator_cpp__visibility_control.hpp
[5.595s] -- Up-to-date: /home/uboot/data/ros2_uboot/install/sensor/include/sensor
[5.596s] -- Up-to-date: /home/uboot/data/ros2_uboot/install/sensor/include/sensor/msg
[5.596s] -- Up-to-date: /home/uboot/data/ros2_uboot/install/sensor/include/sensor/msg/detail
[5.600s] -- Up-to-date: /home/uboot/data/ros2_uboot/install/sensor/include/sensor/msg/detail/core_command__rosidl_typesupport_introspection_cpp.hpp
[5.601s] -- Up-to-date: /home/uboot/data/ros2_uboot/install/sensor/include/sensor/msg/detail/device_status__type_support.cpp
[5.601s] -- Up-to-date: /home/uboot/data/ros2_uboot/install/sensor/include/sensor/msg/detail/device_status__rosidl_typesupport_introspection_cpp.hpp
[5.602s] -- Up-to-date: /home/uboot/data/ros2_uboot/install/sensor/include/sensor/msg/detail/core_command__type_support.cpp
[5.602s] -- Up-to-date: /home/uboot/data/ros2_uboot/install/sensor/lib/libsensor__rosidl_typesupport_introspection_cpp.so
[5.603s] -- Up-to-date: /home/uboot/data/ros2_uboot/install/sensor/lib/libsensor__rosidl_typesupport_cpp.so
[5.603s] -- Up-to-date: /home/uboot/data/ros2_uboot/install/sensor/share/sensor/environment/pythonpath.sh
[5.603s] -- Up-to-date: /home/uboot/data/ros2_uboot/install/sensor/share/sensor/environment/pythonpath.dsv
[5.604s] -- Up-to-date: /home/uboot/data/ros2_uboot/install/sensor/lib/python3.8/site-packages/sensor/__init__.py
[5.626s] -- Up-to-date: /home/uboot/data/ros2_uboot/install/sensor/lib/python3.8/site-packages/sensor/msg
[5.627s] -- Up-to-date: /home/uboot/data/ros2_uboot/install/sensor/lib/python3.8/site-packages/sensor/msg/__init__.py
[5.627s] -- Up-to-date: /home/uboot/data/ros2_uboot/install/sensor/lib/python3.8/site-packages/sensor/msg/_core_command_s.c
[5.627s] -- Up-to-date: /home/uboot/data/ros2_uboot/install/sensor/lib/python3.8/site-packages/sensor/msg/_core_command.py
[5.628s] -- Up-to-date: /home/uboot/data/ros2_uboot/install/sensor/lib/python3.8/site-packages/sensor/msg/_device_status_s.c
[5.628s] -- Up-to-date: /home/uboot/data/ros2_uboot/install/sensor/lib/python3.8/site-packages/sensor/msg/_device_status.py
[5.629s] -- Up-to-date: /home/uboot/data/ros2_uboot/install/sensor/lib/python3.8/site-packages/sensor/sensor_s__rosidl_typesupport_fastrtps_c.cpython-38-aarch64-linux-gnu.so
[5.629s] -- Up-to-date: /home/uboot/data/ros2_uboot/install/sensor/lib/python3.8/site-packages/sensor/sensor_s__rosidl_typesupport_introspection_c.cpython-38-aarch64-linux-gnu.so
[5.630s] -- Up-to-date: /home/uboot/data/ros2_uboot/install/sensor/lib/python3.8/site-packages/sensor/sensor_s__rosidl_typesupport_c.cpython-38-aarch64-linux-gnu.so
[5.630s] -- Up-to-date: /home/uboot/data/ros2_uboot/install/sensor/lib/libsensor__python.so
[5.631s] -- Up-to-date: /home/uboot/data/ros2_uboot/install/sensor/share/sensor/msg/CoreCommand.idl
[5.631s] -- Up-to-date: /home/uboot/data/ros2_uboot/install/sensor/share/sensor/msg/DeviceStatus.idl
[5.632s] -- Up-to-date: /home/uboot/data/ros2_uboot/install/sensor/share/sensor/msg/CoreCommand.msg
[5.632s] -- Up-to-date: /home/uboot/data/ros2_uboot/install/sensor/share/sensor/msg/DeviceStatus.msg
[5.634s] -- Installing: /home/uboot/data/ros2_uboot/install/sensor/lib/sensor/sensor_node
[5.634s] -- Set runtime path of "/home/uboot/data/ros2_uboot/install/sensor/lib/sensor/sensor_node" to ""
[5.635s] -- Up-to-date: /home/uboot/data/ros2_uboot/install/sensor/lib/sensor/human_detector_client
[5.635s] -- Up-to-date: /home/uboot/data/ros2_uboot/install/sensor/lib/sensor/do_something_server
[5.635s] -- Up-to-date: /home/uboot/data/ros2_uboot/install/sensor/lib/sensor/openamp_core1
[5.636s] -- Up-to-date: /home/uboot/data/ros2_uboot/install/sensor/share/ament_index/resource_index/package_run_dependencies/sensor
[5.636s] -- Up-to-date: /home/uboot/data/ros2_uboot/install/sensor/share/ament_index/resource_index/parent_prefix_path/sensor
[5.636s] -- Up-to-date: /home/uboot/data/ros2_uboot/install/sensor/share/sensor/environment/ament_prefix_path.sh
[5.637s] -- Up-to-date: /home/uboot/data/ros2_uboot/install/sensor/share/sensor/environment/ament_prefix_path.dsv
[5.638s] -- Up-to-date: /home/uboot/data/ros2_uboot/install/sensor/share/sensor/environment/path.sh
[5.638s] -- Up-to-date: /home/uboot/data/ros2_uboot/install/sensor/share/sensor/environment/path.dsv
[5.639s] -- Up-to-date: /home/uboot/data/ros2_uboot/install/sensor/share/sensor/local_setup.bash
[5.639s] -- Up-to-date: /home/uboot/data/ros2_uboot/install/sensor/share/sensor/local_setup.sh
[5.640s] -- Up-to-date: /home/uboot/data/ros2_uboot/install/sensor/share/sensor/local_setup.zsh
[5.640s] -- Up-to-date: /home/uboot/data/ros2_uboot/install/sensor/share/sensor/local_setup.dsv
[5.640s] -- Installing: /home/uboot/data/ros2_uboot/install/sensor/share/sensor/package.dsv
[5.641s] -- Up-to-date: /home/uboot/data/ros2_uboot/install/sensor/share/ament_index/resource_index/packages/sensor
[5.641s] -- Up-to-date: /home/uboot/data/ros2_uboot/install/sensor/share/sensor/cmake/sensor__rosidl_generator_cExport.cmake
[5.641s] -- Up-to-date: /home/uboot/data/ros2_uboot/install/sensor/share/sensor/cmake/sensor__rosidl_generator_cExport-noconfig.cmake
[5.642s] -- Up-to-date: /home/uboot/data/ros2_uboot/install/sensor/share/sensor/cmake/sensor__rosidl_typesupport_introspection_cExport.cmake
[5.642s] -- Up-to-date: /home/uboot/data/ros2_uboot/install/sensor/share/sensor/cmake/sensor__rosidl_typesupport_introspection_cExport-noconfig.cmake
[5.642s] -- Up-to-date: /home/uboot/data/ros2_uboot/install/sensor/share/sensor/cmake/sensor__rosidl_typesupport_cExport.cmake
[5.643s] -- Up-to-date: /home/uboot/data/ros2_uboot/install/sensor/share/sensor/cmake/sensor__rosidl_typesupport_cExport-noconfig.cmake
[5.643s] -- Up-to-date: /home/uboot/data/ros2_uboot/install/sensor/share/sensor/cmake/sensor__rosidl_generator_cppExport.cmake
[5.644s] -- Up-to-date: /home/uboot/data/ros2_uboot/install/sensor/share/sensor/cmake/sensor__rosidl_typesupport_introspection_cppExport.cmake
[5.646s] -- Up-to-date: /home/uboot/data/ros2_uboot/install/sensor/share/sensor/cmake/sensor__rosidl_typesupport_introspection_cppExport-noconfig.cmake
[5.646s] -- Up-to-date: /home/uboot/data/ros2_uboot/install/sensor/share/sensor/cmake/sensor__rosidl_typesupport_cppExport.cmake
[5.647s] -- Up-to-date: /home/uboot/data/ros2_uboot/install/sensor/share/sensor/cmake/sensor__rosidl_typesupport_cppExport-noconfig.cmake
[5.648s] -- Up-to-date: /home/uboot/data/ros2_uboot/install/sensor/share/sensor/cmake/rosidl_cmake-extras.cmake
[5.649s] -- Up-to-date: /home/uboot/data/ros2_uboot/install/sensor/share/sensor/cmake/ament_cmake_export_dependencies-extras.cmake
[5.650s] -- Up-to-date: /home/uboot/data/ros2_uboot/install/sensor/share/sensor/cmake/ament_cmake_export_libraries-extras.cmake
[5.650s] -- Up-to-date: /home/uboot/data/ros2_uboot/install/sensor/share/sensor/cmake/ament_cmake_export_targets-extras.cmake
[5.651s] -- Up-to-date: /home/uboot/data/ros2_uboot/install/sensor/share/sensor/cmake/ament_cmake_export_include_directories-extras.cmake
[5.652s] -- Up-to-date: /home/uboot/data/ros2_uboot/install/sensor/share/sensor/cmake/rosidl_cmake_export_typesupport_libraries-extras.cmake
[5.652s] -- Up-to-date: /home/uboot/data/ros2_uboot/install/sensor/share/sensor/cmake/rosidl_cmake_export_typesupport_targets-extras.cmake
[5.653s] -- Up-to-date: /home/uboot/data/ros2_uboot/install/sensor/share/sensor/cmake/sensorConfig.cmake
[5.653s] -- Up-to-date: /home/uboot/data/ros2_uboot/install/sensor/share/sensor/cmake/sensorConfig-version.cmake
[5.654s] -- Up-to-date: /home/uboot/data/ros2_uboot/install/sensor/share/sensor/package.xml
[5.655s] Invoked command in '/home/uboot/data/ros2_uboot/build/sensor' returned '0': CMAKE_PREFIX_PATH=${CMAKE_PREFIX_PATH}:/home/uboot/data/ros2_uboot/install/yolo_v5:/home/uboot/data/ros2_uboot/install/uboot_chat:/home/uboot/data/ros2_uboot/install/task_scheduler:/home/uboot/data/ros2_uboot/install/fishbot_description:/opt/ros/foxy /usr/bin/cmake --install /home/uboot/data/ros2_uboot/build/sensor
