[0.277s] DEBUG:colcon:Command line arguments: ['/usr/bin/colcon', 'build', '--packages-select', 'sensor']
[0.277s] DEBUG:colcon:Parsed command line arguments: Namespace(allow_overriding=[], ament_cmake_args=None, base_paths=['.'], build_base='build', catkin_cmake_args=None, catkin_skip_building_tests=False, cmake_args=None, cmake_clean_cache=False, cmake_clean_first=False, cmake_force_configure=False, cmake_target=None, cmake_target_skip_unavailable=False, continue_on_error=False, event_handlers=None, executor='parallel', ignore_user_meta=False, install_base='install', log_base=None, log_level=None, main=<bound method BuildVerb.main of <colcon_core.verb.build.BuildVerb object at 0x7f81481ac0>>, merge_install=False, metas=['./colcon.meta'], packages_above=None, packages_above_and_dependencies=None, packages_above_depth=None, packages_end=None, packages_ignore=None, packages_ignore_regex=None, packages_select=['sensor'], packages_select_build_failed=False, packages_select_by_dep=None, packages_select_regex=None, packages_select_test_failures=False, packages_skip=None, packages_skip_build_finished=False, packages_skip_by_dep=None, packages_skip_regex=None, packages_skip_test_passed=False, packages_skip_up_to=None, packages_start=None, packages_up_to=None, packages_up_to_regex=None, parallel_workers=8, paths=None, symlink_install=False, test_result_base=None, verb_extension=<colcon_core.verb.build.BuildVerb object at 0x7f81481ac0>, verb_name='build', verb_parser=<colcon_defaults.argument_parser.defaults.DefaultArgumentsDecorator object at 0x7f8135bbb0>)
[0.467s] Level 1:colcon.colcon_core.package_discovery:discover_packages(colcon_meta) check parameters
[0.468s] Level 1:colcon.colcon_core.package_discovery:discover_packages(recursive) check parameters
[0.468s] Level 1:colcon.colcon_core.package_discovery:discover_packages(ignore) check parameters
[0.468s] Level 1:colcon.colcon_core.package_discovery:discover_packages(path) check parameters
[0.468s] Level 1:colcon.colcon_core.package_discovery:discover_packages(colcon_meta) discover
[0.468s] Level 1:colcon.colcon_core.package_discovery:discover_packages(recursive) discover
[0.468s] INFO:colcon.colcon_core.package_discovery:Crawling recursively for packages in '/home/uboot/data/ros2_uboot'
[0.468s] Level 1:colcon.colcon_core.package_identification:_identify(.) by extensions ['ignore', 'ignore_ament_install']
[0.468s] Level 1:colcon.colcon_core.package_identification:_identify(.) by extension 'ignore'
[0.468s] Level 1:colcon.colcon_core.package_identification:_identify(.) by extension 'ignore_ament_install'
[0.468s] Level 1:colcon.colcon_core.package_identification:_identify(.) by extensions ['colcon_pkg']
[0.468s] Level 1:colcon.colcon_core.package_identification:_identify(.) by extension 'colcon_pkg'
[0.469s] Level 1:colcon.colcon_core.package_identification:_identify(.) by extensions ['colcon_meta']
[0.469s] Level 1:colcon.colcon_core.package_identification:_identify(.) by extension 'colcon_meta'
[0.469s] Level 1:colcon.colcon_core.package_identification:_identify(.) by extensions ['ros']
[0.469s] Level 1:colcon.colcon_core.package_identification:_identify(.) by extension 'ros'
[0.486s] Level 1:colcon.colcon_core.package_identification:_identify(.) by extensions ['cmake', 'python']
[0.486s] Level 1:colcon.colcon_core.package_identification:_identify(.) by extension 'cmake'
[0.486s] Level 1:colcon.colcon_core.package_identification:_identify(.) by extension 'python'
[0.486s] Level 1:colcon.colcon_core.package_identification:_identify(.) by extensions ['python_setup_py']
[0.486s] Level 1:colcon.colcon_core.package_identification:_identify(.) by extension 'python_setup_py'
[0.486s] Level 1:colcon.colcon_core.package_identification:_identify(build) by extensions ['ignore', 'ignore_ament_install']
[0.487s] Level 1:colcon.colcon_core.package_identification:_identify(build) by extension 'ignore'
[0.487s] Level 1:colcon.colcon_core.package_identification:_identify(build) ignored
[0.487s] Level 1:colcon.colcon_core.package_identification:_identify(install) by extensions ['ignore', 'ignore_ament_install']
[0.487s] Level 1:colcon.colcon_core.package_identification:_identify(install) by extension 'ignore'
[0.487s] Level 1:colcon.colcon_core.package_identification:_identify(install) ignored
[0.487s] Level 1:colcon.colcon_core.package_identification:_identify(log) by extensions ['ignore', 'ignore_ament_install']
[0.487s] Level 1:colcon.colcon_core.package_identification:_identify(log) by extension 'ignore'
[0.487s] Level 1:colcon.colcon_core.package_identification:_identify(log) ignored
[0.487s] Level 1:colcon.colcon_core.package_identification:_identify(sh) by extensions ['ignore', 'ignore_ament_install']
[0.488s] Level 1:colcon.colcon_core.package_identification:_identify(sh) by extension 'ignore'
[0.488s] Level 1:colcon.colcon_core.package_identification:_identify(sh) by extension 'ignore_ament_install'
[0.488s] Level 1:colcon.colcon_core.package_identification:_identify(sh) by extensions ['colcon_pkg']
[0.488s] Level 1:colcon.colcon_core.package_identification:_identify(sh) by extension 'colcon_pkg'
[0.488s] Level 1:colcon.colcon_core.package_identification:_identify(sh) by extensions ['colcon_meta']
[0.488s] Level 1:colcon.colcon_core.package_identification:_identify(sh) by extension 'colcon_meta'
[0.488s] Level 1:colcon.colcon_core.package_identification:_identify(sh) by extensions ['ros']
[0.488s] Level 1:colcon.colcon_core.package_identification:_identify(sh) by extension 'ros'
[0.488s] Level 1:colcon.colcon_core.package_identification:_identify(sh) by extensions ['cmake', 'python']
[0.488s] Level 1:colcon.colcon_core.package_identification:_identify(sh) by extension 'cmake'
[0.488s] Level 1:colcon.colcon_core.package_identification:_identify(sh) by extension 'python'
[0.488s] Level 1:colcon.colcon_core.package_identification:_identify(sh) by extensions ['python_setup_py']
[0.488s] Level 1:colcon.colcon_core.package_identification:_identify(sh) by extension 'python_setup_py'
[0.488s] Level 1:colcon.colcon_core.package_identification:_identify(src) by extensions ['ignore', 'ignore_ament_install']
[0.488s] Level 1:colcon.colcon_core.package_identification:_identify(src) by extension 'ignore'
[0.488s] Level 1:colcon.colcon_core.package_identification:_identify(src) by extension 'ignore_ament_install'
[0.488s] Level 1:colcon.colcon_core.package_identification:_identify(src) by extensions ['colcon_pkg']
[0.488s] Level 1:colcon.colcon_core.package_identification:_identify(src) by extension 'colcon_pkg'
[0.488s] Level 1:colcon.colcon_core.package_identification:_identify(src) by extensions ['colcon_meta']
[0.488s] Level 1:colcon.colcon_core.package_identification:_identify(src) by extension 'colcon_meta'
[0.489s] Level 1:colcon.colcon_core.package_identification:_identify(src) by extensions ['ros']
[0.489s] Level 1:colcon.colcon_core.package_identification:_identify(src) by extension 'ros'
[0.489s] Level 1:colcon.colcon_core.package_identification:_identify(src) by extensions ['cmake', 'python']
[0.489s] Level 1:colcon.colcon_core.package_identification:_identify(src) by extension 'cmake'
[0.489s] Level 1:colcon.colcon_core.package_identification:_identify(src) by extension 'python'
[0.489s] Level 1:colcon.colcon_core.package_identification:_identify(src) by extensions ['python_setup_py']
[0.489s] Level 1:colcon.colcon_core.package_identification:_identify(src) by extension 'python_setup_py'
[0.489s] Level 1:colcon.colcon_core.package_identification:_identify(src/detect) by extensions ['ignore', 'ignore_ament_install']
[0.489s] Level 1:colcon.colcon_core.package_identification:_identify(src/detect) by extension 'ignore'
[0.489s] Level 1:colcon.colcon_core.package_identification:_identify(src/detect) by extension 'ignore_ament_install'
[0.489s] Level 1:colcon.colcon_core.package_identification:_identify(src/detect) by extensions ['colcon_pkg']
[0.489s] Level 1:colcon.colcon_core.package_identification:_identify(src/detect) by extension 'colcon_pkg'
[0.489s] Level 1:colcon.colcon_core.package_identification:_identify(src/detect) by extensions ['colcon_meta']
[0.489s] Level 1:colcon.colcon_core.package_identification:_identify(src/detect) by extension 'colcon_meta'
[0.489s] Level 1:colcon.colcon_core.package_identification:_identify(src/detect) by extensions ['ros']
[0.489s] Level 1:colcon.colcon_core.package_identification:_identify(src/detect) by extension 'ros'
[0.489s] Level 1:colcon.colcon_core.package_identification:_identify(src/detect) by extensions ['cmake', 'python']
[0.489s] Level 1:colcon.colcon_core.package_identification:_identify(src/detect) by extension 'cmake'
[0.489s] Level 1:colcon.colcon_core.package_identification:_identify(src/detect) by extension 'python'
[0.490s] Level 1:colcon.colcon_core.package_identification:_identify(src/detect) by extensions ['python_setup_py']
[0.490s] Level 1:colcon.colcon_core.package_identification:_identify(src/detect) by extension 'python_setup_py'
[0.490s] Level 1:colcon.colcon_core.package_identification:_identify(src/fishbot) by extensions ['ignore', 'ignore_ament_install']
[0.490s] Level 1:colcon.colcon_core.package_identification:_identify(src/fishbot) by extension 'ignore'
[0.490s] Level 1:colcon.colcon_core.package_identification:_identify(src/fishbot) by extension 'ignore_ament_install'
[0.490s] Level 1:colcon.colcon_core.package_identification:_identify(src/fishbot) by extensions ['colcon_pkg']
[0.490s] Level 1:colcon.colcon_core.package_identification:_identify(src/fishbot) by extension 'colcon_pkg'
[0.490s] Level 1:colcon.colcon_core.package_identification:_identify(src/fishbot) by extensions ['colcon_meta']
[0.490s] Level 1:colcon.colcon_core.package_identification:_identify(src/fishbot) by extension 'colcon_meta'
[0.490s] Level 1:colcon.colcon_core.package_identification:_identify(src/fishbot) by extensions ['ros']
[0.490s] Level 1:colcon.colcon_core.package_identification:_identify(src/fishbot) by extension 'ros'
[0.490s] Level 1:colcon.colcon_core.package_identification:_identify(src/fishbot) by extensions ['cmake', 'python']
[0.490s] Level 1:colcon.colcon_core.package_identification:_identify(src/fishbot) by extension 'cmake'
[0.490s] Level 1:colcon.colcon_core.package_identification:_identify(src/fishbot) by extension 'python'
[0.490s] Level 1:colcon.colcon_core.package_identification:_identify(src/fishbot) by extensions ['python_setup_py']
[0.490s] Level 1:colcon.colcon_core.package_identification:_identify(src/fishbot) by extension 'python_setup_py'
[0.490s] Level 1:colcon.colcon_core.package_identification:_identify(src/fishbot/doc) by extensions ['ignore', 'ignore_ament_install']
[0.490s] Level 1:colcon.colcon_core.package_identification:_identify(src/fishbot/doc) by extension 'ignore'
[0.491s] Level 1:colcon.colcon_core.package_identification:_identify(src/fishbot/doc) by extension 'ignore_ament_install'
[0.491s] Level 1:colcon.colcon_core.package_identification:_identify(src/fishbot/doc) by extensions ['colcon_pkg']
[0.491s] Level 1:colcon.colcon_core.package_identification:_identify(src/fishbot/doc) by extension 'colcon_pkg'
[0.491s] Level 1:colcon.colcon_core.package_identification:_identify(src/fishbot/doc) by extensions ['colcon_meta']
[0.491s] Level 1:colcon.colcon_core.package_identification:_identify(src/fishbot/doc) by extension 'colcon_meta'
[0.491s] Level 1:colcon.colcon_core.package_identification:_identify(src/fishbot/doc) by extensions ['ros']
[0.491s] Level 1:colcon.colcon_core.package_identification:_identify(src/fishbot/doc) by extension 'ros'
[0.491s] Level 1:colcon.colcon_core.package_identification:_identify(src/fishbot/doc) by extensions ['cmake', 'python']
[0.491s] Level 1:colcon.colcon_core.package_identification:_identify(src/fishbot/doc) by extension 'cmake'
[0.491s] Level 1:colcon.colcon_core.package_identification:_identify(src/fishbot/doc) by extension 'python'
[0.491s] Level 1:colcon.colcon_core.package_identification:_identify(src/fishbot/doc) by extensions ['python_setup_py']
[0.491s] Level 1:colcon.colcon_core.package_identification:_identify(src/fishbot/doc) by extension 'python_setup_py'
[0.491s] Level 1:colcon.colcon_core.package_identification:_identify(src/fishbot/doc/imgs) by extensions ['ignore', 'ignore_ament_install']
[0.491s] Level 1:colcon.colcon_core.package_identification:_identify(src/fishbot/doc/imgs) by extension 'ignore'
[0.491s] Level 1:colcon.colcon_core.package_identification:_identify(src/fishbot/doc/imgs) by extension 'ignore_ament_install'
[0.491s] Level 1:colcon.colcon_core.package_identification:_identify(src/fishbot/doc/imgs) by extensions ['colcon_pkg']
[0.491s] Level 1:colcon.colcon_core.package_identification:_identify(src/fishbot/doc/imgs) by extension 'colcon_pkg'
[0.491s] Level 1:colcon.colcon_core.package_identification:_identify(src/fishbot/doc/imgs) by extensions ['colcon_meta']
[0.491s] Level 1:colcon.colcon_core.package_identification:_identify(src/fishbot/doc/imgs) by extension 'colcon_meta'
[0.491s] Level 1:colcon.colcon_core.package_identification:_identify(src/fishbot/doc/imgs) by extensions ['ros']
[0.491s] Level 1:colcon.colcon_core.package_identification:_identify(src/fishbot/doc/imgs) by extension 'ros'
[0.492s] Level 1:colcon.colcon_core.package_identification:_identify(src/fishbot/doc/imgs) by extensions ['cmake', 'python']
[0.492s] Level 1:colcon.colcon_core.package_identification:_identify(src/fishbot/doc/imgs) by extension 'cmake'
[0.492s] Level 1:colcon.colcon_core.package_identification:_identify(src/fishbot/doc/imgs) by extension 'python'
[0.492s] Level 1:colcon.colcon_core.package_identification:_identify(src/fishbot/doc/imgs) by extensions ['python_setup_py']
[0.492s] Level 1:colcon.colcon_core.package_identification:_identify(src/fishbot/doc/imgs) by extension 'python_setup_py'
[0.492s] Level 1:colcon.colcon_core.package_identification:_identify(src/fishbot/src) by extensions ['ignore', 'ignore_ament_install']
[0.492s] Level 1:colcon.colcon_core.package_identification:_identify(src/fishbot/src) by extension 'ignore'
[0.492s] Level 1:colcon.colcon_core.package_identification:_identify(src/fishbot/src) by extension 'ignore_ament_install'
[0.492s] Level 1:colcon.colcon_core.package_identification:_identify(src/fishbot/src) by extensions ['colcon_pkg']
[0.492s] Level 1:colcon.colcon_core.package_identification:_identify(src/fishbot/src) by extension 'colcon_pkg'
[0.492s] Level 1:colcon.colcon_core.package_identification:_identify(src/fishbot/src) by extensions ['colcon_meta']
[0.492s] Level 1:colcon.colcon_core.package_identification:_identify(src/fishbot/src) by extension 'colcon_meta'
[0.492s] Level 1:colcon.colcon_core.package_identification:_identify(src/fishbot/src) by extensions ['ros']
[0.492s] Level 1:colcon.colcon_core.package_identification:_identify(src/fishbot/src) by extension 'ros'
[0.492s] Level 1:colcon.colcon_core.package_identification:_identify(src/fishbot/src) by extensions ['cmake', 'python']
[0.492s] Level 1:colcon.colcon_core.package_identification:_identify(src/fishbot/src) by extension 'cmake'
[0.492s] Level 1:colcon.colcon_core.package_identification:_identify(src/fishbot/src) by extension 'python'
[0.492s] Level 1:colcon.colcon_core.package_identification:_identify(src/fishbot/src) by extensions ['python_setup_py']
[0.492s] Level 1:colcon.colcon_core.package_identification:_identify(src/fishbot/src) by extension 'python_setup_py'
[0.493s] Level 1:colcon.colcon_core.package_identification:_identify(src/fishbot/src/fishbot_bringup) by extensions ['ignore', 'ignore_ament_install']
[0.493s] Level 1:colcon.colcon_core.package_identification:_identify(src/fishbot/src/fishbot_bringup) by extension 'ignore'
[0.493s] Level 1:colcon.colcon_core.package_identification:_identify(src/fishbot/src/fishbot_bringup) by extension 'ignore_ament_install'
[0.493s] Level 1:colcon.colcon_core.package_identification:_identify(src/fishbot/src/fishbot_bringup) by extensions ['colcon_pkg']
[0.493s] Level 1:colcon.colcon_core.package_identification:_identify(src/fishbot/src/fishbot_bringup) by extension 'colcon_pkg'
[0.493s] Level 1:colcon.colcon_core.package_identification:_identify(src/fishbot/src/fishbot_bringup) by extensions ['colcon_meta']
[0.493s] Level 1:colcon.colcon_core.package_identification:_identify(src/fishbot/src/fishbot_bringup) by extension 'colcon_meta'
[0.493s] Level 1:colcon.colcon_core.package_identification:_identify(src/fishbot/src/fishbot_bringup) by extensions ['ros']
[0.493s] Level 1:colcon.colcon_core.package_identification:_identify(src/fishbot/src/fishbot_bringup) by extension 'ros'
[0.497s] DEBUG:colcon.colcon_core.package_identification:Package 'src/fishbot/src/fishbot_bringup' with type 'ros.ament_cmake' and name 'fishbot_bringup'
[0.497s] Level 1:colcon.colcon_core.package_identification:_identify(src/fishbot/src/fishbot_cartographer) by extensions ['ignore', 'ignore_ament_install']
[0.497s] Level 1:colcon.colcon_core.package_identification:_identify(src/fishbot/src/fishbot_cartographer) by extension 'ignore'
[0.497s] Level 1:colcon.colcon_core.package_identification:_identify(src/fishbot/src/fishbot_cartographer) by extension 'ignore_ament_install'
[0.497s] Level 1:colcon.colcon_core.package_identification:_identify(src/fishbot/src/fishbot_cartographer) by extensions ['colcon_pkg']
[0.497s] Level 1:colcon.colcon_core.package_identification:_identify(src/fishbot/src/fishbot_cartographer) by extension 'colcon_pkg'
[0.497s] Level 1:colcon.colcon_core.package_identification:_identify(src/fishbot/src/fishbot_cartographer) by extensions ['colcon_meta']
[0.498s] Level 1:colcon.colcon_core.package_identification:_identify(src/fishbot/src/fishbot_cartographer) by extension 'colcon_meta'
[0.498s] Level 1:colcon.colcon_core.package_identification:_identify(src/fishbot/src/fishbot_cartographer) by extensions ['ros']
[0.498s] Level 1:colcon.colcon_core.package_identification:_identify(src/fishbot/src/fishbot_cartographer) by extension 'ros'
[0.498s] DEBUG:colcon.colcon_core.package_identification:Package 'src/fishbot/src/fishbot_cartographer' with type 'ros.ament_cmake' and name 'fishbot_cartographer'
[0.499s] Level 1:colcon.colcon_core.package_identification:_identify(src/fishbot/src/fishbot_description) by extensions ['ignore', 'ignore_ament_install']
[0.499s] Level 1:colcon.colcon_core.package_identification:_identify(src/fishbot/src/fishbot_description) by extension 'ignore'
[0.499s] Level 1:colcon.colcon_core.package_identification:_identify(src/fishbot/src/fishbot_description) by extension 'ignore_ament_install'
[0.499s] Level 1:colcon.colcon_core.package_identification:_identify(src/fishbot/src/fishbot_description) by extensions ['colcon_pkg']
[0.499s] Level 1:colcon.colcon_core.package_identification:_identify(src/fishbot/src/fishbot_description) by extension 'colcon_pkg'
[0.499s] Level 1:colcon.colcon_core.package_identification:_identify(src/fishbot/src/fishbot_description) by extensions ['colcon_meta']
[0.499s] Level 1:colcon.colcon_core.package_identification:_identify(src/fishbot/src/fishbot_description) by extension 'colcon_meta'
[0.499s] Level 1:colcon.colcon_core.package_identification:_identify(src/fishbot/src/fishbot_description) by extensions ['ros']
[0.499s] Level 1:colcon.colcon_core.package_identification:_identify(src/fishbot/src/fishbot_description) by extension 'ros'
[0.501s] DEBUG:colcon.colcon_core.package_identification:Package 'src/fishbot/src/fishbot_description' with type 'ros.ament_python' and name 'fishbot_description'
[0.501s] Level 1:colcon.colcon_core.package_identification:_identify(src/fishbot/src/fishbot_interfaces) by extensions ['ignore', 'ignore_ament_install']
[0.501s] Level 1:colcon.colcon_core.package_identification:_identify(src/fishbot/src/fishbot_interfaces) by extension 'ignore'
[0.501s] Level 1:colcon.colcon_core.package_identification:_identify(src/fishbot/src/fishbot_interfaces) by extension 'ignore_ament_install'
[0.501s] Level 1:colcon.colcon_core.package_identification:_identify(src/fishbot/src/fishbot_interfaces) by extensions ['colcon_pkg']
[0.501s] Level 1:colcon.colcon_core.package_identification:_identify(src/fishbot/src/fishbot_interfaces) by extension 'colcon_pkg'
[0.501s] Level 1:colcon.colcon_core.package_identification:_identify(src/fishbot/src/fishbot_interfaces) by extensions ['colcon_meta']
[0.501s] Level 1:colcon.colcon_core.package_identification:_identify(src/fishbot/src/fishbot_interfaces) by extension 'colcon_meta'
[0.501s] Level 1:colcon.colcon_core.package_identification:_identify(src/fishbot/src/fishbot_interfaces) by extensions ['ros']
[0.501s] Level 1:colcon.colcon_core.package_identification:_identify(src/fishbot/src/fishbot_interfaces) by extension 'ros'
[0.502s] DEBUG:colcon.colcon_core.package_identification:Package 'src/fishbot/src/fishbot_interfaces' with type 'ros.ament_cmake' and name 'fishbot_interfaces'
[0.502s] Level 1:colcon.colcon_core.package_identification:_identify(src/fishbot/src/fishbot_navigation2) by extensions ['ignore', 'ignore_ament_install']
[0.502s] Level 1:colcon.colcon_core.package_identification:_identify(src/fishbot/src/fishbot_navigation2) by extension 'ignore'
[0.503s] Level 1:colcon.colcon_core.package_identification:_identify(src/fishbot/src/fishbot_navigation2) by extension 'ignore_ament_install'
[0.503s] Level 1:colcon.colcon_core.package_identification:_identify(src/fishbot/src/fishbot_navigation2) by extensions ['colcon_pkg']
[0.503s] Level 1:colcon.colcon_core.package_identification:_identify(src/fishbot/src/fishbot_navigation2) by extension 'colcon_pkg'
[0.503s] Level 1:colcon.colcon_core.package_identification:_identify(src/fishbot/src/fishbot_navigation2) by extensions ['colcon_meta']
[0.503s] Level 1:colcon.colcon_core.package_identification:_identify(src/fishbot/src/fishbot_navigation2) by extension 'colcon_meta'
[0.503s] Level 1:colcon.colcon_core.package_identification:_identify(src/fishbot/src/fishbot_navigation2) by extensions ['ros']
[0.503s] Level 1:colcon.colcon_core.package_identification:_identify(src/fishbot/src/fishbot_navigation2) by extension 'ros'
[0.504s] DEBUG:colcon.colcon_core.package_identification:Package 'src/fishbot/src/fishbot_navigation2' with type 'ros.ament_cmake' and name 'fishbot_navigation2'
[0.504s] Level 1:colcon.colcon_core.package_identification:_identify(src/micro-ROS-Agent) by extensions ['ignore', 'ignore_ament_install']
[0.504s] Level 1:colcon.colcon_core.package_identification:_identify(src/micro-ROS-Agent) by extension 'ignore'
[0.504s] Level 1:colcon.colcon_core.package_identification:_identify(src/micro-ROS-Agent) by extension 'ignore_ament_install'
[0.504s] Level 1:colcon.colcon_core.package_identification:_identify(src/micro-ROS-Agent) by extensions ['colcon_pkg']
[0.504s] Level 1:colcon.colcon_core.package_identification:_identify(src/micro-ROS-Agent) by extension 'colcon_pkg'
[0.504s] Level 1:colcon.colcon_core.package_identification:_identify(src/micro-ROS-Agent) by extensions ['colcon_meta']
[0.504s] Level 1:colcon.colcon_core.package_identification:_identify(src/micro-ROS-Agent) by extension 'colcon_meta'
[0.504s] Level 1:colcon.colcon_core.package_identification:_identify(src/micro-ROS-Agent) by extensions ['ros']
[0.504s] Level 1:colcon.colcon_core.package_identification:_identify(src/micro-ROS-Agent) by extension 'ros'
[0.504s] Level 1:colcon.colcon_core.package_identification:_identify(src/micro-ROS-Agent) by extensions ['cmake', 'python']
[0.504s] Level 1:colcon.colcon_core.package_identification:_identify(src/micro-ROS-Agent) by extension 'cmake'
[0.504s] Level 1:colcon.colcon_core.package_identification:_identify(src/micro-ROS-Agent) by extension 'python'
[0.505s] Level 1:colcon.colcon_core.package_identification:_identify(src/micro-ROS-Agent) by extensions ['python_setup_py']
[0.505s] Level 1:colcon.colcon_core.package_identification:_identify(src/micro-ROS-Agent) by extension 'python_setup_py'
[0.505s] Level 1:colcon.colcon_core.package_identification:_identify(src/micro-ROS-Agent/micro_ros_agent) by extensions ['ignore', 'ignore_ament_install']
[0.505s] Level 1:colcon.colcon_core.package_identification:_identify(src/micro-ROS-Agent/micro_ros_agent) by extension 'ignore'
[0.505s] Level 1:colcon.colcon_core.package_identification:_identify(src/micro-ROS-Agent/micro_ros_agent) by extension 'ignore_ament_install'
[0.505s] Level 1:colcon.colcon_core.package_identification:_identify(src/micro-ROS-Agent/micro_ros_agent) by extensions ['colcon_pkg']
[0.505s] Level 1:colcon.colcon_core.package_identification:_identify(src/micro-ROS-Agent/micro_ros_agent) by extension 'colcon_pkg'
[0.505s] Level 1:colcon.colcon_core.package_identification:_identify(src/micro-ROS-Agent/micro_ros_agent) by extensions ['colcon_meta']
[0.505s] Level 1:colcon.colcon_core.package_identification:_identify(src/micro-ROS-Agent/micro_ros_agent) by extension 'colcon_meta'
[0.505s] Level 1:colcon.colcon_core.package_identification:_identify(src/micro-ROS-Agent/micro_ros_agent) by extensions ['ros']
[0.505s] Level 1:colcon.colcon_core.package_identification:_identify(src/micro-ROS-Agent/micro_ros_agent) by extension 'ros'
[0.506s] DEBUG:colcon.colcon_core.package_identification:Package 'src/micro-ROS-Agent/micro_ros_agent' with type 'ros.ament_cmake' and name 'micro_ros_agent'
[0.507s] Level 1:colcon.colcon_core.package_identification:_identify(src/micro-ROS-Agent/snap) by extensions ['ignore', 'ignore_ament_install']
[0.507s] Level 1:colcon.colcon_core.package_identification:_identify(src/micro-ROS-Agent/snap) by extension 'ignore'
[0.507s] Level 1:colcon.colcon_core.package_identification:_identify(src/micro-ROS-Agent/snap) by extension 'ignore_ament_install'
[0.507s] Level 1:colcon.colcon_core.package_identification:_identify(src/micro-ROS-Agent/snap) by extensions ['colcon_pkg']
[0.507s] Level 1:colcon.colcon_core.package_identification:_identify(src/micro-ROS-Agent/snap) by extension 'colcon_pkg'
[0.507s] Level 1:colcon.colcon_core.package_identification:_identify(src/micro-ROS-Agent/snap) by extensions ['colcon_meta']
[0.507s] Level 1:colcon.colcon_core.package_identification:_identify(src/micro-ROS-Agent/snap) by extension 'colcon_meta'
[0.507s] Level 1:colcon.colcon_core.package_identification:_identify(src/micro-ROS-Agent/snap) by extensions ['ros']
[0.507s] Level 1:colcon.colcon_core.package_identification:_identify(src/micro-ROS-Agent/snap) by extension 'ros'
[0.507s] Level 1:colcon.colcon_core.package_identification:_identify(src/micro-ROS-Agent/snap) by extensions ['cmake', 'python']
[0.507s] Level 1:colcon.colcon_core.package_identification:_identify(src/micro-ROS-Agent/snap) by extension 'cmake'
[0.507s] Level 1:colcon.colcon_core.package_identification:_identify(src/micro-ROS-Agent/snap) by extension 'python'
[0.507s] Level 1:colcon.colcon_core.package_identification:_identify(src/micro-ROS-Agent/snap) by extensions ['python_setup_py']
[0.507s] Level 1:colcon.colcon_core.package_identification:_identify(src/micro-ROS-Agent/snap) by extension 'python_setup_py'
[0.507s] Level 1:colcon.colcon_core.package_identification:_identify(src/micro-ROS-Agent/snap/hooks) by extensions ['ignore', 'ignore_ament_install']
[0.507s] Level 1:colcon.colcon_core.package_identification:_identify(src/micro-ROS-Agent/snap/hooks) by extension 'ignore'
[0.507s] Level 1:colcon.colcon_core.package_identification:_identify(src/micro-ROS-Agent/snap/hooks) by extension 'ignore_ament_install'
[0.508s] Level 1:colcon.colcon_core.package_identification:_identify(src/micro-ROS-Agent/snap/hooks) by extensions ['colcon_pkg']
[0.508s] Level 1:colcon.colcon_core.package_identification:_identify(src/micro-ROS-Agent/snap/hooks) by extension 'colcon_pkg'
[0.508s] Level 1:colcon.colcon_core.package_identification:_identify(src/micro-ROS-Agent/snap/hooks) by extensions ['colcon_meta']
[0.508s] Level 1:colcon.colcon_core.package_identification:_identify(src/micro-ROS-Agent/snap/hooks) by extension 'colcon_meta'
[0.508s] Level 1:colcon.colcon_core.package_identification:_identify(src/micro-ROS-Agent/snap/hooks) by extensions ['ros']
[0.508s] Level 1:colcon.colcon_core.package_identification:_identify(src/micro-ROS-Agent/snap/hooks) by extension 'ros'
[0.508s] Level 1:colcon.colcon_core.package_identification:_identify(src/micro-ROS-Agent/snap/hooks) by extensions ['cmake', 'python']
[0.508s] Level 1:colcon.colcon_core.package_identification:_identify(src/micro-ROS-Agent/snap/hooks) by extension 'cmake'
[0.508s] Level 1:colcon.colcon_core.package_identification:_identify(src/micro-ROS-Agent/snap/hooks) by extension 'python'
[0.508s] Level 1:colcon.colcon_core.package_identification:_identify(src/micro-ROS-Agent/snap/hooks) by extensions ['python_setup_py']
[0.508s] Level 1:colcon.colcon_core.package_identification:_identify(src/micro-ROS-Agent/snap/hooks) by extension 'python_setup_py'
[0.508s] Level 1:colcon.colcon_core.package_identification:_identify(src/micro-ROS-Agent/snap/local) by extensions ['ignore', 'ignore_ament_install']
[0.508s] Level 1:colcon.colcon_core.package_identification:_identify(src/micro-ROS-Agent/snap/local) by extension 'ignore'
[0.508s] Level 1:colcon.colcon_core.package_identification:_identify(src/micro-ROS-Agent/snap/local) by extension 'ignore_ament_install'
[0.508s] Level 1:colcon.colcon_core.package_identification:_identify(src/micro-ROS-Agent/snap/local) by extensions ['colcon_pkg']
[0.508s] Level 1:colcon.colcon_core.package_identification:_identify(src/micro-ROS-Agent/snap/local) by extension 'colcon_pkg'
[0.508s] Level 1:colcon.colcon_core.package_identification:_identify(src/micro-ROS-Agent/snap/local) by extensions ['colcon_meta']
[0.508s] Level 1:colcon.colcon_core.package_identification:_identify(src/micro-ROS-Agent/snap/local) by extension 'colcon_meta'
[0.508s] Level 1:colcon.colcon_core.package_identification:_identify(src/micro-ROS-Agent/snap/local) by extensions ['ros']
[0.508s] Level 1:colcon.colcon_core.package_identification:_identify(src/micro-ROS-Agent/snap/local) by extension 'ros'
[0.509s] Level 1:colcon.colcon_core.package_identification:_identify(src/micro-ROS-Agent/snap/local) by extensions ['cmake', 'python']
[0.509s] Level 1:colcon.colcon_core.package_identification:_identify(src/micro-ROS-Agent/snap/local) by extension 'cmake'
[0.509s] Level 1:colcon.colcon_core.package_identification:_identify(src/micro-ROS-Agent/snap/local) by extension 'python'
[0.509s] Level 1:colcon.colcon_core.package_identification:_identify(src/micro-ROS-Agent/snap/local) by extensions ['python_setup_py']
[0.509s] Level 1:colcon.colcon_core.package_identification:_identify(src/micro-ROS-Agent/snap/local) by extension 'python_setup_py'
[0.509s] Level 1:colcon.colcon_core.package_identification:_identify(src/micro_ros_msgs) by extensions ['ignore', 'ignore_ament_install']
[0.509s] Level 1:colcon.colcon_core.package_identification:_identify(src/micro_ros_msgs) by extension 'ignore'
[0.509s] Level 1:colcon.colcon_core.package_identification:_identify(src/micro_ros_msgs) by extension 'ignore_ament_install'
[0.509s] Level 1:colcon.colcon_core.package_identification:_identify(src/micro_ros_msgs) by extensions ['colcon_pkg']
[0.509s] Level 1:colcon.colcon_core.package_identification:_identify(src/micro_ros_msgs) by extension 'colcon_pkg'
[0.509s] Level 1:colcon.colcon_core.package_identification:_identify(src/micro_ros_msgs) by extensions ['colcon_meta']
[0.509s] Level 1:colcon.colcon_core.package_identification:_identify(src/micro_ros_msgs) by extension 'colcon_meta'
[0.509s] Level 1:colcon.colcon_core.package_identification:_identify(src/micro_ros_msgs) by extensions ['ros']
[0.509s] Level 1:colcon.colcon_core.package_identification:_identify(src/micro_ros_msgs) by extension 'ros'
[0.510s] DEBUG:colcon.colcon_core.package_identification:Package 'src/micro_ros_msgs' with type 'ros.ament_cmake' and name 'micro_ros_msgs'
[0.510s] Level 1:colcon.colcon_core.package_identification:_identify(src/rplidar_ros) by extensions ['ignore', 'ignore_ament_install']
[0.510s] Level 1:colcon.colcon_core.package_identification:_identify(src/rplidar_ros) by extension 'ignore'
[0.510s] Level 1:colcon.colcon_core.package_identification:_identify(src/rplidar_ros) by extension 'ignore_ament_install'
[0.510s] Level 1:colcon.colcon_core.package_identification:_identify(src/rplidar_ros) by extensions ['colcon_pkg']
[0.510s] Level 1:colcon.colcon_core.package_identification:_identify(src/rplidar_ros) by extension 'colcon_pkg'
[0.510s] Level 1:colcon.colcon_core.package_identification:_identify(src/rplidar_ros) by extensions ['colcon_meta']
[0.510s] Level 1:colcon.colcon_core.package_identification:_identify(src/rplidar_ros) by extension 'colcon_meta'
[0.510s] Level 1:colcon.colcon_core.package_identification:_identify(src/rplidar_ros) by extensions ['ros']
[0.510s] Level 1:colcon.colcon_core.package_identification:_identify(src/rplidar_ros) by extension 'ros'
[0.511s] DEBUG:colcon.colcon_core.package_identification:Package 'src/rplidar_ros' with type 'ros.ament_cmake' and name 'rplidar_ros'
[0.511s] Level 1:colcon.colcon_core.package_identification:_identify(src/sensor) by extensions ['ignore', 'ignore_ament_install']
[0.511s] Level 1:colcon.colcon_core.package_identification:_identify(src/sensor) by extension 'ignore'
[0.512s] Level 1:colcon.colcon_core.package_identification:_identify(src/sensor) by extension 'ignore_ament_install'
[0.512s] Level 1:colcon.colcon_core.package_identification:_identify(src/sensor) by extensions ['colcon_pkg']
[0.512s] Level 1:colcon.colcon_core.package_identification:_identify(src/sensor) by extension 'colcon_pkg'
[0.512s] Level 1:colcon.colcon_core.package_identification:_identify(src/sensor) by extensions ['colcon_meta']
[0.512s] Level 1:colcon.colcon_core.package_identification:_identify(src/sensor) by extension 'colcon_meta'
[0.512s] Level 1:colcon.colcon_core.package_identification:_identify(src/sensor) by extensions ['ros']
[0.512s] Level 1:colcon.colcon_core.package_identification:_identify(src/sensor) by extension 'ros'
[0.513s] DEBUG:colcon.colcon_core.package_identification:Package 'src/sensor' with type 'ros.ament_cmake' and name 'sensor'
[0.513s] Level 1:colcon.colcon_core.package_identification:_identify(src/task_scheduler) by extensions ['ignore', 'ignore_ament_install']
[0.513s] Level 1:colcon.colcon_core.package_identification:_identify(src/task_scheduler) by extension 'ignore'
[0.513s] Level 1:colcon.colcon_core.package_identification:_identify(src/task_scheduler) by extension 'ignore_ament_install'
[0.513s] Level 1:colcon.colcon_core.package_identification:_identify(src/task_scheduler) by extensions ['colcon_pkg']
[0.513s] Level 1:colcon.colcon_core.package_identification:_identify(src/task_scheduler) by extension 'colcon_pkg'
[0.513s] Level 1:colcon.colcon_core.package_identification:_identify(src/task_scheduler) by extensions ['colcon_meta']
[0.513s] Level 1:colcon.colcon_core.package_identification:_identify(src/task_scheduler) by extension 'colcon_meta'
[0.513s] Level 1:colcon.colcon_core.package_identification:_identify(src/task_scheduler) by extensions ['ros']
[0.513s] Level 1:colcon.colcon_core.package_identification:_identify(src/task_scheduler) by extension 'ros'
[0.514s] DEBUG:colcon.colcon_core.package_identification:Package 'src/task_scheduler' with type 'ros.ament_python' and name 'task_scheduler'
[0.515s] Level 1:colcon.colcon_core.package_identification:_identify(src/uboot_chat) by extensions ['ignore', 'ignore_ament_install']
[0.515s] Level 1:colcon.colcon_core.package_identification:_identify(src/uboot_chat) by extension 'ignore'
[0.515s] Level 1:colcon.colcon_core.package_identification:_identify(src/uboot_chat) by extension 'ignore_ament_install'
[0.515s] Level 1:colcon.colcon_core.package_identification:_identify(src/uboot_chat) by extensions ['colcon_pkg']
[0.515s] Level 1:colcon.colcon_core.package_identification:_identify(src/uboot_chat) by extension 'colcon_pkg'
[0.515s] Level 1:colcon.colcon_core.package_identification:_identify(src/uboot_chat) by extensions ['colcon_meta']
[0.515s] Level 1:colcon.colcon_core.package_identification:_identify(src/uboot_chat) by extension 'colcon_meta'
[0.515s] Level 1:colcon.colcon_core.package_identification:_identify(src/uboot_chat) by extensions ['ros']
[0.515s] Level 1:colcon.colcon_core.package_identification:_identify(src/uboot_chat) by extension 'ros'
[0.516s] DEBUG:colcon.colcon_core.package_identification:Package 'src/uboot_chat' with type 'ros.ament_python' and name 'uboot_chat'
[0.516s] Level 1:colcon.colcon_core.package_identification:_identify(src/yolo_v5) by extensions ['ignore', 'ignore_ament_install']
[0.516s] Level 1:colcon.colcon_core.package_identification:_identify(src/yolo_v5) by extension 'ignore'
[0.516s] Level 1:colcon.colcon_core.package_identification:_identify(src/yolo_v5) by extension 'ignore_ament_install'
[0.516s] Level 1:colcon.colcon_core.package_identification:_identify(src/yolo_v5) by extensions ['colcon_pkg']
[0.516s] Level 1:colcon.colcon_core.package_identification:_identify(src/yolo_v5) by extension 'colcon_pkg'
[0.516s] Level 1:colcon.colcon_core.package_identification:_identify(src/yolo_v5) by extensions ['colcon_meta']
[0.516s] Level 1:colcon.colcon_core.package_identification:_identify(src/yolo_v5) by extension 'colcon_meta'
[0.516s] Level 1:colcon.colcon_core.package_identification:_identify(src/yolo_v5) by extensions ['ros']
[0.516s] Level 1:colcon.colcon_core.package_identification:_identify(src/yolo_v5) by extension 'ros'
[0.517s] DEBUG:colcon.colcon_core.package_identification:Package 'src/yolo_v5' with type 'ros.ament_python' and name 'yolo_v5'
[0.517s] Level 1:colcon.colcon_core.package_discovery:discover_packages(recursive) using defaults
[0.517s] Level 1:colcon.colcon_core.package_discovery:discover_packages(ignore) discover
[0.517s] Level 1:colcon.colcon_core.package_discovery:discover_packages(ignore) using defaults
[0.517s] Level 1:colcon.colcon_core.package_discovery:discover_packages(path) discover
[0.517s] Level 1:colcon.colcon_core.package_discovery:discover_packages(path) using defaults
[0.545s] INFO:colcon.colcon_core.package_selection:Skipping not selected package 'fishbot_bringup' in 'src/fishbot/src/fishbot_bringup'
[0.545s] INFO:colcon.colcon_core.package_selection:Skipping not selected package 'fishbot_cartographer' in 'src/fishbot/src/fishbot_cartographer'
[0.545s] INFO:colcon.colcon_core.package_selection:Skipping not selected package 'fishbot_description' in 'src/fishbot/src/fishbot_description'
[0.545s] INFO:colcon.colcon_core.package_selection:Skipping not selected package 'fishbot_interfaces' in 'src/fishbot/src/fishbot_interfaces'
[0.545s] INFO:colcon.colcon_core.package_selection:Skipping not selected package 'fishbot_navigation2' in 'src/fishbot/src/fishbot_navigation2'
[0.545s] INFO:colcon.colcon_core.package_selection:Skipping not selected package 'micro_ros_msgs' in 'src/micro_ros_msgs'
[0.545s] INFO:colcon.colcon_core.package_selection:Skipping not selected package 'rplidar_ros' in 'src/rplidar_ros'
[0.545s] INFO:colcon.colcon_core.package_selection:Skipping not selected package 'task_scheduler' in 'src/task_scheduler'
[0.545s] INFO:colcon.colcon_core.package_selection:Skipping not selected package 'uboot_chat' in 'src/uboot_chat'
[0.545s] INFO:colcon.colcon_core.package_selection:Skipping not selected package 'yolo_v5' in 'src/yolo_v5'
[0.545s] INFO:colcon.colcon_core.package_selection:Skipping not selected package 'micro_ros_agent' in 'src/micro-ROS-Agent/micro_ros_agent'
[0.546s] Level 1:colcon.colcon_core.package_discovery:discover_packages(prefix_path) check parameters
[0.546s] Level 1:colcon.colcon_core.package_discovery:discover_packages(prefix_path) discover
[0.571s] DEBUG:colcon.colcon_installed_package_information.package_discovery:Found 12 installed packages in /home/uboot/data/ros2_uboot/install
[0.573s] DEBUG:colcon.colcon_installed_package_information.package_discovery:Found 293 installed packages in /opt/ros/foxy
[0.575s] Level 1:colcon.colcon_core.package_discovery:discover_packages(prefix_path) using defaults
[0.654s] Level 5:colcon.colcon_core.verb:set package 'sensor' build argument 'cmake_args' from command line to 'None'
[0.654s] Level 5:colcon.colcon_core.verb:set package 'sensor' build argument 'cmake_target' from command line to 'None'
[0.654s] Level 5:colcon.colcon_core.verb:set package 'sensor' build argument 'cmake_target_skip_unavailable' from command line to 'False'
[0.654s] Level 5:colcon.colcon_core.verb:set package 'sensor' build argument 'cmake_clean_cache' from command line to 'False'
[0.654s] Level 5:colcon.colcon_core.verb:set package 'sensor' build argument 'cmake_clean_first' from command line to 'False'
[0.654s] Level 5:colcon.colcon_core.verb:set package 'sensor' build argument 'cmake_force_configure' from command line to 'False'
[0.654s] Level 5:colcon.colcon_core.verb:set package 'sensor' build argument 'ament_cmake_args' from command line to 'None'
[0.654s] Level 5:colcon.colcon_core.verb:set package 'sensor' build argument 'catkin_cmake_args' from command line to 'None'
[0.654s] Level 5:colcon.colcon_core.verb:set package 'sensor' build argument 'catkin_skip_building_tests' from command line to 'False'
[0.654s] DEBUG:colcon.colcon_core.verb:Building package 'sensor' with the following arguments: {'ament_cmake_args': None, 'build_base': '/home/uboot/data/ros2_uboot/build/sensor', 'catkin_cmake_args': None, 'catkin_skip_building_tests': False, 'cmake_args': None, 'cmake_clean_cache': False, 'cmake_clean_first': False, 'cmake_force_configure': False, 'cmake_target': None, 'cmake_target_skip_unavailable': False, 'install_base': '/home/uboot/data/ros2_uboot/install/sensor', 'merge_install': False, 'path': '/home/uboot/data/ros2_uboot/src/sensor', 'symlink_install': False, 'test_result_base': None}
[0.655s] INFO:colcon.colcon_core.executor:Executing jobs using 'parallel' executor
[0.656s] DEBUG:colcon.colcon_parallel_executor.executor.parallel:run_until_complete
[0.656s] INFO:colcon.colcon_ros.task.ament_cmake.build:Building ROS package in '/home/uboot/data/ros2_uboot/src/sensor' with build type 'ament_cmake'
[0.657s] INFO:colcon.colcon_cmake.task.cmake.build:Building CMake package in '/home/uboot/data/ros2_uboot/src/sensor'
[0.661s] INFO:colcon.colcon_core.plugin_system:Skipping extension 'colcon_core.shell.bat': Not used on non-Windows systems
[0.662s] INFO:colcon.colcon_core.shell:Skip shell extension 'powershell' for command environment: Not usable outside of PowerShell
[0.662s] DEBUG:colcon.colcon_core.shell:Skip shell extension 'dsv' for command environment
[0.681s] DEBUG:colcon.colcon_core.event_handler.log_command:Invoking command in '/home/uboot/data/ros2_uboot/build/sensor': CMAKE_PREFIX_PATH=${CMAKE_PREFIX_PATH}:/home/uboot/data/ros2_uboot/install/yolo_v5:/home/uboot/data/ros2_uboot/install/uboot_chat:/home/uboot/data/ros2_uboot/install/task_scheduler:/home/uboot/data/ros2_uboot/install/fishbot_description:/opt/ros/foxy /usr/bin/cmake --build /home/uboot/data/ros2_uboot/build/sensor -- -j8 -l8
[6.201s] DEBUG:colcon.colcon_core.event_handler.log_command:Invoked command in '/home/uboot/data/ros2_uboot/build/sensor' returned '0': CMAKE_PREFIX_PATH=${CMAKE_PREFIX_PATH}:/home/uboot/data/ros2_uboot/install/yolo_v5:/home/uboot/data/ros2_uboot/install/uboot_chat:/home/uboot/data/ros2_uboot/install/task_scheduler:/home/uboot/data/ros2_uboot/install/fishbot_description:/opt/ros/foxy /usr/bin/cmake --build /home/uboot/data/ros2_uboot/build/sensor -- -j8 -l8
[6.225s] DEBUG:colcon.colcon_core.event_handler.log_command:Invoking command in '/home/uboot/data/ros2_uboot/build/sensor': CMAKE_PREFIX_PATH=${CMAKE_PREFIX_PATH}:/home/uboot/data/ros2_uboot/install/yolo_v5:/home/uboot/data/ros2_uboot/install/uboot_chat:/home/uboot/data/ros2_uboot/install/task_scheduler:/home/uboot/data/ros2_uboot/install/fishbot_description:/opt/ros/foxy /usr/bin/cmake --install /home/uboot/data/ros2_uboot/build/sensor
[6.304s] Level 1:colcon.colcon_core.environment:create_environment_scripts_only(sensor)
[6.315s] DEBUG:colcon.colcon_core.event_handler.log_command:Invoked command in '/home/uboot/data/ros2_uboot/build/sensor' returned '0': CMAKE_PREFIX_PATH=${CMAKE_PREFIX_PATH}:/home/uboot/data/ros2_uboot/install/yolo_v5:/home/uboot/data/ros2_uboot/install/uboot_chat:/home/uboot/data/ros2_uboot/install/task_scheduler:/home/uboot/data/ros2_uboot/install/fishbot_description:/opt/ros/foxy /usr/bin/cmake --install /home/uboot/data/ros2_uboot/build/sensor
[6.323s] Level 1:colcon.colcon_core.environment:checking '/home/uboot/data/ros2_uboot/install/sensor' for CMake module files
[6.326s] Level 1:colcon.colcon_core.environment:checking '/home/uboot/data/ros2_uboot/install/sensor' for CMake config files
[6.327s] Level 1:colcon.colcon_core.shell:create_environment_hook('sensor', 'cmake_prefix_path')
[6.329s] INFO:colcon.colcon_core.shell:Creating environment hook '/home/uboot/data/ros2_uboot/install/sensor/share/sensor/hook/cmake_prefix_path.ps1'
[6.331s] INFO:colcon.colcon_core.shell:Creating environment descriptor '/home/uboot/data/ros2_uboot/install/sensor/share/sensor/hook/cmake_prefix_path.dsv'
[6.334s] INFO:colcon.colcon_core.shell:Creating environment hook '/home/uboot/data/ros2_uboot/install/sensor/share/sensor/hook/cmake_prefix_path.sh'
[6.338s] Level 1:colcon.colcon_core.environment:checking '/home/uboot/data/ros2_uboot/install/sensor/lib'
[6.339s] Level 1:colcon.colcon_core.shell:create_environment_hook('sensor', 'ld_library_path_lib')
[6.340s] INFO:colcon.colcon_core.shell:Creating environment hook '/home/uboot/data/ros2_uboot/install/sensor/share/sensor/hook/ld_library_path_lib.ps1'
[6.342s] INFO:colcon.colcon_core.shell:Creating environment descriptor '/home/uboot/data/ros2_uboot/install/sensor/share/sensor/hook/ld_library_path_lib.dsv'
[6.344s] INFO:colcon.colcon_core.shell:Creating environment hook '/home/uboot/data/ros2_uboot/install/sensor/share/sensor/hook/ld_library_path_lib.sh'
[6.346s] Level 1:colcon.colcon_core.environment:checking '/home/uboot/data/ros2_uboot/install/sensor/bin'
[6.347s] Level 1:colcon.colcon_core.environment:checking '/home/uboot/data/ros2_uboot/install/sensor/lib/pkgconfig/sensor.pc'
[6.348s] Level 1:colcon.colcon_core.environment:checking '/home/uboot/data/ros2_uboot/install/sensor/lib/python3.8/site-packages'
[6.348s] Level 1:colcon.colcon_core.shell:create_environment_hook('sensor', 'pythonpath')
[6.349s] INFO:colcon.colcon_core.shell:Creating environment hook '/home/uboot/data/ros2_uboot/install/sensor/share/sensor/hook/pythonpath.ps1'
[6.351s] INFO:colcon.colcon_core.shell:Creating environment descriptor '/home/uboot/data/ros2_uboot/install/sensor/share/sensor/hook/pythonpath.dsv'
[6.353s] INFO:colcon.colcon_core.shell:Creating environment hook '/home/uboot/data/ros2_uboot/install/sensor/share/sensor/hook/pythonpath.sh'
[6.355s] Level 1:colcon.colcon_core.environment:checking '/home/uboot/data/ros2_uboot/install/sensor/bin'
[6.357s] INFO:colcon.colcon_core.shell:Creating package script '/home/uboot/data/ros2_uboot/install/sensor/share/sensor/package.ps1'
[6.360s] INFO:colcon.colcon_core.shell:Creating package descriptor '/home/uboot/data/ros2_uboot/install/sensor/share/sensor/package.dsv'
[6.361s] INFO:colcon.colcon_core.shell:Creating package script '/home/uboot/data/ros2_uboot/install/sensor/share/sensor/package.sh'
[6.363s] INFO:colcon.colcon_core.shell:Creating package script '/home/uboot/data/ros2_uboot/install/sensor/share/sensor/package.bash'
[6.364s] INFO:colcon.colcon_core.shell:Creating package script '/home/uboot/data/ros2_uboot/install/sensor/share/sensor/package.zsh'
[6.365s] Level 1:colcon.colcon_core.environment:create_file_with_runtime_dependencies(/home/uboot/data/ros2_uboot/install/sensor/share/colcon-core/packages/sensor)
[6.366s] Level 1:colcon.colcon_core.environment:create_environment_scripts_only(sensor)
[6.366s] Level 1:colcon.colcon_core.environment:checking '/home/uboot/data/ros2_uboot/install/sensor' for CMake module files
[6.367s] Level 1:colcon.colcon_core.environment:checking '/home/uboot/data/ros2_uboot/install/sensor' for CMake config files
[6.368s] Level 1:colcon.colcon_core.shell:create_environment_hook('sensor', 'cmake_prefix_path')
[6.368s] INFO:colcon.colcon_core.shell:Creating environment hook '/home/uboot/data/ros2_uboot/install/sensor/share/sensor/hook/cmake_prefix_path.ps1'
[6.369s] INFO:colcon.colcon_core.shell:Creating environment descriptor '/home/uboot/data/ros2_uboot/install/sensor/share/sensor/hook/cmake_prefix_path.dsv'
[6.370s] INFO:colcon.colcon_core.shell:Creating environment hook '/home/uboot/data/ros2_uboot/install/sensor/share/sensor/hook/cmake_prefix_path.sh'
[6.371s] Level 1:colcon.colcon_core.environment:checking '/home/uboot/data/ros2_uboot/install/sensor/lib'
[6.371s] Level 1:colcon.colcon_core.shell:create_environment_hook('sensor', 'ld_library_path_lib')
[6.371s] INFO:colcon.colcon_core.shell:Creating environment hook '/home/uboot/data/ros2_uboot/install/sensor/share/sensor/hook/ld_library_path_lib.ps1'
[6.372s] INFO:colcon.colcon_core.shell:Creating environment descriptor '/home/uboot/data/ros2_uboot/install/sensor/share/sensor/hook/ld_library_path_lib.dsv'
[6.372s] INFO:colcon.colcon_core.shell:Creating environment hook '/home/uboot/data/ros2_uboot/install/sensor/share/sensor/hook/ld_library_path_lib.sh'
[6.372s] Level 1:colcon.colcon_core.environment:checking '/home/uboot/data/ros2_uboot/install/sensor/bin'
[6.373s] Level 1:colcon.colcon_core.environment:checking '/home/uboot/data/ros2_uboot/install/sensor/lib/pkgconfig/sensor.pc'
[6.373s] Level 1:colcon.colcon_core.environment:checking '/home/uboot/data/ros2_uboot/install/sensor/lib/python3.8/site-packages'
[6.373s] Level 1:colcon.colcon_core.shell:create_environment_hook('sensor', 'pythonpath')
[6.373s] INFO:colcon.colcon_core.shell:Creating environment hook '/home/uboot/data/ros2_uboot/install/sensor/share/sensor/hook/pythonpath.ps1'
[6.374s] INFO:colcon.colcon_core.shell:Creating environment descriptor '/home/uboot/data/ros2_uboot/install/sensor/share/sensor/hook/pythonpath.dsv'
[6.374s] INFO:colcon.colcon_core.shell:Creating environment hook '/home/uboot/data/ros2_uboot/install/sensor/share/sensor/hook/pythonpath.sh'
[6.375s] Level 1:colcon.colcon_core.environment:checking '/home/uboot/data/ros2_uboot/install/sensor/bin'
[6.375s] INFO:colcon.colcon_core.shell:Creating package script '/home/uboot/data/ros2_uboot/install/sensor/share/sensor/package.ps1'
[6.376s] INFO:colcon.colcon_core.shell:Creating package descriptor '/home/uboot/data/ros2_uboot/install/sensor/share/sensor/package.dsv'
[6.377s] INFO:colcon.colcon_core.shell:Creating package script '/home/uboot/data/ros2_uboot/install/sensor/share/sensor/package.sh'
[6.377s] INFO:colcon.colcon_core.shell:Creating package script '/home/uboot/data/ros2_uboot/install/sensor/share/sensor/package.bash'
[6.378s] INFO:colcon.colcon_core.shell:Creating package script '/home/uboot/data/ros2_uboot/install/sensor/share/sensor/package.zsh'
[6.378s] Level 1:colcon.colcon_core.environment:create_file_with_runtime_dependencies(/home/uboot/data/ros2_uboot/install/sensor/share/colcon-core/packages/sensor)
[6.379s] DEBUG:colcon.colcon_parallel_executor.executor.parallel:closing loop
[6.379s] DEBUG:colcon.colcon_parallel_executor.executor.parallel:loop closed
[6.381s] DEBUG:colcon.colcon_parallel_executor.executor.parallel:run_until_complete finished with '0'
[6.381s] DEBUG:colcon.colcon_core.event_reactor:joining thread
[6.389s] INFO:colcon.colcon_core.plugin_system:Skipping extension 'colcon_notification.desktop_notification.terminal_notifier': Not used on non-Darwin systems
[6.389s] INFO:colcon.colcon_core.plugin_system:Skipping extension 'colcon_notification.desktop_notification.win32': Not used on non-Windows systems
[6.389s] INFO:colcon.colcon_notification.desktop_notification:Sending desktop notification using 'notify2'
[31.409s] DEBUG:colcon.colcon_notification.desktop_notification.notify2:Failed to initialize notify2: org.freedesktop.DBus.Error.NoReply: Did not receive a reply. Possible causes include: the remote application did not send a reply, the message bus security policy blocked the reply, the reply timeout expired, or the network connection was broken.
[31.410s] DEBUG:colcon.colcon_core.event_reactor:joined thread
[31.410s] INFO:colcon.colcon_core.shell:Creating prefix script '/home/uboot/data/ros2_uboot/install/local_setup.ps1'
[31.411s] INFO:colcon.colcon_core.shell:Creating prefix util module '/home/uboot/data/ros2_uboot/install/_local_setup_util_ps1.py'
[31.414s] INFO:colcon.colcon_core.shell:Creating prefix chain script '/home/uboot/data/ros2_uboot/install/setup.ps1'
[31.416s] INFO:colcon.colcon_core.shell:Creating prefix script '/home/uboot/data/ros2_uboot/install/local_setup.sh'
[31.417s] INFO:colcon.colcon_core.shell:Creating prefix util module '/home/uboot/data/ros2_uboot/install/_local_setup_util_sh.py'
[31.417s] INFO:colcon.colcon_core.shell:Creating prefix chain script '/home/uboot/data/ros2_uboot/install/setup.sh'
[31.419s] INFO:colcon.colcon_core.shell:Creating prefix script '/home/uboot/data/ros2_uboot/install/local_setup.bash'
[31.419s] INFO:colcon.colcon_core.shell:Creating prefix chain script '/home/uboot/data/ros2_uboot/install/setup.bash'
[31.421s] INFO:colcon.colcon_core.shell:Creating prefix script '/home/uboot/data/ros2_uboot/install/local_setup.zsh'
[31.421s] INFO:colcon.colcon_core.shell:Creating prefix chain script '/home/uboot/data/ros2_uboot/install/setup.zsh'
