[0.162s] Invoking command in '/home/uboot/data/ros2_uboot/build/micro_ros_msgs': CMAKE_PREFIX_PATH=${CMAKE_PREFIX_PATH}:/home/uboot/data/ros2_uboot/install/yolo_v5:/home/uboot/data/ros2_uboot/install/uboot_chat:/home/uboot/data/ros2_uboot/install/task_scheduler:/home/uboot/data/ros2_uboot/install/fishbot_description:/opt/ros/foxy /usr/bin/cmake --build /home/uboot/data/ros2_uboot/build/micro_ros_msgs -- -j8 -l8
[0.708s] [  2%] Built target micro_ros_msgs__cpp
[0.710s] [ 12%] Built target micro_ros_msgs__rosidl_generator_c
[0.710s] [ 23%] Built target micro_ros_msgs__rosidl_typesupport_introspection_cpp
[0.711s] [ 34%] Built target micro_ros_msgs__rosidl_typesupport_cpp
[0.712s] [ 44%] Built target micro_ros_msgs__rosidl_typesupport_introspection_c
[0.714s] [ 55%] Built target micro_ros_msgs__rosidl_typesupport_fastrtps_cpp
[0.716s] [ 65%] Built target micro_ros_msgs__rosidl_typesupport_c
[0.717s] [ 76%] Built target micro_ros_msgs__rosidl_typesupport_fastrtps_c
[0.717s] [ 76%] Built target micro_ros_msgs
[0.717s] [ 78%] Built target micro_ros_msgs__py
[0.741s] [ 87%] Built target micro_ros_msgs__python
[0.810s] [ 91%] Built target micro_ros_msgs__rosidl_typesupport_c__pyext
[0.819s] [ 95%] Built target micro_ros_msgs__rosidl_typesupport_fastrtps_c__pyext
[0.850s] [100%] Built target micro_ros_msgs__rosidl_typesupport_introspection_c__pyext
[1.049s] Invoked command in '/home/uboot/data/ros2_uboot/build/micro_ros_msgs' returned '0': CMAKE_PREFIX_PATH=${CMAKE_PREFIX_PATH}:/home/uboot/data/ros2_uboot/install/yolo_v5:/home/uboot/data/ros2_uboot/install/uboot_chat:/home/uboot/data/ros2_uboot/install/task_scheduler:/home/uboot/data/ros2_uboot/install/fishbot_description:/opt/ros/foxy /usr/bin/cmake --build /home/uboot/data/ros2_uboot/build/micro_ros_msgs -- -j8 -l8
[1.050s] Invoking command in '/home/uboot/data/ros2_uboot/build/micro_ros_msgs': CMAKE_PREFIX_PATH=${CMAKE_PREFIX_PATH}:/home/uboot/data/ros2_uboot/install/yolo_v5:/home/uboot/data/ros2_uboot/install/uboot_chat:/home/uboot/data/ros2_uboot/install/task_scheduler:/home/uboot/data/ros2_uboot/install/fishbot_description:/opt/ros/foxy /usr/bin/cmake --install /home/uboot/data/ros2_uboot/build/micro_ros_msgs
[1.065s] -- Install configuration: ""
[1.065s] -- Up-to-date: /home/uboot/data/ros2_uboot/install/micro_ros_msgs/share/ament_index/resource_index/rosidl_interfaces/micro_ros_msgs
[1.065s] -- Up-to-date: /home/uboot/data/ros2_uboot/install/micro_ros_msgs/include/micro_ros_msgs
[1.065s] -- Up-to-date: /home/uboot/data/ros2_uboot/install/micro_ros_msgs/include/micro_ros_msgs/msg
[1.066s] -- Up-to-date: /home/uboot/data/ros2_uboot/install/micro_ros_msgs/include/micro_ros_msgs/msg/rosidl_generator_c__visibility_control.h
[1.069s] -- Up-to-date: /home/uboot/data/ros2_uboot/install/micro_ros_msgs/include/micro_ros_msgs/msg/graph.h
[1.069s] -- Up-to-date: /home/uboot/data/ros2_uboot/install/micro_ros_msgs/include/micro_ros_msgs/msg/detail
[1.070s] -- Up-to-date: /home/uboot/data/ros2_uboot/install/micro_ros_msgs/include/micro_ros_msgs/msg/detail/node__struct.h
[1.070s] -- Up-to-date: /home/uboot/data/ros2_uboot/install/micro_ros_msgs/include/micro_ros_msgs/msg/detail/graph__functions.h
[1.070s] -- Up-to-date: /home/uboot/data/ros2_uboot/install/micro_ros_msgs/include/micro_ros_msgs/msg/detail/graph__struct.h
[1.070s] -- Up-to-date: /home/uboot/data/ros2_uboot/install/micro_ros_msgs/include/micro_ros_msgs/msg/detail/node__functions.c
[1.070s] -- Up-to-date: /home/uboot/data/ros2_uboot/install/micro_ros_msgs/include/micro_ros_msgs/msg/detail/graph__type_support.h
[1.070s] -- Up-to-date: /home/uboot/data/ros2_uboot/install/micro_ros_msgs/include/micro_ros_msgs/msg/detail/entity__functions.c
[1.070s] -- Up-to-date: /home/uboot/data/ros2_uboot/install/micro_ros_msgs/include/micro_ros_msgs/msg/detail/graph__functions.c
[1.070s] -- Up-to-date: /home/uboot/data/ros2_uboot/install/micro_ros_msgs/include/micro_ros_msgs/msg/detail/node__functions.h
[1.070s] -- Up-to-date: /home/uboot/data/ros2_uboot/install/micro_ros_msgs/include/micro_ros_msgs/msg/detail/entity__functions.h
[1.070s] -- Up-to-date: /home/uboot/data/ros2_uboot/install/micro_ros_msgs/include/micro_ros_msgs/msg/detail/entity__struct.h
[1.070s] -- Up-to-date: /home/uboot/data/ros2_uboot/install/micro_ros_msgs/include/micro_ros_msgs/msg/detail/entity__type_support.h
[1.070s] -- Up-to-date: /home/uboot/data/ros2_uboot/install/micro_ros_msgs/include/micro_ros_msgs/msg/detail/node__type_support.h
[1.070s] -- Up-to-date: /home/uboot/data/ros2_uboot/install/micro_ros_msgs/include/micro_ros_msgs/msg/entity.h
[1.070s] -- Up-to-date: /home/uboot/data/ros2_uboot/install/micro_ros_msgs/include/micro_ros_msgs/msg/node.h
[1.071s] -- Up-to-date: /home/uboot/data/ros2_uboot/install/micro_ros_msgs/share/micro_ros_msgs/environment/library_path.sh
[1.071s] -- Up-to-date: /home/uboot/data/ros2_uboot/install/micro_ros_msgs/share/micro_ros_msgs/environment/library_path.dsv
[1.071s] -- Up-to-date: /home/uboot/data/ros2_uboot/install/micro_ros_msgs/lib/libmicro_ros_msgs__rosidl_generator_c.so
[1.071s] -- Up-to-date: /home/uboot/data/ros2_uboot/install/micro_ros_msgs/include/micro_ros_msgs
[1.071s] -- Up-to-date: /home/uboot/data/ros2_uboot/install/micro_ros_msgs/include/micro_ros_msgs/msg
[1.071s] -- Up-to-date: /home/uboot/data/ros2_uboot/install/micro_ros_msgs/include/micro_ros_msgs/msg/detail
[1.071s] -- Up-to-date: /home/uboot/data/ros2_uboot/install/micro_ros_msgs/include/micro_ros_msgs/msg/detail/entity__rosidl_typesupport_fastrtps_c.h
[1.071s] -- Up-to-date: /home/uboot/data/ros2_uboot/install/micro_ros_msgs/include/micro_ros_msgs/msg/detail/node__rosidl_typesupport_fastrtps_c.h
[1.071s] -- Up-to-date: /home/uboot/data/ros2_uboot/install/micro_ros_msgs/include/micro_ros_msgs/msg/detail/graph__rosidl_typesupport_fastrtps_c.h
[1.071s] -- Up-to-date: /home/uboot/data/ros2_uboot/install/micro_ros_msgs/include/micro_ros_msgs/msg/rosidl_typesupport_fastrtps_c__visibility_control.h
[1.071s] -- Up-to-date: /home/uboot/data/ros2_uboot/install/micro_ros_msgs/lib/libmicro_ros_msgs__rosidl_typesupport_fastrtps_c.so
[1.071s] -- Up-to-date: /home/uboot/data/ros2_uboot/install/micro_ros_msgs/include/micro_ros_msgs
[1.071s] -- Up-to-date: /home/uboot/data/ros2_uboot/install/micro_ros_msgs/include/micro_ros_msgs/msg
[1.071s] -- Up-to-date: /home/uboot/data/ros2_uboot/install/micro_ros_msgs/include/micro_ros_msgs/msg/rosidl_typesupport_fastrtps_cpp__visibility_control.h
[1.072s] -- Up-to-date: /home/uboot/data/ros2_uboot/install/micro_ros_msgs/include/micro_ros_msgs/msg/detail
[1.072s] -- Up-to-date: /home/uboot/data/ros2_uboot/install/micro_ros_msgs/include/micro_ros_msgs/msg/detail/graph__rosidl_typesupport_fastrtps_cpp.hpp
[1.072s] -- Up-to-date: /home/uboot/data/ros2_uboot/install/micro_ros_msgs/include/micro_ros_msgs/msg/detail/node__rosidl_typesupport_fastrtps_cpp.hpp
[1.072s] -- Up-to-date: /home/uboot/data/ros2_uboot/install/micro_ros_msgs/include/micro_ros_msgs/msg/detail/dds_fastrtps
[1.072s] -- Up-to-date: /home/uboot/data/ros2_uboot/install/micro_ros_msgs/include/micro_ros_msgs/msg/detail/entity__rosidl_typesupport_fastrtps_cpp.hpp
[1.072s] -- Up-to-date: /home/uboot/data/ros2_uboot/install/micro_ros_msgs/lib/libmicro_ros_msgs__rosidl_typesupport_fastrtps_cpp.so
[1.072s] -- Up-to-date: /home/uboot/data/ros2_uboot/install/micro_ros_msgs/include/micro_ros_msgs
[1.072s] -- Up-to-date: /home/uboot/data/ros2_uboot/install/micro_ros_msgs/include/micro_ros_msgs/msg
[1.073s] -- Up-to-date: /home/uboot/data/ros2_uboot/install/micro_ros_msgs/include/micro_ros_msgs/msg/rosidl_typesupport_introspection_c__visibility_control.h
[1.073s] -- Up-to-date: /home/uboot/data/ros2_uboot/install/micro_ros_msgs/include/micro_ros_msgs/msg/detail
[1.073s] -- Up-to-date: /home/uboot/data/ros2_uboot/install/micro_ros_msgs/include/micro_ros_msgs/msg/detail/node__type_support.c
[1.073s] -- Up-to-date: /home/uboot/data/ros2_uboot/install/micro_ros_msgs/include/micro_ros_msgs/msg/detail/graph__rosidl_typesupport_introspection_c.h
[1.073s] -- Up-to-date: /home/uboot/data/ros2_uboot/install/micro_ros_msgs/include/micro_ros_msgs/msg/detail/node__rosidl_typesupport_introspection_c.h
[1.073s] -- Up-to-date: /home/uboot/data/ros2_uboot/install/micro_ros_msgs/include/micro_ros_msgs/msg/detail/entity__rosidl_typesupport_introspection_c.h
[1.074s] -- Up-to-date: /home/uboot/data/ros2_uboot/install/micro_ros_msgs/include/micro_ros_msgs/msg/detail/graph__type_support.c
[1.074s] -- Up-to-date: /home/uboot/data/ros2_uboot/install/micro_ros_msgs/include/micro_ros_msgs/msg/detail/entity__type_support.c
[1.074s] -- Up-to-date: /home/uboot/data/ros2_uboot/install/micro_ros_msgs/lib/libmicro_ros_msgs__rosidl_typesupport_introspection_c.so
[1.074s] -- Up-to-date: /home/uboot/data/ros2_uboot/install/micro_ros_msgs/lib/libmicro_ros_msgs__rosidl_typesupport_c.so
[1.074s] -- Up-to-date: /home/uboot/data/ros2_uboot/install/micro_ros_msgs/include/micro_ros_msgs
[1.074s] -- Up-to-date: /home/uboot/data/ros2_uboot/install/micro_ros_msgs/include/micro_ros_msgs/msg
[1.074s] -- Up-to-date: /home/uboot/data/ros2_uboot/install/micro_ros_msgs/include/micro_ros_msgs/msg/detail
[1.074s] -- Up-to-date: /home/uboot/data/ros2_uboot/install/micro_ros_msgs/include/micro_ros_msgs/msg/detail/graph__type_support.hpp
[1.075s] -- Up-to-date: /home/uboot/data/ros2_uboot/install/micro_ros_msgs/include/micro_ros_msgs/msg/detail/graph__struct.hpp
[1.075s] -- Up-to-date: /home/uboot/data/ros2_uboot/install/micro_ros_msgs/include/micro_ros_msgs/msg/detail/node__traits.hpp
[1.075s] -- Up-to-date: /home/uboot/data/ros2_uboot/install/micro_ros_msgs/include/micro_ros_msgs/msg/detail/node__builder.hpp
[1.075s] -- Up-to-date: /home/uboot/data/ros2_uboot/install/micro_ros_msgs/include/micro_ros_msgs/msg/detail/graph__traits.hpp
[1.075s] -- Up-to-date: /home/uboot/data/ros2_uboot/install/micro_ros_msgs/include/micro_ros_msgs/msg/detail/node__struct.hpp
[1.075s] -- Up-to-date: /home/uboot/data/ros2_uboot/install/micro_ros_msgs/include/micro_ros_msgs/msg/detail/graph__builder.hpp
[1.076s] -- Up-to-date: /home/uboot/data/ros2_uboot/install/micro_ros_msgs/include/micro_ros_msgs/msg/detail/node__type_support.hpp
[1.077s] -- Up-to-date: /home/uboot/data/ros2_uboot/install/micro_ros_msgs/include/micro_ros_msgs/msg/detail/entity__builder.hpp
[1.077s] -- Up-to-date: /home/uboot/data/ros2_uboot/install/micro_ros_msgs/include/micro_ros_msgs/msg/detail/entity__traits.hpp
[1.079s] -- Up-to-date: /home/uboot/data/ros2_uboot/install/micro_ros_msgs/include/micro_ros_msgs/msg/detail/entity__type_support.hpp
[1.081s] -- Up-to-date: /home/uboot/data/ros2_uboot/install/micro_ros_msgs/include/micro_ros_msgs/msg/detail/entity__struct.hpp
[1.082s] -- Up-to-date: /home/uboot/data/ros2_uboot/install/micro_ros_msgs/include/micro_ros_msgs/msg/graph.hpp
[1.082s] -- Up-to-date: /home/uboot/data/ros2_uboot/install/micro_ros_msgs/include/micro_ros_msgs/msg/node.hpp
[1.082s] -- Up-to-date: /home/uboot/data/ros2_uboot/install/micro_ros_msgs/include/micro_ros_msgs/msg/entity.hpp
[1.083s] -- Up-to-date: /home/uboot/data/ros2_uboot/install/micro_ros_msgs/include/micro_ros_msgs/msg/rosidl_generator_cpp__visibility_control.hpp
[1.083s] -- Up-to-date: /home/uboot/data/ros2_uboot/install/micro_ros_msgs/include/micro_ros_msgs
[1.083s] -- Up-to-date: /home/uboot/data/ros2_uboot/install/micro_ros_msgs/include/micro_ros_msgs/msg
[1.083s] -- Up-to-date: /home/uboot/data/ros2_uboot/install/micro_ros_msgs/include/micro_ros_msgs/msg/detail
[1.083s] -- Up-to-date: /home/uboot/data/ros2_uboot/install/micro_ros_msgs/include/micro_ros_msgs/msg/detail/entity__type_support.cpp
[1.083s] -- Up-to-date: /home/uboot/data/ros2_uboot/install/micro_ros_msgs/include/micro_ros_msgs/msg/detail/node__type_support.cpp
[1.083s] -- Up-to-date: /home/uboot/data/ros2_uboot/install/micro_ros_msgs/include/micro_ros_msgs/msg/detail/graph__type_support.cpp
[1.083s] -- Up-to-date: /home/uboot/data/ros2_uboot/install/micro_ros_msgs/include/micro_ros_msgs/msg/detail/entity__rosidl_typesupport_introspection_cpp.hpp
[1.083s] -- Up-to-date: /home/uboot/data/ros2_uboot/install/micro_ros_msgs/include/micro_ros_msgs/msg/detail/node__rosidl_typesupport_introspection_cpp.hpp
[1.083s] -- Up-to-date: /home/uboot/data/ros2_uboot/install/micro_ros_msgs/include/micro_ros_msgs/msg/detail/graph__rosidl_typesupport_introspection_cpp.hpp
[1.083s] -- Up-to-date: /home/uboot/data/ros2_uboot/install/micro_ros_msgs/lib/libmicro_ros_msgs__rosidl_typesupport_introspection_cpp.so
[1.083s] -- Up-to-date: /home/uboot/data/ros2_uboot/install/micro_ros_msgs/lib/libmicro_ros_msgs__rosidl_typesupport_cpp.so
[1.083s] -- Up-to-date: /home/uboot/data/ros2_uboot/install/micro_ros_msgs/share/micro_ros_msgs/environment/pythonpath.sh
[1.084s] -- Up-to-date: /home/uboot/data/ros2_uboot/install/micro_ros_msgs/share/micro_ros_msgs/environment/pythonpath.dsv
[1.084s] -- Up-to-date: /home/uboot/data/ros2_uboot/install/micro_ros_msgs/lib/python3.8/site-packages/micro_ros_msgs/__init__.py
[1.157s] -- Up-to-date: /home/uboot/data/ros2_uboot/install/micro_ros_msgs/lib/python3.8/site-packages/micro_ros_msgs/msg
[1.157s] -- Up-to-date: /home/uboot/data/ros2_uboot/install/micro_ros_msgs/lib/python3.8/site-packages/micro_ros_msgs/msg/__init__.py
[1.157s] -- Up-to-date: /home/uboot/data/ros2_uboot/install/micro_ros_msgs/lib/python3.8/site-packages/micro_ros_msgs/msg/_node_s.c
[1.157s] -- Up-to-date: /home/uboot/data/ros2_uboot/install/micro_ros_msgs/lib/python3.8/site-packages/micro_ros_msgs/msg/_entity_s.c
[1.158s] -- Up-to-date: /home/uboot/data/ros2_uboot/install/micro_ros_msgs/lib/python3.8/site-packages/micro_ros_msgs/msg/_graph.py
[1.158s] -- Up-to-date: /home/uboot/data/ros2_uboot/install/micro_ros_msgs/lib/python3.8/site-packages/micro_ros_msgs/msg/_node.py
[1.158s] -- Up-to-date: /home/uboot/data/ros2_uboot/install/micro_ros_msgs/lib/python3.8/site-packages/micro_ros_msgs/msg/_graph_s.c
[1.158s] -- Up-to-date: /home/uboot/data/ros2_uboot/install/micro_ros_msgs/lib/python3.8/site-packages/micro_ros_msgs/msg/_entity.py
[1.158s] -- Up-to-date: /home/uboot/data/ros2_uboot/install/micro_ros_msgs/lib/python3.8/site-packages/micro_ros_msgs/micro_ros_msgs_s__rosidl_typesupport_fastrtps_c.cpython-38-aarch64-linux-gnu.so
[1.158s] -- Up-to-date: /home/uboot/data/ros2_uboot/install/micro_ros_msgs/lib/python3.8/site-packages/micro_ros_msgs/micro_ros_msgs_s__rosidl_typesupport_introspection_c.cpython-38-aarch64-linux-gnu.so
[1.159s] -- Up-to-date: /home/uboot/data/ros2_uboot/install/micro_ros_msgs/lib/python3.8/site-packages/micro_ros_msgs/micro_ros_msgs_s__rosidl_typesupport_c.cpython-38-aarch64-linux-gnu.so
[1.160s] -- Up-to-date: /home/uboot/data/ros2_uboot/install/micro_ros_msgs/lib/libmicro_ros_msgs__python.so
[1.160s] -- Up-to-date: /home/uboot/data/ros2_uboot/install/micro_ros_msgs/share/micro_ros_msgs/msg/Graph.idl
[1.160s] -- Up-to-date: /home/uboot/data/ros2_uboot/install/micro_ros_msgs/share/micro_ros_msgs/msg/Node.idl
[1.160s] -- Up-to-date: /home/uboot/data/ros2_uboot/install/micro_ros_msgs/share/micro_ros_msgs/msg/Entity.idl
[1.160s] -- Up-to-date: /home/uboot/data/ros2_uboot/install/micro_ros_msgs/share/micro_ros_msgs/msg/Graph.msg
[1.160s] -- Up-to-date: /home/uboot/data/ros2_uboot/install/micro_ros_msgs/share/micro_ros_msgs/msg/Node.msg
[1.160s] -- Up-to-date: /home/uboot/data/ros2_uboot/install/micro_ros_msgs/share/micro_ros_msgs/msg/Entity.msg
[1.160s] -- Up-to-date: /home/uboot/data/ros2_uboot/install/micro_ros_msgs/share/ament_index/resource_index/package_run_dependencies/micro_ros_msgs
[1.161s] -- Up-to-date: /home/uboot/data/ros2_uboot/install/micro_ros_msgs/share/ament_index/resource_index/parent_prefix_path/micro_ros_msgs
[1.161s] -- Up-to-date: /home/uboot/data/ros2_uboot/install/micro_ros_msgs/share/micro_ros_msgs/environment/ament_prefix_path.sh
[1.161s] -- Up-to-date: /home/uboot/data/ros2_uboot/install/micro_ros_msgs/share/micro_ros_msgs/environment/ament_prefix_path.dsv
[1.161s] -- Up-to-date: /home/uboot/data/ros2_uboot/install/micro_ros_msgs/share/micro_ros_msgs/environment/path.sh
[1.161s] -- Up-to-date: /home/uboot/data/ros2_uboot/install/micro_ros_msgs/share/micro_ros_msgs/environment/path.dsv
[1.161s] -- Up-to-date: /home/uboot/data/ros2_uboot/install/micro_ros_msgs/share/micro_ros_msgs/local_setup.bash
[1.161s] -- Up-to-date: /home/uboot/data/ros2_uboot/install/micro_ros_msgs/share/micro_ros_msgs/local_setup.sh
[1.161s] -- Up-to-date: /home/uboot/data/ros2_uboot/install/micro_ros_msgs/share/micro_ros_msgs/local_setup.zsh
[1.161s] -- Up-to-date: /home/uboot/data/ros2_uboot/install/micro_ros_msgs/share/micro_ros_msgs/local_setup.dsv
[1.161s] -- Installing: /home/uboot/data/ros2_uboot/install/micro_ros_msgs/share/micro_ros_msgs/package.dsv
[1.161s] -- Up-to-date: /home/uboot/data/ros2_uboot/install/micro_ros_msgs/share/ament_index/resource_index/packages/micro_ros_msgs
[1.161s] -- Up-to-date: /home/uboot/data/ros2_uboot/install/micro_ros_msgs/share/micro_ros_msgs/cmake/micro_ros_msgs__rosidl_generator_cExport.cmake
[1.161s] -- Up-to-date: /home/uboot/data/ros2_uboot/install/micro_ros_msgs/share/micro_ros_msgs/cmake/micro_ros_msgs__rosidl_generator_cExport-noconfig.cmake
[1.162s] -- Up-to-date: /home/uboot/data/ros2_uboot/install/micro_ros_msgs/share/micro_ros_msgs/cmake/micro_ros_msgs__rosidl_typesupport_introspection_cExport.cmake
[1.162s] -- Up-to-date: /home/uboot/data/ros2_uboot/install/micro_ros_msgs/share/micro_ros_msgs/cmake/micro_ros_msgs__rosidl_typesupport_introspection_cExport-noconfig.cmake
[1.162s] -- Up-to-date: /home/uboot/data/ros2_uboot/install/micro_ros_msgs/share/micro_ros_msgs/cmake/micro_ros_msgs__rosidl_typesupport_cExport.cmake
[1.162s] -- Up-to-date: /home/uboot/data/ros2_uboot/install/micro_ros_msgs/share/micro_ros_msgs/cmake/micro_ros_msgs__rosidl_typesupport_cExport-noconfig.cmake
[1.162s] -- Up-to-date: /home/uboot/data/ros2_uboot/install/micro_ros_msgs/share/micro_ros_msgs/cmake/micro_ros_msgs__rosidl_generator_cppExport.cmake
[1.162s] -- Up-to-date: /home/uboot/data/ros2_uboot/install/micro_ros_msgs/share/micro_ros_msgs/cmake/micro_ros_msgs__rosidl_typesupport_introspection_cppExport.cmake
[1.162s] -- Up-to-date: /home/uboot/data/ros2_uboot/install/micro_ros_msgs/share/micro_ros_msgs/cmake/micro_ros_msgs__rosidl_typesupport_introspection_cppExport-noconfig.cmake
[1.163s] -- Up-to-date: /home/uboot/data/ros2_uboot/install/micro_ros_msgs/share/micro_ros_msgs/cmake/micro_ros_msgs__rosidl_typesupport_cppExport.cmake
[1.163s] -- Up-to-date: /home/uboot/data/ros2_uboot/install/micro_ros_msgs/share/micro_ros_msgs/cmake/micro_ros_msgs__rosidl_typesupport_cppExport-noconfig.cmake
[1.163s] -- Up-to-date: /home/uboot/data/ros2_uboot/install/micro_ros_msgs/share/micro_ros_msgs/cmake/rosidl_cmake-extras.cmake
[1.163s] -- Up-to-date: /home/uboot/data/ros2_uboot/install/micro_ros_msgs/share/micro_ros_msgs/cmake/ament_cmake_export_dependencies-extras.cmake
[1.163s] -- Up-to-date: /home/uboot/data/ros2_uboot/install/micro_ros_msgs/share/micro_ros_msgs/cmake/ament_cmake_export_libraries-extras.cmake
[1.163s] -- Up-to-date: /home/uboot/data/ros2_uboot/install/micro_ros_msgs/share/micro_ros_msgs/cmake/ament_cmake_export_targets-extras.cmake
[1.163s] -- Up-to-date: /home/uboot/data/ros2_uboot/install/micro_ros_msgs/share/micro_ros_msgs/cmake/ament_cmake_export_include_directories-extras.cmake
[1.163s] -- Up-to-date: /home/uboot/data/ros2_uboot/install/micro_ros_msgs/share/micro_ros_msgs/cmake/rosidl_cmake_export_typesupport_libraries-extras.cmake
[1.163s] -- Up-to-date: /home/uboot/data/ros2_uboot/install/micro_ros_msgs/share/micro_ros_msgs/cmake/rosidl_cmake_export_typesupport_targets-extras.cmake
[1.163s] -- Up-to-date: /home/uboot/data/ros2_uboot/install/micro_ros_msgs/share/micro_ros_msgs/cmake/micro_ros_msgsConfig.cmake
[1.163s] -- Up-to-date: /home/uboot/data/ros2_uboot/install/micro_ros_msgs/share/micro_ros_msgs/cmake/micro_ros_msgsConfig-version.cmake
[1.163s] -- Up-to-date: /home/uboot/data/ros2_uboot/install/micro_ros_msgs/share/micro_ros_msgs/package.xml
[2.171s] Invoked command in '/home/uboot/data/ros2_uboot/build/micro_ros_msgs' returned '0': CMAKE_PREFIX_PATH=${CMAKE_PREFIX_PATH}:/home/uboot/data/ros2_uboot/install/yolo_v5:/home/uboot/data/ros2_uboot/install/uboot_chat:/home/uboot/data/ros2_uboot/install/task_scheduler:/home/uboot/data/ros2_uboot/install/fishbot_description:/opt/ros/foxy /usr/bin/cmake --install /home/uboot/data/ros2_uboot/build/micro_ros_msgs
