[1.709s] Invoking command in '/home/uboot/data/ros2_uboot/src/yolo_v5': PYTHONPATH=/home/uboot/data/ros2_uboot/build/yolo_v5/prefix_override:/usr/lib/python3/dist-packages/colcon_core/task/python/colcon_distutils_commands:/home/uboot/data/ros2_uboot/install/yolo_v5/lib/python3.8/site-packages:${PYTHONPATH} /usr/bin/python3 -W ignore:setup.py install is deprecated -W ignore:easy_install command is deprecated setup.py egg_info --egg-base ../../build/yolo_v5 build --build-base /home/uboot/data/ros2_uboot/build/yolo_v5/build install --record /home/uboot/data/ros2_uboot/build/yolo_v5/install.log --install-scripts $base/lib/yolo_v5 --single-version-externally-managed install_data
[1.978s] running egg_info
[1.979s] writing ../../build/yolo_v5/yolo_v5.egg-info/PKG-INFO
[1.980s] writing dependency_links to ../../build/yolo_v5/yolo_v5.egg-info/dependency_links.txt
[1.981s] writing entry points to ../../build/yolo_v5/yolo_v5.egg-info/entry_points.txt
[1.981s] writing requirements to ../../build/yolo_v5/yolo_v5.egg-info/requires.txt
[1.981s] writing top-level names to ../../build/yolo_v5/yolo_v5.egg-info/top_level.txt
[2.025s] reading manifest file '../../build/yolo_v5/yolo_v5.egg-info/SOURCES.txt'
[2.027s] writing manifest file '../../build/yolo_v5/yolo_v5.egg-info/SOURCES.txt'
[2.027s] running build
[2.028s] running build_py
[2.030s] copying yolo_v5/yolo_node.py -> /home/uboot/data/ros2_uboot/build/yolo_v5/build/lib/yolo_v5
[2.033s] copying yolo_v5/yolo_node_NPU.py -> /home/uboot/data/ros2_uboot/build/yolo_v5/build/lib/yolo_v5
[2.035s] running install
[2.037s] running install_lib
[2.039s] copying /home/uboot/data/ros2_uboot/build/yolo_v5/build/lib/yolo_v5/yolo_node.py -> /home/uboot/data/ros2_uboot/install/yolo_v5/lib/python3.8/site-packages/yolo_v5
[2.040s] copying /home/uboot/data/ros2_uboot/build/yolo_v5/build/lib/yolo_v5/yolo_node_NPU.py -> /home/uboot/data/ros2_uboot/install/yolo_v5/lib/python3.8/site-packages/yolo_v5
[2.043s] byte-compiling /home/uboot/data/ros2_uboot/install/yolo_v5/lib/python3.8/site-packages/yolo_v5/yolo_node.py to yolo_node.cpython-38.pyc
[2.047s] byte-compiling /home/uboot/data/ros2_uboot/install/yolo_v5/lib/python3.8/site-packages/yolo_v5/yolo_node_NPU.py to yolo_node_NPU.cpython-38.pyc
[2.050s] running install_data
[2.051s] running install_egg_info
[2.053s] removing '/home/uboot/data/ros2_uboot/install/yolo_v5/lib/python3.8/site-packages/yolo_v5-0.0.0-py3.8.egg-info' (and everything under it)
[2.054s] Copying ../../build/yolo_v5/yolo_v5.egg-info to /home/uboot/data/ros2_uboot/install/yolo_v5/lib/python3.8/site-packages/yolo_v5-0.0.0-py3.8.egg-info
[2.055s] running install_scripts
[2.080s] Installing start script to /home/uboot/data/ros2_uboot/install/yolo_v5/lib/yolo_v5
[2.082s] writing list of installed files to '/home/uboot/data/ros2_uboot/build/yolo_v5/install.log'
[2.134s] Invoked command in '/home/uboot/data/ros2_uboot/src/yolo_v5' returned '0': PYTHONPATH=/home/uboot/data/ros2_uboot/build/yolo_v5/prefix_override:/usr/lib/python3/dist-packages/colcon_core/task/python/colcon_distutils_commands:/home/uboot/data/ros2_uboot/install/yolo_v5/lib/python3.8/site-packages:${PYTHONPATH} /usr/bin/python3 -W ignore:setup.py install is deprecated -W ignore:easy_install command is deprecated setup.py egg_info --egg-base ../../build/yolo_v5 build --build-base /home/uboot/data/ros2_uboot/build/yolo_v5/build install --record /home/uboot/data/ros2_uboot/build/yolo_v5/install.log --install-scripts $base/lib/yolo_v5 --single-version-externally-managed install_data
