[2.682s] Invoking command in '/home/uboot/data/ros2_uboot/src/fishbot/src/fishbot_description': PYTHONPATH=/home/uboot/data/ros2_uboot/build/fishbot_description/prefix_override:/usr/lib/python3/dist-packages/colcon_core/task/python/colcon_distutils_commands:/home/uboot/data/ros2_uboot/install/fishbot_description/lib/python3.8/site-packages:${PYTHONPATH} /usr/bin/python3 -W ignore:setup.py install is deprecated -W ignore:easy_install command is deprecated setup.py egg_info --egg-base ../../../../build/fishbot_description build --build-base /home/uboot/data/ros2_uboot/build/fishbot_description/build install --record /home/uboot/data/ros2_uboot/build/fishbot_description/install.log --single-version-externally-managed install_data
[2.952s] running egg_info
[2.953s] writing ../../../../build/fishbot_description/fishbot_description.egg-info/PKG-INFO
[2.957s] writing dependency_links to ../../../../build/fishbot_description/fishbot_description.egg-info/dependency_links.txt
[2.959s] writing entry points to ../../../../build/fishbot_description/fishbot_description.egg-info/entry_points.txt
[2.959s] writing requirements to ../../../../build/fishbot_description/fishbot_description.egg-info/requires.txt
[2.960s] writing top-level names to ../../../../build/fishbot_description/fishbot_description.egg-info/top_level.txt
[3.018s] reading manifest file '../../../../build/fishbot_description/fishbot_description.egg-info/SOURCES.txt'
[3.020s] writing manifest file '../../../../build/fishbot_description/fishbot_description.egg-info/SOURCES.txt'
[3.020s] running build
[3.021s] running build_py
[3.022s] running install
[3.024s] running install_lib
[3.027s] running install_data
[3.028s] running install_egg_info
[3.032s] removing '/home/uboot/data/ros2_uboot/install/fishbot_description/lib/python3.8/site-packages/fishbot_description-0.0.0-py3.8.egg-info' (and everything under it)
[3.032s] Copying ../../../../build/fishbot_description/fishbot_description.egg-info to /home/uboot/data/ros2_uboot/install/fishbot_description/lib/python3.8/site-packages/fishbot_description-0.0.0-py3.8.egg-info
[3.033s] running install_scripts
[3.061s] Installing rotate_wheel script to /home/uboot/data/ros2_uboot/install/fishbot_description/lib/fishbot_description
[3.062s] writing list of installed files to '/home/uboot/data/ros2_uboot/build/fishbot_description/install.log'
[3.134s] Invoked command in '/home/uboot/data/ros2_uboot/src/fishbot/src/fishbot_description' returned '0': PYTHONPATH=/home/uboot/data/ros2_uboot/build/fishbot_description/prefix_override:/usr/lib/python3/dist-packages/colcon_core/task/python/colcon_distutils_commands:/home/uboot/data/ros2_uboot/install/fishbot_description/lib/python3.8/site-packages:${PYTHONPATH} /usr/bin/python3 -W ignore:setup.py install is deprecated -W ignore:easy_install command is deprecated setup.py egg_info --egg-base ../../../../build/fishbot_description build --build-base /home/uboot/data/ros2_uboot/build/fishbot_description/build install --record /home/uboot/data/ros2_uboot/build/fishbot_description/install.log --single-version-externally-managed install_data
