[0.177s] Invoking command in '/home/uboot/data/ros2_uboot/build/fishbot_bringup': CMAKE_PREFIX_PATH=/opt/ros/foxy /usr/bin/cmake --build /home/uboot/data/ros2_uboot/build/fishbot_bringup -- -j8 -l8
[0.733s] [100%] Built target odom2tf
[0.742s] Invoked command in '/home/uboot/data/ros2_uboot/build/fishbot_bringup' returned '0': CMAKE_PREFIX_PATH=/opt/ros/foxy /usr/bin/cmake --build /home/uboot/data/ros2_uboot/build/fishbot_bringup -- -j8 -l8
[0.796s] Invoking command in '/home/uboot/data/ros2_uboot/build/fishbot_bringup': CMAKE_PREFIX_PATH=/opt/ros/foxy /usr/bin/cmake --install /home/uboot/data/ros2_uboot/build/fishbot_bringup
[0.826s] -- Install configuration: ""
[0.827s] -- Installing: /home/uboot/data/ros2_uboot/install/fishbot_bringup/lib/fishbot_bringup/odom2tf
[0.827s] -- Set runtime path of "/home/uboot/data/ros2_uboot/install/fishbot_bringup/lib/fishbot_bringup/odom2tf" to ""
[0.828s] -- Installing: /home/uboot/data/ros2_uboot/install/fishbot_bringup/share/fishbot_bringup/launch
[0.828s] -- Installing: /home/uboot/data/ros2_uboot/install/fishbot_bringup/share/fishbot_bringup/launch/bringup_quick.launch.py
[0.829s] -- Installing: /home/uboot/data/ros2_uboot/install/fishbot_bringup/share/fishbot_bringup/launch/bringup.launch.py
[0.829s] -- Installing: /home/uboot/data/ros2_uboot/install/fishbot_bringup/share/fishbot_bringup/launch/urdf2tf.launch.py
[0.829s] -- Installing: /home/uboot/data/ros2_uboot/install/fishbot_bringup/share/fishbot_bringup/launch/fishbot_bringup.launch.py
[0.830s] -- Installing: /home/uboot/data/ros2_uboot/install/fishbot_bringup/share/ament_index/resource_index/package_run_dependencies/fishbot_bringup
[0.830s] -- Installing: /home/uboot/data/ros2_uboot/install/fishbot_bringup/share/ament_index/resource_index/parent_prefix_path/fishbot_bringup
[0.830s] -- Installing: /home/uboot/data/ros2_uboot/install/fishbot_bringup/share/fishbot_bringup/environment/ament_prefix_path.sh
[0.831s] -- Installing: /home/uboot/data/ros2_uboot/install/fishbot_bringup/share/fishbot_bringup/environment/ament_prefix_path.dsv
[0.831s] -- Installing: /home/uboot/data/ros2_uboot/install/fishbot_bringup/share/fishbot_bringup/environment/path.sh
[0.832s] -- Installing: /home/uboot/data/ros2_uboot/install/fishbot_bringup/share/fishbot_bringup/environment/path.dsv
[0.832s] -- Installing: /home/uboot/data/ros2_uboot/install/fishbot_bringup/share/fishbot_bringup/local_setup.bash
[0.833s] -- Installing: /home/uboot/data/ros2_uboot/install/fishbot_bringup/share/fishbot_bringup/local_setup.sh
[0.833s] -- Installing: /home/uboot/data/ros2_uboot/install/fishbot_bringup/share/fishbot_bringup/local_setup.zsh
[0.834s] -- Installing: /home/uboot/data/ros2_uboot/install/fishbot_bringup/share/fishbot_bringup/local_setup.dsv
[0.834s] -- Installing: /home/uboot/data/ros2_uboot/install/fishbot_bringup/share/fishbot_bringup/package.dsv
[0.834s] -- Installing: /home/uboot/data/ros2_uboot/install/fishbot_bringup/share/ament_index/resource_index/packages/fishbot_bringup
[0.835s] -- Installing: /home/uboot/data/ros2_uboot/install/fishbot_bringup/share/fishbot_bringup/cmake/fishbot_bringupConfig.cmake
[0.835s] -- Installing: /home/uboot/data/ros2_uboot/install/fishbot_bringup/share/fishbot_bringup/cmake/fishbot_bringupConfig-version.cmake
[0.835s] -- Installing: /home/uboot/data/ros2_uboot/install/fishbot_bringup/share/fishbot_bringup/package.xml
[0.898s] Invoked command in '/home/uboot/data/ros2_uboot/build/fishbot_bringup' returned '0': CMAKE_PREFIX_PATH=/opt/ros/foxy /usr/bin/cmake --install /home/uboot/data/ros2_uboot/build/fishbot_bringup
