[0.020s] Invoking command in '/home/uboot/data/ros2_uboot/build/sensor': CMAKE_PREFIX_PATH=${CMAKE_PREFIX_PATH}:/home/uboot/data/ros2_uboot/install/yolo_v5:/home/uboot/data/ros2_uboot/install/uboot_chat:/home/uboot/data/ros2_uboot/install/task_scheduler:/home/uboot/data/ros2_uboot/install/fishbot_description:/opt/ros/foxy /usr/bin/cmake --build /home/uboot/data/ros2_uboot/build/sensor -- -j8 -l8
[0.147s] [35m[1mScanning dependencies of target sensor_node[0m
[0.173s] [  4%] Built target human_detector_client
[0.175s] [  6%] Built target sensor__cpp
[0.198s] [  8%] [32mBuilding CXX object CMakeFiles/sensor_node.dir/src/sensor_node.cpp.o[0m
[0.199s] [ 12%] Built target do_something_server
[0.210s] [ 21%] Built target sensor__rosidl_generator_c
[0.235s] [ 29%] Built target sensor__rosidl_typesupport_fastrtps_cpp
[0.240s] [ 38%] Built target sensor__rosidl_typesupport_cpp
[0.257s] [ 46%] Built target sensor__rosidl_typesupport_introspection_cpp
[0.266s] [ 55%] Built target sensor__rosidl_typesupport_introspection_c
[0.284s] [ 63%] Built target sensor__rosidl_typesupport_c
[0.360s] [ 72%] Built target sensor__rosidl_typesupport_fastrtps_c
[0.437s] [ 72%] Built target sensor
[0.497s] [ 74%] Built target sensor__py
[0.520s] [ 78%] Built target openamp_core1
[0.553s] [ 85%] Built target sensor__python
[0.615s] [ 89%] Built target sensor__rosidl_typesupport_c__pyext
[0.632s] [ 93%] Built target sensor__rosidl_typesupport_introspection_c__pyext
[0.652s] [ 97%] Built target sensor__rosidl_typesupport_fastrtps_c__pyext
[2.168s] [01m[K/home/uboot/data/ros2_uboot/src/sensor/src/sensor_node.cpp:[m[K In member function ‘[01m[Kvoid SensorNode::read_and_publish()[m[K’:
[2.168s] [01m[K/home/uboot/data/ros2_uboot/src/sensor/src/sensor_node.cpp:189:30:[m[K [01;31m[Kerror: [m[K‘[01m[Knpu_score[m[K’ was not declared in this scope
[2.168s]   189 |         npu_msg.percentage = [01;31m[Knpu_score[m[K / 100.0f;  // 转为 0.0 ~ 1.0 区间
[2.169s]       |                              [01;31m[K^~~~~~~~~[m[K
[3.869s] make[2]: *** [CMakeFiles/sensor_node.dir/build.make:63: CMakeFiles/sensor_node.dir/src/sensor_node.cpp.o] Error 1
[3.870s] make[1]: *** [CMakeFiles/Makefile2:559: CMakeFiles/sensor_node.dir/all] Error 2
[3.870s] make: *** [Makefile:141: all] Error 2
[3.873s] Invoked command in '/home/uboot/data/ros2_uboot/build/sensor' returned '2': CMAKE_PREFIX_PATH=${CMAKE_PREFIX_PATH}:/home/uboot/data/ros2_uboot/install/yolo_v5:/home/uboot/data/ros2_uboot/install/uboot_chat:/home/uboot/data/ros2_uboot/install/task_scheduler:/home/uboot/data/ros2_uboot/install/fishbot_description:/opt/ros/foxy /usr/bin/cmake --build /home/uboot/data/ros2_uboot/build/sensor -- -j8 -l8
