[0.617s] Invoking command in '/home/uboot/data/ros2_uboot/build/fishbot_interfaces': CMAKE_PREFIX_PATH=/opt/ros/foxy /usr/bin/cmake --build /home/uboot/data/ros2_uboot/build/fishbot_interfaces -- -j8 -l8
[0.804s] [  9%] Built target fishbot_interfaces__rosidl_generator_c
[0.823s] [ 12%] Built target fishbot_interfaces__cpp
[0.862s] [ 22%] Built target fishbot_interfaces__rosidl_typesupport_introspection_c
[0.888s] [ 32%] Built target fishbot_interfaces__rosidl_typesupport_c
[0.909s] [ 41%] Built target fishbot_interfaces__rosidl_typesupport_introspection_cpp
[0.914s] [ 51%] Built target fishbot_interfaces__rosidl_typesupport_fastrtps_cpp
[0.935s] [ 61%] Built target fishbot_interfaces__rosidl_typesupport_cpp
[0.994s] [ 70%] Built target fishbot_interfaces__rosidl_typesupport_fastrtps_c
[1.058s] [ 70%] Built target fishbot_interfaces
[1.150s] [ 74%] Built target fishbot_interfaces__py
[1.233s] [ 80%] Built target fishbot_interfaces__python
[1.273s] [ 87%] Built target fishbot_interfaces__rosidl_typesupport_fastrtps_c__pyext
[1.321s] [100%] Built target fishbot_interfaces__rosidl_typesupport_c__pyext
[1.321s] [100%] Built target fishbot_interfaces__rosidl_typesupport_introspection_c__pyext
[2.221s] Invoked command in '/home/uboot/data/ros2_uboot/build/fishbot_interfaces' returned '0': CMAKE_PREFIX_PATH=/opt/ros/foxy /usr/bin/cmake --build /home/uboot/data/ros2_uboot/build/fishbot_interfaces -- -j8 -l8
[2.231s] Invoking command in '/home/uboot/data/ros2_uboot/build/fishbot_interfaces': CMAKE_PREFIX_PATH=/opt/ros/foxy /usr/bin/cmake --install /home/uboot/data/ros2_uboot/build/fishbot_interfaces
[2.415s] -- Install configuration: ""
[2.418s] -- Up-to-date: /home/uboot/data/ros2_uboot/install/fishbot_interfaces/share/ament_index/resource_index/rosidl_interfaces/fishbot_interfaces
[2.419s] -- Up-to-date: /home/uboot/data/ros2_uboot/install/fishbot_interfaces/include/fishbot_interfaces
[2.419s] -- Up-to-date: /home/uboot/data/ros2_uboot/install/fishbot_interfaces/include/fishbot_interfaces/msg
[2.419s] -- Up-to-date: /home/uboot/data/ros2_uboot/install/fishbot_interfaces/include/fishbot_interfaces/msg/rosidl_generator_c__visibility_control.h
[2.421s] -- Up-to-date: /home/uboot/data/ros2_uboot/install/fishbot_interfaces/include/fishbot_interfaces/srv
[2.422s] -- Up-to-date: /home/uboot/data/ros2_uboot/install/fishbot_interfaces/include/fishbot_interfaces/srv/detail
[2.430s] -- Up-to-date: /home/uboot/data/ros2_uboot/install/fishbot_interfaces/include/fishbot_interfaces/srv/detail/fish_bot_config__functions.c
[2.433s] -- Up-to-date: /home/uboot/data/ros2_uboot/install/fishbot_interfaces/include/fishbot_interfaces/srv/detail/fish_bot_config__struct.h
[2.435s] -- Up-to-date: /home/uboot/data/ros2_uboot/install/fishbot_interfaces/include/fishbot_interfaces/srv/detail/fish_bot_config__functions.h
[2.435s] -- Up-to-date: /home/uboot/data/ros2_uboot/install/fishbot_interfaces/include/fishbot_interfaces/srv/detail/fish_bot_config__type_support.h
[2.437s] -- Up-to-date: /home/uboot/data/ros2_uboot/install/fishbot_interfaces/include/fishbot_interfaces/srv/fish_bot_config.h
[2.439s] -- Up-to-date: /home/uboot/data/ros2_uboot/install/fishbot_interfaces/share/fishbot_interfaces/environment/library_path.sh
[2.440s] -- Up-to-date: /home/uboot/data/ros2_uboot/install/fishbot_interfaces/share/fishbot_interfaces/environment/library_path.dsv
[2.441s] -- Up-to-date: /home/uboot/data/ros2_uboot/install/fishbot_interfaces/lib/libfishbot_interfaces__rosidl_generator_c.so
[2.442s] -- Up-to-date: /home/uboot/data/ros2_uboot/install/fishbot_interfaces/include/fishbot_interfaces
[2.447s] -- Up-to-date: /home/uboot/data/ros2_uboot/install/fishbot_interfaces/include/fishbot_interfaces/msg
[2.447s] -- Up-to-date: /home/uboot/data/ros2_uboot/install/fishbot_interfaces/include/fishbot_interfaces/msg/rosidl_typesupport_fastrtps_c__visibility_control.h
[2.448s] -- Up-to-date: /home/uboot/data/ros2_uboot/install/fishbot_interfaces/include/fishbot_interfaces/srv
[2.448s] -- Up-to-date: /home/uboot/data/ros2_uboot/install/fishbot_interfaces/include/fishbot_interfaces/srv/detail
[2.448s] -- Up-to-date: /home/uboot/data/ros2_uboot/install/fishbot_interfaces/include/fishbot_interfaces/srv/detail/fish_bot_config__rosidl_typesupport_fastrtps_c.h
[2.448s] -- Up-to-date: /home/uboot/data/ros2_uboot/install/fishbot_interfaces/lib/libfishbot_interfaces__rosidl_typesupport_fastrtps_c.so
[2.448s] -- Up-to-date: /home/uboot/data/ros2_uboot/install/fishbot_interfaces/include/fishbot_interfaces
[2.448s] -- Up-to-date: /home/uboot/data/ros2_uboot/install/fishbot_interfaces/include/fishbot_interfaces/msg
[2.448s] -- Up-to-date: /home/uboot/data/ros2_uboot/install/fishbot_interfaces/include/fishbot_interfaces/msg/rosidl_typesupport_fastrtps_cpp__visibility_control.h
[2.448s] -- Up-to-date: /home/uboot/data/ros2_uboot/install/fishbot_interfaces/include/fishbot_interfaces/srv
[2.448s] -- Up-to-date: /home/uboot/data/ros2_uboot/install/fishbot_interfaces/include/fishbot_interfaces/srv/detail
[2.449s] -- Up-to-date: /home/uboot/data/ros2_uboot/install/fishbot_interfaces/include/fishbot_interfaces/srv/detail/dds_fastrtps
[2.449s] -- Up-to-date: /home/uboot/data/ros2_uboot/install/fishbot_interfaces/include/fishbot_interfaces/srv/detail/fish_bot_config__rosidl_typesupport_fastrtps_cpp.hpp
[2.449s] -- Up-to-date: /home/uboot/data/ros2_uboot/install/fishbot_interfaces/lib/libfishbot_interfaces__rosidl_typesupport_fastrtps_cpp.so
[2.449s] -- Up-to-date: /home/uboot/data/ros2_uboot/install/fishbot_interfaces/include/fishbot_interfaces
[2.449s] -- Up-to-date: /home/uboot/data/ros2_uboot/install/fishbot_interfaces/include/fishbot_interfaces/msg
[2.449s] -- Up-to-date: /home/uboot/data/ros2_uboot/install/fishbot_interfaces/include/fishbot_interfaces/msg/rosidl_typesupport_introspection_c__visibility_control.h
[2.449s] -- Up-to-date: /home/uboot/data/ros2_uboot/install/fishbot_interfaces/include/fishbot_interfaces/srv
[2.449s] -- Up-to-date: /home/uboot/data/ros2_uboot/install/fishbot_interfaces/include/fishbot_interfaces/srv/detail
[2.449s] -- Up-to-date: /home/uboot/data/ros2_uboot/install/fishbot_interfaces/include/fishbot_interfaces/srv/detail/fish_bot_config__type_support.c
[2.450s] -- Up-to-date: /home/uboot/data/ros2_uboot/install/fishbot_interfaces/include/fishbot_interfaces/srv/detail/fish_bot_config__rosidl_typesupport_introspection_c.h
[2.450s] -- Up-to-date: /home/uboot/data/ros2_uboot/install/fishbot_interfaces/lib/libfishbot_interfaces__rosidl_typesupport_introspection_c.so
[2.450s] -- Up-to-date: /home/uboot/data/ros2_uboot/install/fishbot_interfaces/lib/libfishbot_interfaces__rosidl_typesupport_c.so
[2.450s] -- Up-to-date: /home/uboot/data/ros2_uboot/install/fishbot_interfaces/include/fishbot_interfaces
[2.450s] -- Up-to-date: /home/uboot/data/ros2_uboot/install/fishbot_interfaces/include/fishbot_interfaces/msg
[2.450s] -- Up-to-date: /home/uboot/data/ros2_uboot/install/fishbot_interfaces/include/fishbot_interfaces/msg/rosidl_generator_cpp__visibility_control.hpp
[2.450s] -- Up-to-date: /home/uboot/data/ros2_uboot/install/fishbot_interfaces/include/fishbot_interfaces/srv
[2.450s] -- Up-to-date: /home/uboot/data/ros2_uboot/install/fishbot_interfaces/include/fishbot_interfaces/srv/detail
[2.450s] -- Up-to-date: /home/uboot/data/ros2_uboot/install/fishbot_interfaces/include/fishbot_interfaces/srv/detail/fish_bot_config__builder.hpp
[2.450s] -- Up-to-date: /home/uboot/data/ros2_uboot/install/fishbot_interfaces/include/fishbot_interfaces/srv/detail/fish_bot_config__struct.hpp
[2.451s] -- Up-to-date: /home/uboot/data/ros2_uboot/install/fishbot_interfaces/include/fishbot_interfaces/srv/detail/fish_bot_config__type_support.hpp
[2.451s] -- Up-to-date: /home/uboot/data/ros2_uboot/install/fishbot_interfaces/include/fishbot_interfaces/srv/detail/fish_bot_config__traits.hpp
[2.451s] -- Up-to-date: /home/uboot/data/ros2_uboot/install/fishbot_interfaces/include/fishbot_interfaces/srv/fish_bot_config.hpp
[2.451s] -- Up-to-date: /home/uboot/data/ros2_uboot/install/fishbot_interfaces/include/fishbot_interfaces
[2.451s] -- Up-to-date: /home/uboot/data/ros2_uboot/install/fishbot_interfaces/include/fishbot_interfaces/srv
[2.451s] -- Up-to-date: /home/uboot/data/ros2_uboot/install/fishbot_interfaces/include/fishbot_interfaces/srv/detail
[2.451s] -- Up-to-date: /home/uboot/data/ros2_uboot/install/fishbot_interfaces/include/fishbot_interfaces/srv/detail/fish_bot_config__type_support.cpp
[2.451s] -- Up-to-date: /home/uboot/data/ros2_uboot/install/fishbot_interfaces/include/fishbot_interfaces/srv/detail/fish_bot_config__rosidl_typesupport_introspection_cpp.hpp
[2.451s] -- Up-to-date: /home/uboot/data/ros2_uboot/install/fishbot_interfaces/lib/libfishbot_interfaces__rosidl_typesupport_introspection_cpp.so
[2.451s] -- Up-to-date: /home/uboot/data/ros2_uboot/install/fishbot_interfaces/lib/libfishbot_interfaces__rosidl_typesupport_cpp.so
[2.452s] -- Up-to-date: /home/uboot/data/ros2_uboot/install/fishbot_interfaces/share/fishbot_interfaces/environment/pythonpath.sh
[2.452s] -- Up-to-date: /home/uboot/data/ros2_uboot/install/fishbot_interfaces/share/fishbot_interfaces/environment/pythonpath.dsv
[2.452s] -- Up-to-date: /home/uboot/data/ros2_uboot/install/fishbot_interfaces/lib/python3.8/site-packages/fishbot_interfaces/__init__.py
[2.505s] -- Up-to-date: /home/uboot/data/ros2_uboot/install/fishbot_interfaces/lib/python3.8/site-packages/fishbot_interfaces/srv
[2.505s] -- Up-to-date: /home/uboot/data/ros2_uboot/install/fishbot_interfaces/lib/python3.8/site-packages/fishbot_interfaces/srv/__init__.py
[2.505s] -- Up-to-date: /home/uboot/data/ros2_uboot/install/fishbot_interfaces/lib/python3.8/site-packages/fishbot_interfaces/srv/_fish_bot_config.py
[2.505s] -- Up-to-date: /home/uboot/data/ros2_uboot/install/fishbot_interfaces/lib/python3.8/site-packages/fishbot_interfaces/srv/_fish_bot_config_s.c
[2.505s] -- Up-to-date: /home/uboot/data/ros2_uboot/install/fishbot_interfaces/lib/python3.8/site-packages/fishbot_interfaces/fishbot_interfaces_s__rosidl_typesupport_fastrtps_c.cpython-38-aarch64-linux-gnu.so
[2.505s] -- Up-to-date: /home/uboot/data/ros2_uboot/install/fishbot_interfaces/lib/python3.8/site-packages/fishbot_interfaces/fishbot_interfaces_s__rosidl_typesupport_introspection_c.cpython-38-aarch64-linux-gnu.so
[2.505s] -- Up-to-date: /home/uboot/data/ros2_uboot/install/fishbot_interfaces/lib/python3.8/site-packages/fishbot_interfaces/fishbot_interfaces_s__rosidl_typesupport_c.cpython-38-aarch64-linux-gnu.so
[2.505s] -- Up-to-date: /home/uboot/data/ros2_uboot/install/fishbot_interfaces/lib/libfishbot_interfaces__python.so
[2.506s] -- Up-to-date: /home/uboot/data/ros2_uboot/install/fishbot_interfaces/share/fishbot_interfaces/srv/FishBotConfig.idl
[2.506s] -- Up-to-date: /home/uboot/data/ros2_uboot/install/fishbot_interfaces/share/fishbot_interfaces/srv/FishBotConfig.srv
[2.506s] -- Up-to-date: /home/uboot/data/ros2_uboot/install/fishbot_interfaces/share/fishbot_interfaces/srv/FishBotConfig_Request.msg
[2.506s] -- Up-to-date: /home/uboot/data/ros2_uboot/install/fishbot_interfaces/share/fishbot_interfaces/srv/FishBotConfig_Response.msg
[2.506s] -- Up-to-date: /home/uboot/data/ros2_uboot/install/fishbot_interfaces/share/ament_index/resource_index/package_run_dependencies/fishbot_interfaces
[2.506s] -- Up-to-date: /home/uboot/data/ros2_uboot/install/fishbot_interfaces/share/ament_index/resource_index/parent_prefix_path/fishbot_interfaces
[2.506s] -- Up-to-date: /home/uboot/data/ros2_uboot/install/fishbot_interfaces/share/fishbot_interfaces/environment/ament_prefix_path.sh
[2.506s] -- Up-to-date: /home/uboot/data/ros2_uboot/install/fishbot_interfaces/share/fishbot_interfaces/environment/ament_prefix_path.dsv
[2.506s] -- Up-to-date: /home/uboot/data/ros2_uboot/install/fishbot_interfaces/share/fishbot_interfaces/environment/path.sh
[2.506s] -- Up-to-date: /home/uboot/data/ros2_uboot/install/fishbot_interfaces/share/fishbot_interfaces/environment/path.dsv
[2.506s] -- Up-to-date: /home/uboot/data/ros2_uboot/install/fishbot_interfaces/share/fishbot_interfaces/local_setup.bash
[2.507s] -- Up-to-date: /home/uboot/data/ros2_uboot/install/fishbot_interfaces/share/fishbot_interfaces/local_setup.sh
[2.507s] -- Up-to-date: /home/uboot/data/ros2_uboot/install/fishbot_interfaces/share/fishbot_interfaces/local_setup.zsh
[2.507s] -- Up-to-date: /home/uboot/data/ros2_uboot/install/fishbot_interfaces/share/fishbot_interfaces/local_setup.dsv
[2.507s] -- Installing: /home/uboot/data/ros2_uboot/install/fishbot_interfaces/share/fishbot_interfaces/package.dsv
[2.507s] -- Up-to-date: /home/uboot/data/ros2_uboot/install/fishbot_interfaces/share/ament_index/resource_index/packages/fishbot_interfaces
[2.507s] -- Up-to-date: /home/uboot/data/ros2_uboot/install/fishbot_interfaces/share/fishbot_interfaces/cmake/fishbot_interfaces__rosidl_generator_cExport.cmake
[2.507s] -- Up-to-date: /home/uboot/data/ros2_uboot/install/fishbot_interfaces/share/fishbot_interfaces/cmake/fishbot_interfaces__rosidl_generator_cExport-noconfig.cmake
[2.508s] -- Up-to-date: /home/uboot/data/ros2_uboot/install/fishbot_interfaces/share/fishbot_interfaces/cmake/fishbot_interfaces__rosidl_typesupport_introspection_cExport.cmake
[2.508s] -- Up-to-date: /home/uboot/data/ros2_uboot/install/fishbot_interfaces/share/fishbot_interfaces/cmake/fishbot_interfaces__rosidl_typesupport_introspection_cExport-noconfig.cmake
[2.508s] -- Up-to-date: /home/uboot/data/ros2_uboot/install/fishbot_interfaces/share/fishbot_interfaces/cmake/fishbot_interfaces__rosidl_typesupport_cExport.cmake
[2.508s] -- Up-to-date: /home/uboot/data/ros2_uboot/install/fishbot_interfaces/share/fishbot_interfaces/cmake/fishbot_interfaces__rosidl_typesupport_cExport-noconfig.cmake
[2.508s] -- Up-to-date: /home/uboot/data/ros2_uboot/install/fishbot_interfaces/share/fishbot_interfaces/cmake/fishbot_interfaces__rosidl_generator_cppExport.cmake
[2.508s] -- Up-to-date: /home/uboot/data/ros2_uboot/install/fishbot_interfaces/share/fishbot_interfaces/cmake/fishbot_interfaces__rosidl_typesupport_introspection_cppExport.cmake
[2.509s] -- Up-to-date: /home/uboot/data/ros2_uboot/install/fishbot_interfaces/share/fishbot_interfaces/cmake/fishbot_interfaces__rosidl_typesupport_introspection_cppExport-noconfig.cmake
[2.509s] -- Up-to-date: /home/uboot/data/ros2_uboot/install/fishbot_interfaces/share/fishbot_interfaces/cmake/fishbot_interfaces__rosidl_typesupport_cppExport.cmake
[2.509s] -- Up-to-date: /home/uboot/data/ros2_uboot/install/fishbot_interfaces/share/fishbot_interfaces/cmake/fishbot_interfaces__rosidl_typesupport_cppExport-noconfig.cmake
[2.509s] -- Up-to-date: /home/uboot/data/ros2_uboot/install/fishbot_interfaces/share/fishbot_interfaces/cmake/rosidl_cmake-extras.cmake
[2.509s] -- Up-to-date: /home/uboot/data/ros2_uboot/install/fishbot_interfaces/share/fishbot_interfaces/cmake/ament_cmake_export_dependencies-extras.cmake
[2.509s] -- Up-to-date: /home/uboot/data/ros2_uboot/install/fishbot_interfaces/share/fishbot_interfaces/cmake/ament_cmake_export_libraries-extras.cmake
[2.509s] -- Up-to-date: /home/uboot/data/ros2_uboot/install/fishbot_interfaces/share/fishbot_interfaces/cmake/ament_cmake_export_targets-extras.cmake
[2.510s] -- Up-to-date: /home/uboot/data/ros2_uboot/install/fishbot_interfaces/share/fishbot_interfaces/cmake/ament_cmake_export_include_directories-extras.cmake
[2.511s] -- Up-to-date: /home/uboot/data/ros2_uboot/install/fishbot_interfaces/share/fishbot_interfaces/cmake/rosidl_cmake_export_typesupport_libraries-extras.cmake
[2.511s] -- Up-to-date: /home/uboot/data/ros2_uboot/install/fishbot_interfaces/share/fishbot_interfaces/cmake/rosidl_cmake_export_typesupport_targets-extras.cmake
[2.511s] -- Up-to-date: /home/uboot/data/ros2_uboot/install/fishbot_interfaces/share/fishbot_interfaces/cmake/fishbot_interfacesConfig.cmake
[2.511s] -- Up-to-date: /home/uboot/data/ros2_uboot/install/fishbot_interfaces/share/fishbot_interfaces/cmake/fishbot_interfacesConfig-version.cmake
[2.512s] -- Up-to-date: /home/uboot/data/ros2_uboot/install/fishbot_interfaces/share/fishbot_interfaces/package.xml
[2.512s] Invoked command in '/home/uboot/data/ros2_uboot/build/fishbot_interfaces' returned '0': CMAKE_PREFIX_PATH=/opt/ros/foxy /usr/bin/cmake --install /home/uboot/data/ros2_uboot/build/fishbot_interfaces
