[2.073s] Invoking command in '/home/uboot/data/ros2_uboot/src/yolo_v5': PYTHONPATH=/home/uboot/data/ros2_uboot/build/yolo_v5/prefix_override:/usr/lib/python3/dist-packages/colcon_core/task/python/colcon_distutils_commands:/home/uboot/data/ros2_uboot/install/yolo_v5/lib/python3.8/site-packages:${PYTHONPATH} /usr/bin/python3 -W ignore:setup.py install is deprecated -W ignore:easy_install command is deprecated setup.py egg_info --egg-base ../../build/yolo_v5 build --build-base /home/uboot/data/ros2_uboot/build/yolo_v5/build install --record /home/uboot/data/ros2_uboot/build/yolo_v5/install.log --install-scripts $base/lib/yolo_v5 --single-version-externally-managed install_data
[2.397s] running egg_info
[2.397s] writing ../../build/yolo_v5/yolo_v5.egg-info/PKG-INFO
[2.398s] writing dependency_links to ../../build/yolo_v5/yolo_v5.egg-info/dependency_links.txt
[2.399s] writing entry points to ../../build/yolo_v5/yolo_v5.egg-info/entry_points.txt
[2.399s] writing requirements to ../../build/yolo_v5/yolo_v5.egg-info/requires.txt
[2.399s] writing top-level names to ../../build/yolo_v5/yolo_v5.egg-info/top_level.txt
[2.449s] reading manifest file '../../build/yolo_v5/yolo_v5.egg-info/SOURCES.txt'
[2.450s] writing manifest file '../../build/yolo_v5/yolo_v5.egg-info/SOURCES.txt'
[2.451s] running build
[2.452s] running build_py
[2.452s] running install
[2.454s] running install_lib
[2.457s] running install_data
[2.459s] running install_egg_info
[2.462s] removing '/home/uboot/data/ros2_uboot/install/yolo_v5/lib/python3.8/site-packages/yolo_v5-0.0.0-py3.8.egg-info' (and everything under it)
[2.462s] Copying ../../build/yolo_v5/yolo_v5.egg-info to /home/uboot/data/ros2_uboot/install/yolo_v5/lib/python3.8/site-packages/yolo_v5-0.0.0-py3.8.egg-info
[2.463s] running install_scripts
[2.501s] Installing start script to /home/uboot/data/ros2_uboot/install/yolo_v5/lib/yolo_v5
[2.502s] writing list of installed files to '/home/uboot/data/ros2_uboot/build/yolo_v5/install.log'
