[0.142s] Invoking command in '/home/uboot/data/ros2_uboot/build/micro_ros_msgs': CMAKE_PREFIX_PATH=/opt/ros/foxy /usr/bin/cmake --build /home/uboot/data/ros2_uboot/build/micro_ros_msgs -- -j8 -l8
[0.670s] [  2%] Built target micro_ros_msgs__cpp
[0.671s] [ 12%] Built target micro_ros_msgs__rosidl_generator_c
[0.671s] [ 23%] Built target micro_ros_msgs__rosidl_typesupport_fastrtps_cpp
[0.671s] [ 34%] Built target micro_ros_msgs__rosidl_typesupport_c
[0.671s] [ 44%] Built target micro_ros_msgs__rosidl_typesupport_cpp
[0.672s] [ 55%] Built target micro_ros_msgs__rosidl_typesupport_introspection_cpp
[0.672s] [ 65%] Built target micro_ros_msgs__rosidl_typesupport_introspection_c
[0.672s] [ 76%] Built target micro_ros_msgs__rosidl_typesupport_fastrtps_c
[0.672s] [ 76%] Built target micro_ros_msgs
[0.672s] [ 78%] Built target micro_ros_msgs__py
[0.672s] [ 87%] Built target micro_ros_msgs__python
[0.712s] [ 91%] Built target micro_ros_msgs__rosidl_typesupport_fastrtps_c__pyext
[0.713s] [ 95%] Built target micro_ros_msgs__rosidl_typesupport_introspection_c__pyext
[0.724s] [100%] Built target micro_ros_msgs__rosidl_typesupport_c__pyext
[0.848s] Invoked command in '/home/uboot/data/ros2_uboot/build/micro_ros_msgs' returned '0': CMAKE_PREFIX_PATH=/opt/ros/foxy /usr/bin/cmake --build /home/uboot/data/ros2_uboot/build/micro_ros_msgs -- -j8 -l8
[0.853s] Invoking command in '/home/uboot/data/ros2_uboot/build/micro_ros_msgs': CMAKE_PREFIX_PATH=/opt/ros/foxy /usr/bin/cmake --install /home/uboot/data/ros2_uboot/build/micro_ros_msgs
[0.891s] -- Install configuration: ""
[0.893s] -- Up-to-date: /home/uboot/data/ros2_uboot/install/micro_ros_msgs/share/ament_index/resource_index/rosidl_interfaces/micro_ros_msgs
[0.895s] -- Up-to-date: /home/uboot/data/ros2_uboot/install/micro_ros_msgs/include/micro_ros_msgs
[0.895s] -- Up-to-date: /home/uboot/data/ros2_uboot/install/micro_ros_msgs/include/micro_ros_msgs/msg
[0.895s] -- Up-to-date: /home/uboot/data/ros2_uboot/install/micro_ros_msgs/include/micro_ros_msgs/msg/rosidl_generator_c__visibility_control.h
[0.896s] -- Up-to-date: /home/uboot/data/ros2_uboot/install/micro_ros_msgs/include/micro_ros_msgs/msg/graph.h
[0.896s] -- Up-to-date: /home/uboot/data/ros2_uboot/install/micro_ros_msgs/include/micro_ros_msgs/msg/detail
[0.896s] -- Up-to-date: /home/uboot/data/ros2_uboot/install/micro_ros_msgs/include/micro_ros_msgs/msg/detail/node__struct.h
[0.896s] -- Up-to-date: /home/uboot/data/ros2_uboot/install/micro_ros_msgs/include/micro_ros_msgs/msg/detail/graph__functions.h
[0.896s] -- Up-to-date: /home/uboot/data/ros2_uboot/install/micro_ros_msgs/include/micro_ros_msgs/msg/detail/graph__struct.h
[0.896s] -- Up-to-date: /home/uboot/data/ros2_uboot/install/micro_ros_msgs/include/micro_ros_msgs/msg/detail/node__functions.c
[0.896s] -- Up-to-date: /home/uboot/data/ros2_uboot/install/micro_ros_msgs/include/micro_ros_msgs/msg/detail/graph__type_support.h
[0.896s] -- Up-to-date: /home/uboot/data/ros2_uboot/install/micro_ros_msgs/include/micro_ros_msgs/msg/detail/entity__functions.c
[0.896s] -- Up-to-date: /home/uboot/data/ros2_uboot/install/micro_ros_msgs/include/micro_ros_msgs/msg/detail/graph__functions.c
[0.896s] -- Up-to-date: /home/uboot/data/ros2_uboot/install/micro_ros_msgs/include/micro_ros_msgs/msg/detail/node__functions.h
[0.896s] -- Up-to-date: /home/uboot/data/ros2_uboot/install/micro_ros_msgs/include/micro_ros_msgs/msg/detail/entity__functions.h
[0.896s] -- Up-to-date: /home/uboot/data/ros2_uboot/install/micro_ros_msgs/include/micro_ros_msgs/msg/detail/entity__struct.h
[0.896s] -- Up-to-date: /home/uboot/data/ros2_uboot/install/micro_ros_msgs/include/micro_ros_msgs/msg/detail/entity__type_support.h
[0.897s] -- Up-to-date: /home/uboot/data/ros2_uboot/install/micro_ros_msgs/include/micro_ros_msgs/msg/detail/node__type_support.h
[0.897s] -- Up-to-date: /home/uboot/data/ros2_uboot/install/micro_ros_msgs/include/micro_ros_msgs/msg/entity.h
[0.897s] -- Up-to-date: /home/uboot/data/ros2_uboot/install/micro_ros_msgs/include/micro_ros_msgs/msg/node.h
[0.897s] -- Up-to-date: /home/uboot/data/ros2_uboot/install/micro_ros_msgs/share/micro_ros_msgs/environment/library_path.sh
[0.897s] -- Up-to-date: /home/uboot/data/ros2_uboot/install/micro_ros_msgs/share/micro_ros_msgs/environment/library_path.dsv
[0.899s] -- Up-to-date: /home/uboot/data/ros2_uboot/install/micro_ros_msgs/lib/libmicro_ros_msgs__rosidl_generator_c.so
[0.900s] -- Up-to-date: /home/uboot/data/ros2_uboot/install/micro_ros_msgs/include/micro_ros_msgs
[0.902s] -- Up-to-date: /home/uboot/data/ros2_uboot/install/micro_ros_msgs/include/micro_ros_msgs/msg
[0.903s] -- Up-to-date: /home/uboot/data/ros2_uboot/install/micro_ros_msgs/include/micro_ros_msgs/msg/detail
[0.904s] -- Up-to-date: /home/uboot/data/ros2_uboot/install/micro_ros_msgs/include/micro_ros_msgs/msg/detail/entity__rosidl_typesupport_fastrtps_c.h
[0.911s] -- Up-to-date: /home/uboot/data/ros2_uboot/install/micro_ros_msgs/include/micro_ros_msgs/msg/detail/node__rosidl_typesupport_fastrtps_c.h
[0.917s] -- Up-to-date: /home/uboot/data/ros2_uboot/install/micro_ros_msgs/include/micro_ros_msgs/msg/detail/graph__rosidl_typesupport_fastrtps_c.h
[0.918s] -- Up-to-date: /home/uboot/data/ros2_uboot/install/micro_ros_msgs/include/micro_ros_msgs/msg/rosidl_typesupport_fastrtps_c__visibility_control.h
[0.919s] -- Up-to-date: /home/uboot/data/ros2_uboot/install/micro_ros_msgs/lib/libmicro_ros_msgs__rosidl_typesupport_fastrtps_c.so
[0.919s] -- Up-to-date: /home/uboot/data/ros2_uboot/install/micro_ros_msgs/include/micro_ros_msgs
[0.920s] -- Up-to-date: /home/uboot/data/ros2_uboot/install/micro_ros_msgs/include/micro_ros_msgs/msg
[0.920s] -- Up-to-date: /home/uboot/data/ros2_uboot/install/micro_ros_msgs/include/micro_ros_msgs/msg/rosidl_typesupport_fastrtps_cpp__visibility_control.h
[0.922s] -- Up-to-date: /home/uboot/data/ros2_uboot/install/micro_ros_msgs/include/micro_ros_msgs/msg/detail
[0.922s] -- Up-to-date: /home/uboot/data/ros2_uboot/install/micro_ros_msgs/include/micro_ros_msgs/msg/detail/graph__rosidl_typesupport_fastrtps_cpp.hpp
[0.923s] -- Up-to-date: /home/uboot/data/ros2_uboot/install/micro_ros_msgs/include/micro_ros_msgs/msg/detail/node__rosidl_typesupport_fastrtps_cpp.hpp
[0.923s] -- Up-to-date: /home/uboot/data/ros2_uboot/install/micro_ros_msgs/include/micro_ros_msgs/msg/detail/dds_fastrtps
[0.924s] -- Up-to-date: /home/uboot/data/ros2_uboot/install/micro_ros_msgs/include/micro_ros_msgs/msg/detail/entity__rosidl_typesupport_fastrtps_cpp.hpp
[0.925s] -- Up-to-date: /home/uboot/data/ros2_uboot/install/micro_ros_msgs/lib/libmicro_ros_msgs__rosidl_typesupport_fastrtps_cpp.so
[0.925s] -- Up-to-date: /home/uboot/data/ros2_uboot/install/micro_ros_msgs/include/micro_ros_msgs
[0.927s] -- Up-to-date: /home/uboot/data/ros2_uboot/install/micro_ros_msgs/include/micro_ros_msgs/msg
[0.927s] -- Up-to-date: /home/uboot/data/ros2_uboot/install/micro_ros_msgs/include/micro_ros_msgs/msg/rosidl_typesupport_introspection_c__visibility_control.h
[0.928s] -- Up-to-date: /home/uboot/data/ros2_uboot/install/micro_ros_msgs/include/micro_ros_msgs/msg/detail
[0.928s] -- Up-to-date: /home/uboot/data/ros2_uboot/install/micro_ros_msgs/include/micro_ros_msgs/msg/detail/node__type_support.c
[0.929s] -- Up-to-date: /home/uboot/data/ros2_uboot/install/micro_ros_msgs/include/micro_ros_msgs/msg/detail/graph__rosidl_typesupport_introspection_c.h
[0.929s] -- Up-to-date: /home/uboot/data/ros2_uboot/install/micro_ros_msgs/include/micro_ros_msgs/msg/detail/node__rosidl_typesupport_introspection_c.h
[0.930s] -- Up-to-date: /home/uboot/data/ros2_uboot/install/micro_ros_msgs/include/micro_ros_msgs/msg/detail/entity__rosidl_typesupport_introspection_c.h
[0.930s] -- Up-to-date: /home/uboot/data/ros2_uboot/install/micro_ros_msgs/include/micro_ros_msgs/msg/detail/graph__type_support.c
[0.930s] -- Up-to-date: /home/uboot/data/ros2_uboot/install/micro_ros_msgs/include/micro_ros_msgs/msg/detail/entity__type_support.c
[0.931s] -- Up-to-date: /home/uboot/data/ros2_uboot/install/micro_ros_msgs/lib/libmicro_ros_msgs__rosidl_typesupport_introspection_c.so
[0.934s] -- Up-to-date: /home/uboot/data/ros2_uboot/install/micro_ros_msgs/lib/libmicro_ros_msgs__rosidl_typesupport_c.so
[0.934s] -- Up-to-date: /home/uboot/data/ros2_uboot/install/micro_ros_msgs/include/micro_ros_msgs
[0.948s] -- Up-to-date: /home/uboot/data/ros2_uboot/install/micro_ros_msgs/include/micro_ros_msgs/msg
[0.949s] -- Up-to-date: /home/uboot/data/ros2_uboot/install/micro_ros_msgs/include/micro_ros_msgs/msg/detail
[0.953s] -- Up-to-date: /home/uboot/data/ros2_uboot/install/micro_ros_msgs/include/micro_ros_msgs/msg/detail/graph__type_support.hpp
[0.954s] -- Up-to-date: /home/uboot/data/ros2_uboot/install/micro_ros_msgs/include/micro_ros_msgs/msg/detail/graph__struct.hpp
[0.954s] -- Up-to-date: /home/uboot/data/ros2_uboot/install/micro_ros_msgs/include/micro_ros_msgs/msg/detail/node__traits.hpp
[0.954s] -- Up-to-date: /home/uboot/data/ros2_uboot/install/micro_ros_msgs/include/micro_ros_msgs/msg/detail/node__builder.hpp
[0.954s] -- Up-to-date: /home/uboot/data/ros2_uboot/install/micro_ros_msgs/include/micro_ros_msgs/msg/detail/graph__traits.hpp
[0.954s] -- Up-to-date: /home/uboot/data/ros2_uboot/install/micro_ros_msgs/include/micro_ros_msgs/msg/detail/node__struct.hpp
[0.954s] -- Up-to-date: /home/uboot/data/ros2_uboot/install/micro_ros_msgs/include/micro_ros_msgs/msg/detail/graph__builder.hpp
[0.954s] -- Up-to-date: /home/uboot/data/ros2_uboot/install/micro_ros_msgs/include/micro_ros_msgs/msg/detail/node__type_support.hpp
[0.954s] -- Up-to-date: /home/uboot/data/ros2_uboot/install/micro_ros_msgs/include/micro_ros_msgs/msg/detail/entity__builder.hpp
[0.955s] -- Up-to-date: /home/uboot/data/ros2_uboot/install/micro_ros_msgs/include/micro_ros_msgs/msg/detail/entity__traits.hpp
[0.955s] -- Up-to-date: /home/uboot/data/ros2_uboot/install/micro_ros_msgs/include/micro_ros_msgs/msg/detail/entity__type_support.hpp
[0.955s] -- Up-to-date: /home/uboot/data/ros2_uboot/install/micro_ros_msgs/include/micro_ros_msgs/msg/detail/entity__struct.hpp
[0.955s] -- Up-to-date: /home/uboot/data/ros2_uboot/install/micro_ros_msgs/include/micro_ros_msgs/msg/graph.hpp
[0.955s] -- Up-to-date: /home/uboot/data/ros2_uboot/install/micro_ros_msgs/include/micro_ros_msgs/msg/node.hpp
[0.955s] -- Up-to-date: /home/uboot/data/ros2_uboot/install/micro_ros_msgs/include/micro_ros_msgs/msg/entity.hpp
[0.955s] -- Up-to-date: /home/uboot/data/ros2_uboot/install/micro_ros_msgs/include/micro_ros_msgs/msg/rosidl_generator_cpp__visibility_control.hpp
[0.955s] -- Up-to-date: /home/uboot/data/ros2_uboot/install/micro_ros_msgs/include/micro_ros_msgs
[0.955s] -- Up-to-date: /home/uboot/data/ros2_uboot/install/micro_ros_msgs/include/micro_ros_msgs/msg
[0.955s] -- Up-to-date: /home/uboot/data/ros2_uboot/install/micro_ros_msgs/include/micro_ros_msgs/msg/detail
[0.955s] -- Up-to-date: /home/uboot/data/ros2_uboot/install/micro_ros_msgs/include/micro_ros_msgs/msg/detail/entity__type_support.cpp
[0.955s] -- Up-to-date: /home/uboot/data/ros2_uboot/install/micro_ros_msgs/include/micro_ros_msgs/msg/detail/node__type_support.cpp
[0.955s] -- Up-to-date: /home/uboot/data/ros2_uboot/install/micro_ros_msgs/include/micro_ros_msgs/msg/detail/graph__type_support.cpp
[0.956s] -- Up-to-date: /home/uboot/data/ros2_uboot/install/micro_ros_msgs/include/micro_ros_msgs/msg/detail/entity__rosidl_typesupport_introspection_cpp.hpp
[0.956s] -- Up-to-date: /home/uboot/data/ros2_uboot/install/micro_ros_msgs/include/micro_ros_msgs/msg/detail/node__rosidl_typesupport_introspection_cpp.hpp
[0.956s] -- Up-to-date: /home/uboot/data/ros2_uboot/install/micro_ros_msgs/include/micro_ros_msgs/msg/detail/graph__rosidl_typesupport_introspection_cpp.hpp
[0.956s] -- Up-to-date: /home/uboot/data/ros2_uboot/install/micro_ros_msgs/lib/libmicro_ros_msgs__rosidl_typesupport_introspection_cpp.so
[0.956s] -- Up-to-date: /home/uboot/data/ros2_uboot/install/micro_ros_msgs/lib/libmicro_ros_msgs__rosidl_typesupport_cpp.so
[0.956s] -- Up-to-date: /home/uboot/data/ros2_uboot/install/micro_ros_msgs/share/micro_ros_msgs/environment/pythonpath.sh
[0.956s] -- Up-to-date: /home/uboot/data/ros2_uboot/install/micro_ros_msgs/share/micro_ros_msgs/environment/pythonpath.dsv
[0.956s] -- Up-to-date: /home/uboot/data/ros2_uboot/install/micro_ros_msgs/lib/python3.8/site-packages/micro_ros_msgs/__init__.py
[0.966s] -- Up-to-date: /home/uboot/data/ros2_uboot/install/micro_ros_msgs/lib/python3.8/site-packages/micro_ros_msgs/msg
[0.967s] -- Up-to-date: /home/uboot/data/ros2_uboot/install/micro_ros_msgs/lib/python3.8/site-packages/micro_ros_msgs/msg/__init__.py
[0.968s] -- Up-to-date: /home/uboot/data/ros2_uboot/install/micro_ros_msgs/lib/python3.8/site-packages/micro_ros_msgs/msg/_node_s.c
[0.968s] -- Up-to-date: /home/uboot/data/ros2_uboot/install/micro_ros_msgs/lib/python3.8/site-packages/micro_ros_msgs/msg/_entity_s.c
[0.970s] -- Up-to-date: /home/uboot/data/ros2_uboot/install/micro_ros_msgs/lib/python3.8/site-packages/micro_ros_msgs/msg/_graph.py
[0.971s] -- Up-to-date: /home/uboot/data/ros2_uboot/install/micro_ros_msgs/lib/python3.8/site-packages/micro_ros_msgs/msg/_node.py
[0.972s] -- Up-to-date: /home/uboot/data/ros2_uboot/install/micro_ros_msgs/lib/python3.8/site-packages/micro_ros_msgs/msg/_graph_s.c
[0.972s] -- Up-to-date: /home/uboot/data/ros2_uboot/install/micro_ros_msgs/lib/python3.8/site-packages/micro_ros_msgs/msg/_entity.py
[0.973s] -- Up-to-date: /home/uboot/data/ros2_uboot/install/micro_ros_msgs/lib/python3.8/site-packages/micro_ros_msgs/micro_ros_msgs_s__rosidl_typesupport_fastrtps_c.cpython-38-aarch64-linux-gnu.so
[0.973s] -- Up-to-date: /home/uboot/data/ros2_uboot/install/micro_ros_msgs/lib/python3.8/site-packages/micro_ros_msgs/micro_ros_msgs_s__rosidl_typesupport_introspection_c.cpython-38-aarch64-linux-gnu.so
[0.974s] -- Up-to-date: /home/uboot/data/ros2_uboot/install/micro_ros_msgs/lib/python3.8/site-packages/micro_ros_msgs/micro_ros_msgs_s__rosidl_typesupport_c.cpython-38-aarch64-linux-gnu.so
[0.974s] -- Up-to-date: /home/uboot/data/ros2_uboot/install/micro_ros_msgs/lib/libmicro_ros_msgs__python.so
[0.974s] -- Up-to-date: /home/uboot/data/ros2_uboot/install/micro_ros_msgs/share/micro_ros_msgs/msg/Graph.idl
[0.975s] -- Up-to-date: /home/uboot/data/ros2_uboot/install/micro_ros_msgs/share/micro_ros_msgs/msg/Node.idl
[0.977s] -- Up-to-date: /home/uboot/data/ros2_uboot/install/micro_ros_msgs/share/micro_ros_msgs/msg/Entity.idl
[0.978s] -- Up-to-date: /home/uboot/data/ros2_uboot/install/micro_ros_msgs/share/micro_ros_msgs/msg/Graph.msg
[0.980s] -- Up-to-date: /home/uboot/data/ros2_uboot/install/micro_ros_msgs/share/micro_ros_msgs/msg/Node.msg
[0.981s] -- Up-to-date: /home/uboot/data/ros2_uboot/install/micro_ros_msgs/share/micro_ros_msgs/msg/Entity.msg
[0.981s] -- Up-to-date: /home/uboot/data/ros2_uboot/install/micro_ros_msgs/share/ament_index/resource_index/package_run_dependencies/micro_ros_msgs
[0.982s] -- Up-to-date: /home/uboot/data/ros2_uboot/install/micro_ros_msgs/share/ament_index/resource_index/parent_prefix_path/micro_ros_msgs
[0.983s] -- Up-to-date: /home/uboot/data/ros2_uboot/install/micro_ros_msgs/share/micro_ros_msgs/environment/ament_prefix_path.sh
[0.984s] -- Up-to-date: /home/uboot/data/ros2_uboot/install/micro_ros_msgs/share/micro_ros_msgs/environment/ament_prefix_path.dsv
[0.985s] -- Up-to-date: /home/uboot/data/ros2_uboot/install/micro_ros_msgs/share/micro_ros_msgs/environment/path.sh
[0.986s] -- Up-to-date: /home/uboot/data/ros2_uboot/install/micro_ros_msgs/share/micro_ros_msgs/environment/path.dsv
[0.987s] -- Up-to-date: /home/uboot/data/ros2_uboot/install/micro_ros_msgs/share/micro_ros_msgs/local_setup.bash
[0.988s] -- Up-to-date: /home/uboot/data/ros2_uboot/install/micro_ros_msgs/share/micro_ros_msgs/local_setup.sh
[0.989s] -- Up-to-date: /home/uboot/data/ros2_uboot/install/micro_ros_msgs/share/micro_ros_msgs/local_setup.zsh
[0.990s] -- Up-to-date: /home/uboot/data/ros2_uboot/install/micro_ros_msgs/share/micro_ros_msgs/local_setup.dsv
[0.990s] -- Installing: /home/uboot/data/ros2_uboot/install/micro_ros_msgs/share/micro_ros_msgs/package.dsv
[0.990s] -- Up-to-date: /home/uboot/data/ros2_uboot/install/micro_ros_msgs/share/ament_index/resource_index/packages/micro_ros_msgs
[0.991s] -- Up-to-date: /home/uboot/data/ros2_uboot/install/micro_ros_msgs/share/micro_ros_msgs/cmake/micro_ros_msgs__rosidl_generator_cExport.cmake
[0.991s] -- Up-to-date: /home/uboot/data/ros2_uboot/install/micro_ros_msgs/share/micro_ros_msgs/cmake/micro_ros_msgs__rosidl_generator_cExport-noconfig.cmake
[0.991s] -- Up-to-date: /home/uboot/data/ros2_uboot/install/micro_ros_msgs/share/micro_ros_msgs/cmake/micro_ros_msgs__rosidl_typesupport_introspection_cExport.cmake
[0.991s] -- Up-to-date: /home/uboot/data/ros2_uboot/install/micro_ros_msgs/share/micro_ros_msgs/cmake/micro_ros_msgs__rosidl_typesupport_introspection_cExport-noconfig.cmake
[0.991s] -- Up-to-date: /home/uboot/data/ros2_uboot/install/micro_ros_msgs/share/micro_ros_msgs/cmake/micro_ros_msgs__rosidl_typesupport_cExport.cmake
[0.991s] -- Up-to-date: /home/uboot/data/ros2_uboot/install/micro_ros_msgs/share/micro_ros_msgs/cmake/micro_ros_msgs__rosidl_typesupport_cExport-noconfig.cmake
[0.991s] -- Up-to-date: /home/uboot/data/ros2_uboot/install/micro_ros_msgs/share/micro_ros_msgs/cmake/micro_ros_msgs__rosidl_generator_cppExport.cmake
[0.992s] -- Up-to-date: /home/uboot/data/ros2_uboot/install/micro_ros_msgs/share/micro_ros_msgs/cmake/micro_ros_msgs__rosidl_typesupport_introspection_cppExport.cmake
[0.992s] -- Up-to-date: /home/uboot/data/ros2_uboot/install/micro_ros_msgs/share/micro_ros_msgs/cmake/micro_ros_msgs__rosidl_typesupport_introspection_cppExport-noconfig.cmake
[0.992s] -- Up-to-date: /home/uboot/data/ros2_uboot/install/micro_ros_msgs/share/micro_ros_msgs/cmake/micro_ros_msgs__rosidl_typesupport_cppExport.cmake
[0.992s] -- Up-to-date: /home/uboot/data/ros2_uboot/install/micro_ros_msgs/share/micro_ros_msgs/cmake/micro_ros_msgs__rosidl_typesupport_cppExport-noconfig.cmake
[0.992s] -- Up-to-date: /home/uboot/data/ros2_uboot/install/micro_ros_msgs/share/micro_ros_msgs/cmake/rosidl_cmake-extras.cmake
[0.992s] -- Up-to-date: /home/uboot/data/ros2_uboot/install/micro_ros_msgs/share/micro_ros_msgs/cmake/ament_cmake_export_dependencies-extras.cmake
[0.992s] -- Up-to-date: /home/uboot/data/ros2_uboot/install/micro_ros_msgs/share/micro_ros_msgs/cmake/ament_cmake_export_libraries-extras.cmake
[0.992s] -- Up-to-date: /home/uboot/data/ros2_uboot/install/micro_ros_msgs/share/micro_ros_msgs/cmake/ament_cmake_export_targets-extras.cmake
[0.992s] -- Up-to-date: /home/uboot/data/ros2_uboot/install/micro_ros_msgs/share/micro_ros_msgs/cmake/ament_cmake_export_include_directories-extras.cmake
[0.992s] -- Up-to-date: /home/uboot/data/ros2_uboot/install/micro_ros_msgs/share/micro_ros_msgs/cmake/rosidl_cmake_export_typesupport_libraries-extras.cmake
[0.992s] -- Up-to-date: /home/uboot/data/ros2_uboot/install/micro_ros_msgs/share/micro_ros_msgs/cmake/rosidl_cmake_export_typesupport_targets-extras.cmake
[0.992s] -- Up-to-date: /home/uboot/data/ros2_uboot/install/micro_ros_msgs/share/micro_ros_msgs/cmake/micro_ros_msgsConfig.cmake
[0.992s] -- Up-to-date: /home/uboot/data/ros2_uboot/install/micro_ros_msgs/share/micro_ros_msgs/cmake/micro_ros_msgsConfig-version.cmake
[0.992s] -- Up-to-date: /home/uboot/data/ros2_uboot/install/micro_ros_msgs/share/micro_ros_msgs/package.xml
[1.105s] Invoked command in '/home/uboot/data/ros2_uboot/build/micro_ros_msgs' returned '0': CMAKE_PREFIX_PATH=/opt/ros/foxy /usr/bin/cmake --install /home/uboot/data/ros2_uboot/build/micro_ros_msgs
