[0.855s] Invoking command in '/home/uboot/data/ros2_uboot/src/uboot_chat': PYTHONPATH=/home/uboot/data/ros2_uboot/build/uboot_chat/prefix_override:/usr/lib/python3/dist-packages/colcon_core/task/python/colcon_distutils_commands:/home/uboot/data/ros2_uboot/install/uboot_chat/lib/python3.8/site-packages:${PYTHONPATH} /usr/bin/python3 -W ignore:setup.py install is deprecated -W ignore:easy_install command is deprecated setup.py egg_info --egg-base ../../build/uboot_chat build --build-base /home/uboot/data/ros2_uboot/build/uboot_chat/build install --record /home/uboot/data/ros2_uboot/build/uboot_chat/install.log --install-scripts $base/lib/uboot_chat --single-version-externally-managed install_data
[1.118s] running egg_info
[1.118s] writing ../../build/uboot_chat/uboot_chat.egg-info/PKG-INFO
[1.119s] writing dependency_links to ../../build/uboot_chat/uboot_chat.egg-info/dependency_links.txt
[1.120s] writing entry points to ../../build/uboot_chat/uboot_chat.egg-info/entry_points.txt
[1.120s] writing requirements to ../../build/uboot_chat/uboot_chat.egg-info/requires.txt
[1.121s] writing top-level names to ../../build/uboot_chat/uboot_chat.egg-info/top_level.txt
[1.167s] reading manifest file '../../build/uboot_chat/uboot_chat.egg-info/SOURCES.txt'
[1.169s] writing manifest file '../../build/uboot_chat/uboot_chat.egg-info/SOURCES.txt'
[1.169s] running build
[1.170s] running build_py
[1.172s] copying uboot_chat/micro_recognizer.py -> /home/uboot/data/ros2_uboot/build/uboot_chat/build/lib/uboot_chat
[1.172s] copying uboot_chat/denoised.py -> /home/uboot/data/ros2_uboot/build/uboot_chat/build/lib/uboot_chat
[1.172s] copying uboot_chat/test_micro_recognizer_denoised.py -> /home/uboot/data/ros2_uboot/build/uboot_chat/build/lib/uboot_chat
[1.173s] copying uboot_chat/localModel.py -> /home/uboot/data/ros2_uboot/build/uboot_chat/build/lib/uboot_chat
[1.173s] copying uboot_chat/test_record_denoised.py -> /home/uboot/data/ros2_uboot/build/uboot_chat/build/lib/uboot_chat
[1.174s] copying uboot_chat/calibrate.py -> /home/uboot/data/ros2_uboot/build/uboot_chat/build/lib/uboot_chat
[1.174s] copying uboot_chat/test_micro_record.py -> /home/uboot/data/ros2_uboot/build/uboot_chat/build/lib/uboot_chat
[1.175s] copying uboot_chat/chat.py -> /home/uboot/data/ros2_uboot/build/uboot_chat/build/lib/uboot_chat
[1.175s] copying uboot_chat/localCalibrate.py -> /home/uboot/data/ros2_uboot/build/uboot_chat/build/lib/uboot_chat
[1.176s] copying uboot_chat/sparkModel.py -> /home/uboot/data/ros2_uboot/build/uboot_chat/build/lib/uboot_chat
[1.176s] running install
[1.177s] running install_lib
[1.179s] copying /home/uboot/data/ros2_uboot/build/uboot_chat/build/lib/uboot_chat/micro_recognizer.py -> /home/uboot/data/ros2_uboot/install/uboot_chat/lib/python3.8/site-packages/uboot_chat
[1.179s] copying /home/uboot/data/ros2_uboot/build/uboot_chat/build/lib/uboot_chat/denoised.py -> /home/uboot/data/ros2_uboot/install/uboot_chat/lib/python3.8/site-packages/uboot_chat
[1.179s] copying /home/uboot/data/ros2_uboot/build/uboot_chat/build/lib/uboot_chat/test_micro_recognizer_denoised.py -> /home/uboot/data/ros2_uboot/install/uboot_chat/lib/python3.8/site-packages/uboot_chat
[1.180s] copying /home/uboot/data/ros2_uboot/build/uboot_chat/build/lib/uboot_chat/localModel.py -> /home/uboot/data/ros2_uboot/install/uboot_chat/lib/python3.8/site-packages/uboot_chat
[1.180s] copying /home/uboot/data/ros2_uboot/build/uboot_chat/build/lib/uboot_chat/test_record_denoised.py -> /home/uboot/data/ros2_uboot/install/uboot_chat/lib/python3.8/site-packages/uboot_chat
[1.180s] copying /home/uboot/data/ros2_uboot/build/uboot_chat/build/lib/uboot_chat/calibrate.py -> /home/uboot/data/ros2_uboot/install/uboot_chat/lib/python3.8/site-packages/uboot_chat
[1.181s] copying /home/uboot/data/ros2_uboot/build/uboot_chat/build/lib/uboot_chat/test_micro_record.py -> /home/uboot/data/ros2_uboot/install/uboot_chat/lib/python3.8/site-packages/uboot_chat
[1.181s] copying /home/uboot/data/ros2_uboot/build/uboot_chat/build/lib/uboot_chat/chat.py -> /home/uboot/data/ros2_uboot/install/uboot_chat/lib/python3.8/site-packages/uboot_chat
[1.181s] copying /home/uboot/data/ros2_uboot/build/uboot_chat/build/lib/uboot_chat/localCalibrate.py -> /home/uboot/data/ros2_uboot/install/uboot_chat/lib/python3.8/site-packages/uboot_chat
[1.182s] copying /home/uboot/data/ros2_uboot/build/uboot_chat/build/lib/uboot_chat/sparkModel.py -> /home/uboot/data/ros2_uboot/install/uboot_chat/lib/python3.8/site-packages/uboot_chat
[1.182s] byte-compiling /home/uboot/data/ros2_uboot/install/uboot_chat/lib/python3.8/site-packages/uboot_chat/micro_recognizer.py to micro_recognizer.cpython-38.pyc
[1.183s] byte-compiling /home/uboot/data/ros2_uboot/install/uboot_chat/lib/python3.8/site-packages/uboot_chat/denoised.py to denoised.cpython-38.pyc
[1.184s] byte-compiling /home/uboot/data/ros2_uboot/install/uboot_chat/lib/python3.8/site-packages/uboot_chat/test_micro_recognizer_denoised.py to test_micro_recognizer_denoised.cpython-38.pyc
[1.185s] byte-compiling /home/uboot/data/ros2_uboot/install/uboot_chat/lib/python3.8/site-packages/uboot_chat/localModel.py to localModel.cpython-38.pyc
[1.186s] byte-compiling /home/uboot/data/ros2_uboot/install/uboot_chat/lib/python3.8/site-packages/uboot_chat/test_record_denoised.py to test_record_denoised.cpython-38.pyc
[1.187s] byte-compiling /home/uboot/data/ros2_uboot/install/uboot_chat/lib/python3.8/site-packages/uboot_chat/calibrate.py to calibrate.cpython-38.pyc
[1.187s] byte-compiling /home/uboot/data/ros2_uboot/install/uboot_chat/lib/python3.8/site-packages/uboot_chat/test_micro_record.py to test_micro_record.cpython-38.pyc
[1.188s] byte-compiling /home/uboot/data/ros2_uboot/install/uboot_chat/lib/python3.8/site-packages/uboot_chat/chat.py to chat.cpython-38.pyc
[1.189s] byte-compiling /home/uboot/data/ros2_uboot/install/uboot_chat/lib/python3.8/site-packages/uboot_chat/localCalibrate.py to localCalibrate.cpython-38.pyc
[1.189s] byte-compiling /home/uboot/data/ros2_uboot/install/uboot_chat/lib/python3.8/site-packages/uboot_chat/sparkModel.py to sparkModel.cpython-38.pyc
[1.190s] running install_data
[1.194s] running install_egg_info
[1.196s] removing '/home/uboot/data/ros2_uboot/install/uboot_chat/lib/python3.8/site-packages/uboot_chat-0.0.0-py3.8.egg-info' (and everything under it)
[1.197s] Copying ../../build/uboot_chat/uboot_chat.egg-info to /home/uboot/data/ros2_uboot/install/uboot_chat/lib/python3.8/site-packages/uboot_chat-0.0.0-py3.8.egg-info
[1.197s] running install_scripts
[1.218s] Installing chat script to /home/uboot/data/ros2_uboot/install/uboot_chat/lib/uboot_chat
[1.219s] Installing micro script to /home/uboot/data/ros2_uboot/install/uboot_chat/lib/uboot_chat
[1.219s] Installing pub script to /home/uboot/data/ros2_uboot/install/uboot_chat/lib/uboot_chat
[1.219s] Installing speech script to /home/uboot/data/ros2_uboot/install/uboot_chat/lib/uboot_chat
[1.220s] writing list of installed files to '/home/uboot/data/ros2_uboot/build/uboot_chat/install.log'
[1.261s] Invoked command in '/home/uboot/data/ros2_uboot/src/uboot_chat' returned '0': PYTHONPATH=/home/uboot/data/ros2_uboot/build/uboot_chat/prefix_override:/usr/lib/python3/dist-packages/colcon_core/task/python/colcon_distutils_commands:/home/uboot/data/ros2_uboot/install/uboot_chat/lib/python3.8/site-packages:${PYTHONPATH} /usr/bin/python3 -W ignore:setup.py install is deprecated -W ignore:easy_install command is deprecated setup.py egg_info --egg-base ../../build/uboot_chat build --build-base /home/uboot/data/ros2_uboot/build/uboot_chat/build install --record /home/uboot/data/ros2_uboot/build/uboot_chat/install.log --install-scripts $base/lib/uboot_chat --single-version-externally-managed install_data
