running egg_info
creating ../../build/uboot_chat/uboot_chat.egg-info
writing ../../build/uboot_chat/uboot_chat.egg-info/PKG-INFO
writing dependency_links to ../../build/uboot_chat/uboot_chat.egg-info/dependency_links.txt
writing entry points to ../../build/uboot_chat/uboot_chat.egg-info/entry_points.txt
writing requirements to ../../build/uboot_chat/uboot_chat.egg-info/requires.txt
writing top-level names to ../../build/uboot_chat/uboot_chat.egg-info/top_level.txt
writing manifest file '../../build/uboot_chat/uboot_chat.egg-info/SOURCES.txt'
reading manifest file '../../build/uboot_chat/uboot_chat.egg-info/SOURCES.txt'
writing manifest file '../../build/uboot_chat/uboot_chat.egg-info/SOURCES.txt'
running build
running build_py
creating /home/uboot/data/ros2_uboot/build/uboot_chat/build
creating /home/uboot/data/ros2_uboot/build/uboot_chat/build/lib
creating /home/uboot/data/ros2_uboot/build/uboot_chat/build/lib/uboot_chat
copying uboot_chat/__init__.py -> /home/uboot/data/ros2_uboot/build/uboot_chat/build/lib/uboot_chat
copying uboot_chat/micro_recognizer.py -> /home/uboot/data/ros2_uboot/build/uboot_chat/build/lib/uboot_chat
copying uboot_chat/calibrate.py -> /home/uboot/data/ros2_uboot/build/uboot_chat/build/lib/uboot_chat
copying uboot_chat/test.py -> /home/uboot/data/ros2_uboot/build/uboot_chat/build/lib/uboot_chat
copying uboot_chat/test_micro_record.py -> /home/uboot/data/ros2_uboot/build/uboot_chat/build/lib/uboot_chat
copying uboot_chat/publisher.py -> /home/uboot/data/ros2_uboot/build/uboot_chat/build/lib/uboot_chat
copying uboot_chat/test_micro.py -> /home/uboot/data/ros2_uboot/build/uboot_chat/build/lib/uboot_chat
copying uboot_chat/test_pub_msg.py -> /home/uboot/data/ros2_uboot/build/uboot_chat/build/lib/uboot_chat
copying uboot_chat/speechGC.py -> /home/uboot/data/ros2_uboot/build/uboot_chat/build/lib/uboot_chat
copying uboot_chat/chat.py -> /home/uboot/data/ros2_uboot/build/uboot_chat/build/lib/uboot_chat
copying uboot_chat/sparkModel.py -> /home/uboot/data/ros2_uboot/build/uboot_chat/build/lib/uboot_chat
running install
running install_lib
creating /home/uboot/data/ros2_uboot/install/uboot_chat/lib/python3.8/site-packages/uboot_chat
copying /home/uboot/data/ros2_uboot/build/uboot_chat/build/lib/uboot_chat/__init__.py -> /home/uboot/data/ros2_uboot/install/uboot_chat/lib/python3.8/site-packages/uboot_chat
copying /home/uboot/data/ros2_uboot/build/uboot_chat/build/lib/uboot_chat/micro_recognizer.py -> /home/uboot/data/ros2_uboot/install/uboot_chat/lib/python3.8/site-packages/uboot_chat
copying /home/uboot/data/ros2_uboot/build/uboot_chat/build/lib/uboot_chat/calibrate.py -> /home/uboot/data/ros2_uboot/install/uboot_chat/lib/python3.8/site-packages/uboot_chat
copying /home/uboot/data/ros2_uboot/build/uboot_chat/build/lib/uboot_chat/test.py -> /home/uboot/data/ros2_uboot/install/uboot_chat/lib/python3.8/site-packages/uboot_chat
copying /home/uboot/data/ros2_uboot/build/uboot_chat/build/lib/uboot_chat/test_micro_record.py -> /home/uboot/data/ros2_uboot/install/uboot_chat/lib/python3.8/site-packages/uboot_chat
copying /home/uboot/data/ros2_uboot/build/uboot_chat/build/lib/uboot_chat/publisher.py -> /home/uboot/data/ros2_uboot/install/uboot_chat/lib/python3.8/site-packages/uboot_chat
copying /home/uboot/data/ros2_uboot/build/uboot_chat/build/lib/uboot_chat/test_micro.py -> /home/uboot/data/ros2_uboot/install/uboot_chat/lib/python3.8/site-packages/uboot_chat
copying /home/uboot/data/ros2_uboot/build/uboot_chat/build/lib/uboot_chat/test_pub_msg.py -> /home/uboot/data/ros2_uboot/install/uboot_chat/lib/python3.8/site-packages/uboot_chat
copying /home/uboot/data/ros2_uboot/build/uboot_chat/build/lib/uboot_chat/speechGC.py -> /home/uboot/data/ros2_uboot/install/uboot_chat/lib/python3.8/site-packages/uboot_chat
copying /home/uboot/data/ros2_uboot/build/uboot_chat/build/lib/uboot_chat/chat.py -> /home/uboot/data/ros2_uboot/install/uboot_chat/lib/python3.8/site-packages/uboot_chat
copying /home/uboot/data/ros2_uboot/build/uboot_chat/build/lib/uboot_chat/sparkModel.py -> /home/uboot/data/ros2_uboot/install/uboot_chat/lib/python3.8/site-packages/uboot_chat
byte-compiling /home/uboot/data/ros2_uboot/install/uboot_chat/lib/python3.8/site-packages/uboot_chat/__init__.py to __init__.cpython-38.pyc
byte-compiling /home/uboot/data/ros2_uboot/install/uboot_chat/lib/python3.8/site-packages/uboot_chat/micro_recognizer.py to micro_recognizer.cpython-38.pyc
byte-compiling /home/uboot/data/ros2_uboot/install/uboot_chat/lib/python3.8/site-packages/uboot_chat/calibrate.py to calibrate.cpython-38.pyc
byte-compiling /home/uboot/data/ros2_uboot/install/uboot_chat/lib/python3.8/site-packages/uboot_chat/test.py to test.cpython-38.pyc
byte-compiling /home/uboot/data/ros2_uboot/install/uboot_chat/lib/python3.8/site-packages/uboot_chat/test_micro_record.py to test_micro_record.cpython-38.pyc
byte-compiling /home/uboot/data/ros2_uboot/install/uboot_chat/lib/python3.8/site-packages/uboot_chat/publisher.py to publisher.cpython-38.pyc
byte-compiling /home/uboot/data/ros2_uboot/install/uboot_chat/lib/python3.8/site-packages/uboot_chat/test_micro.py to test_micro.cpython-38.pyc
byte-compiling /home/uboot/data/ros2_uboot/install/uboot_chat/lib/python3.8/site-packages/uboot_chat/test_pub_msg.py to test_pub_msg.cpython-38.pyc
byte-compiling /home/uboot/data/ros2_uboot/install/uboot_chat/lib/python3.8/site-packages/uboot_chat/speechGC.py to speechGC.cpython-38.pyc
byte-compiling /home/uboot/data/ros2_uboot/install/uboot_chat/lib/python3.8/site-packages/uboot_chat/chat.py to chat.cpython-38.pyc
byte-compiling /home/uboot/data/ros2_uboot/install/uboot_chat/lib/python3.8/site-packages/uboot_chat/sparkModel.py to sparkModel.cpython-38.pyc
running install_data
creating /home/uboot/data/ros2_uboot/install/uboot_chat/share/ament_index
creating /home/uboot/data/ros2_uboot/install/uboot_chat/share/ament_index/resource_index
creating /home/uboot/data/ros2_uboot/install/uboot_chat/share/ament_index/resource_index/packages
copying resource/uboot_chat -> /home/uboot/data/ros2_uboot/install/uboot_chat/share/ament_index/resource_index/packages
copying package.xml -> /home/uboot/data/ros2_uboot/install/uboot_chat/share/uboot_chat
running install_egg_info
Copying ../../build/uboot_chat/uboot_chat.egg-info to /home/uboot/data/ros2_uboot/install/uboot_chat/lib/python3.8/site-packages/uboot_chat-0.0.0-py3.8.egg-info
running install_scripts
Installing chat script to /home/uboot/data/ros2_uboot/install/uboot_chat/lib/uboot_chat
Installing pub script to /home/uboot/data/ros2_uboot/install/uboot_chat/lib/uboot_chat
writing list of installed files to '/home/uboot/data/ros2_uboot/build/uboot_chat/install.log'
