[0.538s] DEBUG:colcon:Command line arguments: ['/bin/colcon', 'build', '--packages-select', 'uboot_chat']
[0.538s] DEBUG:colcon:Parsed command line arguments: Namespace(allow_overriding=[], ament_cmake_args=None, base_paths=['.'], build_base='build', catkin_cmake_args=None, catkin_skip_building_tests=False, cmake_args=None, cmake_clean_cache=False, cmake_clean_first=False, cmake_force_configure=False, cmake_target=None, cmake_target_skip_unavailable=False, continue_on_error=False, event_handlers=None, executor='parallel', ignore_user_meta=False, install_base='install', log_base=None, log_level=None, main=<bound method BuildVerb.main of <colcon_core.verb.build.BuildVerb object at 0x7f903a2040>>, merge_install=False, metas=['./colcon.meta'], packages_above=None, packages_above_and_dependencies=None, packages_above_depth=None, packages_end=None, packages_ignore=None, packages_ignore_regex=None, packages_select=['uboot_chat'], packages_select_build_failed=False, packages_select_by_dep=None, packages_select_regex=None, packages_select_test_failures=False, packages_skip=None, packages_skip_build_finished=False, packages_skip_by_dep=None, packages_skip_regex=None, packages_skip_test_passed=False, packages_skip_up_to=None, packages_start=None, packages_up_to=None, packages_up_to_regex=None, parallel_workers=8, paths=None, symlink_install=False, test_result_base=None, verb_extension=<colcon_core.verb.build.BuildVerb object at 0x7f903a2040>, verb_name='build', verb_parser=<colcon_defaults.argument_parser.defaults.DefaultArgumentsDecorator object at 0x7f902755b0>)
[0.936s] Level 1:colcon.colcon_core.package_discovery:discover_packages(colcon_meta) check parameters
[0.937s] Level 1:colcon.colcon_core.package_discovery:discover_packages(recursive) check parameters
[0.937s] Level 1:colcon.colcon_core.package_discovery:discover_packages(ignore) check parameters
[0.937s] Level 1:colcon.colcon_core.package_discovery:discover_packages(path) check parameters
[0.937s] Level 1:colcon.colcon_core.package_discovery:discover_packages(colcon_meta) discover
[0.938s] Level 1:colcon.colcon_core.package_discovery:discover_packages(recursive) discover
[0.938s] INFO:colcon.colcon_core.package_discovery:Crawling recursively for packages in '/home/uboot/data/ros2_uboot'
[0.939s] Level 1:colcon.colcon_core.package_identification:_identify(.) by extensions ['ignore', 'ignore_ament_install']
[0.939s] Level 1:colcon.colcon_core.package_identification:_identify(.) by extension 'ignore'
[0.940s] Level 1:colcon.colcon_core.package_identification:_identify(.) by extension 'ignore_ament_install'
[0.940s] Level 1:colcon.colcon_core.package_identification:_identify(.) by extensions ['colcon_pkg']
[0.940s] Level 1:colcon.colcon_core.package_identification:_identify(.) by extension 'colcon_pkg'
[0.940s] Level 1:colcon.colcon_core.package_identification:_identify(.) by extensions ['colcon_meta']
[0.941s] Level 1:colcon.colcon_core.package_identification:_identify(.) by extension 'colcon_meta'
[0.941s] Level 1:colcon.colcon_core.package_identification:_identify(.) by extensions ['ros']
[0.941s] Level 1:colcon.colcon_core.package_identification:_identify(.) by extension 'ros'
[1.010s] Level 1:colcon.colcon_core.package_identification:_identify(.) by extensions ['cmake', 'python']
[1.011s] Level 1:colcon.colcon_core.package_identification:_identify(.) by extension 'cmake'
[1.011s] Level 1:colcon.colcon_core.package_identification:_identify(.) by extension 'python'
[1.011s] Level 1:colcon.colcon_core.package_identification:_identify(.) by extensions ['python_setup_py']
[1.012s] Level 1:colcon.colcon_core.package_identification:_identify(.) by extension 'python_setup_py'
[1.012s] Level 1:colcon.colcon_core.package_identification:_identify(build) by extensions ['ignore', 'ignore_ament_install']
[1.013s] Level 1:colcon.colcon_core.package_identification:_identify(build) by extension 'ignore'
[1.013s] Level 1:colcon.colcon_core.package_identification:_identify(build) ignored
[1.013s] Level 1:colcon.colcon_core.package_identification:_identify(install) by extensions ['ignore', 'ignore_ament_install']
[1.014s] Level 1:colcon.colcon_core.package_identification:_identify(install) by extension 'ignore'
[1.014s] Level 1:colcon.colcon_core.package_identification:_identify(install) ignored
[1.014s] Level 1:colcon.colcon_core.package_identification:_identify(log) by extensions ['ignore', 'ignore_ament_install']
[1.014s] Level 1:colcon.colcon_core.package_identification:_identify(log) by extension 'ignore'
[1.015s] Level 1:colcon.colcon_core.package_identification:_identify(log) ignored
[1.020s] Level 1:colcon.colcon_core.package_identification:_identify(sh) by extensions ['ignore', 'ignore_ament_install']
[1.020s] Level 1:colcon.colcon_core.package_identification:_identify(sh) by extension 'ignore'
[1.020s] Level 1:colcon.colcon_core.package_identification:_identify(sh) by extension 'ignore_ament_install'
[1.020s] Level 1:colcon.colcon_core.package_identification:_identify(sh) by extensions ['colcon_pkg']
[1.021s] Level 1:colcon.colcon_core.package_identification:_identify(sh) by extension 'colcon_pkg'
[1.021s] Level 1:colcon.colcon_core.package_identification:_identify(sh) by extensions ['colcon_meta']
[1.021s] Level 1:colcon.colcon_core.package_identification:_identify(sh) by extension 'colcon_meta'
[1.021s] Level 1:colcon.colcon_core.package_identification:_identify(sh) by extensions ['ros']
[1.021s] Level 1:colcon.colcon_core.package_identification:_identify(sh) by extension 'ros'
[1.021s] Level 1:colcon.colcon_core.package_identification:_identify(sh) by extensions ['cmake', 'python']
[1.021s] Level 1:colcon.colcon_core.package_identification:_identify(sh) by extension 'cmake'
[1.021s] Level 1:colcon.colcon_core.package_identification:_identify(sh) by extension 'python'
[1.022s] Level 1:colcon.colcon_core.package_identification:_identify(sh) by extensions ['python_setup_py']
[1.022s] Level 1:colcon.colcon_core.package_identification:_identify(sh) by extension 'python_setup_py'
[1.022s] Level 1:colcon.colcon_core.package_identification:_identify(src) by extensions ['ignore', 'ignore_ament_install']
[1.022s] Level 1:colcon.colcon_core.package_identification:_identify(src) by extension 'ignore'
[1.022s] Level 1:colcon.colcon_core.package_identification:_identify(src) by extension 'ignore_ament_install'
[1.022s] Level 1:colcon.colcon_core.package_identification:_identify(src) by extensions ['colcon_pkg']
[1.022s] Level 1:colcon.colcon_core.package_identification:_identify(src) by extension 'colcon_pkg'
[1.023s] Level 1:colcon.colcon_core.package_identification:_identify(src) by extensions ['colcon_meta']
[1.023s] Level 1:colcon.colcon_core.package_identification:_identify(src) by extension 'colcon_meta'
[1.023s] Level 1:colcon.colcon_core.package_identification:_identify(src) by extensions ['ros']
[1.023s] Level 1:colcon.colcon_core.package_identification:_identify(src) by extension 'ros'
[1.023s] Level 1:colcon.colcon_core.package_identification:_identify(src) by extensions ['cmake', 'python']
[1.023s] Level 1:colcon.colcon_core.package_identification:_identify(src) by extension 'cmake'
[1.023s] Level 1:colcon.colcon_core.package_identification:_identify(src) by extension 'python'
[1.023s] Level 1:colcon.colcon_core.package_identification:_identify(src) by extensions ['python_setup_py']
[1.023s] Level 1:colcon.colcon_core.package_identification:_identify(src) by extension 'python_setup_py'
[1.024s] Level 1:colcon.colcon_core.package_identification:_identify(src/detect) by extensions ['ignore', 'ignore_ament_install']
[1.025s] Level 1:colcon.colcon_core.package_identification:_identify(src/detect) by extension 'ignore'
[1.025s] Level 1:colcon.colcon_core.package_identification:_identify(src/detect) by extension 'ignore_ament_install'
[1.025s] Level 1:colcon.colcon_core.package_identification:_identify(src/detect) by extensions ['colcon_pkg']
[1.025s] Level 1:colcon.colcon_core.package_identification:_identify(src/detect) by extension 'colcon_pkg'
[1.025s] Level 1:colcon.colcon_core.package_identification:_identify(src/detect) by extensions ['colcon_meta']
[1.025s] Level 1:colcon.colcon_core.package_identification:_identify(src/detect) by extension 'colcon_meta'
[1.025s] Level 1:colcon.colcon_core.package_identification:_identify(src/detect) by extensions ['ros']
[1.025s] Level 1:colcon.colcon_core.package_identification:_identify(src/detect) by extension 'ros'
[1.026s] Level 1:colcon.colcon_core.package_identification:_identify(src/detect) by extensions ['cmake', 'python']
[1.026s] Level 1:colcon.colcon_core.package_identification:_identify(src/detect) by extension 'cmake'
[1.026s] Level 1:colcon.colcon_core.package_identification:_identify(src/detect) by extension 'python'
[1.026s] Level 1:colcon.colcon_core.package_identification:_identify(src/detect) by extensions ['python_setup_py']
[1.026s] Level 1:colcon.colcon_core.package_identification:_identify(src/detect) by extension 'python_setup_py'
[1.027s] Level 1:colcon.colcon_core.package_identification:_identify(src/fishbot) by extensions ['ignore', 'ignore_ament_install']
[1.027s] Level 1:colcon.colcon_core.package_identification:_identify(src/fishbot) by extension 'ignore'
[1.027s] Level 1:colcon.colcon_core.package_identification:_identify(src/fishbot) by extension 'ignore_ament_install'
[1.027s] Level 1:colcon.colcon_core.package_identification:_identify(src/fishbot) by extensions ['colcon_pkg']
[1.027s] Level 1:colcon.colcon_core.package_identification:_identify(src/fishbot) by extension 'colcon_pkg'
[1.027s] Level 1:colcon.colcon_core.package_identification:_identify(src/fishbot) by extensions ['colcon_meta']
[1.027s] Level 1:colcon.colcon_core.package_identification:_identify(src/fishbot) by extension 'colcon_meta'
[1.028s] Level 1:colcon.colcon_core.package_identification:_identify(src/fishbot) by extensions ['ros']
[1.028s] Level 1:colcon.colcon_core.package_identification:_identify(src/fishbot) by extension 'ros'
[1.028s] Level 1:colcon.colcon_core.package_identification:_identify(src/fishbot) by extensions ['cmake', 'python']
[1.028s] Level 1:colcon.colcon_core.package_identification:_identify(src/fishbot) by extension 'cmake'
[1.028s] Level 1:colcon.colcon_core.package_identification:_identify(src/fishbot) by extension 'python'
[1.028s] Level 1:colcon.colcon_core.package_identification:_identify(src/fishbot) by extensions ['python_setup_py']
[1.028s] Level 1:colcon.colcon_core.package_identification:_identify(src/fishbot) by extension 'python_setup_py'
[1.029s] Level 1:colcon.colcon_core.package_identification:_identify(src/fishbot/doc) by extensions ['ignore', 'ignore_ament_install']
[1.029s] Level 1:colcon.colcon_core.package_identification:_identify(src/fishbot/doc) by extension 'ignore'
[1.029s] Level 1:colcon.colcon_core.package_identification:_identify(src/fishbot/doc) by extension 'ignore_ament_install'
[1.029s] Level 1:colcon.colcon_core.package_identification:_identify(src/fishbot/doc) by extensions ['colcon_pkg']
[1.029s] Level 1:colcon.colcon_core.package_identification:_identify(src/fishbot/doc) by extension 'colcon_pkg'
[1.030s] Level 1:colcon.colcon_core.package_identification:_identify(src/fishbot/doc) by extensions ['colcon_meta']
[1.030s] Level 1:colcon.colcon_core.package_identification:_identify(src/fishbot/doc) by extension 'colcon_meta'
[1.030s] Level 1:colcon.colcon_core.package_identification:_identify(src/fishbot/doc) by extensions ['ros']
[1.030s] Level 1:colcon.colcon_core.package_identification:_identify(src/fishbot/doc) by extension 'ros'
[1.030s] Level 1:colcon.colcon_core.package_identification:_identify(src/fishbot/doc) by extensions ['cmake', 'python']
[1.030s] Level 1:colcon.colcon_core.package_identification:_identify(src/fishbot/doc) by extension 'cmake'
[1.030s] Level 1:colcon.colcon_core.package_identification:_identify(src/fishbot/doc) by extension 'python'
[1.030s] Level 1:colcon.colcon_core.package_identification:_identify(src/fishbot/doc) by extensions ['python_setup_py']
[1.030s] Level 1:colcon.colcon_core.package_identification:_identify(src/fishbot/doc) by extension 'python_setup_py'
[1.031s] Level 1:colcon.colcon_core.package_identification:_identify(src/fishbot/doc/imgs) by extensions ['ignore', 'ignore_ament_install']
[1.031s] Level 1:colcon.colcon_core.package_identification:_identify(src/fishbot/doc/imgs) by extension 'ignore'
[1.031s] Level 1:colcon.colcon_core.package_identification:_identify(src/fishbot/doc/imgs) by extension 'ignore_ament_install'
[1.032s] Level 1:colcon.colcon_core.package_identification:_identify(src/fishbot/doc/imgs) by extensions ['colcon_pkg']
[1.032s] Level 1:colcon.colcon_core.package_identification:_identify(src/fishbot/doc/imgs) by extension 'colcon_pkg'
[1.032s] Level 1:colcon.colcon_core.package_identification:_identify(src/fishbot/doc/imgs) by extensions ['colcon_meta']
[1.032s] Level 1:colcon.colcon_core.package_identification:_identify(src/fishbot/doc/imgs) by extension 'colcon_meta'
[1.032s] Level 1:colcon.colcon_core.package_identification:_identify(src/fishbot/doc/imgs) by extensions ['ros']
[1.032s] Level 1:colcon.colcon_core.package_identification:_identify(src/fishbot/doc/imgs) by extension 'ros'
[1.032s] Level 1:colcon.colcon_core.package_identification:_identify(src/fishbot/doc/imgs) by extensions ['cmake', 'python']
[1.032s] Level 1:colcon.colcon_core.package_identification:_identify(src/fishbot/doc/imgs) by extension 'cmake'
[1.033s] Level 1:colcon.colcon_core.package_identification:_identify(src/fishbot/doc/imgs) by extension 'python'
[1.033s] Level 1:colcon.colcon_core.package_identification:_identify(src/fishbot/doc/imgs) by extensions ['python_setup_py']
[1.033s] Level 1:colcon.colcon_core.package_identification:_identify(src/fishbot/doc/imgs) by extension 'python_setup_py'
[1.033s] Level 1:colcon.colcon_core.package_identification:_identify(src/fishbot/src) by extensions ['ignore', 'ignore_ament_install']
[1.034s] Level 1:colcon.colcon_core.package_identification:_identify(src/fishbot/src) by extension 'ignore'
[1.034s] Level 1:colcon.colcon_core.package_identification:_identify(src/fishbot/src) by extension 'ignore_ament_install'
[1.034s] Level 1:colcon.colcon_core.package_identification:_identify(src/fishbot/src) by extensions ['colcon_pkg']
[1.034s] Level 1:colcon.colcon_core.package_identification:_identify(src/fishbot/src) by extension 'colcon_pkg'
[1.034s] Level 1:colcon.colcon_core.package_identification:_identify(src/fishbot/src) by extensions ['colcon_meta']
[1.034s] Level 1:colcon.colcon_core.package_identification:_identify(src/fishbot/src) by extension 'colcon_meta'
[1.034s] Level 1:colcon.colcon_core.package_identification:_identify(src/fishbot/src) by extensions ['ros']
[1.034s] Level 1:colcon.colcon_core.package_identification:_identify(src/fishbot/src) by extension 'ros'
[1.035s] Level 1:colcon.colcon_core.package_identification:_identify(src/fishbot/src) by extensions ['cmake', 'python']
[1.035s] Level 1:colcon.colcon_core.package_identification:_identify(src/fishbot/src) by extension 'cmake'
[1.035s] Level 1:colcon.colcon_core.package_identification:_identify(src/fishbot/src) by extension 'python'
[1.035s] Level 1:colcon.colcon_core.package_identification:_identify(src/fishbot/src) by extensions ['python_setup_py']
[1.035s] Level 1:colcon.colcon_core.package_identification:_identify(src/fishbot/src) by extension 'python_setup_py'
[1.036s] Level 1:colcon.colcon_core.package_identification:_identify(src/fishbot/src/fishbot_bringup) by extensions ['ignore', 'ignore_ament_install']
[1.036s] Level 1:colcon.colcon_core.package_identification:_identify(src/fishbot/src/fishbot_bringup) by extension 'ignore'
[1.037s] Level 1:colcon.colcon_core.package_identification:_identify(src/fishbot/src/fishbot_bringup) by extension 'ignore_ament_install'
[1.037s] Level 1:colcon.colcon_core.package_identification:_identify(src/fishbot/src/fishbot_bringup) by extensions ['colcon_pkg']
[1.037s] Level 1:colcon.colcon_core.package_identification:_identify(src/fishbot/src/fishbot_bringup) by extension 'colcon_pkg'
[1.038s] Level 1:colcon.colcon_core.package_identification:_identify(src/fishbot/src/fishbot_bringup) by extensions ['colcon_meta']
[1.038s] Level 1:colcon.colcon_core.package_identification:_identify(src/fishbot/src/fishbot_bringup) by extension 'colcon_meta'
[1.038s] Level 1:colcon.colcon_core.package_identification:_identify(src/fishbot/src/fishbot_bringup) by extensions ['ros']
[1.038s] Level 1:colcon.colcon_core.package_identification:_identify(src/fishbot/src/fishbot_bringup) by extension 'ros'
[1.055s] DEBUG:colcon.colcon_core.package_identification:Package 'src/fishbot/src/fishbot_bringup' with type 'ros.ament_cmake' and name 'fishbot_bringup'
[1.056s] Level 1:colcon.colcon_core.package_identification:_identify(src/fishbot/src/fishbot_cartographer) by extensions ['ignore', 'ignore_ament_install']
[1.057s] Level 1:colcon.colcon_core.package_identification:_identify(src/fishbot/src/fishbot_cartographer) by extension 'ignore'
[1.057s] Level 1:colcon.colcon_core.package_identification:_identify(src/fishbot/src/fishbot_cartographer) by extension 'ignore_ament_install'
[1.057s] Level 1:colcon.colcon_core.package_identification:_identify(src/fishbot/src/fishbot_cartographer) by extensions ['colcon_pkg']
[1.058s] Level 1:colcon.colcon_core.package_identification:_identify(src/fishbot/src/fishbot_cartographer) by extension 'colcon_pkg'
[1.058s] Level 1:colcon.colcon_core.package_identification:_identify(src/fishbot/src/fishbot_cartographer) by extensions ['colcon_meta']
[1.058s] Level 1:colcon.colcon_core.package_identification:_identify(src/fishbot/src/fishbot_cartographer) by extension 'colcon_meta'
[1.058s] Level 1:colcon.colcon_core.package_identification:_identify(src/fishbot/src/fishbot_cartographer) by extensions ['ros']
[1.059s] Level 1:colcon.colcon_core.package_identification:_identify(src/fishbot/src/fishbot_cartographer) by extension 'ros'
[1.062s] DEBUG:colcon.colcon_core.package_identification:Package 'src/fishbot/src/fishbot_cartographer' with type 'ros.ament_cmake' and name 'fishbot_cartographer'
[1.063s] Level 1:colcon.colcon_core.package_identification:_identify(src/fishbot/src/fishbot_description) by extensions ['ignore', 'ignore_ament_install']
[1.063s] Level 1:colcon.colcon_core.package_identification:_identify(src/fishbot/src/fishbot_description) by extension 'ignore'
[1.064s] Level 1:colcon.colcon_core.package_identification:_identify(src/fishbot/src/fishbot_description) by extension 'ignore_ament_install'
[1.064s] Level 1:colcon.colcon_core.package_identification:_identify(src/fishbot/src/fishbot_description) by extensions ['colcon_pkg']
[1.064s] Level 1:colcon.colcon_core.package_identification:_identify(src/fishbot/src/fishbot_description) by extension 'colcon_pkg'
[1.064s] Level 1:colcon.colcon_core.package_identification:_identify(src/fishbot/src/fishbot_description) by extensions ['colcon_meta']
[1.065s] Level 1:colcon.colcon_core.package_identification:_identify(src/fishbot/src/fishbot_description) by extension 'colcon_meta'
[1.065s] Level 1:colcon.colcon_core.package_identification:_identify(src/fishbot/src/fishbot_description) by extensions ['ros']
[1.065s] Level 1:colcon.colcon_core.package_identification:_identify(src/fishbot/src/fishbot_description) by extension 'ros'
[1.071s] DEBUG:colcon.colcon_core.package_identification:Package 'src/fishbot/src/fishbot_description' with type 'ros.ament_python' and name 'fishbot_description'
[1.072s] Level 1:colcon.colcon_core.package_identification:_identify(src/fishbot/src/fishbot_interfaces) by extensions ['ignore', 'ignore_ament_install']
[1.073s] Level 1:colcon.colcon_core.package_identification:_identify(src/fishbot/src/fishbot_interfaces) by extension 'ignore'
[1.073s] Level 1:colcon.colcon_core.package_identification:_identify(src/fishbot/src/fishbot_interfaces) by extension 'ignore_ament_install'
[1.073s] Level 1:colcon.colcon_core.package_identification:_identify(src/fishbot/src/fishbot_interfaces) by extensions ['colcon_pkg']
[1.074s] Level 1:colcon.colcon_core.package_identification:_identify(src/fishbot/src/fishbot_interfaces) by extension 'colcon_pkg'
[1.074s] Level 1:colcon.colcon_core.package_identification:_identify(src/fishbot/src/fishbot_interfaces) by extensions ['colcon_meta']
[1.074s] Level 1:colcon.colcon_core.package_identification:_identify(src/fishbot/src/fishbot_interfaces) by extension 'colcon_meta'
[1.074s] Level 1:colcon.colcon_core.package_identification:_identify(src/fishbot/src/fishbot_interfaces) by extensions ['ros']
[1.075s] Level 1:colcon.colcon_core.package_identification:_identify(src/fishbot/src/fishbot_interfaces) by extension 'ros'
[1.078s] DEBUG:colcon.colcon_core.package_identification:Package 'src/fishbot/src/fishbot_interfaces' with type 'ros.ament_cmake' and name 'fishbot_interfaces'
[1.080s] Level 1:colcon.colcon_core.package_identification:_identify(src/fishbot/src/fishbot_navigation2) by extensions ['ignore', 'ignore_ament_install']
[1.080s] Level 1:colcon.colcon_core.package_identification:_identify(src/fishbot/src/fishbot_navigation2) by extension 'ignore'
[1.081s] Level 1:colcon.colcon_core.package_identification:_identify(src/fishbot/src/fishbot_navigation2) by extension 'ignore_ament_install'
[1.081s] Level 1:colcon.colcon_core.package_identification:_identify(src/fishbot/src/fishbot_navigation2) by extensions ['colcon_pkg']
[1.081s] Level 1:colcon.colcon_core.package_identification:_identify(src/fishbot/src/fishbot_navigation2) by extension 'colcon_pkg'
[1.081s] Level 1:colcon.colcon_core.package_identification:_identify(src/fishbot/src/fishbot_navigation2) by extensions ['colcon_meta']
[1.082s] Level 1:colcon.colcon_core.package_identification:_identify(src/fishbot/src/fishbot_navigation2) by extension 'colcon_meta'
[1.082s] Level 1:colcon.colcon_core.package_identification:_identify(src/fishbot/src/fishbot_navigation2) by extensions ['ros']
[1.082s] Level 1:colcon.colcon_core.package_identification:_identify(src/fishbot/src/fishbot_navigation2) by extension 'ros'
[1.086s] DEBUG:colcon.colcon_core.package_identification:Package 'src/fishbot/src/fishbot_navigation2' with type 'ros.ament_cmake' and name 'fishbot_navigation2'
[1.088s] Level 1:colcon.colcon_core.package_identification:_identify(src/micro-ROS-Agent) by extensions ['ignore', 'ignore_ament_install']
[1.088s] Level 1:colcon.colcon_core.package_identification:_identify(src/micro-ROS-Agent) by extension 'ignore'
[1.089s] Level 1:colcon.colcon_core.package_identification:_identify(src/micro-ROS-Agent) by extension 'ignore_ament_install'
[1.089s] Level 1:colcon.colcon_core.package_identification:_identify(src/micro-ROS-Agent) by extensions ['colcon_pkg']
[1.089s] Level 1:colcon.colcon_core.package_identification:_identify(src/micro-ROS-Agent) by extension 'colcon_pkg'
[1.090s] Level 1:colcon.colcon_core.package_identification:_identify(src/micro-ROS-Agent) by extensions ['colcon_meta']
[1.090s] Level 1:colcon.colcon_core.package_identification:_identify(src/micro-ROS-Agent) by extension 'colcon_meta'
[1.090s] Level 1:colcon.colcon_core.package_identification:_identify(src/micro-ROS-Agent) by extensions ['ros']
[1.090s] Level 1:colcon.colcon_core.package_identification:_identify(src/micro-ROS-Agent) by extension 'ros'
[1.091s] Level 1:colcon.colcon_core.package_identification:_identify(src/micro-ROS-Agent) by extensions ['cmake', 'python']
[1.091s] Level 1:colcon.colcon_core.package_identification:_identify(src/micro-ROS-Agent) by extension 'cmake'
[1.091s] Level 1:colcon.colcon_core.package_identification:_identify(src/micro-ROS-Agent) by extension 'python'
[1.091s] Level 1:colcon.colcon_core.package_identification:_identify(src/micro-ROS-Agent) by extensions ['python_setup_py']
[1.091s] Level 1:colcon.colcon_core.package_identification:_identify(src/micro-ROS-Agent) by extension 'python_setup_py'
[1.092s] Level 1:colcon.colcon_core.package_identification:_identify(src/micro-ROS-Agent/micro_ros_agent) by extensions ['ignore', 'ignore_ament_install']
[1.093s] Level 1:colcon.colcon_core.package_identification:_identify(src/micro-ROS-Agent/micro_ros_agent) by extension 'ignore'
[1.093s] Level 1:colcon.colcon_core.package_identification:_identify(src/micro-ROS-Agent/micro_ros_agent) by extension 'ignore_ament_install'
[1.094s] Level 1:colcon.colcon_core.package_identification:_identify(src/micro-ROS-Agent/micro_ros_agent) by extensions ['colcon_pkg']
[1.094s] Level 1:colcon.colcon_core.package_identification:_identify(src/micro-ROS-Agent/micro_ros_agent) by extension 'colcon_pkg'
[1.094s] Level 1:colcon.colcon_core.package_identification:_identify(src/micro-ROS-Agent/micro_ros_agent) by extensions ['colcon_meta']
[1.094s] Level 1:colcon.colcon_core.package_identification:_identify(src/micro-ROS-Agent/micro_ros_agent) by extension 'colcon_meta'
[1.094s] Level 1:colcon.colcon_core.package_identification:_identify(src/micro-ROS-Agent/micro_ros_agent) by extensions ['ros']
[1.095s] Level 1:colcon.colcon_core.package_identification:_identify(src/micro-ROS-Agent/micro_ros_agent) by extension 'ros'
[1.101s] DEBUG:colcon.colcon_core.package_identification:Package 'src/micro-ROS-Agent/micro_ros_agent' with type 'ros.ament_cmake' and name 'micro_ros_agent'
[1.102s] Level 1:colcon.colcon_core.package_identification:_identify(src/micro-ROS-Agent/snap) by extensions ['ignore', 'ignore_ament_install']
[1.102s] Level 1:colcon.colcon_core.package_identification:_identify(src/micro-ROS-Agent/snap) by extension 'ignore'
[1.102s] Level 1:colcon.colcon_core.package_identification:_identify(src/micro-ROS-Agent/snap) by extension 'ignore_ament_install'
[1.103s] Level 1:colcon.colcon_core.package_identification:_identify(src/micro-ROS-Agent/snap) by extensions ['colcon_pkg']
[1.103s] Level 1:colcon.colcon_core.package_identification:_identify(src/micro-ROS-Agent/snap) by extension 'colcon_pkg'
[1.103s] Level 1:colcon.colcon_core.package_identification:_identify(src/micro-ROS-Agent/snap) by extensions ['colcon_meta']
[1.103s] Level 1:colcon.colcon_core.package_identification:_identify(src/micro-ROS-Agent/snap) by extension 'colcon_meta'
[1.104s] Level 1:colcon.colcon_core.package_identification:_identify(src/micro-ROS-Agent/snap) by extensions ['ros']
[1.104s] Level 1:colcon.colcon_core.package_identification:_identify(src/micro-ROS-Agent/snap) by extension 'ros'
[1.104s] Level 1:colcon.colcon_core.package_identification:_identify(src/micro-ROS-Agent/snap) by extensions ['cmake', 'python']
[1.104s] Level 1:colcon.colcon_core.package_identification:_identify(src/micro-ROS-Agent/snap) by extension 'cmake'
[1.105s] Level 1:colcon.colcon_core.package_identification:_identify(src/micro-ROS-Agent/snap) by extension 'python'
[1.105s] Level 1:colcon.colcon_core.package_identification:_identify(src/micro-ROS-Agent/snap) by extensions ['python_setup_py']
[1.105s] Level 1:colcon.colcon_core.package_identification:_identify(src/micro-ROS-Agent/snap) by extension 'python_setup_py'
[1.107s] Level 1:colcon.colcon_core.package_identification:_identify(src/micro-ROS-Agent/snap/hooks) by extensions ['ignore', 'ignore_ament_install']
[1.108s] Level 1:colcon.colcon_core.package_identification:_identify(src/micro-ROS-Agent/snap/hooks) by extension 'ignore'
[1.109s] Level 1:colcon.colcon_core.package_identification:_identify(src/micro-ROS-Agent/snap/hooks) by extension 'ignore_ament_install'
[1.111s] Level 1:colcon.colcon_core.package_identification:_identify(src/micro-ROS-Agent/snap/hooks) by extensions ['colcon_pkg']
[1.111s] Level 1:colcon.colcon_core.package_identification:_identify(src/micro-ROS-Agent/snap/hooks) by extension 'colcon_pkg'
[1.112s] Level 1:colcon.colcon_core.package_identification:_identify(src/micro-ROS-Agent/snap/hooks) by extensions ['colcon_meta']
[1.113s] Level 1:colcon.colcon_core.package_identification:_identify(src/micro-ROS-Agent/snap/hooks) by extension 'colcon_meta'
[1.114s] Level 1:colcon.colcon_core.package_identification:_identify(src/micro-ROS-Agent/snap/hooks) by extensions ['ros']
[1.115s] Level 1:colcon.colcon_core.package_identification:_identify(src/micro-ROS-Agent/snap/hooks) by extension 'ros'
[1.116s] Level 1:colcon.colcon_core.package_identification:_identify(src/micro-ROS-Agent/snap/hooks) by extensions ['cmake', 'python']
[1.117s] Level 1:colcon.colcon_core.package_identification:_identify(src/micro-ROS-Agent/snap/hooks) by extension 'cmake'
[1.118s] Level 1:colcon.colcon_core.package_identification:_identify(src/micro-ROS-Agent/snap/hooks) by extension 'python'
[1.119s] Level 1:colcon.colcon_core.package_identification:_identify(src/micro-ROS-Agent/snap/hooks) by extensions ['python_setup_py']
[1.119s] Level 1:colcon.colcon_core.package_identification:_identify(src/micro-ROS-Agent/snap/hooks) by extension 'python_setup_py'
[1.122s] Level 1:colcon.colcon_core.package_identification:_identify(src/micro-ROS-Agent/snap/local) by extensions ['ignore', 'ignore_ament_install']
[1.122s] Level 1:colcon.colcon_core.package_identification:_identify(src/micro-ROS-Agent/snap/local) by extension 'ignore'
[1.123s] Level 1:colcon.colcon_core.package_identification:_identify(src/micro-ROS-Agent/snap/local) by extension 'ignore_ament_install'
[1.123s] Level 1:colcon.colcon_core.package_identification:_identify(src/micro-ROS-Agent/snap/local) by extensions ['colcon_pkg']
[1.123s] Level 1:colcon.colcon_core.package_identification:_identify(src/micro-ROS-Agent/snap/local) by extension 'colcon_pkg'
[1.124s] Level 1:colcon.colcon_core.package_identification:_identify(src/micro-ROS-Agent/snap/local) by extensions ['colcon_meta']
[1.124s] Level 1:colcon.colcon_core.package_identification:_identify(src/micro-ROS-Agent/snap/local) by extension 'colcon_meta'
[1.124s] Level 1:colcon.colcon_core.package_identification:_identify(src/micro-ROS-Agent/snap/local) by extensions ['ros']
[1.124s] Level 1:colcon.colcon_core.package_identification:_identify(src/micro-ROS-Agent/snap/local) by extension 'ros'
[1.125s] Level 1:colcon.colcon_core.package_identification:_identify(src/micro-ROS-Agent/snap/local) by extensions ['cmake', 'python']
[1.125s] Level 1:colcon.colcon_core.package_identification:_identify(src/micro-ROS-Agent/snap/local) by extension 'cmake'
[1.125s] Level 1:colcon.colcon_core.package_identification:_identify(src/micro-ROS-Agent/snap/local) by extension 'python'
[1.125s] Level 1:colcon.colcon_core.package_identification:_identify(src/micro-ROS-Agent/snap/local) by extensions ['python_setup_py']
[1.125s] Level 1:colcon.colcon_core.package_identification:_identify(src/micro-ROS-Agent/snap/local) by extension 'python_setup_py'
[1.127s] Level 1:colcon.colcon_core.package_identification:_identify(src/micro_ros_msgs) by extensions ['ignore', 'ignore_ament_install']
[1.127s] Level 1:colcon.colcon_core.package_identification:_identify(src/micro_ros_msgs) by extension 'ignore'
[1.128s] Level 1:colcon.colcon_core.package_identification:_identify(src/micro_ros_msgs) by extension 'ignore_ament_install'
[1.128s] Level 1:colcon.colcon_core.package_identification:_identify(src/micro_ros_msgs) by extensions ['colcon_pkg']
[1.128s] Level 1:colcon.colcon_core.package_identification:_identify(src/micro_ros_msgs) by extension 'colcon_pkg'
[1.129s] Level 1:colcon.colcon_core.package_identification:_identify(src/micro_ros_msgs) by extensions ['colcon_meta']
[1.129s] Level 1:colcon.colcon_core.package_identification:_identify(src/micro_ros_msgs) by extension 'colcon_meta'
[1.129s] Level 1:colcon.colcon_core.package_identification:_identify(src/micro_ros_msgs) by extensions ['ros']
[1.130s] Level 1:colcon.colcon_core.package_identification:_identify(src/micro_ros_msgs) by extension 'ros'
[1.134s] DEBUG:colcon.colcon_core.package_identification:Package 'src/micro_ros_msgs' with type 'ros.ament_cmake' and name 'micro_ros_msgs'
[1.135s] Level 1:colcon.colcon_core.package_identification:_identify(src/rplidar_ros) by extensions ['ignore', 'ignore_ament_install']
[1.136s] Level 1:colcon.colcon_core.package_identification:_identify(src/rplidar_ros) by extension 'ignore'
[1.136s] Level 1:colcon.colcon_core.package_identification:_identify(src/rplidar_ros) by extension 'ignore_ament_install'
[1.136s] Level 1:colcon.colcon_core.package_identification:_identify(src/rplidar_ros) by extensions ['colcon_pkg']
[1.137s] Level 1:colcon.colcon_core.package_identification:_identify(src/rplidar_ros) by extension 'colcon_pkg'
[1.137s] Level 1:colcon.colcon_core.package_identification:_identify(src/rplidar_ros) by extensions ['colcon_meta']
[1.137s] Level 1:colcon.colcon_core.package_identification:_identify(src/rplidar_ros) by extension 'colcon_meta'
[1.138s] Level 1:colcon.colcon_core.package_identification:_identify(src/rplidar_ros) by extensions ['ros']
[1.138s] Level 1:colcon.colcon_core.package_identification:_identify(src/rplidar_ros) by extension 'ros'
[1.143s] DEBUG:colcon.colcon_core.package_identification:Package 'src/rplidar_ros' with type 'ros.ament_cmake' and name 'rplidar_ros'
[1.144s] Level 1:colcon.colcon_core.package_identification:_identify(src/sensor) by extensions ['ignore', 'ignore_ament_install']
[1.144s] Level 1:colcon.colcon_core.package_identification:_identify(src/sensor) by extension 'ignore'
[1.145s] Level 1:colcon.colcon_core.package_identification:_identify(src/sensor) by extension 'ignore_ament_install'
[1.145s] Level 1:colcon.colcon_core.package_identification:_identify(src/sensor) by extensions ['colcon_pkg']
[1.145s] Level 1:colcon.colcon_core.package_identification:_identify(src/sensor) by extension 'colcon_pkg'
[1.146s] Level 1:colcon.colcon_core.package_identification:_identify(src/sensor) by extensions ['colcon_meta']
[1.146s] Level 1:colcon.colcon_core.package_identification:_identify(src/sensor) by extension 'colcon_meta'
[1.146s] Level 1:colcon.colcon_core.package_identification:_identify(src/sensor) by extensions ['ros']
[1.146s] Level 1:colcon.colcon_core.package_identification:_identify(src/sensor) by extension 'ros'
[1.154s] DEBUG:colcon.colcon_core.package_identification:Package 'src/sensor' with type 'ros.ament_cmake' and name 'sensor'
[1.155s] Level 1:colcon.colcon_core.package_identification:_identify(src/task_scheduler) by extensions ['ignore', 'ignore_ament_install']
[1.155s] Level 1:colcon.colcon_core.package_identification:_identify(src/task_scheduler) by extension 'ignore'
[1.156s] Level 1:colcon.colcon_core.package_identification:_identify(src/task_scheduler) by extension 'ignore_ament_install'
[1.156s] Level 1:colcon.colcon_core.package_identification:_identify(src/task_scheduler) by extensions ['colcon_pkg']
[1.156s] Level 1:colcon.colcon_core.package_identification:_identify(src/task_scheduler) by extension 'colcon_pkg'
[1.157s] Level 1:colcon.colcon_core.package_identification:_identify(src/task_scheduler) by extensions ['colcon_meta']
[1.157s] Level 1:colcon.colcon_core.package_identification:_identify(src/task_scheduler) by extension 'colcon_meta'
[1.157s] Level 1:colcon.colcon_core.package_identification:_identify(src/task_scheduler) by extensions ['ros']
[1.157s] Level 1:colcon.colcon_core.package_identification:_identify(src/task_scheduler) by extension 'ros'
[1.161s] DEBUG:colcon.colcon_core.package_identification:Package 'src/task_scheduler' with type 'ros.ament_python' and name 'task_scheduler'
[1.162s] Level 1:colcon.colcon_core.package_identification:_identify(src/uboot_chat) by extensions ['ignore', 'ignore_ament_install']
[1.163s] Level 1:colcon.colcon_core.package_identification:_identify(src/uboot_chat) by extension 'ignore'
[1.164s] Level 1:colcon.colcon_core.package_identification:_identify(src/uboot_chat) by extension 'ignore_ament_install'
[1.164s] Level 1:colcon.colcon_core.package_identification:_identify(src/uboot_chat) by extensions ['colcon_pkg']
[1.164s] Level 1:colcon.colcon_core.package_identification:_identify(src/uboot_chat) by extension 'colcon_pkg'
[1.165s] Level 1:colcon.colcon_core.package_identification:_identify(src/uboot_chat) by extensions ['colcon_meta']
[1.165s] Level 1:colcon.colcon_core.package_identification:_identify(src/uboot_chat) by extension 'colcon_meta'
[1.165s] Level 1:colcon.colcon_core.package_identification:_identify(src/uboot_chat) by extensions ['ros']
[1.165s] Level 1:colcon.colcon_core.package_identification:_identify(src/uboot_chat) by extension 'ros'
[1.169s] DEBUG:colcon.colcon_core.package_identification:Package 'src/uboot_chat' with type 'ros.ament_python' and name 'uboot_chat'
[1.170s] Level 1:colcon.colcon_core.package_identification:_identify(src/yolo_v5) by extensions ['ignore', 'ignore_ament_install']
[1.171s] Level 1:colcon.colcon_core.package_identification:_identify(src/yolo_v5) by extension 'ignore'
[1.171s] Level 1:colcon.colcon_core.package_identification:_identify(src/yolo_v5) by extension 'ignore_ament_install'
[1.171s] Level 1:colcon.colcon_core.package_identification:_identify(src/yolo_v5) by extensions ['colcon_pkg']
[1.171s] Level 1:colcon.colcon_core.package_identification:_identify(src/yolo_v5) by extension 'colcon_pkg'
[1.172s] Level 1:colcon.colcon_core.package_identification:_identify(src/yolo_v5) by extensions ['colcon_meta']
[1.172s] Level 1:colcon.colcon_core.package_identification:_identify(src/yolo_v5) by extension 'colcon_meta'
[1.172s] Level 1:colcon.colcon_core.package_identification:_identify(src/yolo_v5) by extensions ['ros']
[1.172s] Level 1:colcon.colcon_core.package_identification:_identify(src/yolo_v5) by extension 'ros'
[1.176s] DEBUG:colcon.colcon_core.package_identification:Package 'src/yolo_v5' with type 'ros.ament_python' and name 'yolo_v5'
[1.177s] Level 1:colcon.colcon_core.package_discovery:discover_packages(recursive) using defaults
[1.177s] Level 1:colcon.colcon_core.package_discovery:discover_packages(ignore) discover
[1.177s] Level 1:colcon.colcon_core.package_discovery:discover_packages(ignore) using defaults
[1.177s] Level 1:colcon.colcon_core.package_discovery:discover_packages(path) discover
[1.178s] Level 1:colcon.colcon_core.package_discovery:discover_packages(path) using defaults
[1.299s] INFO:colcon.colcon_core.package_selection:Skipping not selected package 'fishbot_bringup' in 'src/fishbot/src/fishbot_bringup'
[1.299s] INFO:colcon.colcon_core.package_selection:Skipping not selected package 'fishbot_cartographer' in 'src/fishbot/src/fishbot_cartographer'
[1.299s] INFO:colcon.colcon_core.package_selection:Skipping not selected package 'fishbot_description' in 'src/fishbot/src/fishbot_description'
[1.299s] INFO:colcon.colcon_core.package_selection:Skipping not selected package 'fishbot_interfaces' in 'src/fishbot/src/fishbot_interfaces'
[1.299s] INFO:colcon.colcon_core.package_selection:Skipping not selected package 'fishbot_navigation2' in 'src/fishbot/src/fishbot_navigation2'
[1.300s] INFO:colcon.colcon_core.package_selection:Skipping not selected package 'micro_ros_msgs' in 'src/micro_ros_msgs'
[1.300s] INFO:colcon.colcon_core.package_selection:Skipping not selected package 'rplidar_ros' in 'src/rplidar_ros'
[1.300s] INFO:colcon.colcon_core.package_selection:Skipping not selected package 'sensor' in 'src/sensor'
[1.300s] INFO:colcon.colcon_core.package_selection:Skipping not selected package 'task_scheduler' in 'src/task_scheduler'
[1.300s] INFO:colcon.colcon_core.package_selection:Skipping not selected package 'yolo_v5' in 'src/yolo_v5'
[1.300s] INFO:colcon.colcon_core.package_selection:Skipping not selected package 'micro_ros_agent' in 'src/micro-ROS-Agent/micro_ros_agent'
[1.303s] Level 1:colcon.colcon_core.package_discovery:discover_packages(prefix_path) check parameters
[1.303s] Level 1:colcon.colcon_core.package_discovery:discover_packages(prefix_path) discover
[1.370s] DEBUG:colcon.colcon_installed_package_information.package_discovery:Found 12 installed packages in /home/uboot/data/ros2_uboot/install
[1.374s] DEBUG:colcon.colcon_installed_package_information.package_discovery:Found 261 installed packages in /opt/ros/foxy
[1.379s] Level 1:colcon.colcon_core.package_discovery:discover_packages(prefix_path) using defaults
[1.883s] Level 5:colcon.colcon_core.verb:set package 'uboot_chat' build argument 'cmake_args' from command line to 'None'
[1.884s] Level 5:colcon.colcon_core.verb:set package 'uboot_chat' build argument 'cmake_target' from command line to 'None'
[1.884s] Level 5:colcon.colcon_core.verb:set package 'uboot_chat' build argument 'cmake_target_skip_unavailable' from command line to 'False'
[1.884s] Level 5:colcon.colcon_core.verb:set package 'uboot_chat' build argument 'cmake_clean_cache' from command line to 'False'
[1.884s] Level 5:colcon.colcon_core.verb:set package 'uboot_chat' build argument 'cmake_clean_first' from command line to 'False'
[1.884s] Level 5:colcon.colcon_core.verb:set package 'uboot_chat' build argument 'cmake_force_configure' from command line to 'False'
[1.884s] Level 5:colcon.colcon_core.verb:set package 'uboot_chat' build argument 'ament_cmake_args' from command line to 'None'
[1.885s] Level 5:colcon.colcon_core.verb:set package 'uboot_chat' build argument 'catkin_cmake_args' from command line to 'None'
[1.885s] Level 5:colcon.colcon_core.verb:set package 'uboot_chat' build argument 'catkin_skip_building_tests' from command line to 'False'
[1.885s] DEBUG:colcon.colcon_core.verb:Building package 'uboot_chat' with the following arguments: {'ament_cmake_args': None, 'build_base': '/home/uboot/data/ros2_uboot/build/uboot_chat', 'catkin_cmake_args': None, 'catkin_skip_building_tests': False, 'cmake_args': None, 'cmake_clean_cache': False, 'cmake_clean_first': False, 'cmake_force_configure': False, 'cmake_target': None, 'cmake_target_skip_unavailable': False, 'install_base': '/home/uboot/data/ros2_uboot/install/uboot_chat', 'merge_install': False, 'path': '/home/uboot/data/ros2_uboot/src/uboot_chat', 'symlink_install': False, 'test_result_base': None}
[1.886s] INFO:colcon.colcon_core.executor:Executing jobs using 'parallel' executor
[1.889s] DEBUG:colcon.colcon_parallel_executor.executor.parallel:run_until_complete
[1.890s] INFO:colcon.colcon_ros.task.ament_python.build:Building ROS package in '/home/uboot/data/ros2_uboot/src/uboot_chat' with build type 'ament_python'
[1.890s] Level 1:colcon.colcon_core.shell:create_environment_hook('uboot_chat', 'ament_prefix_path')
[1.910s] INFO:colcon.colcon_core.plugin_system:Skipping extension 'colcon_core.shell.bat': Not used on non-Windows systems
[1.912s] INFO:colcon.colcon_core.shell:Creating environment hook '/home/uboot/data/ros2_uboot/install/uboot_chat/share/uboot_chat/hook/ament_prefix_path.ps1'
[1.917s] INFO:colcon.colcon_core.shell:Creating environment descriptor '/home/uboot/data/ros2_uboot/install/uboot_chat/share/uboot_chat/hook/ament_prefix_path.dsv'
[1.921s] INFO:colcon.colcon_core.shell:Creating environment hook '/home/uboot/data/ros2_uboot/install/uboot_chat/share/uboot_chat/hook/ament_prefix_path.sh'
[1.927s] INFO:colcon.colcon_core.shell:Skip shell extension 'powershell' for command environment: Not usable outside of PowerShell
[1.928s] DEBUG:colcon.colcon_core.shell:Skip shell extension 'dsv' for command environment
[2.488s] INFO:colcon.colcon_core.task.python.build:Building Python package in '/home/uboot/data/ros2_uboot/src/uboot_chat'
[2.490s] INFO:colcon.colcon_core.shell:Skip shell extension 'powershell' for command environment: Not usable outside of PowerShell
[2.491s] DEBUG:colcon.colcon_core.shell:Skip shell extension 'dsv' for command environment
[4.114s] DEBUG:colcon.colcon_core.event_handler.log_command:Invoking command in '/home/uboot/data/ros2_uboot/src/uboot_chat': PYTHONPATH=/home/uboot/data/ros2_uboot/build/uboot_chat/prefix_override:/usr/lib/python3/dist-packages/colcon_core/task/python/colcon_distutils_commands:/home/uboot/data/ros2_uboot/install/uboot_chat/lib/python3.8/site-packages:${PYTHONPATH} /usr/bin/python3 -W ignore:setup.py install is deprecated -W ignore:easy_install command is deprecated setup.py egg_info --egg-base ../../build/uboot_chat build --build-base /home/uboot/data/ros2_uboot/build/uboot_chat/build install --record /home/uboot/data/ros2_uboot/build/uboot_chat/install.log --install-scripts $base/lib/uboot_chat --single-version-externally-managed install_data
[4.846s] DEBUG:colcon.colcon_core.event_handler.log_command:Invoked command in '/home/uboot/data/ros2_uboot/src/uboot_chat' returned '0': PYTHONPATH=/home/uboot/data/ros2_uboot/build/uboot_chat/prefix_override:/usr/lib/python3/dist-packages/colcon_core/task/python/colcon_distutils_commands:/home/uboot/data/ros2_uboot/install/uboot_chat/lib/python3.8/site-packages:${PYTHONPATH} /usr/bin/python3 -W ignore:setup.py install is deprecated -W ignore:easy_install command is deprecated setup.py egg_info --egg-base ../../build/uboot_chat build --build-base /home/uboot/data/ros2_uboot/build/uboot_chat/build install --record /home/uboot/data/ros2_uboot/build/uboot_chat/install.log --install-scripts $base/lib/uboot_chat --single-version-externally-managed install_data
[4.865s] Level 1:colcon.colcon_core.environment:checking '/home/uboot/data/ros2_uboot/install/uboot_chat' for CMake module files
[4.867s] Level 1:colcon.colcon_core.environment:checking '/home/uboot/data/ros2_uboot/install/uboot_chat' for CMake config files
[4.873s] Level 1:colcon.colcon_core.environment:checking '/home/uboot/data/ros2_uboot/install/uboot_chat/lib'
[4.874s] Level 1:colcon.colcon_core.environment:checking '/home/uboot/data/ros2_uboot/install/uboot_chat/bin'
[4.874s] Level 1:colcon.colcon_core.environment:checking '/home/uboot/data/ros2_uboot/install/uboot_chat/lib/pkgconfig/uboot_chat.pc'
[4.875s] Level 1:colcon.colcon_core.environment:checking '/home/uboot/data/ros2_uboot/install/uboot_chat/lib/python3.8/site-packages'
[4.875s] Level 1:colcon.colcon_core.shell:create_environment_hook('uboot_chat', 'pythonpath')
[4.877s] INFO:colcon.colcon_core.shell:Creating environment hook '/home/uboot/data/ros2_uboot/install/uboot_chat/share/uboot_chat/hook/pythonpath.ps1'
[4.879s] INFO:colcon.colcon_core.shell:Creating environment descriptor '/home/uboot/data/ros2_uboot/install/uboot_chat/share/uboot_chat/hook/pythonpath.dsv'
[4.880s] INFO:colcon.colcon_core.shell:Creating environment hook '/home/uboot/data/ros2_uboot/install/uboot_chat/share/uboot_chat/hook/pythonpath.sh'
[4.882s] Level 1:colcon.colcon_core.environment:checking '/home/uboot/data/ros2_uboot/install/uboot_chat/bin'
[4.882s] Level 1:colcon.colcon_core.environment:create_environment_scripts_only(uboot_chat)
[4.884s] INFO:colcon.colcon_core.shell:Creating package script '/home/uboot/data/ros2_uboot/install/uboot_chat/share/uboot_chat/package.ps1'
[4.888s] INFO:colcon.colcon_core.shell:Creating package descriptor '/home/uboot/data/ros2_uboot/install/uboot_chat/share/uboot_chat/package.dsv'
[4.890s] INFO:colcon.colcon_core.shell:Creating package script '/home/uboot/data/ros2_uboot/install/uboot_chat/share/uboot_chat/package.sh'
[4.894s] INFO:colcon.colcon_core.shell:Creating package script '/home/uboot/data/ros2_uboot/install/uboot_chat/share/uboot_chat/package.bash'
[4.897s] INFO:colcon.colcon_core.shell:Creating package script '/home/uboot/data/ros2_uboot/install/uboot_chat/share/uboot_chat/package.zsh'
[4.902s] Level 1:colcon.colcon_core.environment:create_file_with_runtime_dependencies(/home/uboot/data/ros2_uboot/install/uboot_chat/share/colcon-core/packages/uboot_chat)
[4.904s] DEBUG:colcon.colcon_parallel_executor.executor.parallel:closing loop
[4.906s] DEBUG:colcon.colcon_parallel_executor.executor.parallel:loop closed
[4.907s] DEBUG:colcon.colcon_parallel_executor.executor.parallel:run_until_complete finished with '0'
[4.907s] DEBUG:colcon.colcon_core.event_reactor:joining thread
[4.931s] INFO:colcon.colcon_core.plugin_system:Skipping extension 'colcon_notification.desktop_notification.terminal_notifier': Not used on non-Darwin systems
[4.932s] INFO:colcon.colcon_core.plugin_system:Skipping extension 'colcon_notification.desktop_notification.win32': Not used on non-Windows systems
[4.932s] INFO:colcon.colcon_notification.desktop_notification:Sending desktop notification using 'notify2'
[5.116s] DEBUG:colcon.colcon_core.event_reactor:joined thread
[5.118s] INFO:colcon.colcon_core.shell:Creating prefix script '/home/uboot/data/ros2_uboot/install/local_setup.ps1'
[5.138s] INFO:colcon.colcon_core.shell:Creating prefix util module '/home/uboot/data/ros2_uboot/install/_local_setup_util_ps1.py'
[5.149s] INFO:colcon.colcon_core.shell:Creating prefix chain script '/home/uboot/data/ros2_uboot/install/setup.ps1'
[5.160s] INFO:colcon.colcon_core.shell:Creating prefix script '/home/uboot/data/ros2_uboot/install/local_setup.sh'
[5.164s] INFO:colcon.colcon_core.shell:Creating prefix util module '/home/uboot/data/ros2_uboot/install/_local_setup_util_sh.py'
[5.167s] INFO:colcon.colcon_core.shell:Creating prefix chain script '/home/uboot/data/ros2_uboot/install/setup.sh'
[5.176s] INFO:colcon.colcon_core.shell:Creating prefix script '/home/uboot/data/ros2_uboot/install/local_setup.bash'
[5.179s] INFO:colcon.colcon_core.shell:Creating prefix chain script '/home/uboot/data/ros2_uboot/install/setup.bash'
[5.187s] INFO:colcon.colcon_core.shell:Creating prefix script '/home/uboot/data/ros2_uboot/install/local_setup.zsh'
[5.190s] INFO:colcon.colcon_core.shell:Creating prefix chain script '/home/uboot/data/ros2_uboot/install/setup.zsh'
