[2.703s] Invoking command in '/home/uboot/data/ros2_uboot/src/fishbot/src/fishbot_description': PYTHONPATH=/home/uboot/data/ros2_uboot/build/fishbot_description/prefix_override:/usr/lib/python3/dist-packages/colcon_core/task/python/colcon_distutils_commands:/home/uboot/data/ros2_uboot/install/fishbot_description/lib/python3.8/site-packages:${PYTHONPATH} /usr/bin/python3 -W ignore:setup.py install is deprecated -W ignore:easy_install command is deprecated setup.py egg_info --egg-base ../../../../build/fishbot_description build --build-base /home/uboot/data/ros2_uboot/build/fishbot_description/build install --record /home/uboot/data/ros2_uboot/build/fishbot_description/install.log --single-version-externally-managed install_data
[3.062s] running egg_info
[3.063s] writing ../../../../build/fishbot_description/fishbot_description.egg-info/PKG-INFO
[3.063s] writing dependency_links to ../../../../build/fishbot_description/fishbot_description.egg-info/dependency_links.txt
[3.064s] writing entry points to ../../../../build/fishbot_description/fishbot_description.egg-info/entry_points.txt
[3.065s] writing requirements to ../../../../build/fishbot_description/fishbot_description.egg-info/requires.txt
[3.065s] writing top-level names to ../../../../build/fishbot_description/fishbot_description.egg-info/top_level.txt
[3.117s] reading manifest file '../../../../build/fishbot_description/fishbot_description.egg-info/SOURCES.txt'
[3.118s] writing manifest file '../../../../build/fishbot_description/fishbot_description.egg-info/SOURCES.txt'
[3.119s] running build
[3.119s] running build_py
[3.119s] running install
[3.120s] running install_lib
[3.124s] running install_data
[3.124s] running install_egg_info
[3.128s] removing '/home/uboot/data/ros2_uboot/install/fishbot_description/lib/python3.8/site-packages/fishbot_description-0.0.0-py3.8.egg-info' (and everything under it)
[3.129s] Copying ../../../../build/fishbot_description/fishbot_description.egg-info to /home/uboot/data/ros2_uboot/install/fishbot_description/lib/python3.8/site-packages/fishbot_description-0.0.0-py3.8.egg-info
[3.129s] running install_scripts
[3.163s] Installing rotate_wheel script to /home/uboot/data/ros2_uboot/install/fishbot_description/lib/fishbot_description
[3.164s] writing list of installed files to '/home/uboot/data/ros2_uboot/build/fishbot_description/install.log'
