[  2%] Built target sensor__cpp
[  6%] Built target sensor_node
[ 10%] Built target do_something_server
[ 19%] Built target sensor__rosidl_generator_c
[ 23%] Built target human_detector_client
[ 31%] Built target sensor__rosidl_typesupport_cpp
[ 40%] Built target sensor__rosidl_typesupport_c
[ 48%] Built target sensor__rosidl_typesupport_introspection_cpp
[ 57%] Built target sensor__rosidl_typesupport_introspection_c
[ 65%] Built target sensor__rosidl_typesupport_fastrtps_cpp
[ 74%] Built target sensor__rosidl_typesupport_fastrtps_c
[ 74%] Built target sensor
[ 76%] Built target sensor__py
[ 80%] Built target openamp_core1
[ 87%] Built target sensor__python
[ 91%] Built target sensor__rosidl_typesupport_introspection_c__pyext
[ 95%] Built target sensor__rosidl_typesupport_c__pyext
[100%] Built target sensor__rosidl_typesupport_fastrtps_c__pyext
-- Install configuration: ""
-- Installing: /home/uboot/data/ros2_uboot/install/sensor/share/ament_index/resource_index/rosidl_interfaces/sensor
-- Installing: /home/uboot/data/ros2_uboot/install/sensor/include/sensor
-- Installing: /home/uboot/data/ros2_uboot/install/sensor/include/sensor/msg
-- Installing: /home/uboot/data/ros2_uboot/install/sensor/include/sensor/msg/rosidl_generator_c__visibility_control.h
-- Installing: /home/uboot/data/ros2_uboot/install/sensor/include/sensor/msg/core_command.h
-- Installing: /home/uboot/data/ros2_uboot/install/sensor/include/sensor/msg/detail
-- Installing: /home/uboot/data/ros2_uboot/install/sensor/include/sensor/msg/detail/core_command__functions.c
-- Installing: /home/uboot/data/ros2_uboot/install/sensor/include/sensor/msg/detail/core_command__struct.h
-- Installing: /home/uboot/data/ros2_uboot/install/sensor/include/sensor/msg/detail/device_status__type_support.h
-- Installing: /home/uboot/data/ros2_uboot/install/sensor/include/sensor/msg/detail/device_status__functions.c
-- Installing: /home/uboot/data/ros2_uboot/install/sensor/include/sensor/msg/detail/device_status__struct.h
-- Installing: /home/uboot/data/ros2_uboot/install/sensor/include/sensor/msg/detail/core_command__functions.h
-- Installing: /home/uboot/data/ros2_uboot/install/sensor/include/sensor/msg/detail/device_status__functions.h
-- Installing: /home/uboot/data/ros2_uboot/install/sensor/include/sensor/msg/detail/core_command__type_support.h
-- Installing: /home/uboot/data/ros2_uboot/install/sensor/include/sensor/msg/device_status.h
-- Installing: /home/uboot/data/ros2_uboot/install/sensor/share/sensor/environment/library_path.sh
-- Installing: /home/uboot/data/ros2_uboot/install/sensor/share/sensor/environment/library_path.dsv
-- Installing: /home/uboot/data/ros2_uboot/install/sensor/lib/libsensor__rosidl_generator_c.so
-- Set runtime path of "/home/uboot/data/ros2_uboot/install/sensor/lib/libsensor__rosidl_generator_c.so" to ""
-- Up-to-date: /home/uboot/data/ros2_uboot/install/sensor/include/sensor
-- Up-to-date: /home/uboot/data/ros2_uboot/install/sensor/include/sensor/msg
-- Up-to-date: /home/uboot/data/ros2_uboot/install/sensor/include/sensor/msg/detail
-- Installing: /home/uboot/data/ros2_uboot/install/sensor/include/sensor/msg/detail/core_command__rosidl_typesupport_fastrtps_c.h
-- Installing: /home/uboot/data/ros2_uboot/install/sensor/include/sensor/msg/detail/device_status__rosidl_typesupport_fastrtps_c.h
-- Installing: /home/uboot/data/ros2_uboot/install/sensor/include/sensor/msg/rosidl_typesupport_fastrtps_c__visibility_control.h
-- Installing: /home/uboot/data/ros2_uboot/install/sensor/lib/libsensor__rosidl_typesupport_fastrtps_c.so
-- Set runtime path of "/home/uboot/data/ros2_uboot/install/sensor/lib/libsensor__rosidl_typesupport_fastrtps_c.so" to ""
-- Up-to-date: /home/uboot/data/ros2_uboot/install/sensor/include/sensor
-- Up-to-date: /home/uboot/data/ros2_uboot/install/sensor/include/sensor/msg
-- Installing: /home/uboot/data/ros2_uboot/install/sensor/include/sensor/msg/rosidl_typesupport_fastrtps_cpp__visibility_control.h
-- Up-to-date: /home/uboot/data/ros2_uboot/install/sensor/include/sensor/msg/detail
-- Installing: /home/uboot/data/ros2_uboot/install/sensor/include/sensor/msg/detail/device_status__rosidl_typesupport_fastrtps_cpp.hpp
-- Installing: /home/uboot/data/ros2_uboot/install/sensor/include/sensor/msg/detail/dds_fastrtps
-- Installing: /home/uboot/data/ros2_uboot/install/sensor/include/sensor/msg/detail/core_command__rosidl_typesupport_fastrtps_cpp.hpp
-- Installing: /home/uboot/data/ros2_uboot/install/sensor/lib/libsensor__rosidl_typesupport_fastrtps_cpp.so
-- Set runtime path of "/home/uboot/data/ros2_uboot/install/sensor/lib/libsensor__rosidl_typesupport_fastrtps_cpp.so" to ""
-- Up-to-date: /home/uboot/data/ros2_uboot/install/sensor/include/sensor
-- Up-to-date: /home/uboot/data/ros2_uboot/install/sensor/include/sensor/msg
-- Installing: /home/uboot/data/ros2_uboot/install/sensor/include/sensor/msg/rosidl_typesupport_introspection_c__visibility_control.h
-- Up-to-date: /home/uboot/data/ros2_uboot/install/sensor/include/sensor/msg/detail
-- Installing: /home/uboot/data/ros2_uboot/install/sensor/include/sensor/msg/detail/core_command__type_support.c
-- Installing: /home/uboot/data/ros2_uboot/install/sensor/include/sensor/msg/detail/device_status__type_support.c
-- Installing: /home/uboot/data/ros2_uboot/install/sensor/include/sensor/msg/detail/core_command__rosidl_typesupport_introspection_c.h
-- Installing: /home/uboot/data/ros2_uboot/install/sensor/include/sensor/msg/detail/device_status__rosidl_typesupport_introspection_c.h
-- Installing: /home/uboot/data/ros2_uboot/install/sensor/lib/libsensor__rosidl_typesupport_introspection_c.so
-- Set runtime path of "/home/uboot/data/ros2_uboot/install/sensor/lib/libsensor__rosidl_typesupport_introspection_c.so" to ""
-- Installing: /home/uboot/data/ros2_uboot/install/sensor/lib/libsensor__rosidl_typesupport_c.so
-- Set runtime path of "/home/uboot/data/ros2_uboot/install/sensor/lib/libsensor__rosidl_typesupport_c.so" to ""
-- Up-to-date: /home/uboot/data/ros2_uboot/install/sensor/include/sensor
-- Up-to-date: /home/uboot/data/ros2_uboot/install/sensor/include/sensor/msg
-- Up-to-date: /home/uboot/data/ros2_uboot/install/sensor/include/sensor/msg/detail
-- Installing: /home/uboot/data/ros2_uboot/install/sensor/include/sensor/msg/detail/core_command__builder.hpp
-- Installing: /home/uboot/data/ros2_uboot/install/sensor/include/sensor/msg/detail/core_command__type_support.hpp
-- Installing: /home/uboot/data/ros2_uboot/install/sensor/include/sensor/msg/detail/device_status__type_support.hpp
-- Installing: /home/uboot/data/ros2_uboot/install/sensor/include/sensor/msg/detail/device_status__traits.hpp
-- Installing: /home/uboot/data/ros2_uboot/install/sensor/include/sensor/msg/detail/core_command__traits.hpp
-- Installing: /home/uboot/data/ros2_uboot/install/sensor/include/sensor/msg/detail/device_status__builder.hpp
-- Installing: /home/uboot/data/ros2_uboot/install/sensor/include/sensor/msg/detail/core_command__struct.hpp
-- Installing: /home/uboot/data/ros2_uboot/install/sensor/include/sensor/msg/detail/device_status__struct.hpp
-- Installing: /home/uboot/data/ros2_uboot/install/sensor/include/sensor/msg/device_status.hpp
-- Installing: /home/uboot/data/ros2_uboot/install/sensor/include/sensor/msg/core_command.hpp
-- Installing: /home/uboot/data/ros2_uboot/install/sensor/include/sensor/msg/rosidl_generator_cpp__visibility_control.hpp
-- Up-to-date: /home/uboot/data/ros2_uboot/install/sensor/include/sensor
-- Up-to-date: /home/uboot/data/ros2_uboot/install/sensor/include/sensor/msg
-- Up-to-date: /home/uboot/data/ros2_uboot/install/sensor/include/sensor/msg/detail
-- Installing: /home/uboot/data/ros2_uboot/install/sensor/include/sensor/msg/detail/core_command__rosidl_typesupport_introspection_cpp.hpp
-- Installing: /home/uboot/data/ros2_uboot/install/sensor/include/sensor/msg/detail/device_status__type_support.cpp
-- Installing: /home/uboot/data/ros2_uboot/install/sensor/include/sensor/msg/detail/device_status__rosidl_typesupport_introspection_cpp.hpp
-- Installing: /home/uboot/data/ros2_uboot/install/sensor/include/sensor/msg/detail/core_command__type_support.cpp
-- Installing: /home/uboot/data/ros2_uboot/install/sensor/lib/libsensor__rosidl_typesupport_introspection_cpp.so
-- Set runtime path of "/home/uboot/data/ros2_uboot/install/sensor/lib/libsensor__rosidl_typesupport_introspection_cpp.so" to ""
-- Installing: /home/uboot/data/ros2_uboot/install/sensor/lib/libsensor__rosidl_typesupport_cpp.so
-- Set runtime path of "/home/uboot/data/ros2_uboot/install/sensor/lib/libsensor__rosidl_typesupport_cpp.so" to ""
-- Installing: /home/uboot/data/ros2_uboot/install/sensor/share/sensor/environment/pythonpath.sh
-- Installing: /home/uboot/data/ros2_uboot/install/sensor/share/sensor/environment/pythonpath.dsv
-- Installing: /home/uboot/data/ros2_uboot/install/sensor/lib/python3.8/site-packages/sensor/__init__.py
Compiling '/home/uboot/data/ros2_uboot/install/sensor/lib/python3.8/site-packages/sensor/__init__.py'...
-- Installing: /home/uboot/data/ros2_uboot/install/sensor/lib/python3.8/site-packages/sensor/msg
-- Installing: /home/uboot/data/ros2_uboot/install/sensor/lib/python3.8/site-packages/sensor/msg/__init__.py
-- Installing: /home/uboot/data/ros2_uboot/install/sensor/lib/python3.8/site-packages/sensor/msg/_core_command_s.c
-- Installing: /home/uboot/data/ros2_uboot/install/sensor/lib/python3.8/site-packages/sensor/msg/_core_command.py
-- Installing: /home/uboot/data/ros2_uboot/install/sensor/lib/python3.8/site-packages/sensor/msg/_device_status_s.c
-- Installing: /home/uboot/data/ros2_uboot/install/sensor/lib/python3.8/site-packages/sensor/msg/_device_status.py
-- Installing: /home/uboot/data/ros2_uboot/install/sensor/lib/python3.8/site-packages/sensor/sensor_s__rosidl_typesupport_fastrtps_c.cpython-38-aarch64-linux-gnu.so
-- Set runtime path of "/home/uboot/data/ros2_uboot/install/sensor/lib/python3.8/site-packages/sensor/sensor_s__rosidl_typesupport_fastrtps_c.cpython-38-aarch64-linux-gnu.so" to ""
-- Installing: /home/uboot/data/ros2_uboot/install/sensor/lib/python3.8/site-packages/sensor/sensor_s__rosidl_typesupport_introspection_c.cpython-38-aarch64-linux-gnu.so
-- Set runtime path of "/home/uboot/data/ros2_uboot/install/sensor/lib/python3.8/site-packages/sensor/sensor_s__rosidl_typesupport_introspection_c.cpython-38-aarch64-linux-gnu.so" to ""
-- Installing: /home/uboot/data/ros2_uboot/install/sensor/lib/python3.8/site-packages/sensor/sensor_s__rosidl_typesupport_c.cpython-38-aarch64-linux-gnu.so
-- Set runtime path of "/home/uboot/data/ros2_uboot/install/sensor/lib/python3.8/site-packages/sensor/sensor_s__rosidl_typesupport_c.cpython-38-aarch64-linux-gnu.so" to ""
-- Installing: /home/uboot/data/ros2_uboot/install/sensor/lib/libsensor__python.so
-- Set runtime path of "/home/uboot/data/ros2_uboot/install/sensor/lib/libsensor__python.so" to ""
-- Installing: /home/uboot/data/ros2_uboot/install/sensor/share/sensor/msg/CoreCommand.idl
-- Installing: /home/uboot/data/ros2_uboot/install/sensor/share/sensor/msg/DeviceStatus.idl
-- Installing: /home/uboot/data/ros2_uboot/install/sensor/share/sensor/msg/CoreCommand.msg
-- Installing: /home/uboot/data/ros2_uboot/install/sensor/share/sensor/msg/DeviceStatus.msg
-- Installing: /home/uboot/data/ros2_uboot/install/sensor/lib/sensor/sensor_node
-- Set runtime path of "/home/uboot/data/ros2_uboot/install/sensor/lib/sensor/sensor_node" to ""
-- Installing: /home/uboot/data/ros2_uboot/install/sensor/lib/sensor/human_detector_client
-- Set runtime path of "/home/uboot/data/ros2_uboot/install/sensor/lib/sensor/human_detector_client" to ""
-- Installing: /home/uboot/data/ros2_uboot/install/sensor/lib/sensor/do_something_server
-- Set runtime path of "/home/uboot/data/ros2_uboot/install/sensor/lib/sensor/do_something_server" to ""
-- Installing: /home/uboot/data/ros2_uboot/install/sensor/lib/sensor/openamp_core1
-- Set runtime path of "/home/uboot/data/ros2_uboot/install/sensor/lib/sensor/openamp_core1" to ""
-- Installing: /home/uboot/data/ros2_uboot/install/sensor/share/ament_index/resource_index/package_run_dependencies/sensor
-- Installing: /home/uboot/data/ros2_uboot/install/sensor/share/ament_index/resource_index/parent_prefix_path/sensor
-- Installing: /home/uboot/data/ros2_uboot/install/sensor/share/sensor/environment/ament_prefix_path.sh
-- Installing: /home/uboot/data/ros2_uboot/install/sensor/share/sensor/environment/ament_prefix_path.dsv
-- Installing: /home/uboot/data/ros2_uboot/install/sensor/share/sensor/environment/path.sh
-- Installing: /home/uboot/data/ros2_uboot/install/sensor/share/sensor/environment/path.dsv
-- Installing: /home/uboot/data/ros2_uboot/install/sensor/share/sensor/local_setup.bash
-- Installing: /home/uboot/data/ros2_uboot/install/sensor/share/sensor/local_setup.sh
-- Installing: /home/uboot/data/ros2_uboot/install/sensor/share/sensor/local_setup.zsh
-- Installing: /home/uboot/data/ros2_uboot/install/sensor/share/sensor/local_setup.dsv
-- Installing: /home/uboot/data/ros2_uboot/install/sensor/share/sensor/package.dsv
-- Installing: /home/uboot/data/ros2_uboot/install/sensor/share/ament_index/resource_index/packages/sensor
-- Installing: /home/uboot/data/ros2_uboot/install/sensor/share/sensor/cmake/sensor__rosidl_generator_cExport.cmake
-- Installing: /home/uboot/data/ros2_uboot/install/sensor/share/sensor/cmake/sensor__rosidl_generator_cExport-noconfig.cmake
-- Installing: /home/uboot/data/ros2_uboot/install/sensor/share/sensor/cmake/sensor__rosidl_typesupport_introspection_cExport.cmake
-- Installing: /home/uboot/data/ros2_uboot/install/sensor/share/sensor/cmake/sensor__rosidl_typesupport_introspection_cExport-noconfig.cmake
-- Installing: /home/uboot/data/ros2_uboot/install/sensor/share/sensor/cmake/sensor__rosidl_typesupport_cExport.cmake
-- Installing: /home/uboot/data/ros2_uboot/install/sensor/share/sensor/cmake/sensor__rosidl_typesupport_cExport-noconfig.cmake
-- Installing: /home/uboot/data/ros2_uboot/install/sensor/share/sensor/cmake/sensor__rosidl_generator_cppExport.cmake
-- Installing: /home/uboot/data/ros2_uboot/install/sensor/share/sensor/cmake/sensor__rosidl_typesupport_introspection_cppExport.cmake
-- Installing: /home/uboot/data/ros2_uboot/install/sensor/share/sensor/cmake/sensor__rosidl_typesupport_introspection_cppExport-noconfig.cmake
-- Installing: /home/uboot/data/ros2_uboot/install/sensor/share/sensor/cmake/sensor__rosidl_typesupport_cppExport.cmake
-- Installing: /home/uboot/data/ros2_uboot/install/sensor/share/sensor/cmake/sensor__rosidl_typesupport_cppExport-noconfig.cmake
-- Installing: /home/uboot/data/ros2_uboot/install/sensor/share/sensor/cmake/rosidl_cmake-extras.cmake
-- Installing: /home/uboot/data/ros2_uboot/install/sensor/share/sensor/cmake/ament_cmake_export_dependencies-extras.cmake
-- Installing: /home/uboot/data/ros2_uboot/install/sensor/share/sensor/cmake/ament_cmake_export_libraries-extras.cmake
-- Installing: /home/uboot/data/ros2_uboot/install/sensor/share/sensor/cmake/ament_cmake_export_targets-extras.cmake
-- Installing: /home/uboot/data/ros2_uboot/install/sensor/share/sensor/cmake/ament_cmake_export_include_directories-extras.cmake
-- Installing: /home/uboot/data/ros2_uboot/install/sensor/share/sensor/cmake/rosidl_cmake_export_typesupport_libraries-extras.cmake
-- Installing: /home/uboot/data/ros2_uboot/install/sensor/share/sensor/cmake/rosidl_cmake_export_typesupport_targets-extras.cmake
-- Installing: /home/uboot/data/ros2_uboot/install/sensor/share/sensor/cmake/sensorConfig.cmake
-- Installing: /home/uboot/data/ros2_uboot/install/sensor/share/sensor/cmake/sensorConfig-version.cmake
-- Installing: /home/uboot/data/ros2_uboot/install/sensor/share/sensor/package.xml
