[2.088s] Invoking command in '/home/uboot/data/ros2_uboot/src/uboot_chat': PYTHONPATH=/home/uboot/data/ros2_uboot/build/uboot_chat/prefix_override:/usr/lib/python3/dist-packages/colcon_core/task/python/colcon_distutils_commands:/home/uboot/data/ros2_uboot/install/uboot_chat/lib/python3.8/site-packages:${PYTHONPATH} /usr/bin/python3 -W ignore:setup.py install is deprecated -W ignore:easy_install command is deprecated setup.py egg_info --egg-base ../../build/uboot_chat build --build-base /home/uboot/data/ros2_uboot/build/uboot_chat/build install --record /home/uboot/data/ros2_uboot/build/uboot_chat/install.log --install-scripts $base/lib/uboot_chat --single-version-externally-managed install_data
[2.386s] running egg_info
[2.387s] writing ../../build/uboot_chat/uboot_chat.egg-info/PKG-INFO
[2.387s] writing dependency_links to ../../build/uboot_chat/uboot_chat.egg-info/dependency_links.txt
[2.388s] writing entry points to ../../build/uboot_chat/uboot_chat.egg-info/entry_points.txt
[2.388s] writing requirements to ../../build/uboot_chat/uboot_chat.egg-info/requires.txt
[2.389s] writing top-level names to ../../build/uboot_chat/uboot_chat.egg-info/top_level.txt
[2.439s] reading manifest file '../../build/uboot_chat/uboot_chat.egg-info/SOURCES.txt'
[2.442s] writing manifest file '../../build/uboot_chat/uboot_chat.egg-info/SOURCES.txt'
[2.442s] running build
[2.442s] running build_py
[2.443s] running install
[2.443s] running install_lib
[2.445s] running install_data
[2.446s] running install_egg_info
[2.449s] removing '/home/uboot/data/ros2_uboot/install/uboot_chat/lib/python3.8/site-packages/uboot_chat-0.0.0-py3.8.egg-info' (and everything under it)
[2.450s] Copying ../../build/uboot_chat/uboot_chat.egg-info to /home/uboot/data/ros2_uboot/install/uboot_chat/lib/python3.8/site-packages/uboot_chat-0.0.0-py3.8.egg-info
[2.450s] running install_scripts
[2.482s] Installing chat script to /home/uboot/data/ros2_uboot/install/uboot_chat/lib/uboot_chat
[2.483s] Installing pub script to /home/uboot/data/ros2_uboot/install/uboot_chat/lib/uboot_chat
[2.483s] writing list of installed files to '/home/uboot/data/ros2_uboot/build/uboot_chat/install.log'
