[0.607s] DEBUG:colcon:Command line arguments: ['/usr/bin/colcon', 'build', '--packages-select', 'sensor']
[0.607s] DEBUG:colcon:Parsed command line arguments: Namespace(allow_overriding=[], ament_cmake_args=None, base_paths=['.'], build_base='build', catkin_cmake_args=None, catkin_skip_building_tests=False, cmake_args=None, cmake_clean_cache=False, cmake_clean_first=False, cmake_force_configure=False, cmake_target=None, cmake_target_skip_unavailable=False, continue_on_error=False, event_handlers=None, executor='parallel', ignore_user_meta=False, install_base='install', log_base=None, log_level=None, main=<bound method BuildVerb.main of <colcon_core.verb.build.BuildVerb object at 0x7f88af4970>>, merge_install=False, metas=['./colcon.meta'], packages_above=None, packages_above_and_dependencies=None, packages_above_depth=None, packages_end=None, packages_ignore=None, packages_ignore_regex=None, packages_select=['sensor'], packages_select_build_failed=False, packages_select_by_dep=None, packages_select_regex=None, packages_select_test_failures=False, packages_skip=None, packages_skip_build_finished=False, packages_skip_by_dep=None, packages_skip_regex=None, packages_skip_test_passed=False, packages_skip_up_to=None, packages_start=None, packages_up_to=None, packages_up_to_regex=None, parallel_workers=8, paths=None, symlink_install=False, test_result_base=None, verb_extension=<colcon_core.verb.build.BuildVerb object at 0x7f88af4970>, verb_name='build', verb_parser=<colcon_defaults.argument_parser.defaults.DefaultArgumentsDecorator object at 0x7f889d2a60>)
[0.870s] Level 1:colcon.colcon_core.package_discovery:discover_packages(colcon_meta) check parameters
[0.870s] Level 1:colcon.colcon_core.package_discovery:discover_packages(recursive) check parameters
[0.870s] Level 1:colcon.colcon_core.package_discovery:discover_packages(ignore) check parameters
[0.870s] Level 1:colcon.colcon_core.package_discovery:discover_packages(path) check parameters
[0.870s] Level 1:colcon.colcon_core.package_discovery:discover_packages(colcon_meta) discover
[0.870s] Level 1:colcon.colcon_core.package_discovery:discover_packages(recursive) discover
[0.870s] INFO:colcon.colcon_core.package_discovery:Crawling recursively for packages in '/home/uboot/data/ros2_uboot'
[0.870s] Level 1:colcon.colcon_core.package_identification:_identify(.) by extensions ['ignore', 'ignore_ament_install']
[0.870s] Level 1:colcon.colcon_core.package_identification:_identify(.) by extension 'ignore'
[0.870s] Level 1:colcon.colcon_core.package_identification:_identify(.) by extension 'ignore_ament_install'
[0.871s] Level 1:colcon.colcon_core.package_identification:_identify(.) by extensions ['colcon_pkg']
[0.871s] Level 1:colcon.colcon_core.package_identification:_identify(.) by extension 'colcon_pkg'
[0.871s] Level 1:colcon.colcon_core.package_identification:_identify(.) by extensions ['colcon_meta']
[0.871s] Level 1:colcon.colcon_core.package_identification:_identify(.) by extension 'colcon_meta'
[0.871s] Level 1:colcon.colcon_core.package_identification:_identify(.) by extensions ['ros']
[0.871s] Level 1:colcon.colcon_core.package_identification:_identify(.) by extension 'ros'
[0.894s] Level 1:colcon.colcon_core.package_identification:_identify(.) by extensions ['cmake', 'python']
[0.894s] Level 1:colcon.colcon_core.package_identification:_identify(.) by extension 'cmake'
[0.895s] Level 1:colcon.colcon_core.package_identification:_identify(.) by extension 'python'
[0.895s] Level 1:colcon.colcon_core.package_identification:_identify(.) by extensions ['python_setup_py']
[0.895s] Level 1:colcon.colcon_core.package_identification:_identify(.) by extension 'python_setup_py'
[0.895s] Level 1:colcon.colcon_core.package_identification:_identify(build) by extensions ['ignore', 'ignore_ament_install']
[0.895s] Level 1:colcon.colcon_core.package_identification:_identify(build) by extension 'ignore'
[0.895s] Level 1:colcon.colcon_core.package_identification:_identify(build) ignored
[0.895s] Level 1:colcon.colcon_core.package_identification:_identify(install) by extensions ['ignore', 'ignore_ament_install']
[0.895s] Level 1:colcon.colcon_core.package_identification:_identify(install) by extension 'ignore'
[0.896s] Level 1:colcon.colcon_core.package_identification:_identify(install) ignored
[0.896s] Level 1:colcon.colcon_core.package_identification:_identify(log) by extensions ['ignore', 'ignore_ament_install']
[0.896s] Level 1:colcon.colcon_core.package_identification:_identify(log) by extension 'ignore'
[0.896s] Level 1:colcon.colcon_core.package_identification:_identify(log) ignored
[0.896s] Level 1:colcon.colcon_core.package_identification:_identify(sh) by extensions ['ignore', 'ignore_ament_install']
[0.896s] Level 1:colcon.colcon_core.package_identification:_identify(sh) by extension 'ignore'
[0.896s] Level 1:colcon.colcon_core.package_identification:_identify(sh) by extension 'ignore_ament_install'
[0.896s] Level 1:colcon.colcon_core.package_identification:_identify(sh) by extensions ['colcon_pkg']
[0.896s] Level 1:colcon.colcon_core.package_identification:_identify(sh) by extension 'colcon_pkg'
[0.896s] Level 1:colcon.colcon_core.package_identification:_identify(sh) by extensions ['colcon_meta']
[0.896s] Level 1:colcon.colcon_core.package_identification:_identify(sh) by extension 'colcon_meta'
[0.896s] Level 1:colcon.colcon_core.package_identification:_identify(sh) by extensions ['ros']
[0.897s] Level 1:colcon.colcon_core.package_identification:_identify(sh) by extension 'ros'
[0.897s] Level 1:colcon.colcon_core.package_identification:_identify(sh) by extensions ['cmake', 'python']
[0.897s] Level 1:colcon.colcon_core.package_identification:_identify(sh) by extension 'cmake'
[0.897s] Level 1:colcon.colcon_core.package_identification:_identify(sh) by extension 'python'
[0.897s] Level 1:colcon.colcon_core.package_identification:_identify(sh) by extensions ['python_setup_py']
[0.897s] Level 1:colcon.colcon_core.package_identification:_identify(sh) by extension 'python_setup_py'
[0.897s] Level 1:colcon.colcon_core.package_identification:_identify(src) by extensions ['ignore', 'ignore_ament_install']
[0.897s] Level 1:colcon.colcon_core.package_identification:_identify(src) by extension 'ignore'
[0.897s] Level 1:colcon.colcon_core.package_identification:_identify(src) by extension 'ignore_ament_install'
[0.897s] Level 1:colcon.colcon_core.package_identification:_identify(src) by extensions ['colcon_pkg']
[0.897s] Level 1:colcon.colcon_core.package_identification:_identify(src) by extension 'colcon_pkg'
[0.897s] Level 1:colcon.colcon_core.package_identification:_identify(src) by extensions ['colcon_meta']
[0.897s] Level 1:colcon.colcon_core.package_identification:_identify(src) by extension 'colcon_meta'
[0.897s] Level 1:colcon.colcon_core.package_identification:_identify(src) by extensions ['ros']
[0.898s] Level 1:colcon.colcon_core.package_identification:_identify(src) by extension 'ros'
[0.898s] Level 1:colcon.colcon_core.package_identification:_identify(src) by extensions ['cmake', 'python']
[0.898s] Level 1:colcon.colcon_core.package_identification:_identify(src) by extension 'cmake'
[0.898s] Level 1:colcon.colcon_core.package_identification:_identify(src) by extension 'python'
[0.898s] Level 1:colcon.colcon_core.package_identification:_identify(src) by extensions ['python_setup_py']
[0.898s] Level 1:colcon.colcon_core.package_identification:_identify(src) by extension 'python_setup_py'
[0.898s] Level 1:colcon.colcon_core.package_identification:_identify(src/detect) by extensions ['ignore', 'ignore_ament_install']
[0.899s] Level 1:colcon.colcon_core.package_identification:_identify(src/detect) by extension 'ignore'
[0.899s] Level 1:colcon.colcon_core.package_identification:_identify(src/detect) by extension 'ignore_ament_install'
[0.899s] Level 1:colcon.colcon_core.package_identification:_identify(src/detect) by extensions ['colcon_pkg']
[0.899s] Level 1:colcon.colcon_core.package_identification:_identify(src/detect) by extension 'colcon_pkg'
[0.899s] Level 1:colcon.colcon_core.package_identification:_identify(src/detect) by extensions ['colcon_meta']
[0.899s] Level 1:colcon.colcon_core.package_identification:_identify(src/detect) by extension 'colcon_meta'
[0.899s] Level 1:colcon.colcon_core.package_identification:_identify(src/detect) by extensions ['ros']
[0.899s] Level 1:colcon.colcon_core.package_identification:_identify(src/detect) by extension 'ros'
[0.899s] Level 1:colcon.colcon_core.package_identification:_identify(src/detect) by extensions ['cmake', 'python']
[0.899s] Level 1:colcon.colcon_core.package_identification:_identify(src/detect) by extension 'cmake'
[0.899s] Level 1:colcon.colcon_core.package_identification:_identify(src/detect) by extension 'python'
[0.899s] Level 1:colcon.colcon_core.package_identification:_identify(src/detect) by extensions ['python_setup_py']
[0.899s] Level 1:colcon.colcon_core.package_identification:_identify(src/detect) by extension 'python_setup_py'
[0.900s] Level 1:colcon.colcon_core.package_identification:_identify(src/fishbot) by extensions ['ignore', 'ignore_ament_install']
[0.900s] Level 1:colcon.colcon_core.package_identification:_identify(src/fishbot) by extension 'ignore'
[0.900s] Level 1:colcon.colcon_core.package_identification:_identify(src/fishbot) by extension 'ignore_ament_install'
[0.901s] Level 1:colcon.colcon_core.package_identification:_identify(src/fishbot) by extensions ['colcon_pkg']
[0.901s] Level 1:colcon.colcon_core.package_identification:_identify(src/fishbot) by extension 'colcon_pkg'
[0.901s] Level 1:colcon.colcon_core.package_identification:_identify(src/fishbot) by extensions ['colcon_meta']
[0.901s] Level 1:colcon.colcon_core.package_identification:_identify(src/fishbot) by extension 'colcon_meta'
[0.901s] Level 1:colcon.colcon_core.package_identification:_identify(src/fishbot) by extensions ['ros']
[0.901s] Level 1:colcon.colcon_core.package_identification:_identify(src/fishbot) by extension 'ros'
[0.901s] Level 1:colcon.colcon_core.package_identification:_identify(src/fishbot) by extensions ['cmake', 'python']
[0.901s] Level 1:colcon.colcon_core.package_identification:_identify(src/fishbot) by extension 'cmake'
[0.902s] Level 1:colcon.colcon_core.package_identification:_identify(src/fishbot) by extension 'python'
[0.902s] Level 1:colcon.colcon_core.package_identification:_identify(src/fishbot) by extensions ['python_setup_py']
[0.902s] Level 1:colcon.colcon_core.package_identification:_identify(src/fishbot) by extension 'python_setup_py'
[0.902s] Level 1:colcon.colcon_core.package_identification:_identify(src/fishbot/doc) by extensions ['ignore', 'ignore_ament_install']
[0.903s] Level 1:colcon.colcon_core.package_identification:_identify(src/fishbot/doc) by extension 'ignore'
[0.903s] Level 1:colcon.colcon_core.package_identification:_identify(src/fishbot/doc) by extension 'ignore_ament_install'
[0.903s] Level 1:colcon.colcon_core.package_identification:_identify(src/fishbot/doc) by extensions ['colcon_pkg']
[0.903s] Level 1:colcon.colcon_core.package_identification:_identify(src/fishbot/doc) by extension 'colcon_pkg'
[0.903s] Level 1:colcon.colcon_core.package_identification:_identify(src/fishbot/doc) by extensions ['colcon_meta']
[0.903s] Level 1:colcon.colcon_core.package_identification:_identify(src/fishbot/doc) by extension 'colcon_meta'
[0.903s] Level 1:colcon.colcon_core.package_identification:_identify(src/fishbot/doc) by extensions ['ros']
[0.903s] Level 1:colcon.colcon_core.package_identification:_identify(src/fishbot/doc) by extension 'ros'
[0.904s] Level 1:colcon.colcon_core.package_identification:_identify(src/fishbot/doc) by extensions ['cmake', 'python']
[0.904s] Level 1:colcon.colcon_core.package_identification:_identify(src/fishbot/doc) by extension 'cmake'
[0.904s] Level 1:colcon.colcon_core.package_identification:_identify(src/fishbot/doc) by extension 'python'
[0.904s] Level 1:colcon.colcon_core.package_identification:_identify(src/fishbot/doc) by extensions ['python_setup_py']
[0.904s] Level 1:colcon.colcon_core.package_identification:_identify(src/fishbot/doc) by extension 'python_setup_py'
[0.905s] Level 1:colcon.colcon_core.package_identification:_identify(src/fishbot/doc/imgs) by extensions ['ignore', 'ignore_ament_install']
[0.905s] Level 1:colcon.colcon_core.package_identification:_identify(src/fishbot/doc/imgs) by extension 'ignore'
[0.905s] Level 1:colcon.colcon_core.package_identification:_identify(src/fishbot/doc/imgs) by extension 'ignore_ament_install'
[0.905s] Level 1:colcon.colcon_core.package_identification:_identify(src/fishbot/doc/imgs) by extensions ['colcon_pkg']
[0.905s] Level 1:colcon.colcon_core.package_identification:_identify(src/fishbot/doc/imgs) by extension 'colcon_pkg'
[0.905s] Level 1:colcon.colcon_core.package_identification:_identify(src/fishbot/doc/imgs) by extensions ['colcon_meta']
[0.905s] Level 1:colcon.colcon_core.package_identification:_identify(src/fishbot/doc/imgs) by extension 'colcon_meta'
[0.906s] Level 1:colcon.colcon_core.package_identification:_identify(src/fishbot/doc/imgs) by extensions ['ros']
[0.906s] Level 1:colcon.colcon_core.package_identification:_identify(src/fishbot/doc/imgs) by extension 'ros'
[0.906s] Level 1:colcon.colcon_core.package_identification:_identify(src/fishbot/doc/imgs) by extensions ['cmake', 'python']
[0.906s] Level 1:colcon.colcon_core.package_identification:_identify(src/fishbot/doc/imgs) by extension 'cmake'
[0.906s] Level 1:colcon.colcon_core.package_identification:_identify(src/fishbot/doc/imgs) by extension 'python'
[0.906s] Level 1:colcon.colcon_core.package_identification:_identify(src/fishbot/doc/imgs) by extensions ['python_setup_py']
[0.906s] Level 1:colcon.colcon_core.package_identification:_identify(src/fishbot/doc/imgs) by extension 'python_setup_py'
[0.907s] Level 1:colcon.colcon_core.package_identification:_identify(src/fishbot/src) by extensions ['ignore', 'ignore_ament_install']
[0.907s] Level 1:colcon.colcon_core.package_identification:_identify(src/fishbot/src) by extension 'ignore'
[0.907s] Level 1:colcon.colcon_core.package_identification:_identify(src/fishbot/src) by extension 'ignore_ament_install'
[0.907s] Level 1:colcon.colcon_core.package_identification:_identify(src/fishbot/src) by extensions ['colcon_pkg']
[0.907s] Level 1:colcon.colcon_core.package_identification:_identify(src/fishbot/src) by extension 'colcon_pkg'
[0.907s] Level 1:colcon.colcon_core.package_identification:_identify(src/fishbot/src) by extensions ['colcon_meta']
[0.907s] Level 1:colcon.colcon_core.package_identification:_identify(src/fishbot/src) by extension 'colcon_meta'
[0.908s] Level 1:colcon.colcon_core.package_identification:_identify(src/fishbot/src) by extensions ['ros']
[0.908s] Level 1:colcon.colcon_core.package_identification:_identify(src/fishbot/src) by extension 'ros'
[0.908s] Level 1:colcon.colcon_core.package_identification:_identify(src/fishbot/src) by extensions ['cmake', 'python']
[0.908s] Level 1:colcon.colcon_core.package_identification:_identify(src/fishbot/src) by extension 'cmake'
[0.908s] Level 1:colcon.colcon_core.package_identification:_identify(src/fishbot/src) by extension 'python'
[0.908s] Level 1:colcon.colcon_core.package_identification:_identify(src/fishbot/src) by extensions ['python_setup_py']
[0.908s] Level 1:colcon.colcon_core.package_identification:_identify(src/fishbot/src) by extension 'python_setup_py'
[0.909s] Level 1:colcon.colcon_core.package_identification:_identify(src/fishbot/src/fishbot_bringup) by extensions ['ignore', 'ignore_ament_install']
[0.909s] Level 1:colcon.colcon_core.package_identification:_identify(src/fishbot/src/fishbot_bringup) by extension 'ignore'
[0.909s] Level 1:colcon.colcon_core.package_identification:_identify(src/fishbot/src/fishbot_bringup) by extension 'ignore_ament_install'
[0.910s] Level 1:colcon.colcon_core.package_identification:_identify(src/fishbot/src/fishbot_bringup) by extensions ['colcon_pkg']
[0.910s] Level 1:colcon.colcon_core.package_identification:_identify(src/fishbot/src/fishbot_bringup) by extension 'colcon_pkg'
[0.910s] Level 1:colcon.colcon_core.package_identification:_identify(src/fishbot/src/fishbot_bringup) by extensions ['colcon_meta']
[0.910s] Level 1:colcon.colcon_core.package_identification:_identify(src/fishbot/src/fishbot_bringup) by extension 'colcon_meta'
[0.910s] Level 1:colcon.colcon_core.package_identification:_identify(src/fishbot/src/fishbot_bringup) by extensions ['ros']
[0.910s] Level 1:colcon.colcon_core.package_identification:_identify(src/fishbot/src/fishbot_bringup) by extension 'ros'
[0.919s] DEBUG:colcon.colcon_core.package_identification:Package 'src/fishbot/src/fishbot_bringup' with type 'ros.ament_cmake' and name 'fishbot_bringup'
[0.920s] Level 1:colcon.colcon_core.package_identification:_identify(src/fishbot/src/fishbot_cartographer) by extensions ['ignore', 'ignore_ament_install']
[0.920s] Level 1:colcon.colcon_core.package_identification:_identify(src/fishbot/src/fishbot_cartographer) by extension 'ignore'
[0.920s] Level 1:colcon.colcon_core.package_identification:_identify(src/fishbot/src/fishbot_cartographer) by extension 'ignore_ament_install'
[0.920s] Level 1:colcon.colcon_core.package_identification:_identify(src/fishbot/src/fishbot_cartographer) by extensions ['colcon_pkg']
[0.920s] Level 1:colcon.colcon_core.package_identification:_identify(src/fishbot/src/fishbot_cartographer) by extension 'colcon_pkg'
[0.920s] Level 1:colcon.colcon_core.package_identification:_identify(src/fishbot/src/fishbot_cartographer) by extensions ['colcon_meta']
[0.920s] Level 1:colcon.colcon_core.package_identification:_identify(src/fishbot/src/fishbot_cartographer) by extension 'colcon_meta'
[0.920s] Level 1:colcon.colcon_core.package_identification:_identify(src/fishbot/src/fishbot_cartographer) by extensions ['ros']
[0.921s] Level 1:colcon.colcon_core.package_identification:_identify(src/fishbot/src/fishbot_cartographer) by extension 'ros'
[0.922s] DEBUG:colcon.colcon_core.package_identification:Package 'src/fishbot/src/fishbot_cartographer' with type 'ros.ament_cmake' and name 'fishbot_cartographer'
[0.923s] Level 1:colcon.colcon_core.package_identification:_identify(src/fishbot/src/fishbot_description) by extensions ['ignore', 'ignore_ament_install']
[0.923s] Level 1:colcon.colcon_core.package_identification:_identify(src/fishbot/src/fishbot_description) by extension 'ignore'
[0.923s] Level 1:colcon.colcon_core.package_identification:_identify(src/fishbot/src/fishbot_description) by extension 'ignore_ament_install'
[0.923s] Level 1:colcon.colcon_core.package_identification:_identify(src/fishbot/src/fishbot_description) by extensions ['colcon_pkg']
[0.923s] Level 1:colcon.colcon_core.package_identification:_identify(src/fishbot/src/fishbot_description) by extension 'colcon_pkg'
[0.923s] Level 1:colcon.colcon_core.package_identification:_identify(src/fishbot/src/fishbot_description) by extensions ['colcon_meta']
[0.923s] Level 1:colcon.colcon_core.package_identification:_identify(src/fishbot/src/fishbot_description) by extension 'colcon_meta'
[0.923s] Level 1:colcon.colcon_core.package_identification:_identify(src/fishbot/src/fishbot_description) by extensions ['ros']
[0.923s] Level 1:colcon.colcon_core.package_identification:_identify(src/fishbot/src/fishbot_description) by extension 'ros'
[0.925s] DEBUG:colcon.colcon_core.package_identification:Package 'src/fishbot/src/fishbot_description' with type 'ros.ament_python' and name 'fishbot_description'
[0.926s] Level 1:colcon.colcon_core.package_identification:_identify(src/fishbot/src/fishbot_interfaces) by extensions ['ignore', 'ignore_ament_install']
[0.926s] Level 1:colcon.colcon_core.package_identification:_identify(src/fishbot/src/fishbot_interfaces) by extension 'ignore'
[0.926s] Level 1:colcon.colcon_core.package_identification:_identify(src/fishbot/src/fishbot_interfaces) by extension 'ignore_ament_install'
[0.926s] Level 1:colcon.colcon_core.package_identification:_identify(src/fishbot/src/fishbot_interfaces) by extensions ['colcon_pkg']
[0.926s] Level 1:colcon.colcon_core.package_identification:_identify(src/fishbot/src/fishbot_interfaces) by extension 'colcon_pkg'
[0.926s] Level 1:colcon.colcon_core.package_identification:_identify(src/fishbot/src/fishbot_interfaces) by extensions ['colcon_meta']
[0.926s] Level 1:colcon.colcon_core.package_identification:_identify(src/fishbot/src/fishbot_interfaces) by extension 'colcon_meta'
[0.926s] Level 1:colcon.colcon_core.package_identification:_identify(src/fishbot/src/fishbot_interfaces) by extensions ['ros']
[0.926s] Level 1:colcon.colcon_core.package_identification:_identify(src/fishbot/src/fishbot_interfaces) by extension 'ros'
[0.928s] DEBUG:colcon.colcon_core.package_identification:Package 'src/fishbot/src/fishbot_interfaces' with type 'ros.ament_cmake' and name 'fishbot_interfaces'
[0.928s] Level 1:colcon.colcon_core.package_identification:_identify(src/fishbot/src/fishbot_navigation2) by extensions ['ignore', 'ignore_ament_install']
[0.929s] Level 1:colcon.colcon_core.package_identification:_identify(src/fishbot/src/fishbot_navigation2) by extension 'ignore'
[0.929s] Level 1:colcon.colcon_core.package_identification:_identify(src/fishbot/src/fishbot_navigation2) by extension 'ignore_ament_install'
[0.929s] Level 1:colcon.colcon_core.package_identification:_identify(src/fishbot/src/fishbot_navigation2) by extensions ['colcon_pkg']
[0.929s] Level 1:colcon.colcon_core.package_identification:_identify(src/fishbot/src/fishbot_navigation2) by extension 'colcon_pkg'
[0.929s] Level 1:colcon.colcon_core.package_identification:_identify(src/fishbot/src/fishbot_navigation2) by extensions ['colcon_meta']
[0.929s] Level 1:colcon.colcon_core.package_identification:_identify(src/fishbot/src/fishbot_navigation2) by extension 'colcon_meta'
[0.929s] Level 1:colcon.colcon_core.package_identification:_identify(src/fishbot/src/fishbot_navigation2) by extensions ['ros']
[0.929s] Level 1:colcon.colcon_core.package_identification:_identify(src/fishbot/src/fishbot_navigation2) by extension 'ros'
[0.930s] DEBUG:colcon.colcon_core.package_identification:Package 'src/fishbot/src/fishbot_navigation2' with type 'ros.ament_cmake' and name 'fishbot_navigation2'
[0.931s] Level 1:colcon.colcon_core.package_identification:_identify(src/micro-ROS-Agent) by extensions ['ignore', 'ignore_ament_install']
[0.931s] Level 1:colcon.colcon_core.package_identification:_identify(src/micro-ROS-Agent) by extension 'ignore'
[0.931s] Level 1:colcon.colcon_core.package_identification:_identify(src/micro-ROS-Agent) by extension 'ignore_ament_install'
[0.931s] Level 1:colcon.colcon_core.package_identification:_identify(src/micro-ROS-Agent) by extensions ['colcon_pkg']
[0.931s] Level 1:colcon.colcon_core.package_identification:_identify(src/micro-ROS-Agent) by extension 'colcon_pkg'
[0.931s] Level 1:colcon.colcon_core.package_identification:_identify(src/micro-ROS-Agent) by extensions ['colcon_meta']
[0.931s] Level 1:colcon.colcon_core.package_identification:_identify(src/micro-ROS-Agent) by extension 'colcon_meta'
[0.931s] Level 1:colcon.colcon_core.package_identification:_identify(src/micro-ROS-Agent) by extensions ['ros']
[0.931s] Level 1:colcon.colcon_core.package_identification:_identify(src/micro-ROS-Agent) by extension 'ros'
[0.931s] Level 1:colcon.colcon_core.package_identification:_identify(src/micro-ROS-Agent) by extensions ['cmake', 'python']
[0.931s] Level 1:colcon.colcon_core.package_identification:_identify(src/micro-ROS-Agent) by extension 'cmake'
[0.932s] Level 1:colcon.colcon_core.package_identification:_identify(src/micro-ROS-Agent) by extension 'python'
[0.932s] Level 1:colcon.colcon_core.package_identification:_identify(src/micro-ROS-Agent) by extensions ['python_setup_py']
[0.932s] Level 1:colcon.colcon_core.package_identification:_identify(src/micro-ROS-Agent) by extension 'python_setup_py'
[0.932s] Level 1:colcon.colcon_core.package_identification:_identify(src/micro-ROS-Agent/micro_ros_agent) by extensions ['ignore', 'ignore_ament_install']
[0.932s] Level 1:colcon.colcon_core.package_identification:_identify(src/micro-ROS-Agent/micro_ros_agent) by extension 'ignore'
[0.932s] Level 1:colcon.colcon_core.package_identification:_identify(src/micro-ROS-Agent/micro_ros_agent) by extension 'ignore_ament_install'
[0.932s] Level 1:colcon.colcon_core.package_identification:_identify(src/micro-ROS-Agent/micro_ros_agent) by extensions ['colcon_pkg']
[0.932s] Level 1:colcon.colcon_core.package_identification:_identify(src/micro-ROS-Agent/micro_ros_agent) by extension 'colcon_pkg'
[0.932s] Level 1:colcon.colcon_core.package_identification:_identify(src/micro-ROS-Agent/micro_ros_agent) by extensions ['colcon_meta']
[0.932s] Level 1:colcon.colcon_core.package_identification:_identify(src/micro-ROS-Agent/micro_ros_agent) by extension 'colcon_meta'
[0.932s] Level 1:colcon.colcon_core.package_identification:_identify(src/micro-ROS-Agent/micro_ros_agent) by extensions ['ros']
[0.933s] Level 1:colcon.colcon_core.package_identification:_identify(src/micro-ROS-Agent/micro_ros_agent) by extension 'ros'
[0.934s] DEBUG:colcon.colcon_core.package_identification:Package 'src/micro-ROS-Agent/micro_ros_agent' with type 'ros.ament_cmake' and name 'micro_ros_agent'
[0.935s] Level 1:colcon.colcon_core.package_identification:_identify(src/micro-ROS-Agent/snap) by extensions ['ignore', 'ignore_ament_install']
[0.935s] Level 1:colcon.colcon_core.package_identification:_identify(src/micro-ROS-Agent/snap) by extension 'ignore'
[0.935s] Level 1:colcon.colcon_core.package_identification:_identify(src/micro-ROS-Agent/snap) by extension 'ignore_ament_install'
[0.935s] Level 1:colcon.colcon_core.package_identification:_identify(src/micro-ROS-Agent/snap) by extensions ['colcon_pkg']
[0.935s] Level 1:colcon.colcon_core.package_identification:_identify(src/micro-ROS-Agent/snap) by extension 'colcon_pkg'
[0.935s] Level 1:colcon.colcon_core.package_identification:_identify(src/micro-ROS-Agent/snap) by extensions ['colcon_meta']
[0.935s] Level 1:colcon.colcon_core.package_identification:_identify(src/micro-ROS-Agent/snap) by extension 'colcon_meta'
[0.935s] Level 1:colcon.colcon_core.package_identification:_identify(src/micro-ROS-Agent/snap) by extensions ['ros']
[0.936s] Level 1:colcon.colcon_core.package_identification:_identify(src/micro-ROS-Agent/snap) by extension 'ros'
[0.936s] Level 1:colcon.colcon_core.package_identification:_identify(src/micro-ROS-Agent/snap) by extensions ['cmake', 'python']
[0.936s] Level 1:colcon.colcon_core.package_identification:_identify(src/micro-ROS-Agent/snap) by extension 'cmake'
[0.936s] Level 1:colcon.colcon_core.package_identification:_identify(src/micro-ROS-Agent/snap) by extension 'python'
[0.936s] Level 1:colcon.colcon_core.package_identification:_identify(src/micro-ROS-Agent/snap) by extensions ['python_setup_py']
[0.936s] Level 1:colcon.colcon_core.package_identification:_identify(src/micro-ROS-Agent/snap) by extension 'python_setup_py'
[0.936s] Level 1:colcon.colcon_core.package_identification:_identify(src/micro-ROS-Agent/snap/hooks) by extensions ['ignore', 'ignore_ament_install']
[0.936s] Level 1:colcon.colcon_core.package_identification:_identify(src/micro-ROS-Agent/snap/hooks) by extension 'ignore'
[0.936s] Level 1:colcon.colcon_core.package_identification:_identify(src/micro-ROS-Agent/snap/hooks) by extension 'ignore_ament_install'
[0.937s] Level 1:colcon.colcon_core.package_identification:_identify(src/micro-ROS-Agent/snap/hooks) by extensions ['colcon_pkg']
[0.937s] Level 1:colcon.colcon_core.package_identification:_identify(src/micro-ROS-Agent/snap/hooks) by extension 'colcon_pkg'
[0.937s] Level 1:colcon.colcon_core.package_identification:_identify(src/micro-ROS-Agent/snap/hooks) by extensions ['colcon_meta']
[0.937s] Level 1:colcon.colcon_core.package_identification:_identify(src/micro-ROS-Agent/snap/hooks) by extension 'colcon_meta'
[0.937s] Level 1:colcon.colcon_core.package_identification:_identify(src/micro-ROS-Agent/snap/hooks) by extensions ['ros']
[0.937s] Level 1:colcon.colcon_core.package_identification:_identify(src/micro-ROS-Agent/snap/hooks) by extension 'ros'
[0.937s] Level 1:colcon.colcon_core.package_identification:_identify(src/micro-ROS-Agent/snap/hooks) by extensions ['cmake', 'python']
[0.937s] Level 1:colcon.colcon_core.package_identification:_identify(src/micro-ROS-Agent/snap/hooks) by extension 'cmake'
[0.937s] Level 1:colcon.colcon_core.package_identification:_identify(src/micro-ROS-Agent/snap/hooks) by extension 'python'
[0.937s] Level 1:colcon.colcon_core.package_identification:_identify(src/micro-ROS-Agent/snap/hooks) by extensions ['python_setup_py']
[0.937s] Level 1:colcon.colcon_core.package_identification:_identify(src/micro-ROS-Agent/snap/hooks) by extension 'python_setup_py'
[0.937s] Level 1:colcon.colcon_core.package_identification:_identify(src/micro-ROS-Agent/snap/local) by extensions ['ignore', 'ignore_ament_install']
[0.938s] Level 1:colcon.colcon_core.package_identification:_identify(src/micro-ROS-Agent/snap/local) by extension 'ignore'
[0.938s] Level 1:colcon.colcon_core.package_identification:_identify(src/micro-ROS-Agent/snap/local) by extension 'ignore_ament_install'
[0.938s] Level 1:colcon.colcon_core.package_identification:_identify(src/micro-ROS-Agent/snap/local) by extensions ['colcon_pkg']
[0.938s] Level 1:colcon.colcon_core.package_identification:_identify(src/micro-ROS-Agent/snap/local) by extension 'colcon_pkg'
[0.938s] Level 1:colcon.colcon_core.package_identification:_identify(src/micro-ROS-Agent/snap/local) by extensions ['colcon_meta']
[0.938s] Level 1:colcon.colcon_core.package_identification:_identify(src/micro-ROS-Agent/snap/local) by extension 'colcon_meta'
[0.938s] Level 1:colcon.colcon_core.package_identification:_identify(src/micro-ROS-Agent/snap/local) by extensions ['ros']
[0.938s] Level 1:colcon.colcon_core.package_identification:_identify(src/micro-ROS-Agent/snap/local) by extension 'ros'
[0.938s] Level 1:colcon.colcon_core.package_identification:_identify(src/micro-ROS-Agent/snap/local) by extensions ['cmake', 'python']
[0.938s] Level 1:colcon.colcon_core.package_identification:_identify(src/micro-ROS-Agent/snap/local) by extension 'cmake'
[0.938s] Level 1:colcon.colcon_core.package_identification:_identify(src/micro-ROS-Agent/snap/local) by extension 'python'
[0.938s] Level 1:colcon.colcon_core.package_identification:_identify(src/micro-ROS-Agent/snap/local) by extensions ['python_setup_py']
[0.938s] Level 1:colcon.colcon_core.package_identification:_identify(src/micro-ROS-Agent/snap/local) by extension 'python_setup_py'
[0.939s] Level 1:colcon.colcon_core.package_identification:_identify(src/micro_ros_msgs) by extensions ['ignore', 'ignore_ament_install']
[0.939s] Level 1:colcon.colcon_core.package_identification:_identify(src/micro_ros_msgs) by extension 'ignore'
[0.939s] Level 1:colcon.colcon_core.package_identification:_identify(src/micro_ros_msgs) by extension 'ignore_ament_install'
[0.939s] Level 1:colcon.colcon_core.package_identification:_identify(src/micro_ros_msgs) by extensions ['colcon_pkg']
[0.939s] Level 1:colcon.colcon_core.package_identification:_identify(src/micro_ros_msgs) by extension 'colcon_pkg'
[0.939s] Level 1:colcon.colcon_core.package_identification:_identify(src/micro_ros_msgs) by extensions ['colcon_meta']
[0.939s] Level 1:colcon.colcon_core.package_identification:_identify(src/micro_ros_msgs) by extension 'colcon_meta'
[0.939s] Level 1:colcon.colcon_core.package_identification:_identify(src/micro_ros_msgs) by extensions ['ros']
[0.939s] Level 1:colcon.colcon_core.package_identification:_identify(src/micro_ros_msgs) by extension 'ros'
[0.941s] DEBUG:colcon.colcon_core.package_identification:Package 'src/micro_ros_msgs' with type 'ros.ament_cmake' and name 'micro_ros_msgs'
[0.941s] Level 1:colcon.colcon_core.package_identification:_identify(src/rplidar_ros) by extensions ['ignore', 'ignore_ament_install']
[0.941s] Level 1:colcon.colcon_core.package_identification:_identify(src/rplidar_ros) by extension 'ignore'
[0.941s] Level 1:colcon.colcon_core.package_identification:_identify(src/rplidar_ros) by extension 'ignore_ament_install'
[0.941s] Level 1:colcon.colcon_core.package_identification:_identify(src/rplidar_ros) by extensions ['colcon_pkg']
[0.942s] Level 1:colcon.colcon_core.package_identification:_identify(src/rplidar_ros) by extension 'colcon_pkg'
[0.942s] Level 1:colcon.colcon_core.package_identification:_identify(src/rplidar_ros) by extensions ['colcon_meta']
[0.942s] Level 1:colcon.colcon_core.package_identification:_identify(src/rplidar_ros) by extension 'colcon_meta'
[0.942s] Level 1:colcon.colcon_core.package_identification:_identify(src/rplidar_ros) by extensions ['ros']
[0.942s] Level 1:colcon.colcon_core.package_identification:_identify(src/rplidar_ros) by extension 'ros'
[0.945s] DEBUG:colcon.colcon_core.package_identification:Package 'src/rplidar_ros' with type 'ros.ament_cmake' and name 'rplidar_ros'
[0.946s] Level 1:colcon.colcon_core.package_identification:_identify(src/sensor) by extensions ['ignore', 'ignore_ament_install']
[0.946s] Level 1:colcon.colcon_core.package_identification:_identify(src/sensor) by extension 'ignore'
[0.946s] Level 1:colcon.colcon_core.package_identification:_identify(src/sensor) by extension 'ignore_ament_install'
[0.946s] Level 1:colcon.colcon_core.package_identification:_identify(src/sensor) by extensions ['colcon_pkg']
[0.947s] Level 1:colcon.colcon_core.package_identification:_identify(src/sensor) by extension 'colcon_pkg'
[0.947s] Level 1:colcon.colcon_core.package_identification:_identify(src/sensor) by extensions ['colcon_meta']
[0.947s] Level 1:colcon.colcon_core.package_identification:_identify(src/sensor) by extension 'colcon_meta'
[0.947s] Level 1:colcon.colcon_core.package_identification:_identify(src/sensor) by extensions ['ros']
[0.947s] Level 1:colcon.colcon_core.package_identification:_identify(src/sensor) by extension 'ros'
[0.949s] DEBUG:colcon.colcon_core.package_identification:Package 'src/sensor' with type 'ros.ament_cmake' and name 'sensor'
[0.950s] Level 1:colcon.colcon_core.package_identification:_identify(src/task_scheduler) by extensions ['ignore', 'ignore_ament_install']
[0.950s] Level 1:colcon.colcon_core.package_identification:_identify(src/task_scheduler) by extension 'ignore'
[0.950s] Level 1:colcon.colcon_core.package_identification:_identify(src/task_scheduler) by extension 'ignore_ament_install'
[0.950s] Level 1:colcon.colcon_core.package_identification:_identify(src/task_scheduler) by extensions ['colcon_pkg']
[0.950s] Level 1:colcon.colcon_core.package_identification:_identify(src/task_scheduler) by extension 'colcon_pkg'
[0.950s] Level 1:colcon.colcon_core.package_identification:_identify(src/task_scheduler) by extensions ['colcon_meta']
[0.950s] Level 1:colcon.colcon_core.package_identification:_identify(src/task_scheduler) by extension 'colcon_meta'
[0.951s] Level 1:colcon.colcon_core.package_identification:_identify(src/task_scheduler) by extensions ['ros']
[0.951s] Level 1:colcon.colcon_core.package_identification:_identify(src/task_scheduler) by extension 'ros'
[0.952s] DEBUG:colcon.colcon_core.package_identification:Package 'src/task_scheduler' with type 'ros.ament_python' and name 'task_scheduler'
[0.952s] Level 1:colcon.colcon_core.package_identification:_identify(src/uboot_chat) by extensions ['ignore', 'ignore_ament_install']
[0.952s] Level 1:colcon.colcon_core.package_identification:_identify(src/uboot_chat) by extension 'ignore'
[0.953s] Level 1:colcon.colcon_core.package_identification:_identify(src/uboot_chat) by extension 'ignore_ament_install'
[0.953s] Level 1:colcon.colcon_core.package_identification:_identify(src/uboot_chat) by extensions ['colcon_pkg']
[0.953s] Level 1:colcon.colcon_core.package_identification:_identify(src/uboot_chat) by extension 'colcon_pkg'
[0.953s] Level 1:colcon.colcon_core.package_identification:_identify(src/uboot_chat) by extensions ['colcon_meta']
[0.953s] Level 1:colcon.colcon_core.package_identification:_identify(src/uboot_chat) by extension 'colcon_meta'
[0.953s] Level 1:colcon.colcon_core.package_identification:_identify(src/uboot_chat) by extensions ['ros']
[0.953s] Level 1:colcon.colcon_core.package_identification:_identify(src/uboot_chat) by extension 'ros'
[0.955s] DEBUG:colcon.colcon_core.package_identification:Package 'src/uboot_chat' with type 'ros.ament_python' and name 'uboot_chat'
[0.956s] Level 1:colcon.colcon_core.package_identification:_identify(src/yolo_v5) by extensions ['ignore', 'ignore_ament_install']
[0.956s] Level 1:colcon.colcon_core.package_identification:_identify(src/yolo_v5) by extension 'ignore'
[0.956s] Level 1:colcon.colcon_core.package_identification:_identify(src/yolo_v5) by extension 'ignore_ament_install'
[0.956s] Level 1:colcon.colcon_core.package_identification:_identify(src/yolo_v5) by extensions ['colcon_pkg']
[0.957s] Level 1:colcon.colcon_core.package_identification:_identify(src/yolo_v5) by extension 'colcon_pkg'
[0.957s] Level 1:colcon.colcon_core.package_identification:_identify(src/yolo_v5) by extensions ['colcon_meta']
[0.957s] Level 1:colcon.colcon_core.package_identification:_identify(src/yolo_v5) by extension 'colcon_meta'
[0.957s] Level 1:colcon.colcon_core.package_identification:_identify(src/yolo_v5) by extensions ['ros']
[0.957s] Level 1:colcon.colcon_core.package_identification:_identify(src/yolo_v5) by extension 'ros'
[0.959s] DEBUG:colcon.colcon_core.package_identification:Package 'src/yolo_v5' with type 'ros.ament_python' and name 'yolo_v5'
[0.959s] Level 1:colcon.colcon_core.package_discovery:discover_packages(recursive) using defaults
[0.959s] Level 1:colcon.colcon_core.package_discovery:discover_packages(ignore) discover
[0.959s] Level 1:colcon.colcon_core.package_discovery:discover_packages(ignore) using defaults
[0.959s] Level 1:colcon.colcon_core.package_discovery:discover_packages(path) discover
[0.959s] Level 1:colcon.colcon_core.package_discovery:discover_packages(path) using defaults
[1.027s] INFO:colcon.colcon_core.package_selection:Skipping not selected package 'fishbot_bringup' in 'src/fishbot/src/fishbot_bringup'
[1.027s] INFO:colcon.colcon_core.package_selection:Skipping not selected package 'fishbot_cartographer' in 'src/fishbot/src/fishbot_cartographer'
[1.027s] INFO:colcon.colcon_core.package_selection:Skipping not selected package 'fishbot_description' in 'src/fishbot/src/fishbot_description'
[1.027s] INFO:colcon.colcon_core.package_selection:Skipping not selected package 'fishbot_interfaces' in 'src/fishbot/src/fishbot_interfaces'
[1.027s] INFO:colcon.colcon_core.package_selection:Skipping not selected package 'fishbot_navigation2' in 'src/fishbot/src/fishbot_navigation2'
[1.027s] INFO:colcon.colcon_core.package_selection:Skipping not selected package 'micro_ros_msgs' in 'src/micro_ros_msgs'
[1.028s] INFO:colcon.colcon_core.package_selection:Skipping not selected package 'rplidar_ros' in 'src/rplidar_ros'
[1.028s] INFO:colcon.colcon_core.package_selection:Skipping not selected package 'task_scheduler' in 'src/task_scheduler'
[1.028s] INFO:colcon.colcon_core.package_selection:Skipping not selected package 'uboot_chat' in 'src/uboot_chat'
[1.028s] INFO:colcon.colcon_core.package_selection:Skipping not selected package 'yolo_v5' in 'src/yolo_v5'
[1.028s] INFO:colcon.colcon_core.package_selection:Skipping not selected package 'micro_ros_agent' in 'src/micro-ROS-Agent/micro_ros_agent'
[1.029s] Level 1:colcon.colcon_core.package_discovery:discover_packages(prefix_path) check parameters
[1.029s] Level 1:colcon.colcon_core.package_discovery:discover_packages(prefix_path) discover
[1.062s] DEBUG:colcon.colcon_installed_package_information.package_discovery:Found 12 installed packages in /home/uboot/data/ros2_uboot/install
[1.065s] DEBUG:colcon.colcon_installed_package_information.package_discovery:Found 293 installed packages in /opt/ros/foxy
[1.068s] Level 1:colcon.colcon_core.package_discovery:discover_packages(prefix_path) using defaults
[1.433s] Level 5:colcon.colcon_core.verb:set package 'sensor' build argument 'cmake_args' from command line to 'None'
[1.433s] Level 5:colcon.colcon_core.verb:set package 'sensor' build argument 'cmake_target' from command line to 'None'
[1.433s] Level 5:colcon.colcon_core.verb:set package 'sensor' build argument 'cmake_target_skip_unavailable' from command line to 'False'
[1.433s] Level 5:colcon.colcon_core.verb:set package 'sensor' build argument 'cmake_clean_cache' from command line to 'False'
[1.433s] Level 5:colcon.colcon_core.verb:set package 'sensor' build argument 'cmake_clean_first' from command line to 'False'
[1.433s] Level 5:colcon.colcon_core.verb:set package 'sensor' build argument 'cmake_force_configure' from command line to 'False'
[1.433s] Level 5:colcon.colcon_core.verb:set package 'sensor' build argument 'ament_cmake_args' from command line to 'None'
[1.433s] Level 5:colcon.colcon_core.verb:set package 'sensor' build argument 'catkin_cmake_args' from command line to 'None'
[1.433s] Level 5:colcon.colcon_core.verb:set package 'sensor' build argument 'catkin_skip_building_tests' from command line to 'False'
[1.433s] DEBUG:colcon.colcon_core.verb:Building package 'sensor' with the following arguments: {'ament_cmake_args': None, 'build_base': '/home/uboot/data/ros2_uboot/build/sensor', 'catkin_cmake_args': None, 'catkin_skip_building_tests': False, 'cmake_args': None, 'cmake_clean_cache': False, 'cmake_clean_first': False, 'cmake_force_configure': False, 'cmake_target': None, 'cmake_target_skip_unavailable': False, 'install_base': '/home/uboot/data/ros2_uboot/install/sensor', 'merge_install': False, 'path': '/home/uboot/data/ros2_uboot/src/sensor', 'symlink_install': False, 'test_result_base': None}
[1.434s] INFO:colcon.colcon_core.executor:Executing jobs using 'parallel' executor
[1.437s] DEBUG:colcon.colcon_parallel_executor.executor.parallel:run_until_complete
[1.437s] INFO:colcon.colcon_ros.task.ament_cmake.build:Building ROS package in '/home/uboot/data/ros2_uboot/src/sensor' with build type 'ament_cmake'
[1.438s] INFO:colcon.colcon_cmake.task.cmake.build:Building CMake package in '/home/uboot/data/ros2_uboot/src/sensor'
[1.446s] INFO:colcon.colcon_core.plugin_system:Skipping extension 'colcon_core.shell.bat': Not used on non-Windows systems
[1.446s] INFO:colcon.colcon_core.shell:Skip shell extension 'powershell' for command environment: Not usable outside of PowerShell
[1.446s] DEBUG:colcon.colcon_core.shell:Skip shell extension 'dsv' for command environment
[1.479s] DEBUG:colcon.colcon_core.event_handler.log_command:Invoking command in '/home/uboot/data/ros2_uboot/build/sensor': CMAKE_PREFIX_PATH=${CMAKE_PREFIX_PATH}:/home/uboot/data/ros2_uboot/install/yolo_v5:/home/uboot/data/ros2_uboot/install/uboot_chat:/home/uboot/data/ros2_uboot/install/task_scheduler:/home/uboot/data/ros2_uboot/install/fishbot_description:/opt/ros/foxy /usr/bin/cmake --build /home/uboot/data/ros2_uboot/build/sensor -- -j8 -l8
[5.080s] DEBUG:colcon.colcon_core.event_handler.log_command:Invoked command in '/home/uboot/data/ros2_uboot/build/sensor' returned '0': CMAKE_PREFIX_PATH=${CMAKE_PREFIX_PATH}:/home/uboot/data/ros2_uboot/install/yolo_v5:/home/uboot/data/ros2_uboot/install/uboot_chat:/home/uboot/data/ros2_uboot/install/task_scheduler:/home/uboot/data/ros2_uboot/install/fishbot_description:/opt/ros/foxy /usr/bin/cmake --build /home/uboot/data/ros2_uboot/build/sensor -- -j8 -l8
[5.123s] DEBUG:colcon.colcon_core.event_handler.log_command:Invoking command in '/home/uboot/data/ros2_uboot/build/sensor': CMAKE_PREFIX_PATH=${CMAKE_PREFIX_PATH}:/home/uboot/data/ros2_uboot/install/yolo_v5:/home/uboot/data/ros2_uboot/install/uboot_chat:/home/uboot/data/ros2_uboot/install/task_scheduler:/home/uboot/data/ros2_uboot/install/fishbot_description:/opt/ros/foxy /usr/bin/cmake --install /home/uboot/data/ros2_uboot/build/sensor
[5.318s] Level 1:colcon.colcon_core.environment:create_environment_scripts_only(sensor)
[5.321s] DEBUG:colcon.colcon_core.event_handler.log_command:Invoked command in '/home/uboot/data/ros2_uboot/build/sensor' returned '0': CMAKE_PREFIX_PATH=${CMAKE_PREFIX_PATH}:/home/uboot/data/ros2_uboot/install/yolo_v5:/home/uboot/data/ros2_uboot/install/uboot_chat:/home/uboot/data/ros2_uboot/install/task_scheduler:/home/uboot/data/ros2_uboot/install/fishbot_description:/opt/ros/foxy /usr/bin/cmake --install /home/uboot/data/ros2_uboot/build/sensor
[5.338s] Level 1:colcon.colcon_core.environment:checking '/home/uboot/data/ros2_uboot/install/sensor' for CMake module files
[5.341s] Level 1:colcon.colcon_core.environment:checking '/home/uboot/data/ros2_uboot/install/sensor' for CMake config files
[5.344s] Level 1:colcon.colcon_core.shell:create_environment_hook('sensor', 'cmake_prefix_path')
[5.345s] INFO:colcon.colcon_core.shell:Creating environment hook '/home/uboot/data/ros2_uboot/install/sensor/share/sensor/hook/cmake_prefix_path.ps1'
[5.349s] INFO:colcon.colcon_core.shell:Creating environment descriptor '/home/uboot/data/ros2_uboot/install/sensor/share/sensor/hook/cmake_prefix_path.dsv'
[5.352s] INFO:colcon.colcon_core.shell:Creating environment hook '/home/uboot/data/ros2_uboot/install/sensor/share/sensor/hook/cmake_prefix_path.sh'
[5.357s] Level 1:colcon.colcon_core.environment:checking '/home/uboot/data/ros2_uboot/install/sensor/lib'
[5.358s] Level 1:colcon.colcon_core.shell:create_environment_hook('sensor', 'ld_library_path_lib')
[5.359s] INFO:colcon.colcon_core.shell:Creating environment hook '/home/uboot/data/ros2_uboot/install/sensor/share/sensor/hook/ld_library_path_lib.ps1'
[5.360s] INFO:colcon.colcon_core.shell:Creating environment descriptor '/home/uboot/data/ros2_uboot/install/sensor/share/sensor/hook/ld_library_path_lib.dsv'
[5.361s] INFO:colcon.colcon_core.shell:Creating environment hook '/home/uboot/data/ros2_uboot/install/sensor/share/sensor/hook/ld_library_path_lib.sh'
[5.363s] Level 1:colcon.colcon_core.environment:checking '/home/uboot/data/ros2_uboot/install/sensor/bin'
[5.363s] Level 1:colcon.colcon_core.environment:checking '/home/uboot/data/ros2_uboot/install/sensor/lib/pkgconfig/sensor.pc'
[5.364s] Level 1:colcon.colcon_core.environment:checking '/home/uboot/data/ros2_uboot/install/sensor/lib/python3.8/site-packages'
[5.364s] Level 1:colcon.colcon_core.shell:create_environment_hook('sensor', 'pythonpath')
[5.365s] INFO:colcon.colcon_core.shell:Creating environment hook '/home/uboot/data/ros2_uboot/install/sensor/share/sensor/hook/pythonpath.ps1'
[5.366s] INFO:colcon.colcon_core.shell:Creating environment descriptor '/home/uboot/data/ros2_uboot/install/sensor/share/sensor/hook/pythonpath.dsv'
[5.367s] INFO:colcon.colcon_core.shell:Creating environment hook '/home/uboot/data/ros2_uboot/install/sensor/share/sensor/hook/pythonpath.sh'
[5.369s] Level 1:colcon.colcon_core.environment:checking '/home/uboot/data/ros2_uboot/install/sensor/bin'
[5.371s] INFO:colcon.colcon_core.shell:Creating package script '/home/uboot/data/ros2_uboot/install/sensor/share/sensor/package.ps1'
[5.374s] INFO:colcon.colcon_core.shell:Creating package descriptor '/home/uboot/data/ros2_uboot/install/sensor/share/sensor/package.dsv'
[5.377s] INFO:colcon.colcon_core.shell:Creating package script '/home/uboot/data/ros2_uboot/install/sensor/share/sensor/package.sh'
[5.381s] INFO:colcon.colcon_core.shell:Creating package script '/home/uboot/data/ros2_uboot/install/sensor/share/sensor/package.bash'
[5.385s] INFO:colcon.colcon_core.shell:Creating package script '/home/uboot/data/ros2_uboot/install/sensor/share/sensor/package.zsh'
[5.388s] Level 1:colcon.colcon_core.environment:create_file_with_runtime_dependencies(/home/uboot/data/ros2_uboot/install/sensor/share/colcon-core/packages/sensor)
[5.391s] Level 1:colcon.colcon_core.environment:create_environment_scripts_only(sensor)
[5.392s] Level 1:colcon.colcon_core.environment:checking '/home/uboot/data/ros2_uboot/install/sensor' for CMake module files
[5.395s] Level 1:colcon.colcon_core.environment:checking '/home/uboot/data/ros2_uboot/install/sensor' for CMake config files
[5.397s] Level 1:colcon.colcon_core.shell:create_environment_hook('sensor', 'cmake_prefix_path')
[5.398s] INFO:colcon.colcon_core.shell:Creating environment hook '/home/uboot/data/ros2_uboot/install/sensor/share/sensor/hook/cmake_prefix_path.ps1'
[5.400s] INFO:colcon.colcon_core.shell:Creating environment descriptor '/home/uboot/data/ros2_uboot/install/sensor/share/sensor/hook/cmake_prefix_path.dsv'
[5.402s] INFO:colcon.colcon_core.shell:Creating environment hook '/home/uboot/data/ros2_uboot/install/sensor/share/sensor/hook/cmake_prefix_path.sh'
[5.405s] Level 1:colcon.colcon_core.environment:checking '/home/uboot/data/ros2_uboot/install/sensor/lib'
[5.405s] Level 1:colcon.colcon_core.shell:create_environment_hook('sensor', 'ld_library_path_lib')
[5.407s] INFO:colcon.colcon_core.shell:Creating environment hook '/home/uboot/data/ros2_uboot/install/sensor/share/sensor/hook/ld_library_path_lib.ps1'
[5.409s] INFO:colcon.colcon_core.shell:Creating environment descriptor '/home/uboot/data/ros2_uboot/install/sensor/share/sensor/hook/ld_library_path_lib.dsv'
[5.411s] INFO:colcon.colcon_core.shell:Creating environment hook '/home/uboot/data/ros2_uboot/install/sensor/share/sensor/hook/ld_library_path_lib.sh'
[5.413s] Level 1:colcon.colcon_core.environment:checking '/home/uboot/data/ros2_uboot/install/sensor/bin'
[5.413s] Level 1:colcon.colcon_core.environment:checking '/home/uboot/data/ros2_uboot/install/sensor/lib/pkgconfig/sensor.pc'
[5.415s] Level 1:colcon.colcon_core.environment:checking '/home/uboot/data/ros2_uboot/install/sensor/lib/python3.8/site-packages'
[5.415s] Level 1:colcon.colcon_core.shell:create_environment_hook('sensor', 'pythonpath')
[5.416s] INFO:colcon.colcon_core.shell:Creating environment hook '/home/uboot/data/ros2_uboot/install/sensor/share/sensor/hook/pythonpath.ps1'
[5.418s] INFO:colcon.colcon_core.shell:Creating environment descriptor '/home/uboot/data/ros2_uboot/install/sensor/share/sensor/hook/pythonpath.dsv'
[5.420s] INFO:colcon.colcon_core.shell:Creating environment hook '/home/uboot/data/ros2_uboot/install/sensor/share/sensor/hook/pythonpath.sh'
[5.423s] Level 1:colcon.colcon_core.environment:checking '/home/uboot/data/ros2_uboot/install/sensor/bin'
[5.425s] INFO:colcon.colcon_core.shell:Creating package script '/home/uboot/data/ros2_uboot/install/sensor/share/sensor/package.ps1'
[5.428s] INFO:colcon.colcon_core.shell:Creating package descriptor '/home/uboot/data/ros2_uboot/install/sensor/share/sensor/package.dsv'
[5.431s] INFO:colcon.colcon_core.shell:Creating package script '/home/uboot/data/ros2_uboot/install/sensor/share/sensor/package.sh'
[5.433s] INFO:colcon.colcon_core.shell:Creating package script '/home/uboot/data/ros2_uboot/install/sensor/share/sensor/package.bash'
[5.434s] INFO:colcon.colcon_core.shell:Creating package script '/home/uboot/data/ros2_uboot/install/sensor/share/sensor/package.zsh'
[5.435s] Level 1:colcon.colcon_core.environment:create_file_with_runtime_dependencies(/home/uboot/data/ros2_uboot/install/sensor/share/colcon-core/packages/sensor)
[5.436s] DEBUG:colcon.colcon_parallel_executor.executor.parallel:closing loop
[5.436s] DEBUG:colcon.colcon_parallel_executor.executor.parallel:loop closed
[5.436s] DEBUG:colcon.colcon_parallel_executor.executor.parallel:run_until_complete finished with '0'
[5.437s] DEBUG:colcon.colcon_core.event_reactor:joining thread
[5.463s] INFO:colcon.colcon_core.plugin_system:Skipping extension 'colcon_notification.desktop_notification.terminal_notifier': Not used on non-Darwin systems
[5.464s] INFO:colcon.colcon_core.plugin_system:Skipping extension 'colcon_notification.desktop_notification.win32': Not used on non-Windows systems
[5.464s] INFO:colcon.colcon_notification.desktop_notification:Sending desktop notification using 'notify2'
[30.469s] DEBUG:colcon.colcon_notification.desktop_notification.notify2:Failed to initialize notify2: org.freedesktop.DBus.Error.NoReply: Did not receive a reply. Possible causes include: the remote application did not send a reply, the message bus security policy blocked the reply, the reply timeout expired, or the network connection was broken.
[30.469s] DEBUG:colcon.colcon_core.event_reactor:joined thread
[30.471s] INFO:colcon.colcon_core.shell:Creating prefix script '/home/uboot/data/ros2_uboot/install/local_setup.ps1'
[30.482s] INFO:colcon.colcon_core.shell:Creating prefix util module '/home/uboot/data/ros2_uboot/install/_local_setup_util_ps1.py'
[30.495s] INFO:colcon.colcon_core.shell:Creating prefix chain script '/home/uboot/data/ros2_uboot/install/setup.ps1'
[30.506s] INFO:colcon.colcon_core.shell:Creating prefix script '/home/uboot/data/ros2_uboot/install/local_setup.sh'
[30.510s] INFO:colcon.colcon_core.shell:Creating prefix util module '/home/uboot/data/ros2_uboot/install/_local_setup_util_sh.py'
[30.513s] INFO:colcon.colcon_core.shell:Creating prefix chain script '/home/uboot/data/ros2_uboot/install/setup.sh'
[30.524s] INFO:colcon.colcon_core.shell:Creating prefix script '/home/uboot/data/ros2_uboot/install/local_setup.bash'
[30.528s] INFO:colcon.colcon_core.shell:Creating prefix chain script '/home/uboot/data/ros2_uboot/install/setup.bash'
[30.536s] INFO:colcon.colcon_core.shell:Creating prefix script '/home/uboot/data/ros2_uboot/install/local_setup.zsh'
[30.539s] INFO:colcon.colcon_core.shell:Creating prefix chain script '/home/uboot/data/ros2_uboot/install/setup.zsh'
