-- The C compiler identification is GNU 9.4.0
-- The CXX compiler identification is GNU 9.4.0
-- Check for working C compiler: /usr/bin/cc
-- Check for working C compiler: /usr/bin/cc -- works
-- Detecting C compiler ABI info
-- Detecting C compiler ABI info - done
-- Detecting C compile features
-- Detecting C compile features - done
-- Check for working CXX compiler: /usr/bin/c++
-- Check for working CXX compiler: /usr/bin/c++ -- works
-- Detecting CXX compiler ABI info
-- Detecting CXX compiler ABI info - done
-- Detecting CXX compile features
-- Detecting CXX compile features - done
-- Found ament_cmake: 0.9.12 (/opt/ros/foxy/share/ament_cmake/cmake)
-- Found PythonInterp: /usr/bin/python3 (found suitable version "3.8.10", minimum required is "3") 
-- Using PYTHON_EXECUTABLE: /usr/bin/python3
-- Found rclpy: 1.0.13 (/opt/ros/foxy/share/rclpy/cmake)
-- Found std_msgs: 2.0.5 (/opt/ros/foxy/share/std_msgs/cmake)
-- Using all available rosidl_typesupport_c: rosidl_typesupport_fastrtps_c;rosidl_typesupport_introspection_c
-- Found rosidl_adapter: 1.3.1 (/opt/ros/foxy/share/rosidl_adapter/cmake)
-- Found OpenSSL: /usr/lib/aarch64-linux-gnu/libcrypto.so (found version "1.1.1f")  
-- Found FastRTPS: /opt/ros/foxy/include  
-- Using all available rosidl_typesupport_cpp: rosidl_typesupport_fastrtps_cpp;rosidl_typesupport_introspection_cpp
-- Found rclcpp: 2.4.3 (/opt/ros/foxy/share/rclcpp/cmake)
-- Found rmw_implementation_cmake: 1.0.4 (/opt/ros/foxy/share/rmw_implementation_cmake/cmake)
-- Using RMW implementation 'rmw_fastrtps_cpp' as default
-- Looking for pthread.h
-- Looking for pthread.h - found
-- Performing Test CMAKE_HAVE_LIBC_PTHREAD
-- Performing Test CMAKE_HAVE_LIBC_PTHREAD - Failed
-- Looking for pthread_create in pthreads
-- Looking for pthread_create in pthreads - not found
-- Looking for pthread_create in pthread
-- Looking for pthread_create in pthread - found
-- Found Threads: TRUE  
-- Found std_srvs: 2.0.5 (/opt/ros/foxy/share/std_srvs/cmake)
-- Found rosidl_default_generators: 1.0.1 (/opt/ros/foxy/share/rosidl_default_generators/cmake)
-- Found PythonInterp: /usr/bin/python3 (found version "3.8.10") 
-- Found ament_cmake_ros: 0.9.2 (/opt/ros/foxy/share/ament_cmake_ros/cmake)
-- Using all available rosidl_typesupport_c: rosidl_typesupport_fastrtps_c;rosidl_typesupport_introspection_c
-- Using all available rosidl_typesupport_cpp: rosidl_typesupport_fastrtps_cpp;rosidl_typesupport_introspection_cpp
-- Found PythonInterp: /usr/bin/python3 (found suitable version "3.8.10", minimum required is "3.5") 
-- Found python_cmake_module: 0.8.1 (/opt/ros/foxy/share/python_cmake_module/cmake)
-- Found PythonLibs: /usr/lib/aarch64-linux-gnu/libpython3.8.so (found suitable version "3.8.10", minimum required is "3.5") 
-- Using PYTHON_EXECUTABLE: /usr/bin/python3
-- Using PYTHON_INCLUDE_DIRS: /usr/include/python3.8
-- Using PYTHON_LIBRARIES: /usr/lib/aarch64-linux-gnu/libpython3.8.so
-- Found PythonExtra: .so  
-- Found ament_lint_auto: 0.9.8 (/opt/ros/foxy/share/ament_lint_auto/cmake)
-- Added test 'copyright' to check source files copyright and LICENSE
-- Added test 'cppcheck' to perform static code analysis on C / C++ code
-- Configured cppcheck include dirs: /home/uboot/data/ros2_uboot/src/sensor/include
-- Configured cppcheck exclude dirs and/or files: 
-- Added test 'cpplint' to check C / C++ code against the Google style
-- Configured cpplint exclude dirs and/or files: 
-- Added test 'lint_cmake' to check CMake code style
-- Added test 'uncrustify' to check C / C++ code style
-- Configured uncrustify additional arguments: 
-- Added test 'xmllint' to check XML markup files
-- Configuring done
-- Generating done
-- Build files have been written to: /home/uboot/data/ros2_uboot/build/sensor
[35m[1mScanning dependencies of target sensor_node[0m
[35m[1mScanning dependencies of target do_something_server[0m
[35m[1mScanning dependencies of target human_detector_client[0m
[35m[1mScanning dependencies of target sensor__cpp[0m
[  2%] [34m[1mGenerating C code for ROS interfaces[0m
[  4%] [34m[1mGenerating C++ code for ROS interfaces[0m
[  6%] [32mBuilding CXX object CMakeFiles/human_detector_client.dir/src/human_detector_client.cpp.o[0m
[  8%] [32mBuilding CXX object CMakeFiles/sensor_node.dir/src/sensor_node.cpp.o[0m
[ 10%] [32mBuilding CXX object CMakeFiles/do_something_server.dir/src/do_something_server.cpp.o[0m
[ 10%] Built target sensor__cpp
[ 12%] [34m[1mGenerating C++ introspection for ROS interfaces[0m
[ 17%] [34m[1mGenerating C++ type support dispatch for ROS interfaces[0m
[ 14%] [34m[1mGenerating C++ type support for eProsima Fast-RTPS[0m
[35m[1mScanning dependencies of target sensor__rosidl_generator_c[0m
[ 19%] [32mBuilding C object CMakeFiles/sensor__rosidl_generator_c.dir/rosidl_generator_c/sensor/msg/detail/core_command__functions.c.o[0m
[ 21%] [32mBuilding C object CMakeFiles/sensor__rosidl_generator_c.dir/rosidl_generator_c/sensor/msg/detail/device_status__functions.c.o[0m
[ 23%] [32m[1mLinking C shared library libsensor__rosidl_generator_c.so[0m
[35m[1mScanning dependencies of target sensor__rosidl_typesupport_cpp[0m
[ 23%] Built target sensor__rosidl_generator_c
[ 25%] [32mBuilding CXX object CMakeFiles/sensor__rosidl_typesupport_cpp.dir/rosidl_typesupport_cpp/sensor/msg/core_command__type_support.cpp.o[0m
[ 27%] [32mBuilding CXX object CMakeFiles/sensor__rosidl_typesupport_cpp.dir/rosidl_typesupport_cpp/sensor/msg/device_status__type_support.cpp.o[0m
[ 29%] [34m[1mGenerating C type support dispatch for ROS interfaces[0m
[35m[1mScanning dependencies of target sensor__rosidl_typesupport_introspection_cpp[0m
[ 31%] [32mBuilding CXX object CMakeFiles/sensor__rosidl_typesupport_introspection_cpp.dir/rosidl_typesupport_introspection_cpp/sensor/msg/detail/core_command__type_support.cpp.o[0m
[35m[1mScanning dependencies of target sensor__rosidl_typesupport_fastrtps_cpp[0m
[ 34%] [32mBuilding CXX object CMakeFiles/sensor__rosidl_typesupport_fastrtps_cpp.dir/rosidl_typesupport_fastrtps_cpp/sensor/msg/detail/dds_fastrtps/core_command__type_support.cpp.o[0m
[35m[1mScanning dependencies of target sensor__rosidl_typesupport_c[0m
[ 36%] [34m[1mGenerating C introspection for ROS interfaces[0m
[ 38%] [32mBuilding CXX object CMakeFiles/sensor__rosidl_typesupport_c.dir/rosidl_typesupport_c/sensor/msg/core_command__type_support.cpp.o[0m
[ 40%] [32m[1mLinking CXX shared library libsensor__rosidl_typesupport_cpp.so[0m
[ 42%] [32mBuilding CXX object CMakeFiles/sensor__rosidl_typesupport_c.dir/rosidl_typesupport_c/sensor/msg/device_status__type_support.cpp.o[0m
[ 44%] [32mBuilding CXX object CMakeFiles/sensor__rosidl_typesupport_introspection_cpp.dir/rosidl_typesupport_introspection_cpp/sensor/msg/detail/device_status__type_support.cpp.o[0m
[ 44%] Built target sensor__rosidl_typesupport_cpp
[ 46%] [32mBuilding CXX object CMakeFiles/sensor__rosidl_typesupport_fastrtps_cpp.dir/rosidl_typesupport_fastrtps_cpp/sensor/msg/detail/dds_fastrtps/device_status__type_support.cpp.o[0m
[ 48%] [32m[1mLinking CXX shared library libsensor__rosidl_typesupport_c.so[0m
[ 48%] Built target sensor__rosidl_typesupport_c
[35m[1mScanning dependencies of target sensor__rosidl_typesupport_introspection_c[0m
[ 51%] [32mBuilding C object CMakeFiles/sensor__rosidl_typesupport_introspection_c.dir/rosidl_typesupport_introspection_c/sensor/msg/detail/core_command__type_support.c.o[0m
[ 53%] [32mBuilding C object CMakeFiles/sensor__rosidl_typesupport_introspection_c.dir/rosidl_typesupport_introspection_c/sensor/msg/detail/device_status__type_support.c.o[0m
[ 55%] [32m[1mLinking C shared library libsensor__rosidl_typesupport_introspection_c.so[0m
[ 57%] [32m[1mLinking CXX shared library libsensor__rosidl_typesupport_introspection_cpp.so[0m
[ 57%] Built target sensor__rosidl_typesupport_introspection_c
[ 57%] Built target sensor__rosidl_typesupport_introspection_cpp
[ 59%] [32m[1mLinking CXX shared library libsensor__rosidl_typesupport_fastrtps_cpp.so[0m
[ 59%] Built target sensor__rosidl_typesupport_fastrtps_cpp
[ 61%] [34m[1mGenerating C type support for eProsima Fast-RTPS[0m
[35m[1mScanning dependencies of target sensor__rosidl_typesupport_fastrtps_c[0m
[ 63%] [32mBuilding CXX object CMakeFiles/sensor__rosidl_typesupport_fastrtps_c.dir/rosidl_typesupport_fastrtps_c/sensor/msg/detail/core_command__type_support_c.cpp.o[0m
[ 65%] [32mBuilding CXX object CMakeFiles/sensor__rosidl_typesupport_fastrtps_c.dir/rosidl_typesupport_fastrtps_c/sensor/msg/detail/device_status__type_support_c.cpp.o[0m
[ 68%] [32m[1mLinking CXX shared library libsensor__rosidl_typesupport_fastrtps_c.so[0m
[ 68%] Built target sensor__rosidl_typesupport_fastrtps_c
[35m[1mScanning dependencies of target sensor[0m
[ 68%] Built target sensor
[35m[1mScanning dependencies of target openamp_core1[0m
[35m[1mScanning dependencies of target sensor__py[0m
[ 70%] [32mBuilding CXX object CMakeFiles/openamp_core1.dir/src/openamp_core1.cpp.o[0m
[ 72%] [34m[1mGenerating Python code for ROS interfaces[0m
[ 74%] [32m[1mLinking CXX executable do_something_server[0m
[ 74%] Built target do_something_server
[ 74%] Built target sensor__py
[35m[1mScanning dependencies of target sensor__python[0m
[ 76%] [32mBuilding C object CMakeFiles/sensor__python.dir/rosidl_generator_py/sensor/msg/_device_status_s.c.o[0m
[ 78%] [32mBuilding C object CMakeFiles/sensor__python.dir/rosidl_generator_py/sensor/msg/_core_command_s.c.o[0m
[ 80%] [32m[1mLinking C shared library rosidl_generator_py/sensor/libsensor__python.so[0m
[ 80%] Built target sensor__python
[35m[1mScanning dependencies of target sensor__rosidl_typesupport_c__pyext[0m
[35m[1mScanning dependencies of target sensor__rosidl_typesupport_fastrtps_c__pyext[0m
[35m[1mScanning dependencies of target sensor__rosidl_typesupport_introspection_c__pyext[0m
[ 82%] [32mBuilding C object CMakeFiles/sensor__rosidl_typesupport_c__pyext.dir/rosidl_generator_py/sensor/_sensor_s.ep.rosidl_typesupport_c.c.o[0m
[ 85%] [32mBuilding C object CMakeFiles/sensor__rosidl_typesupport_introspection_c__pyext.dir/rosidl_generator_py/sensor/_sensor_s.ep.rosidl_typesupport_introspection_c.c.o[0m
[ 87%] [32mBuilding C object CMakeFiles/sensor__rosidl_typesupport_fastrtps_c__pyext.dir/rosidl_generator_py/sensor/_sensor_s.ep.rosidl_typesupport_fastrtps_c.c.o[0m
[ 89%] [32m[1mLinking C shared library rosidl_generator_py/sensor/sensor_s__rosidl_typesupport_c.cpython-38-aarch64-linux-gnu.so[0m
[ 91%] [32m[1mLinking CXX shared library rosidl_generator_py/sensor/sensor_s__rosidl_typesupport_fastrtps_c.cpython-38-aarch64-linux-gnu.so[0m
[ 91%] Built target sensor__rosidl_typesupport_c__pyext
[ 93%] [32m[1mLinking C shared library rosidl_generator_py/sensor/sensor_s__rosidl_typesupport_introspection_c.cpython-38-aarch64-linux-gnu.so[0m
[ 93%] Built target sensor__rosidl_typesupport_fastrtps_c__pyext
[ 93%] Built target sensor__rosidl_typesupport_introspection_c__pyext
[ 95%] [32m[1mLinking CXX executable sensor_node[0m
[ 97%] [32m[1mLinking CXX executable human_detector_client[0m
[ 97%] Built target sensor_node
[ 97%] Built target human_detector_client
[100%] [32m[1mLinking CXX executable openamp_core1[0m
[100%] Built target openamp_core1
