[0.605s] Invoking command in '/home/uboot/data/ros2_uboot/build/sensor': CMAKE_PREFIX_PATH=/opt/ros/foxy /usr/bin/cmake /home/uboot/data/ros2_uboot/src/sensor -DCMAKE_INSTALL_PREFIX=/home/uboot/data/ros2_uboot/install/sensor
[2.034s] -- The C compiler identification is GNU 9.4.0
[2.041s] -- The CXX compiler identification is GNU 9.4.0
[2.042s] -- Check for working C compiler: /usr/bin/cc
[2.043s] -- Check for working C compiler: /usr/bin/cc -- works
[2.043s] -- Detecting C compiler ABI info
[2.044s] -- Detecting C compiler ABI info - done
[2.044s] -- Detecting C compile features
[2.045s] -- Detecting C compile features - done
[2.045s] -- Check for working CXX compiler: /usr/bin/c++
[2.046s] -- Check for working CXX compiler: /usr/bin/c++ -- works
[2.046s] -- Detecting CXX compiler ABI info
[2.046s] -- Detecting CXX compiler ABI info - done
[2.047s] -- Detecting CXX compile features
[2.047s] -- Detecting CXX compile features - done
[2.048s] -- Found ament_cmake: 0.9.12 (/opt/ros/foxy/share/ament_cmake/cmake)
[2.048s] -- Found PythonInterp: /usr/bin/python3 (found suitable version "3.8.10", minimum required is "3") 
[2.048s] -- Using PYTHON_EXECUTABLE: /usr/bin/python3
[2.064s] -- Found rclpy: 1.0.13 (/opt/ros/foxy/share/rclpy/cmake)
[2.069s] -- Found std_msgs: 2.0.5 (/opt/ros/foxy/share/std_msgs/cmake)
[2.174s] -- Using all available rosidl_typesupport_c: rosidl_typesupport_fastrtps_c;rosidl_typesupport_introspection_c
[2.181s] -- Found rosidl_adapter: 1.3.1 (/opt/ros/foxy/share/rosidl_adapter/cmake)
[2.398s] -- Found OpenSSL: /usr/lib/aarch64-linux-gnu/libcrypto.so (found version "1.1.1f")  
[2.452s] -- Found FastRTPS: /opt/ros/foxy/include  
[2.568s] -- Using all available rosidl_typesupport_cpp: rosidl_typesupport_fastrtps_cpp;rosidl_typesupport_introspection_cpp
[2.631s] -- Found rclcpp: 2.4.3 (/opt/ros/foxy/share/rclcpp/cmake)
[2.691s] -- Found rmw_implementation_cmake: 1.0.4 (/opt/ros/foxy/share/rmw_implementation_cmake/cmake)
[2.692s] -- Using RMW implementation 'rmw_fastrtps_cpp' as default
[2.693s] -- Looking for pthread.h
[2.868s] -- Looking for pthread.h - found
[2.869s] -- Performing Test CMAKE_HAVE_LIBC_PTHREAD
[3.068s] -- Performing Test CMAKE_HAVE_LIBC_PTHREAD - Failed
[3.069s] -- Looking for pthread_create in pthreads
[3.217s] -- Looking for pthread_create in pthreads - not found
[3.217s] -- Looking for pthread_create in pthread
[3.450s] -- Looking for pthread_create in pthread - found
[3.450s] -- Found Threads: TRUE  
[3.652s] -- Found std_srvs: 2.0.5 (/opt/ros/foxy/share/std_srvs/cmake)
[3.689s] -- Found rosidl_default_generators: 1.0.1 (/opt/ros/foxy/share/rosidl_default_generators/cmake)
[3.812s] -- Found PythonInterp: /usr/bin/python3 (found version "3.8.10") 
[4.387s] -- Found ament_cmake_ros: 0.9.2 (/opt/ros/foxy/share/ament_cmake_ros/cmake)
[4.801s] -- Using all available rosidl_typesupport_c: rosidl_typesupport_fastrtps_c;rosidl_typesupport_introspection_c
[5.101s] -- Using all available rosidl_typesupport_cpp: rosidl_typesupport_fastrtps_cpp;rosidl_typesupport_introspection_cpp
[5.267s] -- Found PythonInterp: /usr/bin/python3 (found suitable version "3.8.10", minimum required is "3.5") 
[5.273s] -- Found python_cmake_module: 0.8.1 (/opt/ros/foxy/share/python_cmake_module/cmake)
[5.429s] -- Found PythonLibs: /usr/lib/aarch64-linux-gnu/libpython3.8.so (found suitable version "3.8.10", minimum required is "3.5") 
[5.431s] -- Using PYTHON_EXECUTABLE: /usr/bin/python3
[5.432s] -- Using PYTHON_INCLUDE_DIRS: /usr/include/python3.8
[5.433s] -- Using PYTHON_LIBRARIES: /usr/lib/aarch64-linux-gnu/libpython3.8.so
[5.551s] -- Found PythonExtra: .so  
[6.062s] -- Found ament_lint_auto: 0.9.8 (/opt/ros/foxy/share/ament_lint_auto/cmake)
[6.246s] -- Added test 'copyright' to check source files copyright and LICENSE
[6.264s] -- Added test 'cppcheck' to perform static code analysis on C / C++ code
[6.275s] -- Configured cppcheck include dirs: /home/uboot/data/ros2_uboot/src/sensor/include
[6.276s] -- Configured cppcheck exclude dirs and/or files: 
[6.282s] -- Added test 'cpplint' to check C / C++ code against the Google style
[6.296s] -- Configured cpplint exclude dirs and/or files: 
[6.299s] -- Added test 'lint_cmake' to check CMake code style
[6.304s] -- Added test 'uncrustify' to check C / C++ code style
[6.304s] -- Configured uncrustify additional arguments: 
[6.307s] -- Added test 'xmllint' to check XML markup files
[6.354s] -- Configuring done
[6.918s] -- Generating done
[7.214s] -- Build files have been written to: /home/uboot/data/ros2_uboot/build/sensor
[7.405s] Invoked command in '/home/uboot/data/ros2_uboot/build/sensor' returned '0': CMAKE_PREFIX_PATH=/opt/ros/foxy /usr/bin/cmake /home/uboot/data/ros2_uboot/src/sensor -DCMAKE_INSTALL_PREFIX=/home/uboot/data/ros2_uboot/install/sensor
[7.408s] Invoking command in '/home/uboot/data/ros2_uboot/build/sensor': CMAKE_PREFIX_PATH=/opt/ros/foxy /usr/bin/cmake --build /home/uboot/data/ros2_uboot/build/sensor -- -j8 -l8
[7.683s] [35m[1mScanning dependencies of target sensor_node[0m
[7.685s] [35m[1mScanning dependencies of target do_something_server[0m
[7.720s] [35m[1mScanning dependencies of target human_detector_client[0m
[7.726s] [35m[1mScanning dependencies of target sensor__cpp[0m
[7.753s] [  2%] [34m[1mGenerating C code for ROS interfaces[0m
[7.823s] [  4%] [34m[1mGenerating C++ code for ROS interfaces[0m
[7.846s] [  6%] [32mBuilding CXX object CMakeFiles/human_detector_client.dir/src/human_detector_client.cpp.o[0m
[7.851s] [  8%] [32mBuilding CXX object CMakeFiles/sensor_node.dir/src/sensor_node.cpp.o[0m
[8.014s] [ 10%] [32mBuilding CXX object CMakeFiles/do_something_server.dir/src/do_something_server.cpp.o[0m
[10.192s] [ 10%] Built target sensor__cpp
[10.329s] [ 12%] [34m[1mGenerating C++ introspection for ROS interfaces[0m
[10.335s] [ 17%] [34m[1mGenerating C++ type support dispatch for ROS interfaces[0m
[10.338s] [ 14%] [34m[1mGenerating C++ type support for eProsima Fast-RTPS[0m
[11.209s] [35m[1mScanning dependencies of target sensor__rosidl_generator_c[0m
[11.294s] [ 19%] [32mBuilding C object CMakeFiles/sensor__rosidl_generator_c.dir/rosidl_generator_c/sensor/msg/detail/core_command__functions.c.o[0m
[11.349s] [ 21%] [32mBuilding C object CMakeFiles/sensor__rosidl_generator_c.dir/rosidl_generator_c/sensor/msg/detail/device_status__functions.c.o[0m
[11.698s] [ 23%] [32m[1mLinking C shared library libsensor__rosidl_generator_c.so[0m
[11.956s] [35m[1mScanning dependencies of target sensor__rosidl_typesupport_cpp[0m
[12.036s] [ 23%] Built target sensor__rosidl_generator_c
[12.096s] [ 25%] [32mBuilding CXX object CMakeFiles/sensor__rosidl_typesupport_cpp.dir/rosidl_typesupport_cpp/sensor/msg/core_command__type_support.cpp.o[0m
[12.097s] [ 27%] [32mBuilding CXX object CMakeFiles/sensor__rosidl_typesupport_cpp.dir/rosidl_typesupport_cpp/sensor/msg/device_status__type_support.cpp.o[0m
[12.131s] [ 29%] [34m[1mGenerating C type support dispatch for ROS interfaces[0m
[12.313s] [35m[1mScanning dependencies of target sensor__rosidl_typesupport_introspection_cpp[0m
[12.426s] [ 31%] [32mBuilding CXX object CMakeFiles/sensor__rosidl_typesupport_introspection_cpp.dir/rosidl_typesupport_introspection_cpp/sensor/msg/detail/core_command__type_support.cpp.o[0m
[12.437s] [35m[1mScanning dependencies of target sensor__rosidl_typesupport_fastrtps_cpp[0m
[12.555s] [ 34%] [32mBuilding CXX object CMakeFiles/sensor__rosidl_typesupport_fastrtps_cpp.dir/rosidl_typesupport_fastrtps_cpp/sensor/msg/detail/dds_fastrtps/core_command__type_support.cpp.o[0m
[13.512s] [35m[1mScanning dependencies of target sensor__rosidl_typesupport_c[0m
[13.682s] [ 36%] [34m[1mGenerating C introspection for ROS interfaces[0m
[13.682s] [ 38%] [32mBuilding CXX object CMakeFiles/sensor__rosidl_typesupport_c.dir/rosidl_typesupport_c/sensor/msg/core_command__type_support.cpp.o[0m
[13.685s] [ 40%] [32m[1mLinking CXX shared library libsensor__rosidl_typesupport_cpp.so[0m
[13.877s] [ 42%] [32mBuilding CXX object CMakeFiles/sensor__rosidl_typesupport_c.dir/rosidl_typesupport_c/sensor/msg/device_status__type_support.cpp.o[0m
[13.949s] [ 44%] [32mBuilding CXX object CMakeFiles/sensor__rosidl_typesupport_introspection_cpp.dir/rosidl_typesupport_introspection_cpp/sensor/msg/detail/device_status__type_support.cpp.o[0m
[13.959s] [ 44%] Built target sensor__rosidl_typesupport_cpp
[14.022s] [ 46%] [32mBuilding CXX object CMakeFiles/sensor__rosidl_typesupport_fastrtps_cpp.dir/rosidl_typesupport_fastrtps_cpp/sensor/msg/detail/dds_fastrtps/device_status__type_support.cpp.o[0m
[14.095s] [ 48%] [32m[1mLinking CXX shared library libsensor__rosidl_typesupport_c.so[0m
[14.350s] [ 48%] Built target sensor__rosidl_typesupport_c
[15.157s] [35m[1mScanning dependencies of target sensor__rosidl_typesupport_introspection_c[0m
[15.242s] [ 51%] [32mBuilding C object CMakeFiles/sensor__rosidl_typesupport_introspection_c.dir/rosidl_typesupport_introspection_c/sensor/msg/detail/core_command__type_support.c.o[0m
[15.313s] [ 53%] [32mBuilding C object CMakeFiles/sensor__rosidl_typesupport_introspection_c.dir/rosidl_typesupport_introspection_c/sensor/msg/detail/device_status__type_support.c.o[0m
[15.614s] [ 55%] [32m[1mLinking C shared library libsensor__rosidl_typesupport_introspection_c.so[0m
[15.772s] [ 57%] [32m[1mLinking CXX shared library libsensor__rosidl_typesupport_introspection_cpp.so[0m
[15.881s] [ 57%] Built target sensor__rosidl_typesupport_introspection_c
[16.029s] [ 57%] Built target sensor__rosidl_typesupport_introspection_cpp
[16.386s] [ 59%] [32m[1mLinking CXX shared library libsensor__rosidl_typesupport_fastrtps_cpp.so[0m
[17.082s] [ 59%] Built target sensor__rosidl_typesupport_fastrtps_cpp
[17.178s] [ 61%] [34m[1mGenerating C type support for eProsima Fast-RTPS[0m
[18.238s] [35m[1mScanning dependencies of target sensor__rosidl_typesupport_fastrtps_c[0m
[18.346s] [ 63%] [32mBuilding CXX object CMakeFiles/sensor__rosidl_typesupport_fastrtps_c.dir/rosidl_typesupport_fastrtps_c/sensor/msg/detail/core_command__type_support_c.cpp.o[0m
[18.372s] [ 65%] [32mBuilding CXX object CMakeFiles/sensor__rosidl_typesupport_fastrtps_c.dir/rosidl_typesupport_fastrtps_c/sensor/msg/detail/device_status__type_support_c.cpp.o[0m
[20.231s] [ 68%] [32m[1mLinking CXX shared library libsensor__rosidl_typesupport_fastrtps_c.so[0m
[20.495s] [ 68%] Built target sensor__rosidl_typesupport_fastrtps_c
[20.527s] [35m[1mScanning dependencies of target sensor[0m
[20.628s] [ 68%] Built target sensor
[20.702s] [35m[1mScanning dependencies of target openamp_core1[0m
[20.758s] [35m[1mScanning dependencies of target sensor__py[0m
[20.890s] [ 70%] [32mBuilding CXX object CMakeFiles/openamp_core1.dir/src/openamp_core1.cpp.o[0m
[20.892s] [ 72%] [34m[1mGenerating Python code for ROS interfaces[0m
[20.966s] [ 74%] [32m[1mLinking CXX executable do_something_server[0m
[21.826s] [ 74%] Built target do_something_server
[22.316s] [ 74%] Built target sensor__py
[22.398s] [35m[1mScanning dependencies of target sensor__python[0m
[22.428s] [ 76%] [32mBuilding C object CMakeFiles/sensor__python.dir/rosidl_generator_py/sensor/msg/_device_status_s.c.o[0m
[22.488s] [ 78%] [32mBuilding C object CMakeFiles/sensor__python.dir/rosidl_generator_py/sensor/msg/_core_command_s.c.o[0m
[22.732s] [ 80%] [32m[1mLinking C shared library rosidl_generator_py/sensor/libsensor__python.so[0m
[22.881s] [ 80%] Built target sensor__python
[22.898s] [35m[1mScanning dependencies of target sensor__rosidl_typesupport_c__pyext[0m
[22.943s] [35m[1mScanning dependencies of target sensor__rosidl_typesupport_fastrtps_c__pyext[0m
[22.971s] [35m[1mScanning dependencies of target sensor__rosidl_typesupport_introspection_c__pyext[0m
[22.989s] [ 82%] [32mBuilding C object CMakeFiles/sensor__rosidl_typesupport_c__pyext.dir/rosidl_generator_py/sensor/_sensor_s.ep.rosidl_typesupport_c.c.o[0m
[23.086s] [ 85%] [32mBuilding C object CMakeFiles/sensor__rosidl_typesupport_introspection_c__pyext.dir/rosidl_generator_py/sensor/_sensor_s.ep.rosidl_typesupport_introspection_c.c.o[0m
[23.098s] [ 87%] [32mBuilding C object CMakeFiles/sensor__rosidl_typesupport_fastrtps_c__pyext.dir/rosidl_generator_py/sensor/_sensor_s.ep.rosidl_typesupport_fastrtps_c.c.o[0m
[23.167s] [ 89%] [32m[1mLinking C shared library rosidl_generator_py/sensor/sensor_s__rosidl_typesupport_c.cpython-38-aarch64-linux-gnu.so[0m
[23.295s] [ 91%] [32m[1mLinking CXX shared library rosidl_generator_py/sensor/sensor_s__rosidl_typesupport_fastrtps_c.cpython-38-aarch64-linux-gnu.so[0m
[23.347s] [ 91%] Built target sensor__rosidl_typesupport_c__pyext
[23.550s] [ 93%] [32m[1mLinking C shared library rosidl_generator_py/sensor/sensor_s__rosidl_typesupport_introspection_c.cpython-38-aarch64-linux-gnu.so[0m
[23.581s] [ 93%] Built target sensor__rosidl_typesupport_fastrtps_c__pyext
[23.707s] [ 93%] Built target sensor__rosidl_typesupport_introspection_c__pyext
[24.275s] [ 95%] [32m[1mLinking CXX executable sensor_node[0m
[24.655s] [ 97%] [32m[1mLinking CXX executable human_detector_client[0m
[24.854s] [ 97%] Built target sensor_node
[25.072s] [ 97%] Built target human_detector_client
[31.378s] [100%] [32m[1mLinking CXX executable openamp_core1[0m
[32.052s] [100%] Built target openamp_core1
