[0.396s] DEBUG:colcon:Command line arguments: ['/usr/bin/colcon', 'build', '--packages-select', 'sensor']
[0.397s] DEBUG:colcon:Parsed command line arguments: Namespace(allow_overriding=[], ament_cmake_args=None, base_paths=['.'], build_base='build', catkin_cmake_args=None, catkin_skip_building_tests=False, cmake_args=None, cmake_clean_cache=False, cmake_clean_first=False, cmake_force_configure=False, cmake_target=None, cmake_target_skip_unavailable=False, continue_on_error=False, event_handlers=None, executor='parallel', ignore_user_meta=False, install_base='install', log_base=None, log_level=None, main=<bound method BuildVerb.main of <colcon_core.verb.build.BuildVerb object at 0x7fa73cbb20>>, merge_install=False, metas=['./colcon.meta'], packages_above=None, packages_above_and_dependencies=None, packages_above_depth=None, packages_end=None, packages_ignore=None, packages_ignore_regex=None, packages_select=['sensor'], packages_select_build_failed=False, packages_select_by_dep=None, packages_select_regex=None, packages_select_test_failures=False, packages_skip=None, packages_skip_build_finished=False, packages_skip_by_dep=None, packages_skip_regex=None, packages_skip_test_passed=False, packages_skip_up_to=None, packages_start=None, packages_up_to=None, packages_up_to_regex=None, parallel_workers=8, paths=None, symlink_install=False, test_result_base=None, verb_extension=<colcon_core.verb.build.BuildVerb object at 0x7fa73cbb20>, verb_name='build', verb_parser=<colcon_defaults.argument_parser.defaults.DefaultArgumentsDecorator object at 0x7fa72a6c10>)
[0.608s] Level 1:colcon.colcon_core.package_discovery:discover_packages(colcon_meta) check parameters
[0.608s] Level 1:colcon.colcon_core.package_discovery:discover_packages(recursive) check parameters
[0.608s] Level 1:colcon.colcon_core.package_discovery:discover_packages(ignore) check parameters
[0.608s] Level 1:colcon.colcon_core.package_discovery:discover_packages(path) check parameters
[0.608s] Level 1:colcon.colcon_core.package_discovery:discover_packages(colcon_meta) discover
[0.608s] Level 1:colcon.colcon_core.package_discovery:discover_packages(recursive) discover
[0.608s] INFO:colcon.colcon_core.package_discovery:Crawling recursively for packages in '/home/uboot/data/ros2_uboot'
[0.608s] Level 1:colcon.colcon_core.package_identification:_identify(.) by extensions ['ignore', 'ignore_ament_install']
[0.608s] Level 1:colcon.colcon_core.package_identification:_identify(.) by extension 'ignore'
[0.608s] Level 1:colcon.colcon_core.package_identification:_identify(.) by extension 'ignore_ament_install'
[0.609s] Level 1:colcon.colcon_core.package_identification:_identify(.) by extensions ['colcon_pkg']
[0.609s] Level 1:colcon.colcon_core.package_identification:_identify(.) by extension 'colcon_pkg'
[0.609s] Level 1:colcon.colcon_core.package_identification:_identify(.) by extensions ['colcon_meta']
[0.609s] Level 1:colcon.colcon_core.package_identification:_identify(.) by extension 'colcon_meta'
[0.609s] Level 1:colcon.colcon_core.package_identification:_identify(.) by extensions ['ros']
[0.609s] Level 1:colcon.colcon_core.package_identification:_identify(.) by extension 'ros'
[0.627s] Level 1:colcon.colcon_core.package_identification:_identify(.) by extensions ['cmake', 'python']
[0.627s] Level 1:colcon.colcon_core.package_identification:_identify(.) by extension 'cmake'
[0.627s] Level 1:colcon.colcon_core.package_identification:_identify(.) by extension 'python'
[0.627s] Level 1:colcon.colcon_core.package_identification:_identify(.) by extensions ['python_setup_py']
[0.627s] Level 1:colcon.colcon_core.package_identification:_identify(.) by extension 'python_setup_py'
[0.627s] Level 1:colcon.colcon_core.package_identification:_identify(build) by extensions ['ignore', 'ignore_ament_install']
[0.628s] Level 1:colcon.colcon_core.package_identification:_identify(build) by extension 'ignore'
[0.628s] Level 1:colcon.colcon_core.package_identification:_identify(build) ignored
[0.628s] Level 1:colcon.colcon_core.package_identification:_identify(install) by extensions ['ignore', 'ignore_ament_install']
[0.628s] Level 1:colcon.colcon_core.package_identification:_identify(install) by extension 'ignore'
[0.628s] Level 1:colcon.colcon_core.package_identification:_identify(install) ignored
[0.628s] Level 1:colcon.colcon_core.package_identification:_identify(log) by extensions ['ignore', 'ignore_ament_install']
[0.628s] Level 1:colcon.colcon_core.package_identification:_identify(log) by extension 'ignore'
[0.629s] Level 1:colcon.colcon_core.package_identification:_identify(log) ignored
[0.629s] Level 1:colcon.colcon_core.package_identification:_identify(sh) by extensions ['ignore', 'ignore_ament_install']
[0.629s] Level 1:colcon.colcon_core.package_identification:_identify(sh) by extension 'ignore'
[0.629s] Level 1:colcon.colcon_core.package_identification:_identify(sh) by extension 'ignore_ament_install'
[0.629s] Level 1:colcon.colcon_core.package_identification:_identify(sh) by extensions ['colcon_pkg']
[0.629s] Level 1:colcon.colcon_core.package_identification:_identify(sh) by extension 'colcon_pkg'
[0.629s] Level 1:colcon.colcon_core.package_identification:_identify(sh) by extensions ['colcon_meta']
[0.629s] Level 1:colcon.colcon_core.package_identification:_identify(sh) by extension 'colcon_meta'
[0.629s] Level 1:colcon.colcon_core.package_identification:_identify(sh) by extensions ['ros']
[0.629s] Level 1:colcon.colcon_core.package_identification:_identify(sh) by extension 'ros'
[0.629s] Level 1:colcon.colcon_core.package_identification:_identify(sh) by extensions ['cmake', 'python']
[0.629s] Level 1:colcon.colcon_core.package_identification:_identify(sh) by extension 'cmake'
[0.629s] Level 1:colcon.colcon_core.package_identification:_identify(sh) by extension 'python'
[0.629s] Level 1:colcon.colcon_core.package_identification:_identify(sh) by extensions ['python_setup_py']
[0.629s] Level 1:colcon.colcon_core.package_identification:_identify(sh) by extension 'python_setup_py'
[0.629s] Level 1:colcon.colcon_core.package_identification:_identify(src) by extensions ['ignore', 'ignore_ament_install']
[0.629s] Level 1:colcon.colcon_core.package_identification:_identify(src) by extension 'ignore'
[0.630s] Level 1:colcon.colcon_core.package_identification:_identify(src) by extension 'ignore_ament_install'
[0.630s] Level 1:colcon.colcon_core.package_identification:_identify(src) by extensions ['colcon_pkg']
[0.630s] Level 1:colcon.colcon_core.package_identification:_identify(src) by extension 'colcon_pkg'
[0.630s] Level 1:colcon.colcon_core.package_identification:_identify(src) by extensions ['colcon_meta']
[0.630s] Level 1:colcon.colcon_core.package_identification:_identify(src) by extension 'colcon_meta'
[0.630s] Level 1:colcon.colcon_core.package_identification:_identify(src) by extensions ['ros']
[0.630s] Level 1:colcon.colcon_core.package_identification:_identify(src) by extension 'ros'
[0.630s] Level 1:colcon.colcon_core.package_identification:_identify(src) by extensions ['cmake', 'python']
[0.630s] Level 1:colcon.colcon_core.package_identification:_identify(src) by extension 'cmake'
[0.630s] Level 1:colcon.colcon_core.package_identification:_identify(src) by extension 'python'
[0.630s] Level 1:colcon.colcon_core.package_identification:_identify(src) by extensions ['python_setup_py']
[0.630s] Level 1:colcon.colcon_core.package_identification:_identify(src) by extension 'python_setup_py'
[0.630s] Level 1:colcon.colcon_core.package_identification:_identify(src/detect) by extensions ['ignore', 'ignore_ament_install']
[0.630s] Level 1:colcon.colcon_core.package_identification:_identify(src/detect) by extension 'ignore'
[0.630s] Level 1:colcon.colcon_core.package_identification:_identify(src/detect) by extension 'ignore_ament_install'
[0.630s] Level 1:colcon.colcon_core.package_identification:_identify(src/detect) by extensions ['colcon_pkg']
[0.630s] Level 1:colcon.colcon_core.package_identification:_identify(src/detect) by extension 'colcon_pkg'
[0.630s] Level 1:colcon.colcon_core.package_identification:_identify(src/detect) by extensions ['colcon_meta']
[0.630s] Level 1:colcon.colcon_core.package_identification:_identify(src/detect) by extension 'colcon_meta'
[0.630s] Level 1:colcon.colcon_core.package_identification:_identify(src/detect) by extensions ['ros']
[0.630s] Level 1:colcon.colcon_core.package_identification:_identify(src/detect) by extension 'ros'
[0.631s] Level 1:colcon.colcon_core.package_identification:_identify(src/detect) by extensions ['cmake', 'python']
[0.631s] Level 1:colcon.colcon_core.package_identification:_identify(src/detect) by extension 'cmake'
[0.631s] Level 1:colcon.colcon_core.package_identification:_identify(src/detect) by extension 'python'
[0.631s] Level 1:colcon.colcon_core.package_identification:_identify(src/detect) by extensions ['python_setup_py']
[0.631s] Level 1:colcon.colcon_core.package_identification:_identify(src/detect) by extension 'python_setup_py'
[0.631s] Level 1:colcon.colcon_core.package_identification:_identify(src/fishbot) by extensions ['ignore', 'ignore_ament_install']
[0.631s] Level 1:colcon.colcon_core.package_identification:_identify(src/fishbot) by extension 'ignore'
[0.631s] Level 1:colcon.colcon_core.package_identification:_identify(src/fishbot) by extension 'ignore_ament_install'
[0.631s] Level 1:colcon.colcon_core.package_identification:_identify(src/fishbot) by extensions ['colcon_pkg']
[0.631s] Level 1:colcon.colcon_core.package_identification:_identify(src/fishbot) by extension 'colcon_pkg'
[0.631s] Level 1:colcon.colcon_core.package_identification:_identify(src/fishbot) by extensions ['colcon_meta']
[0.631s] Level 1:colcon.colcon_core.package_identification:_identify(src/fishbot) by extension 'colcon_meta'
[0.631s] Level 1:colcon.colcon_core.package_identification:_identify(src/fishbot) by extensions ['ros']
[0.631s] Level 1:colcon.colcon_core.package_identification:_identify(src/fishbot) by extension 'ros'
[0.631s] Level 1:colcon.colcon_core.package_identification:_identify(src/fishbot) by extensions ['cmake', 'python']
[0.631s] Level 1:colcon.colcon_core.package_identification:_identify(src/fishbot) by extension 'cmake'
[0.631s] Level 1:colcon.colcon_core.package_identification:_identify(src/fishbot) by extension 'python'
[0.631s] Level 1:colcon.colcon_core.package_identification:_identify(src/fishbot) by extensions ['python_setup_py']
[0.631s] Level 1:colcon.colcon_core.package_identification:_identify(src/fishbot) by extension 'python_setup_py'
[0.631s] Level 1:colcon.colcon_core.package_identification:_identify(src/fishbot/doc) by extensions ['ignore', 'ignore_ament_install']
[0.632s] Level 1:colcon.colcon_core.package_identification:_identify(src/fishbot/doc) by extension 'ignore'
[0.632s] Level 1:colcon.colcon_core.package_identification:_identify(src/fishbot/doc) by extension 'ignore_ament_install'
[0.632s] Level 1:colcon.colcon_core.package_identification:_identify(src/fishbot/doc) by extensions ['colcon_pkg']
[0.632s] Level 1:colcon.colcon_core.package_identification:_identify(src/fishbot/doc) by extension 'colcon_pkg'
[0.632s] Level 1:colcon.colcon_core.package_identification:_identify(src/fishbot/doc) by extensions ['colcon_meta']
[0.632s] Level 1:colcon.colcon_core.package_identification:_identify(src/fishbot/doc) by extension 'colcon_meta'
[0.632s] Level 1:colcon.colcon_core.package_identification:_identify(src/fishbot/doc) by extensions ['ros']
[0.632s] Level 1:colcon.colcon_core.package_identification:_identify(src/fishbot/doc) by extension 'ros'
[0.632s] Level 1:colcon.colcon_core.package_identification:_identify(src/fishbot/doc) by extensions ['cmake', 'python']
[0.632s] Level 1:colcon.colcon_core.package_identification:_identify(src/fishbot/doc) by extension 'cmake'
[0.632s] Level 1:colcon.colcon_core.package_identification:_identify(src/fishbot/doc) by extension 'python'
[0.632s] Level 1:colcon.colcon_core.package_identification:_identify(src/fishbot/doc) by extensions ['python_setup_py']
[0.632s] Level 1:colcon.colcon_core.package_identification:_identify(src/fishbot/doc) by extension 'python_setup_py'
[0.632s] Level 1:colcon.colcon_core.package_identification:_identify(src/fishbot/doc/imgs) by extensions ['ignore', 'ignore_ament_install']
[0.632s] Level 1:colcon.colcon_core.package_identification:_identify(src/fishbot/doc/imgs) by extension 'ignore'
[0.632s] Level 1:colcon.colcon_core.package_identification:_identify(src/fishbot/doc/imgs) by extension 'ignore_ament_install'
[0.632s] Level 1:colcon.colcon_core.package_identification:_identify(src/fishbot/doc/imgs) by extensions ['colcon_pkg']
[0.632s] Level 1:colcon.colcon_core.package_identification:_identify(src/fishbot/doc/imgs) by extension 'colcon_pkg'
[0.632s] Level 1:colcon.colcon_core.package_identification:_identify(src/fishbot/doc/imgs) by extensions ['colcon_meta']
[0.632s] Level 1:colcon.colcon_core.package_identification:_identify(src/fishbot/doc/imgs) by extension 'colcon_meta'
[0.633s] Level 1:colcon.colcon_core.package_identification:_identify(src/fishbot/doc/imgs) by extensions ['ros']
[0.633s] Level 1:colcon.colcon_core.package_identification:_identify(src/fishbot/doc/imgs) by extension 'ros'
[0.633s] Level 1:colcon.colcon_core.package_identification:_identify(src/fishbot/doc/imgs) by extensions ['cmake', 'python']
[0.633s] Level 1:colcon.colcon_core.package_identification:_identify(src/fishbot/doc/imgs) by extension 'cmake'
[0.633s] Level 1:colcon.colcon_core.package_identification:_identify(src/fishbot/doc/imgs) by extension 'python'
[0.633s] Level 1:colcon.colcon_core.package_identification:_identify(src/fishbot/doc/imgs) by extensions ['python_setup_py']
[0.633s] Level 1:colcon.colcon_core.package_identification:_identify(src/fishbot/doc/imgs) by extension 'python_setup_py'
[0.633s] Level 1:colcon.colcon_core.package_identification:_identify(src/fishbot/src) by extensions ['ignore', 'ignore_ament_install']
[0.633s] Level 1:colcon.colcon_core.package_identification:_identify(src/fishbot/src) by extension 'ignore'
[0.633s] Level 1:colcon.colcon_core.package_identification:_identify(src/fishbot/src) by extension 'ignore_ament_install'
[0.633s] Level 1:colcon.colcon_core.package_identification:_identify(src/fishbot/src) by extensions ['colcon_pkg']
[0.633s] Level 1:colcon.colcon_core.package_identification:_identify(src/fishbot/src) by extension 'colcon_pkg'
[0.633s] Level 1:colcon.colcon_core.package_identification:_identify(src/fishbot/src) by extensions ['colcon_meta']
[0.633s] Level 1:colcon.colcon_core.package_identification:_identify(src/fishbot/src) by extension 'colcon_meta'
[0.633s] Level 1:colcon.colcon_core.package_identification:_identify(src/fishbot/src) by extensions ['ros']
[0.633s] Level 1:colcon.colcon_core.package_identification:_identify(src/fishbot/src) by extension 'ros'
[0.633s] Level 1:colcon.colcon_core.package_identification:_identify(src/fishbot/src) by extensions ['cmake', 'python']
[0.633s] Level 1:colcon.colcon_core.package_identification:_identify(src/fishbot/src) by extension 'cmake'
[0.633s] Level 1:colcon.colcon_core.package_identification:_identify(src/fishbot/src) by extension 'python'
[0.633s] Level 1:colcon.colcon_core.package_identification:_identify(src/fishbot/src) by extensions ['python_setup_py']
[0.633s] Level 1:colcon.colcon_core.package_identification:_identify(src/fishbot/src) by extension 'python_setup_py'
[0.634s] Level 1:colcon.colcon_core.package_identification:_identify(src/fishbot/src/fishbot_bringup) by extensions ['ignore', 'ignore_ament_install']
[0.634s] Level 1:colcon.colcon_core.package_identification:_identify(src/fishbot/src/fishbot_bringup) by extension 'ignore'
[0.634s] Level 1:colcon.colcon_core.package_identification:_identify(src/fishbot/src/fishbot_bringup) by extension 'ignore_ament_install'
[0.634s] Level 1:colcon.colcon_core.package_identification:_identify(src/fishbot/src/fishbot_bringup) by extensions ['colcon_pkg']
[0.634s] Level 1:colcon.colcon_core.package_identification:_identify(src/fishbot/src/fishbot_bringup) by extension 'colcon_pkg'
[0.634s] Level 1:colcon.colcon_core.package_identification:_identify(src/fishbot/src/fishbot_bringup) by extensions ['colcon_meta']
[0.634s] Level 1:colcon.colcon_core.package_identification:_identify(src/fishbot/src/fishbot_bringup) by extension 'colcon_meta'
[0.634s] Level 1:colcon.colcon_core.package_identification:_identify(src/fishbot/src/fishbot_bringup) by extensions ['ros']
[0.634s] Level 1:colcon.colcon_core.package_identification:_identify(src/fishbot/src/fishbot_bringup) by extension 'ros'
[0.639s] DEBUG:colcon.colcon_core.package_identification:Package 'src/fishbot/src/fishbot_bringup' with type 'ros.ament_cmake' and name 'fishbot_bringup'
[0.639s] Level 1:colcon.colcon_core.package_identification:_identify(src/fishbot/src/fishbot_cartographer) by extensions ['ignore', 'ignore_ament_install']
[0.640s] Level 1:colcon.colcon_core.package_identification:_identify(src/fishbot/src/fishbot_cartographer) by extension 'ignore'
[0.640s] Level 1:colcon.colcon_core.package_identification:_identify(src/fishbot/src/fishbot_cartographer) by extension 'ignore_ament_install'
[0.640s] Level 1:colcon.colcon_core.package_identification:_identify(src/fishbot/src/fishbot_cartographer) by extensions ['colcon_pkg']
[0.640s] Level 1:colcon.colcon_core.package_identification:_identify(src/fishbot/src/fishbot_cartographer) by extension 'colcon_pkg'
[0.640s] Level 1:colcon.colcon_core.package_identification:_identify(src/fishbot/src/fishbot_cartographer) by extensions ['colcon_meta']
[0.640s] Level 1:colcon.colcon_core.package_identification:_identify(src/fishbot/src/fishbot_cartographer) by extension 'colcon_meta'
[0.640s] Level 1:colcon.colcon_core.package_identification:_identify(src/fishbot/src/fishbot_cartographer) by extensions ['ros']
[0.640s] Level 1:colcon.colcon_core.package_identification:_identify(src/fishbot/src/fishbot_cartographer) by extension 'ros'
[0.641s] DEBUG:colcon.colcon_core.package_identification:Package 'src/fishbot/src/fishbot_cartographer' with type 'ros.ament_cmake' and name 'fishbot_cartographer'
[0.641s] Level 1:colcon.colcon_core.package_identification:_identify(src/fishbot/src/fishbot_description) by extensions ['ignore', 'ignore_ament_install']
[0.641s] Level 1:colcon.colcon_core.package_identification:_identify(src/fishbot/src/fishbot_description) by extension 'ignore'
[0.642s] Level 1:colcon.colcon_core.package_identification:_identify(src/fishbot/src/fishbot_description) by extension 'ignore_ament_install'
[0.642s] Level 1:colcon.colcon_core.package_identification:_identify(src/fishbot/src/fishbot_description) by extensions ['colcon_pkg']
[0.642s] Level 1:colcon.colcon_core.package_identification:_identify(src/fishbot/src/fishbot_description) by extension 'colcon_pkg'
[0.642s] Level 1:colcon.colcon_core.package_identification:_identify(src/fishbot/src/fishbot_description) by extensions ['colcon_meta']
[0.642s] Level 1:colcon.colcon_core.package_identification:_identify(src/fishbot/src/fishbot_description) by extension 'colcon_meta'
[0.642s] Level 1:colcon.colcon_core.package_identification:_identify(src/fishbot/src/fishbot_description) by extensions ['ros']
[0.642s] Level 1:colcon.colcon_core.package_identification:_identify(src/fishbot/src/fishbot_description) by extension 'ros'
[0.644s] DEBUG:colcon.colcon_core.package_identification:Package 'src/fishbot/src/fishbot_description' with type 'ros.ament_python' and name 'fishbot_description'
[0.644s] Level 1:colcon.colcon_core.package_identification:_identify(src/fishbot/src/fishbot_interfaces) by extensions ['ignore', 'ignore_ament_install']
[0.644s] Level 1:colcon.colcon_core.package_identification:_identify(src/fishbot/src/fishbot_interfaces) by extension 'ignore'
[0.644s] Level 1:colcon.colcon_core.package_identification:_identify(src/fishbot/src/fishbot_interfaces) by extension 'ignore_ament_install'
[0.644s] Level 1:colcon.colcon_core.package_identification:_identify(src/fishbot/src/fishbot_interfaces) by extensions ['colcon_pkg']
[0.644s] Level 1:colcon.colcon_core.package_identification:_identify(src/fishbot/src/fishbot_interfaces) by extension 'colcon_pkg'
[0.645s] Level 1:colcon.colcon_core.package_identification:_identify(src/fishbot/src/fishbot_interfaces) by extensions ['colcon_meta']
[0.645s] Level 1:colcon.colcon_core.package_identification:_identify(src/fishbot/src/fishbot_interfaces) by extension 'colcon_meta'
[0.645s] Level 1:colcon.colcon_core.package_identification:_identify(src/fishbot/src/fishbot_interfaces) by extensions ['ros']
[0.645s] Level 1:colcon.colcon_core.package_identification:_identify(src/fishbot/src/fishbot_interfaces) by extension 'ros'
[0.646s] DEBUG:colcon.colcon_core.package_identification:Package 'src/fishbot/src/fishbot_interfaces' with type 'ros.ament_cmake' and name 'fishbot_interfaces'
[0.646s] Level 1:colcon.colcon_core.package_identification:_identify(src/fishbot/src/fishbot_navigation2) by extensions ['ignore', 'ignore_ament_install']
[0.646s] Level 1:colcon.colcon_core.package_identification:_identify(src/fishbot/src/fishbot_navigation2) by extension 'ignore'
[0.646s] Level 1:colcon.colcon_core.package_identification:_identify(src/fishbot/src/fishbot_navigation2) by extension 'ignore_ament_install'
[0.646s] Level 1:colcon.colcon_core.package_identification:_identify(src/fishbot/src/fishbot_navigation2) by extensions ['colcon_pkg']
[0.646s] Level 1:colcon.colcon_core.package_identification:_identify(src/fishbot/src/fishbot_navigation2) by extension 'colcon_pkg'
[0.646s] Level 1:colcon.colcon_core.package_identification:_identify(src/fishbot/src/fishbot_navigation2) by extensions ['colcon_meta']
[0.646s] Level 1:colcon.colcon_core.package_identification:_identify(src/fishbot/src/fishbot_navigation2) by extension 'colcon_meta'
[0.646s] Level 1:colcon.colcon_core.package_identification:_identify(src/fishbot/src/fishbot_navigation2) by extensions ['ros']
[0.646s] Level 1:colcon.colcon_core.package_identification:_identify(src/fishbot/src/fishbot_navigation2) by extension 'ros'
[0.648s] DEBUG:colcon.colcon_core.package_identification:Package 'src/fishbot/src/fishbot_navigation2' with type 'ros.ament_cmake' and name 'fishbot_navigation2'
[0.648s] Level 1:colcon.colcon_core.package_identification:_identify(src/micro-ROS-Agent) by extensions ['ignore', 'ignore_ament_install']
[0.648s] Level 1:colcon.colcon_core.package_identification:_identify(src/micro-ROS-Agent) by extension 'ignore'
[0.648s] Level 1:colcon.colcon_core.package_identification:_identify(src/micro-ROS-Agent) by extension 'ignore_ament_install'
[0.648s] Level 1:colcon.colcon_core.package_identification:_identify(src/micro-ROS-Agent) by extensions ['colcon_pkg']
[0.648s] Level 1:colcon.colcon_core.package_identification:_identify(src/micro-ROS-Agent) by extension 'colcon_pkg'
[0.648s] Level 1:colcon.colcon_core.package_identification:_identify(src/micro-ROS-Agent) by extensions ['colcon_meta']
[0.648s] Level 1:colcon.colcon_core.package_identification:_identify(src/micro-ROS-Agent) by extension 'colcon_meta'
[0.648s] Level 1:colcon.colcon_core.package_identification:_identify(src/micro-ROS-Agent) by extensions ['ros']
[0.648s] Level 1:colcon.colcon_core.package_identification:_identify(src/micro-ROS-Agent) by extension 'ros'
[0.648s] Level 1:colcon.colcon_core.package_identification:_identify(src/micro-ROS-Agent) by extensions ['cmake', 'python']
[0.648s] Level 1:colcon.colcon_core.package_identification:_identify(src/micro-ROS-Agent) by extension 'cmake'
[0.648s] Level 1:colcon.colcon_core.package_identification:_identify(src/micro-ROS-Agent) by extension 'python'
[0.649s] Level 1:colcon.colcon_core.package_identification:_identify(src/micro-ROS-Agent) by extensions ['python_setup_py']
[0.649s] Level 1:colcon.colcon_core.package_identification:_identify(src/micro-ROS-Agent) by extension 'python_setup_py'
[0.649s] Level 1:colcon.colcon_core.package_identification:_identify(src/micro-ROS-Agent/micro_ros_agent) by extensions ['ignore', 'ignore_ament_install']
[0.649s] Level 1:colcon.colcon_core.package_identification:_identify(src/micro-ROS-Agent/micro_ros_agent) by extension 'ignore'
[0.649s] Level 1:colcon.colcon_core.package_identification:_identify(src/micro-ROS-Agent/micro_ros_agent) by extension 'ignore_ament_install'
[0.649s] Level 1:colcon.colcon_core.package_identification:_identify(src/micro-ROS-Agent/micro_ros_agent) by extensions ['colcon_pkg']
[0.649s] Level 1:colcon.colcon_core.package_identification:_identify(src/micro-ROS-Agent/micro_ros_agent) by extension 'colcon_pkg'
[0.649s] Level 1:colcon.colcon_core.package_identification:_identify(src/micro-ROS-Agent/micro_ros_agent) by extensions ['colcon_meta']
[0.649s] Level 1:colcon.colcon_core.package_identification:_identify(src/micro-ROS-Agent/micro_ros_agent) by extension 'colcon_meta'
[0.649s] Level 1:colcon.colcon_core.package_identification:_identify(src/micro-ROS-Agent/micro_ros_agent) by extensions ['ros']
[0.649s] Level 1:colcon.colcon_core.package_identification:_identify(src/micro-ROS-Agent/micro_ros_agent) by extension 'ros'
[0.651s] DEBUG:colcon.colcon_core.package_identification:Package 'src/micro-ROS-Agent/micro_ros_agent' with type 'ros.ament_cmake' and name 'micro_ros_agent'
[0.652s] Level 1:colcon.colcon_core.package_identification:_identify(src/micro-ROS-Agent/snap) by extensions ['ignore', 'ignore_ament_install']
[0.652s] Level 1:colcon.colcon_core.package_identification:_identify(src/micro-ROS-Agent/snap) by extension 'ignore'
[0.652s] Level 1:colcon.colcon_core.package_identification:_identify(src/micro-ROS-Agent/snap) by extension 'ignore_ament_install'
[0.652s] Level 1:colcon.colcon_core.package_identification:_identify(src/micro-ROS-Agent/snap) by extensions ['colcon_pkg']
[0.652s] Level 1:colcon.colcon_core.package_identification:_identify(src/micro-ROS-Agent/snap) by extension 'colcon_pkg'
[0.652s] Level 1:colcon.colcon_core.package_identification:_identify(src/micro-ROS-Agent/snap) by extensions ['colcon_meta']
[0.652s] Level 1:colcon.colcon_core.package_identification:_identify(src/micro-ROS-Agent/snap) by extension 'colcon_meta'
[0.652s] Level 1:colcon.colcon_core.package_identification:_identify(src/micro-ROS-Agent/snap) by extensions ['ros']
[0.652s] Level 1:colcon.colcon_core.package_identification:_identify(src/micro-ROS-Agent/snap) by extension 'ros'
[0.652s] Level 1:colcon.colcon_core.package_identification:_identify(src/micro-ROS-Agent/snap) by extensions ['cmake', 'python']
[0.652s] Level 1:colcon.colcon_core.package_identification:_identify(src/micro-ROS-Agent/snap) by extension 'cmake'
[0.652s] Level 1:colcon.colcon_core.package_identification:_identify(src/micro-ROS-Agent/snap) by extension 'python'
[0.652s] Level 1:colcon.colcon_core.package_identification:_identify(src/micro-ROS-Agent/snap) by extensions ['python_setup_py']
[0.652s] Level 1:colcon.colcon_core.package_identification:_identify(src/micro-ROS-Agent/snap) by extension 'python_setup_py'
[0.653s] Level 1:colcon.colcon_core.package_identification:_identify(src/micro-ROS-Agent/snap/hooks) by extensions ['ignore', 'ignore_ament_install']
[0.653s] Level 1:colcon.colcon_core.package_identification:_identify(src/micro-ROS-Agent/snap/hooks) by extension 'ignore'
[0.653s] Level 1:colcon.colcon_core.package_identification:_identify(src/micro-ROS-Agent/snap/hooks) by extension 'ignore_ament_install'
[0.653s] Level 1:colcon.colcon_core.package_identification:_identify(src/micro-ROS-Agent/snap/hooks) by extensions ['colcon_pkg']
[0.653s] Level 1:colcon.colcon_core.package_identification:_identify(src/micro-ROS-Agent/snap/hooks) by extension 'colcon_pkg'
[0.653s] Level 1:colcon.colcon_core.package_identification:_identify(src/micro-ROS-Agent/snap/hooks) by extensions ['colcon_meta']
[0.653s] Level 1:colcon.colcon_core.package_identification:_identify(src/micro-ROS-Agent/snap/hooks) by extension 'colcon_meta'
[0.653s] Level 1:colcon.colcon_core.package_identification:_identify(src/micro-ROS-Agent/snap/hooks) by extensions ['ros']
[0.653s] Level 1:colcon.colcon_core.package_identification:_identify(src/micro-ROS-Agent/snap/hooks) by extension 'ros'
[0.653s] Level 1:colcon.colcon_core.package_identification:_identify(src/micro-ROS-Agent/snap/hooks) by extensions ['cmake', 'python']
[0.653s] Level 1:colcon.colcon_core.package_identification:_identify(src/micro-ROS-Agent/snap/hooks) by extension 'cmake'
[0.653s] Level 1:colcon.colcon_core.package_identification:_identify(src/micro-ROS-Agent/snap/hooks) by extension 'python'
[0.653s] Level 1:colcon.colcon_core.package_identification:_identify(src/micro-ROS-Agent/snap/hooks) by extensions ['python_setup_py']
[0.653s] Level 1:colcon.colcon_core.package_identification:_identify(src/micro-ROS-Agent/snap/hooks) by extension 'python_setup_py'
[0.653s] Level 1:colcon.colcon_core.package_identification:_identify(src/micro-ROS-Agent/snap/local) by extensions ['ignore', 'ignore_ament_install']
[0.654s] Level 1:colcon.colcon_core.package_identification:_identify(src/micro-ROS-Agent/snap/local) by extension 'ignore'
[0.654s] Level 1:colcon.colcon_core.package_identification:_identify(src/micro-ROS-Agent/snap/local) by extension 'ignore_ament_install'
[0.654s] Level 1:colcon.colcon_core.package_identification:_identify(src/micro-ROS-Agent/snap/local) by extensions ['colcon_pkg']
[0.654s] Level 1:colcon.colcon_core.package_identification:_identify(src/micro-ROS-Agent/snap/local) by extension 'colcon_pkg'
[0.654s] Level 1:colcon.colcon_core.package_identification:_identify(src/micro-ROS-Agent/snap/local) by extensions ['colcon_meta']
[0.654s] Level 1:colcon.colcon_core.package_identification:_identify(src/micro-ROS-Agent/snap/local) by extension 'colcon_meta'
[0.654s] Level 1:colcon.colcon_core.package_identification:_identify(src/micro-ROS-Agent/snap/local) by extensions ['ros']
[0.654s] Level 1:colcon.colcon_core.package_identification:_identify(src/micro-ROS-Agent/snap/local) by extension 'ros'
[0.654s] Level 1:colcon.colcon_core.package_identification:_identify(src/micro-ROS-Agent/snap/local) by extensions ['cmake', 'python']
[0.654s] Level 1:colcon.colcon_core.package_identification:_identify(src/micro-ROS-Agent/snap/local) by extension 'cmake'
[0.654s] Level 1:colcon.colcon_core.package_identification:_identify(src/micro-ROS-Agent/snap/local) by extension 'python'
[0.654s] Level 1:colcon.colcon_core.package_identification:_identify(src/micro-ROS-Agent/snap/local) by extensions ['python_setup_py']
[0.654s] Level 1:colcon.colcon_core.package_identification:_identify(src/micro-ROS-Agent/snap/local) by extension 'python_setup_py'
[0.654s] Level 1:colcon.colcon_core.package_identification:_identify(src/micro_ros_msgs) by extensions ['ignore', 'ignore_ament_install']
[0.654s] Level 1:colcon.colcon_core.package_identification:_identify(src/micro_ros_msgs) by extension 'ignore'
[0.654s] Level 1:colcon.colcon_core.package_identification:_identify(src/micro_ros_msgs) by extension 'ignore_ament_install'
[0.655s] Level 1:colcon.colcon_core.package_identification:_identify(src/micro_ros_msgs) by extensions ['colcon_pkg']
[0.655s] Level 1:colcon.colcon_core.package_identification:_identify(src/micro_ros_msgs) by extension 'colcon_pkg'
[0.655s] Level 1:colcon.colcon_core.package_identification:_identify(src/micro_ros_msgs) by extensions ['colcon_meta']
[0.655s] Level 1:colcon.colcon_core.package_identification:_identify(src/micro_ros_msgs) by extension 'colcon_meta'
[0.655s] Level 1:colcon.colcon_core.package_identification:_identify(src/micro_ros_msgs) by extensions ['ros']
[0.655s] Level 1:colcon.colcon_core.package_identification:_identify(src/micro_ros_msgs) by extension 'ros'
[0.656s] DEBUG:colcon.colcon_core.package_identification:Package 'src/micro_ros_msgs' with type 'ros.ament_cmake' and name 'micro_ros_msgs'
[0.656s] Level 1:colcon.colcon_core.package_identification:_identify(src/py_ui) by extensions ['ignore', 'ignore_ament_install']
[0.656s] Level 1:colcon.colcon_core.package_identification:_identify(src/py_ui) by extension 'ignore'
[0.656s] Level 1:colcon.colcon_core.package_identification:_identify(src/py_ui) by extension 'ignore_ament_install'
[0.656s] Level 1:colcon.colcon_core.package_identification:_identify(src/py_ui) by extensions ['colcon_pkg']
[0.656s] Level 1:colcon.colcon_core.package_identification:_identify(src/py_ui) by extension 'colcon_pkg'
[0.656s] Level 1:colcon.colcon_core.package_identification:_identify(src/py_ui) by extensions ['colcon_meta']
[0.656s] Level 1:colcon.colcon_core.package_identification:_identify(src/py_ui) by extension 'colcon_meta'
[0.656s] Level 1:colcon.colcon_core.package_identification:_identify(src/py_ui) by extensions ['ros']
[0.656s] Level 1:colcon.colcon_core.package_identification:_identify(src/py_ui) by extension 'ros'
[0.657s] Level 1:colcon.colcon_core.package_identification:_identify(src/py_ui) by extensions ['cmake', 'python']
[0.657s] Level 1:colcon.colcon_core.package_identification:_identify(src/py_ui) by extension 'cmake'
[0.657s] Level 1:colcon.colcon_core.package_identification:_identify(src/py_ui) by extension 'python'
[0.657s] Level 1:colcon.colcon_core.package_identification:_identify(src/py_ui) by extensions ['python_setup_py']
[0.657s] Level 1:colcon.colcon_core.package_identification:_identify(src/py_ui) by extension 'python_setup_py'
[0.657s] Level 1:colcon.colcon_core.package_identification:_identify(src/rplidar_ros) by extensions ['ignore', 'ignore_ament_install']
[0.657s] Level 1:colcon.colcon_core.package_identification:_identify(src/rplidar_ros) by extension 'ignore'
[0.657s] Level 1:colcon.colcon_core.package_identification:_identify(src/rplidar_ros) by extension 'ignore_ament_install'
[0.657s] Level 1:colcon.colcon_core.package_identification:_identify(src/rplidar_ros) by extensions ['colcon_pkg']
[0.657s] Level 1:colcon.colcon_core.package_identification:_identify(src/rplidar_ros) by extension 'colcon_pkg'
[0.657s] Level 1:colcon.colcon_core.package_identification:_identify(src/rplidar_ros) by extensions ['colcon_meta']
[0.657s] Level 1:colcon.colcon_core.package_identification:_identify(src/rplidar_ros) by extension 'colcon_meta'
[0.657s] Level 1:colcon.colcon_core.package_identification:_identify(src/rplidar_ros) by extensions ['ros']
[0.657s] Level 1:colcon.colcon_core.package_identification:_identify(src/rplidar_ros) by extension 'ros'
[0.659s] DEBUG:colcon.colcon_core.package_identification:Package 'src/rplidar_ros' with type 'ros.ament_cmake' and name 'rplidar_ros'
[0.659s] Level 1:colcon.colcon_core.package_identification:_identify(src/sensor) by extensions ['ignore', 'ignore_ament_install']
[0.659s] Level 1:colcon.colcon_core.package_identification:_identify(src/sensor) by extension 'ignore'
[0.659s] Level 1:colcon.colcon_core.package_identification:_identify(src/sensor) by extension 'ignore_ament_install'
[0.659s] Level 1:colcon.colcon_core.package_identification:_identify(src/sensor) by extensions ['colcon_pkg']
[0.659s] Level 1:colcon.colcon_core.package_identification:_identify(src/sensor) by extension 'colcon_pkg'
[0.659s] Level 1:colcon.colcon_core.package_identification:_identify(src/sensor) by extensions ['colcon_meta']
[0.659s] Level 1:colcon.colcon_core.package_identification:_identify(src/sensor) by extension 'colcon_meta'
[0.659s] Level 1:colcon.colcon_core.package_identification:_identify(src/sensor) by extensions ['ros']
[0.659s] Level 1:colcon.colcon_core.package_identification:_identify(src/sensor) by extension 'ros'
[0.661s] DEBUG:colcon.colcon_core.package_identification:Package 'src/sensor' with type 'ros.ament_cmake' and name 'sensor'
[0.661s] Level 1:colcon.colcon_core.package_identification:_identify(src/task_scheduler) by extensions ['ignore', 'ignore_ament_install']
[0.662s] Level 1:colcon.colcon_core.package_identification:_identify(src/task_scheduler) by extension 'ignore'
[0.662s] Level 1:colcon.colcon_core.package_identification:_identify(src/task_scheduler) by extension 'ignore_ament_install'
[0.662s] Level 1:colcon.colcon_core.package_identification:_identify(src/task_scheduler) by extensions ['colcon_pkg']
[0.662s] Level 1:colcon.colcon_core.package_identification:_identify(src/task_scheduler) by extension 'colcon_pkg'
[0.662s] Level 1:colcon.colcon_core.package_identification:_identify(src/task_scheduler) by extensions ['colcon_meta']
[0.662s] Level 1:colcon.colcon_core.package_identification:_identify(src/task_scheduler) by extension 'colcon_meta'
[0.662s] Level 1:colcon.colcon_core.package_identification:_identify(src/task_scheduler) by extensions ['ros']
[0.662s] Level 1:colcon.colcon_core.package_identification:_identify(src/task_scheduler) by extension 'ros'
[0.664s] DEBUG:colcon.colcon_core.package_identification:Package 'src/task_scheduler' with type 'ros.ament_python' and name 'task_scheduler'
[0.664s] Level 1:colcon.colcon_core.package_identification:_identify(src/uboot_chat) by extensions ['ignore', 'ignore_ament_install']
[0.664s] Level 1:colcon.colcon_core.package_identification:_identify(src/uboot_chat) by extension 'ignore'
[0.664s] Level 1:colcon.colcon_core.package_identification:_identify(src/uboot_chat) by extension 'ignore_ament_install'
[0.664s] Level 1:colcon.colcon_core.package_identification:_identify(src/uboot_chat) by extensions ['colcon_pkg']
[0.664s] Level 1:colcon.colcon_core.package_identification:_identify(src/uboot_chat) by extension 'colcon_pkg'
[0.664s] Level 1:colcon.colcon_core.package_identification:_identify(src/uboot_chat) by extensions ['colcon_meta']
[0.664s] Level 1:colcon.colcon_core.package_identification:_identify(src/uboot_chat) by extension 'colcon_meta'
[0.665s] Level 1:colcon.colcon_core.package_identification:_identify(src/uboot_chat) by extensions ['ros']
[0.665s] Level 1:colcon.colcon_core.package_identification:_identify(src/uboot_chat) by extension 'ros'
[0.666s] DEBUG:colcon.colcon_core.package_identification:Package 'src/uboot_chat' with type 'ros.ament_python' and name 'uboot_chat'
[0.666s] Level 1:colcon.colcon_core.package_identification:_identify(src/yolo_v5) by extensions ['ignore', 'ignore_ament_install']
[0.666s] Level 1:colcon.colcon_core.package_identification:_identify(src/yolo_v5) by extension 'ignore'
[0.666s] Level 1:colcon.colcon_core.package_identification:_identify(src/yolo_v5) by extension 'ignore_ament_install'
[0.666s] Level 1:colcon.colcon_core.package_identification:_identify(src/yolo_v5) by extensions ['colcon_pkg']
[0.666s] Level 1:colcon.colcon_core.package_identification:_identify(src/yolo_v5) by extension 'colcon_pkg'
[0.666s] Level 1:colcon.colcon_core.package_identification:_identify(src/yolo_v5) by extensions ['colcon_meta']
[0.666s] Level 1:colcon.colcon_core.package_identification:_identify(src/yolo_v5) by extension 'colcon_meta'
[0.666s] Level 1:colcon.colcon_core.package_identification:_identify(src/yolo_v5) by extensions ['ros']
[0.666s] Level 1:colcon.colcon_core.package_identification:_identify(src/yolo_v5) by extension 'ros'
[0.667s] DEBUG:colcon.colcon_core.package_identification:Package 'src/yolo_v5' with type 'ros.ament_python' and name 'yolo_v5'
[0.668s] Level 1:colcon.colcon_core.package_discovery:discover_packages(recursive) using defaults
[0.668s] Level 1:colcon.colcon_core.package_discovery:discover_packages(ignore) discover
[0.668s] Level 1:colcon.colcon_core.package_discovery:discover_packages(ignore) using defaults
[0.668s] Level 1:colcon.colcon_core.package_discovery:discover_packages(path) discover
[0.668s] Level 1:colcon.colcon_core.package_discovery:discover_packages(path) using defaults
[0.702s] INFO:colcon.colcon_core.package_selection:Skipping not selected package 'fishbot_bringup' in 'src/fishbot/src/fishbot_bringup'
[0.702s] INFO:colcon.colcon_core.package_selection:Skipping not selected package 'fishbot_cartographer' in 'src/fishbot/src/fishbot_cartographer'
[0.702s] INFO:colcon.colcon_core.package_selection:Skipping not selected package 'fishbot_description' in 'src/fishbot/src/fishbot_description'
[0.702s] INFO:colcon.colcon_core.package_selection:Skipping not selected package 'fishbot_interfaces' in 'src/fishbot/src/fishbot_interfaces'
[0.702s] INFO:colcon.colcon_core.package_selection:Skipping not selected package 'fishbot_navigation2' in 'src/fishbot/src/fishbot_navigation2'
[0.703s] INFO:colcon.colcon_core.package_selection:Skipping not selected package 'micro_ros_msgs' in 'src/micro_ros_msgs'
[0.703s] INFO:colcon.colcon_core.package_selection:Skipping not selected package 'rplidar_ros' in 'src/rplidar_ros'
[0.703s] INFO:colcon.colcon_core.package_selection:Skipping not selected package 'task_scheduler' in 'src/task_scheduler'
[0.703s] INFO:colcon.colcon_core.package_selection:Skipping not selected package 'uboot_chat' in 'src/uboot_chat'
[0.703s] INFO:colcon.colcon_core.package_selection:Skipping not selected package 'yolo_v5' in 'src/yolo_v5'
[0.703s] INFO:colcon.colcon_core.package_selection:Skipping not selected package 'micro_ros_agent' in 'src/micro-ROS-Agent/micro_ros_agent'
[0.704s] Level 1:colcon.colcon_core.package_discovery:discover_packages(prefix_path) check parameters
[0.704s] Level 1:colcon.colcon_core.package_discovery:discover_packages(prefix_path) discover
[0.731s] DEBUG:colcon.colcon_installed_package_information.package_discovery:Found 12 installed packages in /home/uboot/data/ros2_uboot/install
[0.733s] DEBUG:colcon.colcon_installed_package_information.package_discovery:Found 293 installed packages in /opt/ros/foxy
[0.735s] Level 1:colcon.colcon_core.package_discovery:discover_packages(prefix_path) using defaults
[0.831s] Level 5:colcon.colcon_core.verb:set package 'sensor' build argument 'cmake_args' from command line to 'None'
[0.831s] Level 5:colcon.colcon_core.verb:set package 'sensor' build argument 'cmake_target' from command line to 'None'
[0.831s] Level 5:colcon.colcon_core.verb:set package 'sensor' build argument 'cmake_target_skip_unavailable' from command line to 'False'
[0.831s] Level 5:colcon.colcon_core.verb:set package 'sensor' build argument 'cmake_clean_cache' from command line to 'False'
[0.831s] Level 5:colcon.colcon_core.verb:set package 'sensor' build argument 'cmake_clean_first' from command line to 'False'
[0.831s] Level 5:colcon.colcon_core.verb:set package 'sensor' build argument 'cmake_force_configure' from command line to 'False'
[0.831s] Level 5:colcon.colcon_core.verb:set package 'sensor' build argument 'ament_cmake_args' from command line to 'None'
[0.832s] Level 5:colcon.colcon_core.verb:set package 'sensor' build argument 'catkin_cmake_args' from command line to 'None'
[0.832s] Level 5:colcon.colcon_core.verb:set package 'sensor' build argument 'catkin_skip_building_tests' from command line to 'False'
[0.832s] DEBUG:colcon.colcon_core.verb:Building package 'sensor' with the following arguments: {'ament_cmake_args': None, 'build_base': '/home/uboot/data/ros2_uboot/build/sensor', 'catkin_cmake_args': None, 'catkin_skip_building_tests': False, 'cmake_args': None, 'cmake_clean_cache': False, 'cmake_clean_first': False, 'cmake_force_configure': False, 'cmake_target': None, 'cmake_target_skip_unavailable': False, 'install_base': '/home/uboot/data/ros2_uboot/install/sensor', 'merge_install': False, 'path': '/home/uboot/data/ros2_uboot/src/sensor', 'symlink_install': False, 'test_result_base': None}
[0.832s] INFO:colcon.colcon_core.executor:Executing jobs using 'parallel' executor
[0.834s] DEBUG:colcon.colcon_parallel_executor.executor.parallel:run_until_complete
[0.834s] INFO:colcon.colcon_ros.task.ament_cmake.build:Building ROS package in '/home/uboot/data/ros2_uboot/src/sensor' with build type 'ament_cmake'
[0.834s] INFO:colcon.colcon_cmake.task.cmake.build:Building CMake package in '/home/uboot/data/ros2_uboot/src/sensor'
[0.841s] INFO:colcon.colcon_core.plugin_system:Skipping extension 'colcon_core.shell.bat': Not used on non-Windows systems
[0.841s] INFO:colcon.colcon_core.shell:Skip shell extension 'powershell' for command environment: Not usable outside of PowerShell
[0.841s] DEBUG:colcon.colcon_core.shell:Skip shell extension 'dsv' for command environment
[0.861s] DEBUG:colcon.colcon_core.event_handler.log_command:Invoking command in '/home/uboot/data/ros2_uboot/build/sensor': CMAKE_PREFIX_PATH=${CMAKE_PREFIX_PATH}:/home/uboot/data/ros2_uboot/install/yolo_v5:/home/uboot/data/ros2_uboot/install/uboot_chat:/home/uboot/data/ros2_uboot/install/task_scheduler:/home/uboot/data/ros2_uboot/install/fishbot_description:/opt/ros/foxy /usr/bin/cmake --build /home/uboot/data/ros2_uboot/build/sensor -- -j8 -l8
[6.659s] DEBUG:colcon.colcon_core.event_handler.log_command:Invoked command in '/home/uboot/data/ros2_uboot/build/sensor' returned '0': CMAKE_PREFIX_PATH=${CMAKE_PREFIX_PATH}:/home/uboot/data/ros2_uboot/install/yolo_v5:/home/uboot/data/ros2_uboot/install/uboot_chat:/home/uboot/data/ros2_uboot/install/task_scheduler:/home/uboot/data/ros2_uboot/install/fishbot_description:/opt/ros/foxy /usr/bin/cmake --build /home/uboot/data/ros2_uboot/build/sensor -- -j8 -l8
[6.684s] DEBUG:colcon.colcon_core.event_handler.log_command:Invoking command in '/home/uboot/data/ros2_uboot/build/sensor': CMAKE_PREFIX_PATH=${CMAKE_PREFIX_PATH}:/home/uboot/data/ros2_uboot/install/yolo_v5:/home/uboot/data/ros2_uboot/install/uboot_chat:/home/uboot/data/ros2_uboot/install/task_scheduler:/home/uboot/data/ros2_uboot/install/fishbot_description:/opt/ros/foxy /usr/bin/cmake --install /home/uboot/data/ros2_uboot/build/sensor
[6.816s] Level 1:colcon.colcon_core.environment:create_environment_scripts_only(sensor)
[6.824s] DEBUG:colcon.colcon_core.event_handler.log_command:Invoked command in '/home/uboot/data/ros2_uboot/build/sensor' returned '0': CMAKE_PREFIX_PATH=${CMAKE_PREFIX_PATH}:/home/uboot/data/ros2_uboot/install/yolo_v5:/home/uboot/data/ros2_uboot/install/uboot_chat:/home/uboot/data/ros2_uboot/install/task_scheduler:/home/uboot/data/ros2_uboot/install/fishbot_description:/opt/ros/foxy /usr/bin/cmake --install /home/uboot/data/ros2_uboot/build/sensor
[6.837s] Level 1:colcon.colcon_core.environment:checking '/home/uboot/data/ros2_uboot/install/sensor' for CMake module files
[6.840s] Level 1:colcon.colcon_core.environment:checking '/home/uboot/data/ros2_uboot/install/sensor' for CMake config files
[6.842s] Level 1:colcon.colcon_core.shell:create_environment_hook('sensor', 'cmake_prefix_path')
[6.843s] INFO:colcon.colcon_core.shell:Creating environment hook '/home/uboot/data/ros2_uboot/install/sensor/share/sensor/hook/cmake_prefix_path.ps1'
[6.847s] INFO:colcon.colcon_core.shell:Creating environment descriptor '/home/uboot/data/ros2_uboot/install/sensor/share/sensor/hook/cmake_prefix_path.dsv'
[6.850s] INFO:colcon.colcon_core.shell:Creating environment hook '/home/uboot/data/ros2_uboot/install/sensor/share/sensor/hook/cmake_prefix_path.sh'
[6.855s] Level 1:colcon.colcon_core.environment:checking '/home/uboot/data/ros2_uboot/install/sensor/lib'
[6.856s] Level 1:colcon.colcon_core.shell:create_environment_hook('sensor', 'ld_library_path_lib')
[6.857s] INFO:colcon.colcon_core.shell:Creating environment hook '/home/uboot/data/ros2_uboot/install/sensor/share/sensor/hook/ld_library_path_lib.ps1'
[6.859s] INFO:colcon.colcon_core.shell:Creating environment descriptor '/home/uboot/data/ros2_uboot/install/sensor/share/sensor/hook/ld_library_path_lib.dsv'
[6.861s] INFO:colcon.colcon_core.shell:Creating environment hook '/home/uboot/data/ros2_uboot/install/sensor/share/sensor/hook/ld_library_path_lib.sh'
[6.863s] Level 1:colcon.colcon_core.environment:checking '/home/uboot/data/ros2_uboot/install/sensor/bin'
[6.863s] Level 1:colcon.colcon_core.environment:checking '/home/uboot/data/ros2_uboot/install/sensor/lib/pkgconfig/sensor.pc'
[6.864s] Level 1:colcon.colcon_core.environment:checking '/home/uboot/data/ros2_uboot/install/sensor/lib/python3.8/site-packages'
[6.864s] Level 1:colcon.colcon_core.shell:create_environment_hook('sensor', 'pythonpath')
[6.865s] INFO:colcon.colcon_core.shell:Creating environment hook '/home/uboot/data/ros2_uboot/install/sensor/share/sensor/hook/pythonpath.ps1'
[6.867s] INFO:colcon.colcon_core.shell:Creating environment descriptor '/home/uboot/data/ros2_uboot/install/sensor/share/sensor/hook/pythonpath.dsv'
[6.868s] INFO:colcon.colcon_core.shell:Creating environment hook '/home/uboot/data/ros2_uboot/install/sensor/share/sensor/hook/pythonpath.sh'
[6.871s] Level 1:colcon.colcon_core.environment:checking '/home/uboot/data/ros2_uboot/install/sensor/bin'
[6.873s] INFO:colcon.colcon_core.shell:Creating package script '/home/uboot/data/ros2_uboot/install/sensor/share/sensor/package.ps1'
[6.879s] INFO:colcon.colcon_core.shell:Creating package descriptor '/home/uboot/data/ros2_uboot/install/sensor/share/sensor/package.dsv'
[6.882s] INFO:colcon.colcon_core.shell:Creating package script '/home/uboot/data/ros2_uboot/install/sensor/share/sensor/package.sh'
[6.886s] INFO:colcon.colcon_core.shell:Creating package script '/home/uboot/data/ros2_uboot/install/sensor/share/sensor/package.bash'
[6.890s] INFO:colcon.colcon_core.shell:Creating package script '/home/uboot/data/ros2_uboot/install/sensor/share/sensor/package.zsh'
[6.894s] Level 1:colcon.colcon_core.environment:create_file_with_runtime_dependencies(/home/uboot/data/ros2_uboot/install/sensor/share/colcon-core/packages/sensor)
[6.897s] Level 1:colcon.colcon_core.environment:create_environment_scripts_only(sensor)
[6.898s] Level 1:colcon.colcon_core.environment:checking '/home/uboot/data/ros2_uboot/install/sensor' for CMake module files
[6.901s] Level 1:colcon.colcon_core.environment:checking '/home/uboot/data/ros2_uboot/install/sensor' for CMake config files
[6.902s] Level 1:colcon.colcon_core.shell:create_environment_hook('sensor', 'cmake_prefix_path')
[6.903s] INFO:colcon.colcon_core.shell:Creating environment hook '/home/uboot/data/ros2_uboot/install/sensor/share/sensor/hook/cmake_prefix_path.ps1'
[6.904s] INFO:colcon.colcon_core.shell:Creating environment descriptor '/home/uboot/data/ros2_uboot/install/sensor/share/sensor/hook/cmake_prefix_path.dsv'
[6.904s] INFO:colcon.colcon_core.shell:Creating environment hook '/home/uboot/data/ros2_uboot/install/sensor/share/sensor/hook/cmake_prefix_path.sh'
[6.905s] Level 1:colcon.colcon_core.environment:checking '/home/uboot/data/ros2_uboot/install/sensor/lib'
[6.905s] Level 1:colcon.colcon_core.shell:create_environment_hook('sensor', 'ld_library_path_lib')
[6.906s] INFO:colcon.colcon_core.shell:Creating environment hook '/home/uboot/data/ros2_uboot/install/sensor/share/sensor/hook/ld_library_path_lib.ps1'
[6.906s] INFO:colcon.colcon_core.shell:Creating environment descriptor '/home/uboot/data/ros2_uboot/install/sensor/share/sensor/hook/ld_library_path_lib.dsv'
[6.907s] INFO:colcon.colcon_core.shell:Creating environment hook '/home/uboot/data/ros2_uboot/install/sensor/share/sensor/hook/ld_library_path_lib.sh'
[6.908s] Level 1:colcon.colcon_core.environment:checking '/home/uboot/data/ros2_uboot/install/sensor/bin'
[6.908s] Level 1:colcon.colcon_core.environment:checking '/home/uboot/data/ros2_uboot/install/sensor/lib/pkgconfig/sensor.pc'
[6.908s] Level 1:colcon.colcon_core.environment:checking '/home/uboot/data/ros2_uboot/install/sensor/lib/python3.8/site-packages'
[6.909s] Level 1:colcon.colcon_core.shell:create_environment_hook('sensor', 'pythonpath')
[6.909s] INFO:colcon.colcon_core.shell:Creating environment hook '/home/uboot/data/ros2_uboot/install/sensor/share/sensor/hook/pythonpath.ps1'
[6.910s] INFO:colcon.colcon_core.shell:Creating environment descriptor '/home/uboot/data/ros2_uboot/install/sensor/share/sensor/hook/pythonpath.dsv'
[6.910s] INFO:colcon.colcon_core.shell:Creating environment hook '/home/uboot/data/ros2_uboot/install/sensor/share/sensor/hook/pythonpath.sh'
[6.911s] Level 1:colcon.colcon_core.environment:checking '/home/uboot/data/ros2_uboot/install/sensor/bin'
[6.912s] INFO:colcon.colcon_core.shell:Creating package script '/home/uboot/data/ros2_uboot/install/sensor/share/sensor/package.ps1'
[6.912s] INFO:colcon.colcon_core.shell:Creating package descriptor '/home/uboot/data/ros2_uboot/install/sensor/share/sensor/package.dsv'
[6.913s] INFO:colcon.colcon_core.shell:Creating package script '/home/uboot/data/ros2_uboot/install/sensor/share/sensor/package.sh'
[6.914s] INFO:colcon.colcon_core.shell:Creating package script '/home/uboot/data/ros2_uboot/install/sensor/share/sensor/package.bash'
[6.914s] INFO:colcon.colcon_core.shell:Creating package script '/home/uboot/data/ros2_uboot/install/sensor/share/sensor/package.zsh'
[6.914s] Level 1:colcon.colcon_core.environment:create_file_with_runtime_dependencies(/home/uboot/data/ros2_uboot/install/sensor/share/colcon-core/packages/sensor)
[6.915s] DEBUG:colcon.colcon_parallel_executor.executor.parallel:closing loop
[6.915s] DEBUG:colcon.colcon_parallel_executor.executor.parallel:loop closed
[6.916s] DEBUG:colcon.colcon_parallel_executor.executor.parallel:run_until_complete finished with '0'
[6.916s] DEBUG:colcon.colcon_core.event_reactor:joining thread
[6.948s] INFO:colcon.colcon_core.plugin_system:Skipping extension 'colcon_notification.desktop_notification.terminal_notifier': Not used on non-Darwin systems
[6.948s] INFO:colcon.colcon_core.plugin_system:Skipping extension 'colcon_notification.desktop_notification.win32': Not used on non-Windows systems
[6.949s] INFO:colcon.colcon_notification.desktop_notification:Sending desktop notification using 'notify2'
[7.061s] DEBUG:colcon.colcon_core.event_reactor:joined thread
[7.062s] INFO:colcon.colcon_core.shell:Creating prefix script '/home/uboot/data/ros2_uboot/install/local_setup.ps1'
[7.065s] INFO:colcon.colcon_core.shell:Creating prefix util module '/home/uboot/data/ros2_uboot/install/_local_setup_util_ps1.py'
[7.068s] INFO:colcon.colcon_core.shell:Creating prefix chain script '/home/uboot/data/ros2_uboot/install/setup.ps1'
[7.071s] INFO:colcon.colcon_core.shell:Creating prefix script '/home/uboot/data/ros2_uboot/install/local_setup.sh'
[7.072s] INFO:colcon.colcon_core.shell:Creating prefix util module '/home/uboot/data/ros2_uboot/install/_local_setup_util_sh.py'
[7.072s] INFO:colcon.colcon_core.shell:Creating prefix chain script '/home/uboot/data/ros2_uboot/install/setup.sh'
[7.074s] INFO:colcon.colcon_core.shell:Creating prefix script '/home/uboot/data/ros2_uboot/install/local_setup.bash'
[7.075s] INFO:colcon.colcon_core.shell:Creating prefix chain script '/home/uboot/data/ros2_uboot/install/setup.bash'
[7.079s] INFO:colcon.colcon_core.shell:Creating prefix script '/home/uboot/data/ros2_uboot/install/local_setup.zsh'
[7.080s] INFO:colcon.colcon_core.shell:Creating prefix chain script '/home/uboot/data/ros2_uboot/install/setup.zsh'
