running egg_info
creating ../../build/yolo_v5/yolo_v5.egg-info
writing ../../build/yolo_v5/yolo_v5.egg-info/PKG-INFO
writing dependency_links to ../../build/yolo_v5/yolo_v5.egg-info/dependency_links.txt
writing entry points to ../../build/yolo_v5/yolo_v5.egg-info/entry_points.txt
writing requirements to ../../build/yolo_v5/yolo_v5.egg-info/requires.txt
writing top-level names to ../../build/yolo_v5/yolo_v5.egg-info/top_level.txt
writing manifest file '../../build/yolo_v5/yolo_v5.egg-info/SOURCES.txt'
reading manifest file '../../build/yolo_v5/yolo_v5.egg-info/SOURCES.txt'
writing manifest file '../../build/yolo_v5/yolo_v5.egg-info/SOURCES.txt'
running build
running build_py
creating /home/uboot/data/ros2_uboot/build/yolo_v5/build
creating /home/uboot/data/ros2_uboot/build/yolo_v5/build/lib
creating /home/uboot/data/ros2_uboot/build/yolo_v5/build/lib/yolo_v5
copying yolo_v5/__init__.py -> /home/uboot/data/ros2_uboot/build/yolo_v5/build/lib/yolo_v5
copying yolo_v5/yolo_node.py -> /home/uboot/data/ros2_uboot/build/yolo_v5/build/lib/yolo_v5
copying yolo_v5/yolo_node copy.py -> /home/uboot/data/ros2_uboot/build/yolo_v5/build/lib/yolo_v5
running install
running install_lib
creating /home/uboot/data/ros2_uboot/install/yolo_v5/lib/python3.8/site-packages/yolo_v5
copying /home/uboot/data/ros2_uboot/build/yolo_v5/build/lib/yolo_v5/__init__.py -> /home/uboot/data/ros2_uboot/install/yolo_v5/lib/python3.8/site-packages/yolo_v5
copying /home/uboot/data/ros2_uboot/build/yolo_v5/build/lib/yolo_v5/yolo_node.py -> /home/uboot/data/ros2_uboot/install/yolo_v5/lib/python3.8/site-packages/yolo_v5
copying /home/uboot/data/ros2_uboot/build/yolo_v5/build/lib/yolo_v5/yolo_node copy.py -> /home/uboot/data/ros2_uboot/install/yolo_v5/lib/python3.8/site-packages/yolo_v5
byte-compiling /home/uboot/data/ros2_uboot/install/yolo_v5/lib/python3.8/site-packages/yolo_v5/__init__.py to __init__.cpython-38.pyc
byte-compiling /home/uboot/data/ros2_uboot/install/yolo_v5/lib/python3.8/site-packages/yolo_v5/yolo_node.py to yolo_node.cpython-38.pyc
byte-compiling /home/uboot/data/ros2_uboot/install/yolo_v5/lib/python3.8/site-packages/yolo_v5/yolo_node copy.py to yolo_node copy.cpython-38.pyc
running install_data
creating /home/uboot/data/ros2_uboot/install/yolo_v5/share/ament_index
creating /home/uboot/data/ros2_uboot/install/yolo_v5/share/ament_index/resource_index
creating /home/uboot/data/ros2_uboot/install/yolo_v5/share/ament_index/resource_index/packages
copying resource/yolo_v5 -> /home/uboot/data/ros2_uboot/install/yolo_v5/share/ament_index/resource_index/packages
copying package.xml -> /home/uboot/data/ros2_uboot/install/yolo_v5/share/yolo_v5
running install_egg_info
Copying ../../build/yolo_v5/yolo_v5.egg-info to /home/uboot/data/ros2_uboot/install/yolo_v5/lib/python3.8/site-packages/yolo_v5-0.0.0-py3.8.egg-info
running install_scripts
Installing start script to /home/uboot/data/ros2_uboot/install/yolo_v5/lib/yolo_v5
writing list of installed files to '/home/uboot/data/ros2_uboot/build/yolo_v5/install.log'
