[0.155s] Invoking command in '/home/uboot/data/ros2_uboot/build/fishbot_cartographer': CMAKE_PREFIX_PATH=/opt/ros/foxy /usr/bin/cmake --build /home/uboot/data/ros2_uboot/build/fishbot_cartographer -- -j8 -l8
[0.770s] Invoked command in '/home/uboot/data/ros2_uboot/build/fishbot_cartographer' returned '0': CMAKE_PREFIX_PATH=/opt/ros/foxy /usr/bin/cmake --build /home/uboot/data/ros2_uboot/build/fishbot_cartographer -- -j8 -l8
[0.778s] Invoking command in '/home/uboot/data/ros2_uboot/build/fishbot_cartographer': CMAKE_PREFIX_PATH=/opt/ros/foxy /usr/bin/cmake --install /home/uboot/data/ros2_uboot/build/fishbot_cartographer
[0.828s] -- Install configuration: ""
[0.829s] -- Up-to-date: /home/uboot/data/ros2_uboot/install/fishbot_cartographer/share/fishbot_cartographer/config
[0.830s] -- Up-to-date: /home/uboot/data/ros2_uboot/install/fishbot_cartographer/share/fishbot_cartographer/config/fishbot_2d.lua
[0.830s] -- Up-to-date: /home/uboot/data/ros2_uboot/install/fishbot_cartographer/share/fishbot_cartographer/launch
[0.831s] -- Up-to-date: /home/uboot/data/ros2_uboot/install/fishbot_cartographer/share/fishbot_cartographer/launch/cartographer.launch.py
[0.831s] -- Up-to-date: /home/uboot/data/ros2_uboot/install/fishbot_cartographer/share/fishbot_cartographer/rviz
[0.832s] -- Up-to-date: /home/uboot/data/ros2_uboot/install/fishbot_cartographer/share/ament_index/resource_index/package_run_dependencies/fishbot_cartographer
[0.832s] -- Up-to-date: /home/uboot/data/ros2_uboot/install/fishbot_cartographer/share/ament_index/resource_index/parent_prefix_path/fishbot_cartographer
[0.833s] -- Up-to-date: /home/uboot/data/ros2_uboot/install/fishbot_cartographer/share/fishbot_cartographer/environment/ament_prefix_path.sh
[0.833s] -- Up-to-date: /home/uboot/data/ros2_uboot/install/fishbot_cartographer/share/fishbot_cartographer/environment/ament_prefix_path.dsv
[0.834s] -- Up-to-date: /home/uboot/data/ros2_uboot/install/fishbot_cartographer/share/fishbot_cartographer/environment/path.sh
[0.834s] -- Up-to-date: /home/uboot/data/ros2_uboot/install/fishbot_cartographer/share/fishbot_cartographer/environment/path.dsv
[0.834s] -- Up-to-date: /home/uboot/data/ros2_uboot/install/fishbot_cartographer/share/fishbot_cartographer/local_setup.bash
[0.835s] -- Up-to-date: /home/uboot/data/ros2_uboot/install/fishbot_cartographer/share/fishbot_cartographer/local_setup.sh
[0.836s] -- Up-to-date: /home/uboot/data/ros2_uboot/install/fishbot_cartographer/share/fishbot_cartographer/local_setup.zsh
[0.836s] -- Up-to-date: /home/uboot/data/ros2_uboot/install/fishbot_cartographer/share/fishbot_cartographer/local_setup.dsv
[0.846s] -- Installing: /home/uboot/data/ros2_uboot/install/fishbot_cartographer/share/fishbot_cartographer/package.dsv
[0.847s] -- Up-to-date: /home/uboot/data/ros2_uboot/install/fishbot_cartographer/share/ament_index/resource_index/packages/fishbot_cartographer
[0.848s] -- Up-to-date: /home/uboot/data/ros2_uboot/install/fishbot_cartographer/share/fishbot_cartographer/cmake/fishbot_cartographerConfig.cmake
[0.848s] -- Up-to-date: /home/uboot/data/ros2_uboot/install/fishbot_cartographer/share/fishbot_cartographer/cmake/fishbot_cartographerConfig-version.cmake
[0.849s] -- Up-to-date: /home/uboot/data/ros2_uboot/install/fishbot_cartographer/share/fishbot_cartographer/package.xml
[0.970s] Invoked command in '/home/uboot/data/ros2_uboot/build/fishbot_cartographer' returned '0': CMAKE_PREFIX_PATH=/opt/ros/foxy /usr/bin/cmake --install /home/uboot/data/ros2_uboot/build/fishbot_cartographer
