[0.173s] Invoking command in '/home/uboot/data/ros2_uboot/build/micro_ros_msgs': CMAKE_PREFIX_PATH=${CMAKE_PREFIX_PATH}:/home/uboot/data/ros2_uboot/install/yolo_v5:/home/uboot/data/ros2_uboot/install/uboot_chat:/home/uboot/data/ros2_uboot/install/task_scheduler:/home/uboot/data/ros2_uboot/install/fishbot_description:/opt/ros/foxy /usr/bin/cmake --build /home/uboot/data/ros2_uboot/build/micro_ros_msgs -- -j8 -l8
[0.770s] [  8%] Built target micro_ros_msgs__cpp
[0.771s] [ 12%] Built target micro_ros_msgs__rosidl_generator_c
[0.772s] [ 23%] Built target micro_ros_msgs__rosidl_typesupport_c
[0.772s] [ 34%] Built target micro_ros_msgs__rosidl_typesupport_introspection_c
[0.772s] [ 44%] Built target micro_ros_msgs__rosidl_typesupport_cpp
[0.772s] [ 55%] Built target micro_ros_msgs__rosidl_typesupport_fastrtps_cpp
[0.773s] [ 65%] Built target micro_ros_msgs__rosidl_typesupport_introspection_cpp
[0.773s] [ 76%] Built target micro_ros_msgs__rosidl_typesupport_fastrtps_c
[0.773s] [ 76%] Built target micro_ros_msgs
[0.773s] [ 78%] Built target micro_ros_msgs__py
[0.846s] [ 87%] Built target micro_ros_msgs__python
[0.960s] [ 91%] Built target micro_ros_msgs__rosidl_typesupport_introspection_c__pyext
[0.975s] [ 95%] Built target micro_ros_msgs__rosidl_typesupport_c__pyext
[0.980s] [100%] Built target micro_ros_msgs__rosidl_typesupport_fastrtps_c__pyext
[1.096s] Invoked command in '/home/uboot/data/ros2_uboot/build/micro_ros_msgs' returned '0': CMAKE_PREFIX_PATH=${CMAKE_PREFIX_PATH}:/home/uboot/data/ros2_uboot/install/yolo_v5:/home/uboot/data/ros2_uboot/install/uboot_chat:/home/uboot/data/ros2_uboot/install/task_scheduler:/home/uboot/data/ros2_uboot/install/fishbot_description:/opt/ros/foxy /usr/bin/cmake --build /home/uboot/data/ros2_uboot/build/micro_ros_msgs -- -j8 -l8
[1.100s] Invoking command in '/home/uboot/data/ros2_uboot/build/micro_ros_msgs': CMAKE_PREFIX_PATH=${CMAKE_PREFIX_PATH}:/home/uboot/data/ros2_uboot/install/yolo_v5:/home/uboot/data/ros2_uboot/install/uboot_chat:/home/uboot/data/ros2_uboot/install/task_scheduler:/home/uboot/data/ros2_uboot/install/fishbot_description:/opt/ros/foxy /usr/bin/cmake --install /home/uboot/data/ros2_uboot/build/micro_ros_msgs
[1.146s] -- Install configuration: ""
[1.147s] -- Up-to-date: /home/uboot/data/ros2_uboot/install/micro_ros_msgs/share/ament_index/resource_index/rosidl_interfaces/micro_ros_msgs
[1.149s] -- Up-to-date: /home/uboot/data/ros2_uboot/install/micro_ros_msgs/include/micro_ros_msgs
[1.150s] -- Up-to-date: /home/uboot/data/ros2_uboot/install/micro_ros_msgs/include/micro_ros_msgs/msg
[1.151s] -- Up-to-date: /home/uboot/data/ros2_uboot/install/micro_ros_msgs/include/micro_ros_msgs/msg/rosidl_generator_c__visibility_control.h
[1.151s] -- Up-to-date: /home/uboot/data/ros2_uboot/install/micro_ros_msgs/include/micro_ros_msgs/msg/graph.h
[1.152s] -- Up-to-date: /home/uboot/data/ros2_uboot/install/micro_ros_msgs/include/micro_ros_msgs/msg/detail
[1.153s] -- Up-to-date: /home/uboot/data/ros2_uboot/install/micro_ros_msgs/include/micro_ros_msgs/msg/detail/node__struct.h
[1.153s] -- Up-to-date: /home/uboot/data/ros2_uboot/install/micro_ros_msgs/include/micro_ros_msgs/msg/detail/graph__functions.h
[1.154s] -- Up-to-date: /home/uboot/data/ros2_uboot/install/micro_ros_msgs/include/micro_ros_msgs/msg/detail/graph__struct.h
[1.154s] -- Up-to-date: /home/uboot/data/ros2_uboot/install/micro_ros_msgs/include/micro_ros_msgs/msg/detail/node__functions.c
[1.154s] -- Up-to-date: /home/uboot/data/ros2_uboot/install/micro_ros_msgs/include/micro_ros_msgs/msg/detail/graph__type_support.h
[1.155s] -- Up-to-date: /home/uboot/data/ros2_uboot/install/micro_ros_msgs/include/micro_ros_msgs/msg/detail/entity__functions.c
[1.155s] -- Up-to-date: /home/uboot/data/ros2_uboot/install/micro_ros_msgs/include/micro_ros_msgs/msg/detail/graph__functions.c
[1.156s] -- Up-to-date: /home/uboot/data/ros2_uboot/install/micro_ros_msgs/include/micro_ros_msgs/msg/detail/node__functions.h
[1.156s] -- Up-to-date: /home/uboot/data/ros2_uboot/install/micro_ros_msgs/include/micro_ros_msgs/msg/detail/entity__functions.h
[1.156s] -- Up-to-date: /home/uboot/data/ros2_uboot/install/micro_ros_msgs/include/micro_ros_msgs/msg/detail/entity__struct.h
[1.157s] -- Up-to-date: /home/uboot/data/ros2_uboot/install/micro_ros_msgs/include/micro_ros_msgs/msg/detail/entity__type_support.h
[1.157s] -- Up-to-date: /home/uboot/data/ros2_uboot/install/micro_ros_msgs/include/micro_ros_msgs/msg/detail/node__type_support.h
[1.158s] -- Up-to-date: /home/uboot/data/ros2_uboot/install/micro_ros_msgs/include/micro_ros_msgs/msg/entity.h
[1.158s] -- Up-to-date: /home/uboot/data/ros2_uboot/install/micro_ros_msgs/include/micro_ros_msgs/msg/node.h
[1.158s] -- Up-to-date: /home/uboot/data/ros2_uboot/install/micro_ros_msgs/share/micro_ros_msgs/environment/library_path.sh
[1.159s] -- Up-to-date: /home/uboot/data/ros2_uboot/install/micro_ros_msgs/share/micro_ros_msgs/environment/library_path.dsv
[1.159s] -- Up-to-date: /home/uboot/data/ros2_uboot/install/micro_ros_msgs/lib/libmicro_ros_msgs__rosidl_generator_c.so
[1.160s] -- Up-to-date: /home/uboot/data/ros2_uboot/install/micro_ros_msgs/include/micro_ros_msgs
[1.160s] -- Up-to-date: /home/uboot/data/ros2_uboot/install/micro_ros_msgs/include/micro_ros_msgs/msg
[1.161s] -- Up-to-date: /home/uboot/data/ros2_uboot/install/micro_ros_msgs/include/micro_ros_msgs/msg/detail
[1.161s] -- Up-to-date: /home/uboot/data/ros2_uboot/install/micro_ros_msgs/include/micro_ros_msgs/msg/detail/entity__rosidl_typesupport_fastrtps_c.h
[1.162s] -- Up-to-date: /home/uboot/data/ros2_uboot/install/micro_ros_msgs/include/micro_ros_msgs/msg/detail/node__rosidl_typesupport_fastrtps_c.h
[1.162s] -- Up-to-date: /home/uboot/data/ros2_uboot/install/micro_ros_msgs/include/micro_ros_msgs/msg/detail/graph__rosidl_typesupport_fastrtps_c.h
[1.163s] -- Up-to-date: /home/uboot/data/ros2_uboot/install/micro_ros_msgs/include/micro_ros_msgs/msg/rosidl_typesupport_fastrtps_c__visibility_control.h
[1.163s] -- Up-to-date: /home/uboot/data/ros2_uboot/install/micro_ros_msgs/lib/libmicro_ros_msgs__rosidl_typesupport_fastrtps_c.so
[1.164s] -- Up-to-date: /home/uboot/data/ros2_uboot/install/micro_ros_msgs/include/micro_ros_msgs
[1.164s] -- Up-to-date: /home/uboot/data/ros2_uboot/install/micro_ros_msgs/include/micro_ros_msgs/msg
[1.164s] -- Up-to-date: /home/uboot/data/ros2_uboot/install/micro_ros_msgs/include/micro_ros_msgs/msg/rosidl_typesupport_fastrtps_cpp__visibility_control.h
[1.164s] -- Up-to-date: /home/uboot/data/ros2_uboot/install/micro_ros_msgs/include/micro_ros_msgs/msg/detail
[1.164s] -- Up-to-date: /home/uboot/data/ros2_uboot/install/micro_ros_msgs/include/micro_ros_msgs/msg/detail/graph__rosidl_typesupport_fastrtps_cpp.hpp
[1.164s] -- Up-to-date: /home/uboot/data/ros2_uboot/install/micro_ros_msgs/include/micro_ros_msgs/msg/detail/node__rosidl_typesupport_fastrtps_cpp.hpp
[1.164s] -- Up-to-date: /home/uboot/data/ros2_uboot/install/micro_ros_msgs/include/micro_ros_msgs/msg/detail/dds_fastrtps
[1.164s] -- Up-to-date: /home/uboot/data/ros2_uboot/install/micro_ros_msgs/include/micro_ros_msgs/msg/detail/entity__rosidl_typesupport_fastrtps_cpp.hpp
[1.164s] -- Up-to-date: /home/uboot/data/ros2_uboot/install/micro_ros_msgs/lib/libmicro_ros_msgs__rosidl_typesupport_fastrtps_cpp.so
[1.164s] -- Up-to-date: /home/uboot/data/ros2_uboot/install/micro_ros_msgs/include/micro_ros_msgs
[1.164s] -- Up-to-date: /home/uboot/data/ros2_uboot/install/micro_ros_msgs/include/micro_ros_msgs/msg
[1.165s] -- Up-to-date: /home/uboot/data/ros2_uboot/install/micro_ros_msgs/include/micro_ros_msgs/msg/rosidl_typesupport_introspection_c__visibility_control.h
[1.165s] -- Up-to-date: /home/uboot/data/ros2_uboot/install/micro_ros_msgs/include/micro_ros_msgs/msg/detail
[1.165s] -- Up-to-date: /home/uboot/data/ros2_uboot/install/micro_ros_msgs/include/micro_ros_msgs/msg/detail/node__type_support.c
[1.166s] -- Up-to-date: /home/uboot/data/ros2_uboot/install/micro_ros_msgs/include/micro_ros_msgs/msg/detail/graph__rosidl_typesupport_introspection_c.h
[1.166s] -- Up-to-date: /home/uboot/data/ros2_uboot/install/micro_ros_msgs/include/micro_ros_msgs/msg/detail/node__rosidl_typesupport_introspection_c.h
[1.167s] -- Up-to-date: /home/uboot/data/ros2_uboot/install/micro_ros_msgs/include/micro_ros_msgs/msg/detail/entity__rosidl_typesupport_introspection_c.h
[1.167s] -- Up-to-date: /home/uboot/data/ros2_uboot/install/micro_ros_msgs/include/micro_ros_msgs/msg/detail/graph__type_support.c
[1.168s] -- Up-to-date: /home/uboot/data/ros2_uboot/install/micro_ros_msgs/include/micro_ros_msgs/msg/detail/entity__type_support.c
[1.168s] -- Up-to-date: /home/uboot/data/ros2_uboot/install/micro_ros_msgs/lib/libmicro_ros_msgs__rosidl_typesupport_introspection_c.so
[1.168s] -- Up-to-date: /home/uboot/data/ros2_uboot/install/micro_ros_msgs/lib/libmicro_ros_msgs__rosidl_typesupport_c.so
[1.169s] -- Up-to-date: /home/uboot/data/ros2_uboot/install/micro_ros_msgs/include/micro_ros_msgs
[1.169s] -- Up-to-date: /home/uboot/data/ros2_uboot/install/micro_ros_msgs/include/micro_ros_msgs/msg
[1.170s] -- Up-to-date: /home/uboot/data/ros2_uboot/install/micro_ros_msgs/include/micro_ros_msgs/msg/detail
[1.171s] -- Up-to-date: /home/uboot/data/ros2_uboot/install/micro_ros_msgs/include/micro_ros_msgs/msg/detail/graph__type_support.hpp
[1.174s] -- Up-to-date: /home/uboot/data/ros2_uboot/install/micro_ros_msgs/include/micro_ros_msgs/msg/detail/graph__struct.hpp
[1.175s] -- Up-to-date: /home/uboot/data/ros2_uboot/install/micro_ros_msgs/include/micro_ros_msgs/msg/detail/node__traits.hpp
[1.176s] -- Up-to-date: /home/uboot/data/ros2_uboot/install/micro_ros_msgs/include/micro_ros_msgs/msg/detail/node__builder.hpp
[1.176s] -- Up-to-date: /home/uboot/data/ros2_uboot/install/micro_ros_msgs/include/micro_ros_msgs/msg/detail/graph__traits.hpp
[1.177s] -- Up-to-date: /home/uboot/data/ros2_uboot/install/micro_ros_msgs/include/micro_ros_msgs/msg/detail/node__struct.hpp
[1.177s] -- Up-to-date: /home/uboot/data/ros2_uboot/install/micro_ros_msgs/include/micro_ros_msgs/msg/detail/graph__builder.hpp
[1.178s] -- Up-to-date: /home/uboot/data/ros2_uboot/install/micro_ros_msgs/include/micro_ros_msgs/msg/detail/node__type_support.hpp
[1.178s] -- Up-to-date: /home/uboot/data/ros2_uboot/install/micro_ros_msgs/include/micro_ros_msgs/msg/detail/entity__builder.hpp
[1.178s] -- Up-to-date: /home/uboot/data/ros2_uboot/install/micro_ros_msgs/include/micro_ros_msgs/msg/detail/entity__traits.hpp
[1.179s] -- Up-to-date: /home/uboot/data/ros2_uboot/install/micro_ros_msgs/include/micro_ros_msgs/msg/detail/entity__type_support.hpp
[1.181s] -- Up-to-date: /home/uboot/data/ros2_uboot/install/micro_ros_msgs/include/micro_ros_msgs/msg/detail/entity__struct.hpp
[1.182s] -- Up-to-date: /home/uboot/data/ros2_uboot/install/micro_ros_msgs/include/micro_ros_msgs/msg/graph.hpp
[1.182s] -- Up-to-date: /home/uboot/data/ros2_uboot/install/micro_ros_msgs/include/micro_ros_msgs/msg/node.hpp
[1.182s] -- Up-to-date: /home/uboot/data/ros2_uboot/install/micro_ros_msgs/include/micro_ros_msgs/msg/entity.hpp
[1.182s] -- Up-to-date: /home/uboot/data/ros2_uboot/install/micro_ros_msgs/include/micro_ros_msgs/msg/rosidl_generator_cpp__visibility_control.hpp
[1.194s] -- Up-to-date: /home/uboot/data/ros2_uboot/install/micro_ros_msgs/include/micro_ros_msgs
[1.202s] -- Up-to-date: /home/uboot/data/ros2_uboot/install/micro_ros_msgs/include/micro_ros_msgs/msg
[1.202s] -- Up-to-date: /home/uboot/data/ros2_uboot/install/micro_ros_msgs/include/micro_ros_msgs/msg/detail
[1.203s] -- Up-to-date: /home/uboot/data/ros2_uboot/install/micro_ros_msgs/include/micro_ros_msgs/msg/detail/entity__type_support.cpp
[1.204s] -- Up-to-date: /home/uboot/data/ros2_uboot/install/micro_ros_msgs/include/micro_ros_msgs/msg/detail/node__type_support.cpp
[1.204s] -- Up-to-date: /home/uboot/data/ros2_uboot/install/micro_ros_msgs/include/micro_ros_msgs/msg/detail/graph__type_support.cpp
[1.205s] -- Up-to-date: /home/uboot/data/ros2_uboot/install/micro_ros_msgs/include/micro_ros_msgs/msg/detail/entity__rosidl_typesupport_introspection_cpp.hpp
[1.205s] -- Up-to-date: /home/uboot/data/ros2_uboot/install/micro_ros_msgs/include/micro_ros_msgs/msg/detail/node__rosidl_typesupport_introspection_cpp.hpp
[1.206s] -- Up-to-date: /home/uboot/data/ros2_uboot/install/micro_ros_msgs/include/micro_ros_msgs/msg/detail/graph__rosidl_typesupport_introspection_cpp.hpp
[1.206s] -- Up-to-date: /home/uboot/data/ros2_uboot/install/micro_ros_msgs/lib/libmicro_ros_msgs__rosidl_typesupport_introspection_cpp.so
[1.206s] -- Up-to-date: /home/uboot/data/ros2_uboot/install/micro_ros_msgs/lib/libmicro_ros_msgs__rosidl_typesupport_cpp.so
[1.207s] -- Up-to-date: /home/uboot/data/ros2_uboot/install/micro_ros_msgs/share/micro_ros_msgs/environment/pythonpath.sh
[1.207s] -- Up-to-date: /home/uboot/data/ros2_uboot/install/micro_ros_msgs/share/micro_ros_msgs/environment/pythonpath.dsv
[1.208s] -- Up-to-date: /home/uboot/data/ros2_uboot/install/micro_ros_msgs/lib/python3.8/site-packages/micro_ros_msgs/__init__.py
[1.240s] -- Up-to-date: /home/uboot/data/ros2_uboot/install/micro_ros_msgs/lib/python3.8/site-packages/micro_ros_msgs/msg
[1.241s] -- Up-to-date: /home/uboot/data/ros2_uboot/install/micro_ros_msgs/lib/python3.8/site-packages/micro_ros_msgs/msg/__init__.py
[1.241s] -- Up-to-date: /home/uboot/data/ros2_uboot/install/micro_ros_msgs/lib/python3.8/site-packages/micro_ros_msgs/msg/_node_s.c
[1.242s] -- Up-to-date: /home/uboot/data/ros2_uboot/install/micro_ros_msgs/lib/python3.8/site-packages/micro_ros_msgs/msg/_entity_s.c
[1.242s] -- Up-to-date: /home/uboot/data/ros2_uboot/install/micro_ros_msgs/lib/python3.8/site-packages/micro_ros_msgs/msg/_graph.py
[1.243s] -- Up-to-date: /home/uboot/data/ros2_uboot/install/micro_ros_msgs/lib/python3.8/site-packages/micro_ros_msgs/msg/_node.py
[1.243s] -- Up-to-date: /home/uboot/data/ros2_uboot/install/micro_ros_msgs/lib/python3.8/site-packages/micro_ros_msgs/msg/_graph_s.c
[1.243s] -- Up-to-date: /home/uboot/data/ros2_uboot/install/micro_ros_msgs/lib/python3.8/site-packages/micro_ros_msgs/msg/_entity.py
[1.244s] -- Up-to-date: /home/uboot/data/ros2_uboot/install/micro_ros_msgs/lib/python3.8/site-packages/micro_ros_msgs/micro_ros_msgs_s__rosidl_typesupport_fastrtps_c.cpython-38-aarch64-linux-gnu.so
[1.244s] -- Up-to-date: /home/uboot/data/ros2_uboot/install/micro_ros_msgs/lib/python3.8/site-packages/micro_ros_msgs/micro_ros_msgs_s__rosidl_typesupport_introspection_c.cpython-38-aarch64-linux-gnu.so
[1.244s] -- Up-to-date: /home/uboot/data/ros2_uboot/install/micro_ros_msgs/lib/python3.8/site-packages/micro_ros_msgs/micro_ros_msgs_s__rosidl_typesupport_c.cpython-38-aarch64-linux-gnu.so
[1.245s] -- Up-to-date: /home/uboot/data/ros2_uboot/install/micro_ros_msgs/lib/libmicro_ros_msgs__python.so
[1.245s] -- Up-to-date: /home/uboot/data/ros2_uboot/install/micro_ros_msgs/share/micro_ros_msgs/msg/Graph.idl
[1.246s] -- Up-to-date: /home/uboot/data/ros2_uboot/install/micro_ros_msgs/share/micro_ros_msgs/msg/Node.idl
[1.246s] -- Up-to-date: /home/uboot/data/ros2_uboot/install/micro_ros_msgs/share/micro_ros_msgs/msg/Entity.idl
[1.246s] -- Up-to-date: /home/uboot/data/ros2_uboot/install/micro_ros_msgs/share/micro_ros_msgs/msg/Graph.msg
[1.247s] -- Up-to-date: /home/uboot/data/ros2_uboot/install/micro_ros_msgs/share/micro_ros_msgs/msg/Node.msg
[1.247s] -- Up-to-date: /home/uboot/data/ros2_uboot/install/micro_ros_msgs/share/micro_ros_msgs/msg/Entity.msg
[1.247s] -- Up-to-date: /home/uboot/data/ros2_uboot/install/micro_ros_msgs/share/ament_index/resource_index/package_run_dependencies/micro_ros_msgs
[1.248s] -- Up-to-date: /home/uboot/data/ros2_uboot/install/micro_ros_msgs/share/ament_index/resource_index/parent_prefix_path/micro_ros_msgs
[1.248s] -- Up-to-date: /home/uboot/data/ros2_uboot/install/micro_ros_msgs/share/micro_ros_msgs/environment/ament_prefix_path.sh
[1.252s] -- Up-to-date: /home/uboot/data/ros2_uboot/install/micro_ros_msgs/share/micro_ros_msgs/environment/ament_prefix_path.dsv
[1.254s] -- Up-to-date: /home/uboot/data/ros2_uboot/install/micro_ros_msgs/share/micro_ros_msgs/environment/path.sh
[1.254s] -- Up-to-date: /home/uboot/data/ros2_uboot/install/micro_ros_msgs/share/micro_ros_msgs/environment/path.dsv
[1.255s] -- Up-to-date: /home/uboot/data/ros2_uboot/install/micro_ros_msgs/share/micro_ros_msgs/local_setup.bash
[1.256s] -- Up-to-date: /home/uboot/data/ros2_uboot/install/micro_ros_msgs/share/micro_ros_msgs/local_setup.sh
[1.256s] -- Up-to-date: /home/uboot/data/ros2_uboot/install/micro_ros_msgs/share/micro_ros_msgs/local_setup.zsh
[1.257s] -- Up-to-date: /home/uboot/data/ros2_uboot/install/micro_ros_msgs/share/micro_ros_msgs/local_setup.dsv
[1.257s] -- Installing: /home/uboot/data/ros2_uboot/install/micro_ros_msgs/share/micro_ros_msgs/package.dsv
[1.257s] -- Up-to-date: /home/uboot/data/ros2_uboot/install/micro_ros_msgs/share/ament_index/resource_index/packages/micro_ros_msgs
[1.258s] -- Up-to-date: /home/uboot/data/ros2_uboot/install/micro_ros_msgs/share/micro_ros_msgs/cmake/micro_ros_msgs__rosidl_generator_cExport.cmake
[1.258s] -- Up-to-date: /home/uboot/data/ros2_uboot/install/micro_ros_msgs/share/micro_ros_msgs/cmake/micro_ros_msgs__rosidl_generator_cExport-noconfig.cmake
[1.259s] -- Up-to-date: /home/uboot/data/ros2_uboot/install/micro_ros_msgs/share/micro_ros_msgs/cmake/micro_ros_msgs__rosidl_typesupport_introspection_cExport.cmake
[1.259s] -- Up-to-date: /home/uboot/data/ros2_uboot/install/micro_ros_msgs/share/micro_ros_msgs/cmake/micro_ros_msgs__rosidl_typesupport_introspection_cExport-noconfig.cmake
[1.259s] -- Up-to-date: /home/uboot/data/ros2_uboot/install/micro_ros_msgs/share/micro_ros_msgs/cmake/micro_ros_msgs__rosidl_typesupport_cExport.cmake
[1.260s] -- Up-to-date: /home/uboot/data/ros2_uboot/install/micro_ros_msgs/share/micro_ros_msgs/cmake/micro_ros_msgs__rosidl_typesupport_cExport-noconfig.cmake
[1.260s] -- Up-to-date: /home/uboot/data/ros2_uboot/install/micro_ros_msgs/share/micro_ros_msgs/cmake/micro_ros_msgs__rosidl_generator_cppExport.cmake
[1.260s] -- Up-to-date: /home/uboot/data/ros2_uboot/install/micro_ros_msgs/share/micro_ros_msgs/cmake/micro_ros_msgs__rosidl_typesupport_introspection_cppExport.cmake
[1.261s] -- Up-to-date: /home/uboot/data/ros2_uboot/install/micro_ros_msgs/share/micro_ros_msgs/cmake/micro_ros_msgs__rosidl_typesupport_introspection_cppExport-noconfig.cmake
[1.261s] -- Up-to-date: /home/uboot/data/ros2_uboot/install/micro_ros_msgs/share/micro_ros_msgs/cmake/micro_ros_msgs__rosidl_typesupport_cppExport.cmake
[1.261s] -- Up-to-date: /home/uboot/data/ros2_uboot/install/micro_ros_msgs/share/micro_ros_msgs/cmake/micro_ros_msgs__rosidl_typesupport_cppExport-noconfig.cmake
[1.262s] -- Up-to-date: /home/uboot/data/ros2_uboot/install/micro_ros_msgs/share/micro_ros_msgs/cmake/rosidl_cmake-extras.cmake
[1.262s] -- Up-to-date: /home/uboot/data/ros2_uboot/install/micro_ros_msgs/share/micro_ros_msgs/cmake/ament_cmake_export_dependencies-extras.cmake
[1.263s] -- Up-to-date: /home/uboot/data/ros2_uboot/install/micro_ros_msgs/share/micro_ros_msgs/cmake/ament_cmake_export_libraries-extras.cmake
[1.263s] -- Up-to-date: /home/uboot/data/ros2_uboot/install/micro_ros_msgs/share/micro_ros_msgs/cmake/ament_cmake_export_targets-extras.cmake
[1.263s] -- Up-to-date: /home/uboot/data/ros2_uboot/install/micro_ros_msgs/share/micro_ros_msgs/cmake/ament_cmake_export_include_directories-extras.cmake
[1.264s] -- Up-to-date: /home/uboot/data/ros2_uboot/install/micro_ros_msgs/share/micro_ros_msgs/cmake/rosidl_cmake_export_typesupport_libraries-extras.cmake
[1.264s] -- Up-to-date: /home/uboot/data/ros2_uboot/install/micro_ros_msgs/share/micro_ros_msgs/cmake/rosidl_cmake_export_typesupport_targets-extras.cmake
[1.265s] -- Up-to-date: /home/uboot/data/ros2_uboot/install/micro_ros_msgs/share/micro_ros_msgs/cmake/micro_ros_msgsConfig.cmake
[1.265s] -- Up-to-date: /home/uboot/data/ros2_uboot/install/micro_ros_msgs/share/micro_ros_msgs/cmake/micro_ros_msgsConfig-version.cmake
[1.265s] -- Up-to-date: /home/uboot/data/ros2_uboot/install/micro_ros_msgs/share/micro_ros_msgs/package.xml
[2.122s] Invoked command in '/home/uboot/data/ros2_uboot/build/micro_ros_msgs' returned '0': CMAKE_PREFIX_PATH=${CMAKE_PREFIX_PATH}:/home/uboot/data/ros2_uboot/install/yolo_v5:/home/uboot/data/ros2_uboot/install/uboot_chat:/home/uboot/data/ros2_uboot/install/task_scheduler:/home/uboot/data/ros2_uboot/install/fishbot_description:/opt/ros/foxy /usr/bin/cmake --install /home/uboot/data/ros2_uboot/build/micro_ros_msgs
