[0.653s] Invoking command in '/home/uboot/data/ros2_uboot/build/fishbot_interfaces': CMAKE_PREFIX_PATH=/opt/ros/foxy /usr/bin/cmake /home/uboot/data/ros2_uboot/src/fishbot/src/fishbot_interfaces -DCMAKE_INSTALL_PREFIX=/home/uboot/data/ros2_uboot/install/fishbot_interfaces
[0.763s] -- The C compiler identification is GNU 9.4.0
[0.896s] -- The CXX compiler identification is GNU 9.4.0
[0.939s] -- Check for working C compiler: /usr/bin/cc
[1.133s] -- Check for working C compiler: /usr/bin/cc -- works
[1.134s] -- Detecting C compiler ABI info
[1.263s] -- Detecting C compiler ABI info - done
[1.275s] -- Detecting C compile features
[1.276s] -- Detecting C compile features - done
[1.278s] -- Check for working CXX compiler: /usr/bin/c++
[1.410s] -- Check for working CXX compiler: /usr/bin/c++ -- works
[1.412s] -- Detecting CXX compiler ABI info
[1.580s] -- Detecting CXX compiler ABI info - done
[1.632s] -- Detecting CXX compile features
[1.632s] -- Detecting CXX compile features - done
[1.635s] -- Found ament_cmake: 0.9.12 (/opt/ros/foxy/share/ament_cmake/cmake)
[1.668s] -- Found PythonInterp: /usr/bin/python3 (found suitable version "3.8.10", minimum required is "3") 
[1.668s] -- Using PYTHON_EXECUTABLE: /usr/bin/python3
[1.982s] -- Found ament_lint_auto: 0.9.8 (/opt/ros/foxy/share/ament_lint_auto/cmake)
[2.124s] -- Found rosidl_default_generators: 1.0.1 (/opt/ros/foxy/share/rosidl_default_generators/cmake)
[2.124s] -- Using all available rosidl_typesupport_c: rosidl_typesupport_fastrtps_c;rosidl_typesupport_introspection_c
[2.126s] -- Found rosidl_adapter: 1.3.1 (/opt/ros/foxy/share/rosidl_adapter/cmake)
[2.349s] -- Found OpenSSL: /usr/lib/aarch64-linux-gnu/libcrypto.so (found version "1.1.1f")  
[2.395s] -- Found FastRTPS: /opt/ros/foxy/include  
[2.511s] -- Using all available rosidl_typesupport_cpp: rosidl_typesupport_fastrtps_cpp;rosidl_typesupport_introspection_cpp
[2.592s] -- Found PythonInterp: /usr/bin/python3 (found version "3.8.10") 
[2.747s] -- Found ament_cmake_ros: 0.9.2 (/opt/ros/foxy/share/ament_cmake_ros/cmake)
[2.899s] -- Using all available rosidl_typesupport_c: rosidl_typesupport_fastrtps_c;rosidl_typesupport_introspection_c
[2.909s] -- Using all available rosidl_typesupport_cpp: rosidl_typesupport_fastrtps_cpp;rosidl_typesupport_introspection_cpp
[2.977s] -- Found PythonInterp: /usr/bin/python3 (found suitable version "3.8.10", minimum required is "3.5") 
[2.983s] -- Found python_cmake_module: 0.8.1 (/opt/ros/foxy/share/python_cmake_module/cmake)
[3.059s] -- Found PythonLibs: /usr/lib/aarch64-linux-gnu/libpython3.8.so (found suitable version "3.8.10", minimum required is "3.5") 
[3.060s] -- Using PYTHON_EXECUTABLE: /usr/bin/python3
[3.060s] -- Using PYTHON_INCLUDE_DIRS: /usr/include/python3.8
[3.063s] -- Using PYTHON_LIBRARIES: /usr/lib/aarch64-linux-gnu/libpython3.8.so
[3.136s] -- Found PythonExtra: .so  
[3.281s] -- Added test 'copyright' to check source files copyright and LICENSE
[3.290s] -- Added test 'lint_cmake' to check CMake code style
[3.291s] -- Added test 'xmllint' to check XML markup files
[3.308s] -- Configuring done
[3.347s] -- Generating done
[3.361s] -- Build files have been written to: /home/uboot/data/ros2_uboot/build/fishbot_interfaces
[3.506s] Invoked command in '/home/uboot/data/ros2_uboot/build/fishbot_interfaces' returned '0': CMAKE_PREFIX_PATH=/opt/ros/foxy /usr/bin/cmake /home/uboot/data/ros2_uboot/src/fishbot/src/fishbot_interfaces -DCMAKE_INSTALL_PREFIX=/home/uboot/data/ros2_uboot/install/fishbot_interfaces
[3.513s] Invoking command in '/home/uboot/data/ros2_uboot/build/fishbot_interfaces': CMAKE_PREFIX_PATH=/opt/ros/foxy /usr/bin/cmake --build /home/uboot/data/ros2_uboot/build/fishbot_interfaces -- -j8 -l8
[3.684s] [35m[1mScanning dependencies of target fishbot_interfaces__cpp[0m
[3.711s] [  3%] [34m[1mGenerating C code for ROS interfaces[0m
[3.805s] [  6%] [34m[1mGenerating C++ code for ROS interfaces[0m
[4.419s] [35m[1mScanning dependencies of target fishbot_interfaces__rosidl_generator_c[0m
[4.495s] [  9%] [32mBuilding C object CMakeFiles/fishbot_interfaces__rosidl_generator_c.dir/rosidl_generator_c/fishbot_interfaces/srv/detail/fish_bot_config__functions.c.o[0m
[4.805s] [ 12%] [32m[1mLinking C shared library libfishbot_interfaces__rosidl_generator_c.so[0m
[5.045s] [ 12%] Built target fishbot_interfaces__rosidl_generator_c
[5.126s] [ 16%] [34m[1mGenerating C introspection for ROS interfaces[0m
[5.152s] [ 19%] [34m[1mGenerating C type support dispatch for ROS interfaces[0m
[6.046s] [ 19%] Built target fishbot_interfaces__cpp
[6.146s] [ 22%] [34m[1mGenerating C++ introspection for ROS interfaces[0m
[6.154s] [ 25%] [34m[1mGenerating C++ type support dispatch for ROS interfaces[0m
[6.159s] [ 29%] [34m[1mGenerating C++ type support for eProsima Fast-RTPS[0m
[6.582s] [35m[1mScanning dependencies of target fishbot_interfaces__rosidl_typesupport_c[0m
[6.612s] [35m[1mScanning dependencies of target fishbot_interfaces__rosidl_typesupport_introspection_c[0m
[6.700s] [ 32%] [32mBuilding CXX object CMakeFiles/fishbot_interfaces__rosidl_typesupport_c.dir/rosidl_typesupport_c/fishbot_interfaces/srv/fish_bot_config__type_support.cpp.o[0m
[6.752s] [ 35%] [32mBuilding C object CMakeFiles/fishbot_interfaces__rosidl_typesupport_introspection_c.dir/rosidl_typesupport_introspection_c/fishbot_interfaces/srv/detail/fish_bot_config__type_support.c.o[0m
[6.953s] [ 38%] [32m[1mLinking CXX shared library libfishbot_interfaces__rosidl_typesupport_c.so[0m
[7.093s] [ 41%] [32m[1mLinking C shared library libfishbot_interfaces__rosidl_typesupport_introspection_c.so[0m
[7.250s] [ 41%] Built target fishbot_interfaces__rosidl_typesupport_c
[7.402s] [ 41%] Built target fishbot_interfaces__rosidl_typesupport_introspection_c
[7.763s] [35m[1mScanning dependencies of target fishbot_interfaces__rosidl_typesupport_introspection_cpp[0m
[7.853s] [ 45%] [32mBuilding CXX object CMakeFiles/fishbot_interfaces__rosidl_typesupport_introspection_cpp.dir/rosidl_typesupport_introspection_cpp/fishbot_interfaces/srv/detail/fish_bot_config__type_support.cpp.o[0m
[8.060s] [35m[1mScanning dependencies of target fishbot_interfaces__rosidl_typesupport_fastrtps_cpp[0m
[8.230s] [ 48%] [32mBuilding CXX object CMakeFiles/fishbot_interfaces__rosidl_typesupport_fastrtps_cpp.dir/rosidl_typesupport_fastrtps_cpp/fishbot_interfaces/srv/detail/dds_fastrtps/fish_bot_config__type_support.cpp.o[0m
[8.573s] [35m[1mScanning dependencies of target fishbot_interfaces__rosidl_typesupport_cpp[0m
[8.708s] [ 51%] [32mBuilding CXX object CMakeFiles/fishbot_interfaces__rosidl_typesupport_cpp.dir/rosidl_typesupport_cpp/fishbot_interfaces/srv/fish_bot_config__type_support.cpp.o[0m
[10.037s] [ 54%] [32m[1mLinking CXX shared library libfishbot_interfaces__rosidl_typesupport_introspection_cpp.so[0m
[10.637s] [ 54%] Built target fishbot_interfaces__rosidl_typesupport_introspection_cpp
[10.838s] [ 58%] [32m[1mLinking CXX shared library libfishbot_interfaces__rosidl_typesupport_cpp.so[0m
[11.166s] [ 58%] Built target fishbot_interfaces__rosidl_typesupport_cpp
[11.899s] [ 61%] [32m[1mLinking CXX shared library libfishbot_interfaces__rosidl_typesupport_fastrtps_cpp.so[0m
[12.618s] [ 61%] Built target fishbot_interfaces__rosidl_typesupport_fastrtps_cpp
[12.742s] [ 64%] [34m[1mGenerating C type support for eProsima Fast-RTPS[0m
[14.216s] [35m[1mScanning dependencies of target fishbot_interfaces__rosidl_typesupport_fastrtps_c[0m
[14.372s] [ 67%] [32mBuilding CXX object CMakeFiles/fishbot_interfaces__rosidl_typesupport_fastrtps_c.dir/rosidl_typesupport_fastrtps_c/fishbot_interfaces/srv/detail/fish_bot_config__type_support_c.cpp.o[0m
[16.286s] [ 70%] [32m[1mLinking CXX shared library libfishbot_interfaces__rosidl_typesupport_fastrtps_c.so[0m
[17.081s] [ 70%] Built target fishbot_interfaces__rosidl_typesupport_fastrtps_c
[17.214s] [35m[1mScanning dependencies of target fishbot_interfaces[0m
[17.351s] [ 70%] Built target fishbot_interfaces
[17.425s] [35m[1mScanning dependencies of target fishbot_interfaces__py[0m
[17.546s] [ 74%] [34m[1mGenerating Python code for ROS interfaces[0m
[19.248s] [ 74%] Built target fishbot_interfaces__py
[19.321s] [35m[1mScanning dependencies of target fishbot_interfaces__python[0m
[19.445s] [ 77%] [32mBuilding C object CMakeFiles/fishbot_interfaces__python.dir/rosidl_generator_py/fishbot_interfaces/srv/_fish_bot_config_s.c.o[0m
[20.272s] [ 80%] [32m[1mLinking C shared library rosidl_generator_py/fishbot_interfaces/libfishbot_interfaces__python.so[0m
[20.540s] [ 80%] Built target fishbot_interfaces__python
[20.552s] [35m[1mScanning dependencies of target fishbot_interfaces__rosidl_typesupport_c__pyext[0m
[20.591s] [35m[1mScanning dependencies of target fishbot_interfaces__rosidl_typesupport_introspection_c__pyext[0m
[20.646s] [35m[1mScanning dependencies of target fishbot_interfaces__rosidl_typesupport_fastrtps_c__pyext[0m
[20.664s] [ 83%] [32mBuilding C object CMakeFiles/fishbot_interfaces__rosidl_typesupport_introspection_c__pyext.dir/rosidl_generator_py/fishbot_interfaces/_fishbot_interfaces_s.ep.rosidl_typesupport_introspection_c.c.o[0m
[20.681s] [ 87%] [32mBuilding C object CMakeFiles/fishbot_interfaces__rosidl_typesupport_c__pyext.dir/rosidl_generator_py/fishbot_interfaces/_fishbot_interfaces_s.ep.rosidl_typesupport_c.c.o[0m
[20.786s] [ 90%] [32mBuilding C object CMakeFiles/fishbot_interfaces__rosidl_typesupport_fastrtps_c__pyext.dir/rosidl_generator_py/fishbot_interfaces/_fishbot_interfaces_s.ep.rosidl_typesupport_fastrtps_c.c.o[0m
[20.906s] [ 93%] [32m[1mLinking C shared library rosidl_generator_py/fishbot_interfaces/fishbot_interfaces_s__rosidl_typesupport_introspection_c.cpython-38-aarch64-linux-gnu.so[0m
[20.968s] [ 96%] [32m[1mLinking C shared library rosidl_generator_py/fishbot_interfaces/fishbot_interfaces_s__rosidl_typesupport_c.cpython-38-aarch64-linux-gnu.so[0m
[20.975s] [100%] [32m[1mLinking CXX shared library rosidl_generator_py/fishbot_interfaces/fishbot_interfaces_s__rosidl_typesupport_fastrtps_c.cpython-38-aarch64-linux-gnu.so[0m
[20.986s] [100%] Built target fishbot_interfaces__rosidl_typesupport_introspection_c__pyext
[21.067s] [100%] Built target fishbot_interfaces__rosidl_typesupport_fastrtps_c__pyext
[21.114s] [100%] Built target fishbot_interfaces__rosidl_typesupport_c__pyext
[21.148s] Invoked command in '/home/uboot/data/ros2_uboot/build/fishbot_interfaces' returned '0': CMAKE_PREFIX_PATH=/opt/ros/foxy /usr/bin/cmake --build /home/uboot/data/ros2_uboot/build/fishbot_interfaces -- -j8 -l8
[21.150s] Invoking command in '/home/uboot/data/ros2_uboot/build/fishbot_interfaces': CMAKE_PREFIX_PATH=/opt/ros/foxy /usr/bin/cmake --install /home/uboot/data/ros2_uboot/build/fishbot_interfaces
[21.200s] -- Install configuration: ""
[21.200s] -- Installing: /home/uboot/data/ros2_uboot/install/fishbot_interfaces/share/ament_index/resource_index/rosidl_interfaces/fishbot_interfaces
[21.201s] -- Installing: /home/uboot/data/ros2_uboot/install/fishbot_interfaces/include/fishbot_interfaces
[21.202s] -- Installing: /home/uboot/data/ros2_uboot/install/fishbot_interfaces/include/fishbot_interfaces/msg
[21.202s] -- Installing: /home/uboot/data/ros2_uboot/install/fishbot_interfaces/include/fishbot_interfaces/msg/rosidl_generator_c__visibility_control.h
[21.203s] -- Installing: /home/uboot/data/ros2_uboot/install/fishbot_interfaces/include/fishbot_interfaces/srv
[21.203s] -- Installing: /home/uboot/data/ros2_uboot/install/fishbot_interfaces/include/fishbot_interfaces/srv/detail
[21.204s] -- Installing: /home/uboot/data/ros2_uboot/install/fishbot_interfaces/include/fishbot_interfaces/srv/detail/fish_bot_config__functions.c
[21.204s] -- Installing: /home/uboot/data/ros2_uboot/install/fishbot_interfaces/include/fishbot_interfaces/srv/detail/fish_bot_config__struct.h
[21.205s] -- Installing: /home/uboot/data/ros2_uboot/install/fishbot_interfaces/include/fishbot_interfaces/srv/detail/fish_bot_config__functions.h
[21.205s] -- Installing: /home/uboot/data/ros2_uboot/install/fishbot_interfaces/include/fishbot_interfaces/srv/detail/fish_bot_config__type_support.h
[21.206s] -- Installing: /home/uboot/data/ros2_uboot/install/fishbot_interfaces/include/fishbot_interfaces/srv/fish_bot_config.h
[21.206s] -- Installing: /home/uboot/data/ros2_uboot/install/fishbot_interfaces/share/fishbot_interfaces/environment/library_path.sh
[21.207s] -- Installing: /home/uboot/data/ros2_uboot/install/fishbot_interfaces/share/fishbot_interfaces/environment/library_path.dsv
[21.208s] -- Installing: /home/uboot/data/ros2_uboot/install/fishbot_interfaces/lib/libfishbot_interfaces__rosidl_generator_c.so
[21.208s] -- Set runtime path of "/home/uboot/data/ros2_uboot/install/fishbot_interfaces/lib/libfishbot_interfaces__rosidl_generator_c.so" to ""
[21.209s] -- Up-to-date: /home/uboot/data/ros2_uboot/install/fishbot_interfaces/include/fishbot_interfaces
[21.209s] -- Up-to-date: /home/uboot/data/ros2_uboot/install/fishbot_interfaces/include/fishbot_interfaces/msg
[21.209s] -- Installing: /home/uboot/data/ros2_uboot/install/fishbot_interfaces/include/fishbot_interfaces/msg/rosidl_typesupport_fastrtps_c__visibility_control.h
[21.210s] -- Up-to-date: /home/uboot/data/ros2_uboot/install/fishbot_interfaces/include/fishbot_interfaces/srv
[21.216s] -- Up-to-date: /home/uboot/data/ros2_uboot/install/fishbot_interfaces/include/fishbot_interfaces/srv/detail
[21.216s] -- Installing: /home/uboot/data/ros2_uboot/install/fishbot_interfaces/include/fishbot_interfaces/srv/detail/fish_bot_config__rosidl_typesupport_fastrtps_c.h
[21.217s] -- Installing: /home/uboot/data/ros2_uboot/install/fishbot_interfaces/lib/libfishbot_interfaces__rosidl_typesupport_fastrtps_c.so
[21.218s] -- Set runtime path of "/home/uboot/data/ros2_uboot/install/fishbot_interfaces/lib/libfishbot_interfaces__rosidl_typesupport_fastrtps_c.so" to ""
[21.219s] -- Up-to-date: /home/uboot/data/ros2_uboot/install/fishbot_interfaces/include/fishbot_interfaces
[21.219s] -- Up-to-date: /home/uboot/data/ros2_uboot/install/fishbot_interfaces/include/fishbot_interfaces/msg
[21.219s] -- Installing: /home/uboot/data/ros2_uboot/install/fishbot_interfaces/include/fishbot_interfaces/msg/rosidl_typesupport_fastrtps_cpp__visibility_control.h
[21.220s] -- Up-to-date: /home/uboot/data/ros2_uboot/install/fishbot_interfaces/include/fishbot_interfaces/srv
[21.220s] -- Up-to-date: /home/uboot/data/ros2_uboot/install/fishbot_interfaces/include/fishbot_interfaces/srv/detail
[21.220s] -- Installing: /home/uboot/data/ros2_uboot/install/fishbot_interfaces/include/fishbot_interfaces/srv/detail/dds_fastrtps
[21.221s] -- Installing: /home/uboot/data/ros2_uboot/install/fishbot_interfaces/include/fishbot_interfaces/srv/detail/fish_bot_config__rosidl_typesupport_fastrtps_cpp.hpp
[21.221s] -- Installing: /home/uboot/data/ros2_uboot/install/fishbot_interfaces/lib/libfishbot_interfaces__rosidl_typesupport_fastrtps_cpp.so
[21.222s] -- Set runtime path of "/home/uboot/data/ros2_uboot/install/fishbot_interfaces/lib/libfishbot_interfaces__rosidl_typesupport_fastrtps_cpp.so" to ""
[21.223s] -- Up-to-date: /home/uboot/data/ros2_uboot/install/fishbot_interfaces/include/fishbot_interfaces
[21.223s] -- Up-to-date: /home/uboot/data/ros2_uboot/install/fishbot_interfaces/include/fishbot_interfaces/msg
[21.223s] -- Installing: /home/uboot/data/ros2_uboot/install/fishbot_interfaces/include/fishbot_interfaces/msg/rosidl_typesupport_introspection_c__visibility_control.h
[21.224s] -- Up-to-date: /home/uboot/data/ros2_uboot/install/fishbot_interfaces/include/fishbot_interfaces/srv
[21.224s] -- Up-to-date: /home/uboot/data/ros2_uboot/install/fishbot_interfaces/include/fishbot_interfaces/srv/detail
[21.224s] -- Installing: /home/uboot/data/ros2_uboot/install/fishbot_interfaces/include/fishbot_interfaces/srv/detail/fish_bot_config__type_support.c
[21.225s] -- Installing: /home/uboot/data/ros2_uboot/install/fishbot_interfaces/include/fishbot_interfaces/srv/detail/fish_bot_config__rosidl_typesupport_introspection_c.h
[21.226s] -- Installing: /home/uboot/data/ros2_uboot/install/fishbot_interfaces/lib/libfishbot_interfaces__rosidl_typesupport_introspection_c.so
[21.226s] -- Set runtime path of "/home/uboot/data/ros2_uboot/install/fishbot_interfaces/lib/libfishbot_interfaces__rosidl_typesupport_introspection_c.so" to ""
[21.227s] -- Installing: /home/uboot/data/ros2_uboot/install/fishbot_interfaces/lib/libfishbot_interfaces__rosidl_typesupport_c.so
[21.232s] -- Set runtime path of "/home/uboot/data/ros2_uboot/install/fishbot_interfaces/lib/libfishbot_interfaces__rosidl_typesupport_c.so" to ""
[21.233s] -- Up-to-date: /home/uboot/data/ros2_uboot/install/fishbot_interfaces/include/fishbot_interfaces
[21.233s] -- Up-to-date: /home/uboot/data/ros2_uboot/install/fishbot_interfaces/include/fishbot_interfaces/msg
[21.234s] -- Installing: /home/uboot/data/ros2_uboot/install/fishbot_interfaces/include/fishbot_interfaces/msg/rosidl_generator_cpp__visibility_control.hpp
[21.234s] -- Up-to-date: /home/uboot/data/ros2_uboot/install/fishbot_interfaces/include/fishbot_interfaces/srv
[21.235s] -- Up-to-date: /home/uboot/data/ros2_uboot/install/fishbot_interfaces/include/fishbot_interfaces/srv/detail
[21.235s] -- Installing: /home/uboot/data/ros2_uboot/install/fishbot_interfaces/include/fishbot_interfaces/srv/detail/fish_bot_config__builder.hpp
[21.235s] -- Installing: /home/uboot/data/ros2_uboot/install/fishbot_interfaces/include/fishbot_interfaces/srv/detail/fish_bot_config__struct.hpp
[21.236s] -- Installing: /home/uboot/data/ros2_uboot/install/fishbot_interfaces/include/fishbot_interfaces/srv/detail/fish_bot_config__type_support.hpp
[21.236s] -- Installing: /home/uboot/data/ros2_uboot/install/fishbot_interfaces/include/fishbot_interfaces/srv/detail/fish_bot_config__traits.hpp
[21.237s] -- Installing: /home/uboot/data/ros2_uboot/install/fishbot_interfaces/include/fishbot_interfaces/srv/fish_bot_config.hpp
[21.237s] -- Up-to-date: /home/uboot/data/ros2_uboot/install/fishbot_interfaces/include/fishbot_interfaces
[21.238s] -- Up-to-date: /home/uboot/data/ros2_uboot/install/fishbot_interfaces/include/fishbot_interfaces/srv
[21.238s] -- Up-to-date: /home/uboot/data/ros2_uboot/install/fishbot_interfaces/include/fishbot_interfaces/srv/detail
[21.238s] -- Installing: /home/uboot/data/ros2_uboot/install/fishbot_interfaces/include/fishbot_interfaces/srv/detail/fish_bot_config__type_support.cpp
[21.239s] -- Installing: /home/uboot/data/ros2_uboot/install/fishbot_interfaces/include/fishbot_interfaces/srv/detail/fish_bot_config__rosidl_typesupport_introspection_cpp.hpp
[21.239s] -- Installing: /home/uboot/data/ros2_uboot/install/fishbot_interfaces/lib/libfishbot_interfaces__rosidl_typesupport_introspection_cpp.so
[21.240s] -- Set runtime path of "/home/uboot/data/ros2_uboot/install/fishbot_interfaces/lib/libfishbot_interfaces__rosidl_typesupport_introspection_cpp.so" to ""
[21.240s] -- Installing: /home/uboot/data/ros2_uboot/install/fishbot_interfaces/lib/libfishbot_interfaces__rosidl_typesupport_cpp.so
[21.256s] -- Set runtime path of "/home/uboot/data/ros2_uboot/install/fishbot_interfaces/lib/libfishbot_interfaces__rosidl_typesupport_cpp.so" to ""
[21.256s] -- Installing: /home/uboot/data/ros2_uboot/install/fishbot_interfaces/share/fishbot_interfaces/environment/pythonpath.sh
[21.257s] -- Installing: /home/uboot/data/ros2_uboot/install/fishbot_interfaces/share/fishbot_interfaces/environment/pythonpath.dsv
[21.258s] -- Installing: /home/uboot/data/ros2_uboot/install/fishbot_interfaces/lib/python3.8/site-packages/fishbot_interfaces/__init__.py
[21.347s] Compiling '/home/uboot/data/ros2_uboot/install/fishbot_interfaces/lib/python3.8/site-packages/fishbot_interfaces/__init__.py'...
[21.372s] -- Installing: /home/uboot/data/ros2_uboot/install/fishbot_interfaces/lib/python3.8/site-packages/fishbot_interfaces/srv
[21.372s] -- Installing: /home/uboot/data/ros2_uboot/install/fishbot_interfaces/lib/python3.8/site-packages/fishbot_interfaces/srv/__init__.py
[21.372s] -- Installing: /home/uboot/data/ros2_uboot/install/fishbot_interfaces/lib/python3.8/site-packages/fishbot_interfaces/srv/_fish_bot_config.py
[21.373s] -- Installing: /home/uboot/data/ros2_uboot/install/fishbot_interfaces/lib/python3.8/site-packages/fishbot_interfaces/srv/_fish_bot_config_s.c
[21.373s] -- Installing: /home/uboot/data/ros2_uboot/install/fishbot_interfaces/lib/python3.8/site-packages/fishbot_interfaces/fishbot_interfaces_s__rosidl_typesupport_fastrtps_c.cpython-38-aarch64-linux-gnu.so
[21.373s] -- Set runtime path of "/home/uboot/data/ros2_uboot/install/fishbot_interfaces/lib/python3.8/site-packages/fishbot_interfaces/fishbot_interfaces_s__rosidl_typesupport_fastrtps_c.cpython-38-aarch64-linux-gnu.so" to ""
[21.374s] -- Installing: /home/uboot/data/ros2_uboot/install/fishbot_interfaces/lib/python3.8/site-packages/fishbot_interfaces/fishbot_interfaces_s__rosidl_typesupport_introspection_c.cpython-38-aarch64-linux-gnu.so
[21.374s] -- Set runtime path of "/home/uboot/data/ros2_uboot/install/fishbot_interfaces/lib/python3.8/site-packages/fishbot_interfaces/fishbot_interfaces_s__rosidl_typesupport_introspection_c.cpython-38-aarch64-linux-gnu.so" to ""
[21.375s] -- Installing: /home/uboot/data/ros2_uboot/install/fishbot_interfaces/lib/python3.8/site-packages/fishbot_interfaces/fishbot_interfaces_s__rosidl_typesupport_c.cpython-38-aarch64-linux-gnu.so
[21.375s] -- Set runtime path of "/home/uboot/data/ros2_uboot/install/fishbot_interfaces/lib/python3.8/site-packages/fishbot_interfaces/fishbot_interfaces_s__rosidl_typesupport_c.cpython-38-aarch64-linux-gnu.so" to ""
[21.375s] -- Installing: /home/uboot/data/ros2_uboot/install/fishbot_interfaces/lib/libfishbot_interfaces__python.so
[21.376s] -- Set runtime path of "/home/uboot/data/ros2_uboot/install/fishbot_interfaces/lib/libfishbot_interfaces__python.so" to ""
[21.376s] -- Installing: /home/uboot/data/ros2_uboot/install/fishbot_interfaces/share/fishbot_interfaces/srv/FishBotConfig.idl
[21.376s] -- Installing: /home/uboot/data/ros2_uboot/install/fishbot_interfaces/share/fishbot_interfaces/srv/FishBotConfig.srv
[21.376s] -- Installing: /home/uboot/data/ros2_uboot/install/fishbot_interfaces/share/fishbot_interfaces/srv/FishBotConfig_Request.msg
[21.376s] -- Installing: /home/uboot/data/ros2_uboot/install/fishbot_interfaces/share/fishbot_interfaces/srv/FishBotConfig_Response.msg
[21.376s] -- Installing: /home/uboot/data/ros2_uboot/install/fishbot_interfaces/share/ament_index/resource_index/package_run_dependencies/fishbot_interfaces
[21.377s] -- Installing: /home/uboot/data/ros2_uboot/install/fishbot_interfaces/share/ament_index/resource_index/parent_prefix_path/fishbot_interfaces
[21.377s] -- Installing: /home/uboot/data/ros2_uboot/install/fishbot_interfaces/share/fishbot_interfaces/environment/ament_prefix_path.sh
[21.377s] -- Installing: /home/uboot/data/ros2_uboot/install/fishbot_interfaces/share/fishbot_interfaces/environment/ament_prefix_path.dsv
[21.377s] -- Installing: /home/uboot/data/ros2_uboot/install/fishbot_interfaces/share/fishbot_interfaces/environment/path.sh
[21.377s] -- Installing: /home/uboot/data/ros2_uboot/install/fishbot_interfaces/share/fishbot_interfaces/environment/path.dsv
[21.377s] -- Installing: /home/uboot/data/ros2_uboot/install/fishbot_interfaces/share/fishbot_interfaces/local_setup.bash
[21.377s] -- Installing: /home/uboot/data/ros2_uboot/install/fishbot_interfaces/share/fishbot_interfaces/local_setup.sh
[21.378s] -- Installing: /home/uboot/data/ros2_uboot/install/fishbot_interfaces/share/fishbot_interfaces/local_setup.zsh
[21.378s] -- Installing: /home/uboot/data/ros2_uboot/install/fishbot_interfaces/share/fishbot_interfaces/local_setup.dsv
[21.378s] -- Installing: /home/uboot/data/ros2_uboot/install/fishbot_interfaces/share/fishbot_interfaces/package.dsv
[21.378s] -- Installing: /home/uboot/data/ros2_uboot/install/fishbot_interfaces/share/ament_index/resource_index/packages/fishbot_interfaces
[21.378s] -- Installing: /home/uboot/data/ros2_uboot/install/fishbot_interfaces/share/fishbot_interfaces/cmake/fishbot_interfaces__rosidl_generator_cExport.cmake
[21.378s] -- Installing: /home/uboot/data/ros2_uboot/install/fishbot_interfaces/share/fishbot_interfaces/cmake/fishbot_interfaces__rosidl_generator_cExport-noconfig.cmake
[21.379s] -- Installing: /home/uboot/data/ros2_uboot/install/fishbot_interfaces/share/fishbot_interfaces/cmake/fishbot_interfaces__rosidl_typesupport_introspection_cExport.cmake
[21.379s] -- Installing: /home/uboot/data/ros2_uboot/install/fishbot_interfaces/share/fishbot_interfaces/cmake/fishbot_interfaces__rosidl_typesupport_introspection_cExport-noconfig.cmake
[21.379s] -- Installing: /home/uboot/data/ros2_uboot/install/fishbot_interfaces/share/fishbot_interfaces/cmake/fishbot_interfaces__rosidl_typesupport_cExport.cmake
[21.379s] -- Installing: /home/uboot/data/ros2_uboot/install/fishbot_interfaces/share/fishbot_interfaces/cmake/fishbot_interfaces__rosidl_typesupport_cExport-noconfig.cmake
[21.379s] -- Installing: /home/uboot/data/ros2_uboot/install/fishbot_interfaces/share/fishbot_interfaces/cmake/fishbot_interfaces__rosidl_generator_cppExport.cmake
[21.379s] -- Installing: /home/uboot/data/ros2_uboot/install/fishbot_interfaces/share/fishbot_interfaces/cmake/fishbot_interfaces__rosidl_typesupport_introspection_cppExport.cmake
[21.380s] -- Installing: /home/uboot/data/ros2_uboot/install/fishbot_interfaces/share/fishbot_interfaces/cmake/fishbot_interfaces__rosidl_typesupport_introspection_cppExport-noconfig.cmake
[21.380s] -- Installing: /home/uboot/data/ros2_uboot/install/fishbot_interfaces/share/fishbot_interfaces/cmake/fishbot_interfaces__rosidl_typesupport_cppExport.cmake
[21.380s] -- Installing: /home/uboot/data/ros2_uboot/install/fishbot_interfaces/share/fishbot_interfaces/cmake/fishbot_interfaces__rosidl_typesupport_cppExport-noconfig.cmake
[21.380s] -- Installing: /home/uboot/data/ros2_uboot/install/fishbot_interfaces/share/fishbot_interfaces/cmake/rosidl_cmake-extras.cmake
[21.380s] -- Installing: /home/uboot/data/ros2_uboot/install/fishbot_interfaces/share/fishbot_interfaces/cmake/ament_cmake_export_dependencies-extras.cmake
[21.380s] -- Installing: /home/uboot/data/ros2_uboot/install/fishbot_interfaces/share/fishbot_interfaces/cmake/ament_cmake_export_libraries-extras.cmake
[21.380s] -- Installing: /home/uboot/data/ros2_uboot/install/fishbot_interfaces/share/fishbot_interfaces/cmake/ament_cmake_export_targets-extras.cmake
[21.381s] -- Installing: /home/uboot/data/ros2_uboot/install/fishbot_interfaces/share/fishbot_interfaces/cmake/ament_cmake_export_include_directories-extras.cmake
[21.381s] -- Installing: /home/uboot/data/ros2_uboot/install/fishbot_interfaces/share/fishbot_interfaces/cmake/rosidl_cmake_export_typesupport_libraries-extras.cmake
[21.381s] -- Installing: /home/uboot/data/ros2_uboot/install/fishbot_interfaces/share/fishbot_interfaces/cmake/rosidl_cmake_export_typesupport_targets-extras.cmake
[21.381s] -- Installing: /home/uboot/data/ros2_uboot/install/fishbot_interfaces/share/fishbot_interfaces/cmake/fishbot_interfacesConfig.cmake
[21.381s] -- Installing: /home/uboot/data/ros2_uboot/install/fishbot_interfaces/share/fishbot_interfaces/cmake/fishbot_interfacesConfig-version.cmake
[21.381s] -- Installing: /home/uboot/data/ros2_uboot/install/fishbot_interfaces/share/fishbot_interfaces/package.xml
[21.396s] Invoked command in '/home/uboot/data/ros2_uboot/build/fishbot_interfaces' returned '0': CMAKE_PREFIX_PATH=/opt/ros/foxy /usr/bin/cmake --install /home/uboot/data/ros2_uboot/build/fishbot_interfaces
