[0.155s] Invoking command in '/home/uboot/data/ros2_uboot/build/fishbot_bringup': CMAKE_PREFIX_PATH=/opt/ros/foxy /usr/bin/cmake /home/uboot/data/ros2_uboot/src/fishbot/src/fishbot_bringup -DCMAKE_INSTALL_PREFIX=/home/uboot/data/ros2_uboot/install/fishbot_bringup
[0.710s] -- The C compiler identification is GNU 9.4.0
[0.711s] -- The CXX compiler identification is GNU 9.4.0
[0.711s] -- Check for working C compiler: /usr/bin/cc
[0.762s] -- Check for working C compiler: /usr/bin/cc -- works
[0.763s] -- Detecting C compiler ABI info
[0.965s] -- Detecting C compiler ABI info - done
[1.021s] -- Detecting C compile features
[1.024s] -- Detecting C compile features - done
[1.040s] -- Check for working CXX compiler: /usr/bin/c++
[1.286s] -- Check for working CXX compiler: /usr/bin/c++ -- works
[1.286s] -- Detecting CXX compiler ABI info
[1.519s] -- Detecting CXX compiler ABI info - done
[1.576s] -- Detecting CXX compile features
[1.579s] -- Detecting CXX compile features - done
[1.588s] -- Found ament_cmake: 0.9.12 (/opt/ros/foxy/share/ament_cmake/cmake)
[1.661s] -- Found PythonInterp: /usr/bin/python3 (found suitable version "3.8.10", minimum required is "3") 
[1.661s] -- Using PYTHON_EXECUTABLE: /usr/bin/python3
[1.969s] -- Found ament_lint_auto: 0.9.8 (/opt/ros/foxy/share/ament_lint_auto/cmake)
[2.084s] -- Found rclcpp: 2.4.3 (/opt/ros/foxy/share/rclcpp/cmake)
[2.157s] -- Using all available rosidl_typesupport_c: rosidl_typesupport_fastrtps_c;rosidl_typesupport_introspection_c
[2.157s] -- Found rosidl_adapter: 1.3.1 (/opt/ros/foxy/share/rosidl_adapter/cmake)
[2.380s] -- Found OpenSSL: /usr/lib/aarch64-linux-gnu/libcrypto.so (found version "1.1.1f")  
[2.429s] -- Found FastRTPS: /opt/ros/foxy/include  
[2.550s] -- Using all available rosidl_typesupport_cpp: rosidl_typesupport_fastrtps_cpp;rosidl_typesupport_introspection_cpp
[2.667s] -- Found rmw_implementation_cmake: 1.0.4 (/opt/ros/foxy/share/rmw_implementation_cmake/cmake)
[2.670s] -- Using RMW implementation 'rmw_fastrtps_cpp' as default
[2.671s] -- Looking for pthread.h
[2.846s] -- Looking for pthread.h - found
[2.847s] -- Performing Test CMAKE_HAVE_LIBC_PTHREAD
[3.057s] -- Performing Test CMAKE_HAVE_LIBC_PTHREAD - Failed
[3.057s] -- Looking for pthread_create in pthreads
[3.162s] -- Looking for pthread_create in pthreads - not found
[3.162s] -- Looking for pthread_create in pthread
[3.332s] -- Looking for pthread_create in pthread - found
[3.333s] -- Found Threads: TRUE  
[3.721s] -- Found tf2: 0.13.14 (/opt/ros/foxy/share/tf2/cmake)
[3.983s] -- Found tf2_ros: 0.13.14 (/opt/ros/foxy/share/tf2_ros/cmake)
[4.901s] -- Found nav_msgs: 2.0.5 (/opt/ros/foxy/share/nav_msgs/cmake)
[5.387s] -- Added test 'cppcheck' to perform static code analysis on C / C++ code
[5.388s] -- Configured cppcheck include dirs: 
[5.389s] -- Configured cppcheck exclude dirs and/or files: 
[5.389s] -- Added test 'flake8' to check Python code syntax and style conventions
[5.390s] -- Added test 'lint_cmake' to check CMake code style
[5.391s] -- Added test 'pep257' to check Python code against some of the style conventions in PEP 257
[5.391s] -- Added test 'uncrustify' to check C / C++ code style
[5.392s] -- Configured uncrustify additional arguments: 
[5.392s] -- Added test 'xmllint' to check XML markup files
[5.410s] -- Configuring done
[5.506s] -- Generating done
[5.523s] -- Build files have been written to: /home/uboot/data/ros2_uboot/build/fishbot_bringup
[5.620s] Invoked command in '/home/uboot/data/ros2_uboot/build/fishbot_bringup' returned '0': CMAKE_PREFIX_PATH=/opt/ros/foxy /usr/bin/cmake /home/uboot/data/ros2_uboot/src/fishbot/src/fishbot_bringup -DCMAKE_INSTALL_PREFIX=/home/uboot/data/ros2_uboot/install/fishbot_bringup
[5.621s] Invoking command in '/home/uboot/data/ros2_uboot/build/fishbot_bringup': CMAKE_PREFIX_PATH=/opt/ros/foxy /usr/bin/cmake --build /home/uboot/data/ros2_uboot/build/fishbot_bringup -- -j8 -l8
[7.493s] [35m[1mScanning dependencies of target odom2tf[0m
[7.493s] [ 50%] [32mBuilding CXX object CMakeFiles/odom2tf.dir/src/odom2tf.cpp.o[0m
[28.950s] [100%] [32m[1mLinking CXX executable odom2tf[0m
[29.680s] [100%] Built target odom2tf
