[0.676s] Invoking command in '/home/uboot/data/ros2_uboot/build/fishbot_interfaces': CMAKE_PREFIX_PATH=/opt/ros/foxy /usr/bin/cmake --build /home/uboot/data/ros2_uboot/build/fishbot_interfaces -- -j8 -l8
[0.866s] [  9%] Built target fishbot_interfaces__rosidl_generator_c
[0.877s] [ 12%] Built target fishbot_interfaces__cpp
[0.951s] [ 32%] Built target fishbot_interfaces__rosidl_typesupport_introspection_cpp
[0.951s] [ 32%] Built target fishbot_interfaces__rosidl_typesupport_introspection_c
[1.014s] [ 41%] Built target fishbot_interfaces__rosidl_typesupport_fastrtps_cpp
[1.014s] [ 51%] Built target fishbot_interfaces__rosidl_typesupport_c
[1.014s] [ 61%] Built target fishbot_interfaces__rosidl_typesupport_cpp
[1.028s] [ 70%] Built target fishbot_interfaces__rosidl_typesupport_fastrtps_c
[1.093s] [ 70%] Built target fishbot_interfaces
[1.163s] [ 74%] Built target fishbot_interfaces__py
[1.251s] [ 80%] Built target fishbot_interfaces__python
[1.290s] [ 87%] Built target fishbot_interfaces__rosidl_typesupport_c__pyext
[1.306s] [ 93%] Built target fishbot_interfaces__rosidl_typesupport_fastrtps_c__pyext
[1.339s] [100%] Built target fishbot_interfaces__rosidl_typesupport_introspection_c__pyext
[2.507s] Invoked command in '/home/uboot/data/ros2_uboot/build/fishbot_interfaces' returned '0': CMAKE_PREFIX_PATH=/opt/ros/foxy /usr/bin/cmake --build /home/uboot/data/ros2_uboot/build/fishbot_interfaces -- -j8 -l8
[2.516s] Invoking command in '/home/uboot/data/ros2_uboot/build/fishbot_interfaces': CMAKE_PREFIX_PATH=/opt/ros/foxy /usr/bin/cmake --install /home/uboot/data/ros2_uboot/build/fishbot_interfaces
[2.644s] -- Install configuration: ""
[2.644s] -- Up-to-date: /home/uboot/data/ros2_uboot/install/fishbot_interfaces/share/ament_index/resource_index/rosidl_interfaces/fishbot_interfaces
[2.644s] -- Up-to-date: /home/uboot/data/ros2_uboot/install/fishbot_interfaces/include/fishbot_interfaces
[2.645s] -- Up-to-date: /home/uboot/data/ros2_uboot/install/fishbot_interfaces/include/fishbot_interfaces/msg
[2.645s] -- Up-to-date: /home/uboot/data/ros2_uboot/install/fishbot_interfaces/include/fishbot_interfaces/msg/rosidl_generator_c__visibility_control.h
[2.646s] -- Up-to-date: /home/uboot/data/ros2_uboot/install/fishbot_interfaces/include/fishbot_interfaces/srv
[2.646s] -- Up-to-date: /home/uboot/data/ros2_uboot/install/fishbot_interfaces/include/fishbot_interfaces/srv/detail
[2.646s] -- Up-to-date: /home/uboot/data/ros2_uboot/install/fishbot_interfaces/include/fishbot_interfaces/srv/detail/fish_bot_config__functions.c
[2.647s] -- Up-to-date: /home/uboot/data/ros2_uboot/install/fishbot_interfaces/include/fishbot_interfaces/srv/detail/fish_bot_config__struct.h
[2.647s] -- Up-to-date: /home/uboot/data/ros2_uboot/install/fishbot_interfaces/include/fishbot_interfaces/srv/detail/fish_bot_config__functions.h
[2.647s] -- Up-to-date: /home/uboot/data/ros2_uboot/install/fishbot_interfaces/include/fishbot_interfaces/srv/detail/fish_bot_config__type_support.h
[2.648s] -- Up-to-date: /home/uboot/data/ros2_uboot/install/fishbot_interfaces/include/fishbot_interfaces/srv/fish_bot_config.h
[2.648s] -- Up-to-date: /home/uboot/data/ros2_uboot/install/fishbot_interfaces/share/fishbot_interfaces/environment/library_path.sh
[2.648s] -- Up-to-date: /home/uboot/data/ros2_uboot/install/fishbot_interfaces/share/fishbot_interfaces/environment/library_path.dsv
[2.649s] -- Up-to-date: /home/uboot/data/ros2_uboot/install/fishbot_interfaces/lib/libfishbot_interfaces__rosidl_generator_c.so
[2.649s] -- Up-to-date: /home/uboot/data/ros2_uboot/install/fishbot_interfaces/include/fishbot_interfaces
[2.650s] -- Up-to-date: /home/uboot/data/ros2_uboot/install/fishbot_interfaces/include/fishbot_interfaces/msg
[2.650s] -- Up-to-date: /home/uboot/data/ros2_uboot/install/fishbot_interfaces/include/fishbot_interfaces/msg/rosidl_typesupport_fastrtps_c__visibility_control.h
[2.666s] -- Up-to-date: /home/uboot/data/ros2_uboot/install/fishbot_interfaces/include/fishbot_interfaces/srv
[2.668s] -- Up-to-date: /home/uboot/data/ros2_uboot/install/fishbot_interfaces/include/fishbot_interfaces/srv/detail
[2.669s] -- Up-to-date: /home/uboot/data/ros2_uboot/install/fishbot_interfaces/include/fishbot_interfaces/srv/detail/fish_bot_config__rosidl_typesupport_fastrtps_c.h
[2.669s] -- Up-to-date: /home/uboot/data/ros2_uboot/install/fishbot_interfaces/lib/libfishbot_interfaces__rosidl_typesupport_fastrtps_c.so
[2.670s] -- Up-to-date: /home/uboot/data/ros2_uboot/install/fishbot_interfaces/include/fishbot_interfaces
[2.671s] -- Up-to-date: /home/uboot/data/ros2_uboot/install/fishbot_interfaces/include/fishbot_interfaces/msg
[2.672s] -- Up-to-date: /home/uboot/data/ros2_uboot/install/fishbot_interfaces/include/fishbot_interfaces/msg/rosidl_typesupport_fastrtps_cpp__visibility_control.h
[2.672s] -- Up-to-date: /home/uboot/data/ros2_uboot/install/fishbot_interfaces/include/fishbot_interfaces/srv
[2.673s] -- Up-to-date: /home/uboot/data/ros2_uboot/install/fishbot_interfaces/include/fishbot_interfaces/srv/detail
[2.674s] -- Up-to-date: /home/uboot/data/ros2_uboot/install/fishbot_interfaces/include/fishbot_interfaces/srv/detail/dds_fastrtps
[2.674s] -- Up-to-date: /home/uboot/data/ros2_uboot/install/fishbot_interfaces/include/fishbot_interfaces/srv/detail/fish_bot_config__rosidl_typesupport_fastrtps_cpp.hpp
[2.675s] -- Up-to-date: /home/uboot/data/ros2_uboot/install/fishbot_interfaces/lib/libfishbot_interfaces__rosidl_typesupport_fastrtps_cpp.so
[2.676s] -- Up-to-date: /home/uboot/data/ros2_uboot/install/fishbot_interfaces/include/fishbot_interfaces
[2.677s] -- Up-to-date: /home/uboot/data/ros2_uboot/install/fishbot_interfaces/include/fishbot_interfaces/msg
[2.677s] -- Up-to-date: /home/uboot/data/ros2_uboot/install/fishbot_interfaces/include/fishbot_interfaces/msg/rosidl_typesupport_introspection_c__visibility_control.h
[2.678s] -- Up-to-date: /home/uboot/data/ros2_uboot/install/fishbot_interfaces/include/fishbot_interfaces/srv
[2.679s] -- Up-to-date: /home/uboot/data/ros2_uboot/install/fishbot_interfaces/include/fishbot_interfaces/srv/detail
[2.680s] -- Up-to-date: /home/uboot/data/ros2_uboot/install/fishbot_interfaces/include/fishbot_interfaces/srv/detail/fish_bot_config__type_support.c
[2.682s] -- Up-to-date: /home/uboot/data/ros2_uboot/install/fishbot_interfaces/include/fishbot_interfaces/srv/detail/fish_bot_config__rosidl_typesupport_introspection_c.h
[2.682s] -- Up-to-date: /home/uboot/data/ros2_uboot/install/fishbot_interfaces/lib/libfishbot_interfaces__rosidl_typesupport_introspection_c.so
[2.683s] -- Up-to-date: /home/uboot/data/ros2_uboot/install/fishbot_interfaces/lib/libfishbot_interfaces__rosidl_typesupport_c.so
[2.684s] -- Up-to-date: /home/uboot/data/ros2_uboot/install/fishbot_interfaces/include/fishbot_interfaces
[2.688s] -- Up-to-date: /home/uboot/data/ros2_uboot/install/fishbot_interfaces/include/fishbot_interfaces/msg
[2.698s] -- Up-to-date: /home/uboot/data/ros2_uboot/install/fishbot_interfaces/include/fishbot_interfaces/msg/rosidl_generator_cpp__visibility_control.hpp
[2.698s] -- Up-to-date: /home/uboot/data/ros2_uboot/install/fishbot_interfaces/include/fishbot_interfaces/srv
[2.698s] -- Up-to-date: /home/uboot/data/ros2_uboot/install/fishbot_interfaces/include/fishbot_interfaces/srv/detail
[2.698s] -- Up-to-date: /home/uboot/data/ros2_uboot/install/fishbot_interfaces/include/fishbot_interfaces/srv/detail/fish_bot_config__builder.hpp
[2.698s] -- Up-to-date: /home/uboot/data/ros2_uboot/install/fishbot_interfaces/include/fishbot_interfaces/srv/detail/fish_bot_config__struct.hpp
[2.698s] -- Up-to-date: /home/uboot/data/ros2_uboot/install/fishbot_interfaces/include/fishbot_interfaces/srv/detail/fish_bot_config__type_support.hpp
[2.698s] -- Up-to-date: /home/uboot/data/ros2_uboot/install/fishbot_interfaces/include/fishbot_interfaces/srv/detail/fish_bot_config__traits.hpp
[2.699s] -- Up-to-date: /home/uboot/data/ros2_uboot/install/fishbot_interfaces/include/fishbot_interfaces/srv/fish_bot_config.hpp
[2.699s] -- Up-to-date: /home/uboot/data/ros2_uboot/install/fishbot_interfaces/include/fishbot_interfaces
[2.699s] -- Up-to-date: /home/uboot/data/ros2_uboot/install/fishbot_interfaces/include/fishbot_interfaces/srv
[2.700s] -- Up-to-date: /home/uboot/data/ros2_uboot/install/fishbot_interfaces/include/fishbot_interfaces/srv/detail
[2.701s] -- Up-to-date: /home/uboot/data/ros2_uboot/install/fishbot_interfaces/include/fishbot_interfaces/srv/detail/fish_bot_config__type_support.cpp
[2.701s] -- Up-to-date: /home/uboot/data/ros2_uboot/install/fishbot_interfaces/include/fishbot_interfaces/srv/detail/fish_bot_config__rosidl_typesupport_introspection_cpp.hpp
[2.701s] -- Up-to-date: /home/uboot/data/ros2_uboot/install/fishbot_interfaces/lib/libfishbot_interfaces__rosidl_typesupport_introspection_cpp.so
[2.701s] -- Up-to-date: /home/uboot/data/ros2_uboot/install/fishbot_interfaces/lib/libfishbot_interfaces__rosidl_typesupport_cpp.so
[2.701s] -- Up-to-date: /home/uboot/data/ros2_uboot/install/fishbot_interfaces/share/fishbot_interfaces/environment/pythonpath.sh
[2.701s] -- Up-to-date: /home/uboot/data/ros2_uboot/install/fishbot_interfaces/share/fishbot_interfaces/environment/pythonpath.dsv
[2.701s] -- Up-to-date: /home/uboot/data/ros2_uboot/install/fishbot_interfaces/lib/python3.8/site-packages/fishbot_interfaces/__init__.py
[2.762s] -- Up-to-date: /home/uboot/data/ros2_uboot/install/fishbot_interfaces/lib/python3.8/site-packages/fishbot_interfaces/srv
[2.762s] -- Up-to-date: /home/uboot/data/ros2_uboot/install/fishbot_interfaces/lib/python3.8/site-packages/fishbot_interfaces/srv/__init__.py
[2.763s] -- Up-to-date: /home/uboot/data/ros2_uboot/install/fishbot_interfaces/lib/python3.8/site-packages/fishbot_interfaces/srv/_fish_bot_config.py
[2.763s] -- Up-to-date: /home/uboot/data/ros2_uboot/install/fishbot_interfaces/lib/python3.8/site-packages/fishbot_interfaces/srv/_fish_bot_config_s.c
[2.764s] -- Up-to-date: /home/uboot/data/ros2_uboot/install/fishbot_interfaces/lib/python3.8/site-packages/fishbot_interfaces/fishbot_interfaces_s__rosidl_typesupport_fastrtps_c.cpython-38-aarch64-linux-gnu.so
[2.764s] -- Up-to-date: /home/uboot/data/ros2_uboot/install/fishbot_interfaces/lib/python3.8/site-packages/fishbot_interfaces/fishbot_interfaces_s__rosidl_typesupport_introspection_c.cpython-38-aarch64-linux-gnu.so
[2.765s] -- Up-to-date: /home/uboot/data/ros2_uboot/install/fishbot_interfaces/lib/python3.8/site-packages/fishbot_interfaces/fishbot_interfaces_s__rosidl_typesupport_c.cpython-38-aarch64-linux-gnu.so
[2.765s] -- Up-to-date: /home/uboot/data/ros2_uboot/install/fishbot_interfaces/lib/libfishbot_interfaces__python.so
[2.766s] -- Up-to-date: /home/uboot/data/ros2_uboot/install/fishbot_interfaces/share/fishbot_interfaces/srv/FishBotConfig.idl
[2.766s] -- Up-to-date: /home/uboot/data/ros2_uboot/install/fishbot_interfaces/share/fishbot_interfaces/srv/FishBotConfig.srv
[2.767s] -- Up-to-date: /home/uboot/data/ros2_uboot/install/fishbot_interfaces/share/fishbot_interfaces/srv/FishBotConfig_Request.msg
[2.767s] -- Up-to-date: /home/uboot/data/ros2_uboot/install/fishbot_interfaces/share/fishbot_interfaces/srv/FishBotConfig_Response.msg
[2.769s] -- Up-to-date: /home/uboot/data/ros2_uboot/install/fishbot_interfaces/share/ament_index/resource_index/package_run_dependencies/fishbot_interfaces
[2.771s] -- Up-to-date: /home/uboot/data/ros2_uboot/install/fishbot_interfaces/share/ament_index/resource_index/parent_prefix_path/fishbot_interfaces
[2.776s] -- Up-to-date: /home/uboot/data/ros2_uboot/install/fishbot_interfaces/share/fishbot_interfaces/environment/ament_prefix_path.sh
[2.777s] -- Up-to-date: /home/uboot/data/ros2_uboot/install/fishbot_interfaces/share/fishbot_interfaces/environment/ament_prefix_path.dsv
[2.780s] -- Up-to-date: /home/uboot/data/ros2_uboot/install/fishbot_interfaces/share/fishbot_interfaces/environment/path.sh
[2.782s] -- Up-to-date: /home/uboot/data/ros2_uboot/install/fishbot_interfaces/share/fishbot_interfaces/environment/path.dsv
[2.783s] -- Up-to-date: /home/uboot/data/ros2_uboot/install/fishbot_interfaces/share/fishbot_interfaces/local_setup.bash
[2.784s] -- Up-to-date: /home/uboot/data/ros2_uboot/install/fishbot_interfaces/share/fishbot_interfaces/local_setup.sh
[2.786s] -- Up-to-date: /home/uboot/data/ros2_uboot/install/fishbot_interfaces/share/fishbot_interfaces/local_setup.zsh
[2.786s] -- Up-to-date: /home/uboot/data/ros2_uboot/install/fishbot_interfaces/share/fishbot_interfaces/local_setup.dsv
[2.789s] -- Installing: /home/uboot/data/ros2_uboot/install/fishbot_interfaces/share/fishbot_interfaces/package.dsv
[2.791s] -- Up-to-date: /home/uboot/data/ros2_uboot/install/fishbot_interfaces/share/ament_index/resource_index/packages/fishbot_interfaces
[2.792s] -- Up-to-date: /home/uboot/data/ros2_uboot/install/fishbot_interfaces/share/fishbot_interfaces/cmake/fishbot_interfaces__rosidl_generator_cExport.cmake
[2.793s] -- Up-to-date: /home/uboot/data/ros2_uboot/install/fishbot_interfaces/share/fishbot_interfaces/cmake/fishbot_interfaces__rosidl_generator_cExport-noconfig.cmake
[2.795s] -- Up-to-date: /home/uboot/data/ros2_uboot/install/fishbot_interfaces/share/fishbot_interfaces/cmake/fishbot_interfaces__rosidl_typesupport_introspection_cExport.cmake
[2.798s] -- Up-to-date: /home/uboot/data/ros2_uboot/install/fishbot_interfaces/share/fishbot_interfaces/cmake/fishbot_interfaces__rosidl_typesupport_introspection_cExport-noconfig.cmake
[2.799s] -- Up-to-date: /home/uboot/data/ros2_uboot/install/fishbot_interfaces/share/fishbot_interfaces/cmake/fishbot_interfaces__rosidl_typesupport_cExport.cmake
[2.800s] -- Up-to-date: /home/uboot/data/ros2_uboot/install/fishbot_interfaces/share/fishbot_interfaces/cmake/fishbot_interfaces__rosidl_typesupport_cExport-noconfig.cmake
[2.810s] -- Up-to-date: /home/uboot/data/ros2_uboot/install/fishbot_interfaces/share/fishbot_interfaces/cmake/fishbot_interfaces__rosidl_generator_cppExport.cmake
[2.811s] -- Up-to-date: /home/uboot/data/ros2_uboot/install/fishbot_interfaces/share/fishbot_interfaces/cmake/fishbot_interfaces__rosidl_typesupport_introspection_cppExport.cmake
[2.811s] -- Up-to-date: /home/uboot/data/ros2_uboot/install/fishbot_interfaces/share/fishbot_interfaces/cmake/fishbot_interfaces__rosidl_typesupport_introspection_cppExport-noconfig.cmake
[2.812s] -- Up-to-date: /home/uboot/data/ros2_uboot/install/fishbot_interfaces/share/fishbot_interfaces/cmake/fishbot_interfaces__rosidl_typesupport_cppExport.cmake
[2.812s] -- Up-to-date: /home/uboot/data/ros2_uboot/install/fishbot_interfaces/share/fishbot_interfaces/cmake/fishbot_interfaces__rosidl_typesupport_cppExport-noconfig.cmake
[2.813s] -- Up-to-date: /home/uboot/data/ros2_uboot/install/fishbot_interfaces/share/fishbot_interfaces/cmake/rosidl_cmake-extras.cmake
[2.813s] -- Up-to-date: /home/uboot/data/ros2_uboot/install/fishbot_interfaces/share/fishbot_interfaces/cmake/ament_cmake_export_dependencies-extras.cmake
[2.814s] -- Up-to-date: /home/uboot/data/ros2_uboot/install/fishbot_interfaces/share/fishbot_interfaces/cmake/ament_cmake_export_libraries-extras.cmake
[2.814s] -- Up-to-date: /home/uboot/data/ros2_uboot/install/fishbot_interfaces/share/fishbot_interfaces/cmake/ament_cmake_export_targets-extras.cmake
[2.815s] -- Up-to-date: /home/uboot/data/ros2_uboot/install/fishbot_interfaces/share/fishbot_interfaces/cmake/ament_cmake_export_include_directories-extras.cmake
[2.815s] -- Up-to-date: /home/uboot/data/ros2_uboot/install/fishbot_interfaces/share/fishbot_interfaces/cmake/rosidl_cmake_export_typesupport_libraries-extras.cmake
[2.816s] -- Up-to-date: /home/uboot/data/ros2_uboot/install/fishbot_interfaces/share/fishbot_interfaces/cmake/rosidl_cmake_export_typesupport_targets-extras.cmake
[2.816s] -- Up-to-date: /home/uboot/data/ros2_uboot/install/fishbot_interfaces/share/fishbot_interfaces/cmake/fishbot_interfacesConfig.cmake
[2.816s] -- Up-to-date: /home/uboot/data/ros2_uboot/install/fishbot_interfaces/share/fishbot_interfaces/cmake/fishbot_interfacesConfig-version.cmake
[2.817s] -- Up-to-date: /home/uboot/data/ros2_uboot/install/fishbot_interfaces/share/fishbot_interfaces/package.xml
[2.877s] Invoked command in '/home/uboot/data/ros2_uboot/build/fishbot_interfaces' returned '0': CMAKE_PREFIX_PATH=/opt/ros/foxy /usr/bin/cmake --install /home/uboot/data/ros2_uboot/build/fishbot_interfaces
