[0.024s] Invoking command in '/home/uboot/data/ros2_uboot/build/sensor': CMAKE_PREFIX_PATH=${CMAKE_PREFIX_PATH}:/home/uboot/data/ros2_uboot/install/yolo_v5:/home/uboot/data/ros2_uboot/install/uboot_chat:/home/uboot/data/ros2_uboot/install/task_scheduler:/home/uboot/data/ros2_uboot/install/fishbot_description:/opt/ros/foxy /usr/bin/cmake --build /home/uboot/data/ros2_uboot/build/sensor -- -j8 -l8
[0.107s] -- Found ament_cmake: 0.9.12 (/opt/ros/foxy/share/ament_cmake/cmake)
[0.155s] -- Found PythonInterp: /bin/python3 (found suitable version "3.8.10", minimum required is "3") 
[0.156s] -- Using PYTHON_EXECUTABLE: /bin/python3
[0.423s] -- Found rclpy: 1.0.13 (/opt/ros/foxy/share/rclpy/cmake)
[0.423s] -- Found std_msgs: 2.0.5 (/opt/ros/foxy/share/std_msgs/cmake)
[0.449s] -- Using all available rosidl_typesupport_c: rosidl_typesupport_fastrtps_c;rosidl_typesupport_introspection_c
[0.454s] -- Found rosidl_adapter: 1.3.1 (/opt/ros/foxy/share/rosidl_adapter/cmake)
[0.625s] -- Using all available rosidl_typesupport_cpp: rosidl_typesupport_fastrtps_cpp;rosidl_typesupport_introspection_cpp
[0.682s] -- Found rclcpp: 2.4.3 (/opt/ros/foxy/share/rclcpp/cmake)
[0.730s] -- Found rmw_implementation_cmake: 1.0.4 (/opt/ros/foxy/share/rmw_implementation_cmake/cmake)
[0.732s] -- Using RMW implementation 'rmw_fastrtps_cpp' as default
[0.914s] -- Found std_srvs: 2.0.5 (/opt/ros/foxy/share/std_srvs/cmake)
[0.926s] -- Found sensor_msgs: 2.0.5 (/opt/ros/foxy/share/sensor_msgs/cmake)
[1.083s] -- Found rosidl_default_generators: 1.0.1 (/opt/ros/foxy/share/rosidl_default_generators/cmake)
[1.147s] -- Found PythonInterp: /bin/python3 (found version "3.8.10") 
[1.428s] -- Found ament_cmake_ros: 0.9.2 (/opt/ros/foxy/share/ament_cmake_ros/cmake)
[1.666s] -- Using all available rosidl_typesupport_c: rosidl_typesupport_fastrtps_c;rosidl_typesupport_introspection_c
[1.750s] -- Using all available rosidl_typesupport_cpp: rosidl_typesupport_fastrtps_cpp;rosidl_typesupport_introspection_cpp
[1.809s] -- Found PythonInterp: /bin/python3 (found suitable version "3.8.10", minimum required is "3.5") 
[1.809s] -- Found python_cmake_module: 0.8.1 (/opt/ros/foxy/share/python_cmake_module/cmake)
[1.840s] -- Using PYTHON_EXECUTABLE: /bin/python3
[1.841s] -- Using PYTHON_INCLUDE_DIRS: /usr/include/python3.8
[1.841s] -- Using PYTHON_LIBRARIES: /usr/lib/aarch64-linux-gnu/libpython3.8.so
[1.898s] -- Found ament_lint_auto: 0.9.8 (/opt/ros/foxy/share/ament_lint_auto/cmake)
[1.917s] -- Added test 'copyright' to check source files copyright and LICENSE
[1.918s] -- Added test 'cppcheck' to perform static code analysis on C / C++ code
[1.919s] -- Configured cppcheck include dirs: /home/uboot/data/ros2_uboot/src/sensor/include
[1.919s] -- Configured cppcheck exclude dirs and/or files: 
[1.920s] -- Added test 'cpplint' to check C / C++ code against the Google style
[1.920s] -- Configured cpplint exclude dirs and/or files: 
[1.920s] -- Added test 'lint_cmake' to check CMake code style
[1.921s] -- Added test 'uncrustify' to check C / C++ code style
[1.922s] -- Configured uncrustify additional arguments: 
[1.922s] -- Added test 'xmllint' to check XML markup files
[1.927s] -- Configuring done
[2.008s] -- Generating done
[2.041s] -- Build files have been written to: /home/uboot/data/ros2_uboot/build/sensor
[2.131s] [  8%] Built target sensor__rosidl_generator_c
[2.135s] [ 12%] Built target human_detector_client
[2.148s] [ 14%] Built target sensor__cpp
[2.170s] [ 17%] [32mBuilding CXX object CMakeFiles/sensor_node.dir/src/sensor_node.cpp.o[0m
[2.192s] [ 25%] Built target sensor__rosidl_typesupport_introspection_c
[2.201s] [ 34%] Built target sensor__rosidl_typesupport_c
[2.202s] [ 42%] Built target sensor__rosidl_typesupport_cpp
[2.210s] [ 51%] Built target sensor__rosidl_typesupport_introspection_cpp
[2.215s] [ 55%] Built target do_something_server
[2.230s] [ 63%] Built target sensor__rosidl_typesupport_fastrtps_cpp
[2.315s] [ 72%] Built target sensor__rosidl_typesupport_fastrtps_c
[2.359s] [01m[K/home/uboot/data/ros2_uboot/src/sensor/src/sensor_node.cpp:15:10:[m[K [01;31m[Kfatal error: [m[Ksensor_msgs/BatteryState.h: No such file or directory
[2.360s]    15 | #include [01;31m[K<sensor_msgs/BatteryState.h>[m[K
[2.360s]       |          [01;31m[K^~~~~~~~~~~~~~~~~~~~~~~~~~~~[m[K
[2.361s] compilation terminated.
[2.362s] make[2]: *** [CMakeFiles/sensor_node.dir/build.make:63: CMakeFiles/sensor_node.dir/src/sensor_node.cpp.o] Error 1
[2.363s] make[1]: *** [CMakeFiles/Makefile2:559: CMakeFiles/sensor_node.dir/all] Error 2
[2.363s] make[1]: *** Waiting for unfinished jobs....
[2.370s] [ 72%] Built target sensor
[2.371s] make: *** [Makefile:141: all] Error 2
[2.378s] Invoked command in '/home/uboot/data/ros2_uboot/build/sensor' returned '2': CMAKE_PREFIX_PATH=${CMAKE_PREFIX_PATH}:/home/uboot/data/ros2_uboot/install/yolo_v5:/home/uboot/data/ros2_uboot/install/uboot_chat:/home/uboot/data/ros2_uboot/install/task_scheduler:/home/uboot/data/ros2_uboot/install/fishbot_description:/opt/ros/foxy /usr/bin/cmake --build /home/uboot/data/ros2_uboot/build/sensor -- -j8 -l8
