[0.224s] Invoking command in '/home/uboot/data/ros2_uboot/build/micro_ros_msgs': CMAKE_PREFIX_PATH=${CMAKE_PREFIX_PATH}:/home/uboot/data/ros2_uboot/install/yolo_v5:/home/uboot/data/ros2_uboot/install/uboot_chat:/home/uboot/data/ros2_uboot/install/task_scheduler:/home/uboot/data/ros2_uboot/install/fishbot_description:/opt/ros/foxy /usr/bin/cmake --build /home/uboot/data/ros2_uboot/build/micro_ros_msgs -- -j8 -l8
[0.891s] [  2%] Built target micro_ros_msgs__cpp
[0.892s] [ 12%] Built target micro_ros_msgs__rosidl_generator_c
[0.892s] [ 23%] Built target micro_ros_msgs__rosidl_typesupport_introspection_cpp
[0.893s] [ 34%] Built target micro_ros_msgs__rosidl_typesupport_cpp
[0.894s] [ 44%] Built target micro_ros_msgs__rosidl_typesupport_fastrtps_cpp
[0.896s] [ 55%] Built target micro_ros_msgs__rosidl_typesupport_c
[0.898s] [ 65%] Built target micro_ros_msgs__rosidl_typesupport_introspection_c
[0.899s] [ 76%] Built target micro_ros_msgs__rosidl_typesupport_fastrtps_c
[0.902s] [ 76%] Built target micro_ros_msgs
[0.906s] [ 78%] Built target micro_ros_msgs__py
[1.004s] [ 87%] Built target micro_ros_msgs__python
[1.122s] [ 91%] Built target micro_ros_msgs__rosidl_typesupport_introspection_c__pyext
[1.143s] [ 95%] Built target micro_ros_msgs__rosidl_typesupport_fastrtps_c__pyext
[1.144s] [100%] Built target micro_ros_msgs__rosidl_typesupport_c__pyext
[1.296s] Invoked command in '/home/uboot/data/ros2_uboot/build/micro_ros_msgs' returned '0': CMAKE_PREFIX_PATH=${CMAKE_PREFIX_PATH}:/home/uboot/data/ros2_uboot/install/yolo_v5:/home/uboot/data/ros2_uboot/install/uboot_chat:/home/uboot/data/ros2_uboot/install/task_scheduler:/home/uboot/data/ros2_uboot/install/fishbot_description:/opt/ros/foxy /usr/bin/cmake --build /home/uboot/data/ros2_uboot/build/micro_ros_msgs -- -j8 -l8
[1.300s] Invoking command in '/home/uboot/data/ros2_uboot/build/micro_ros_msgs': CMAKE_PREFIX_PATH=${CMAKE_PREFIX_PATH}:/home/uboot/data/ros2_uboot/install/yolo_v5:/home/uboot/data/ros2_uboot/install/uboot_chat:/home/uboot/data/ros2_uboot/install/task_scheduler:/home/uboot/data/ros2_uboot/install/fishbot_description:/opt/ros/foxy /usr/bin/cmake --install /home/uboot/data/ros2_uboot/build/micro_ros_msgs
[1.320s] -- Install configuration: ""
[1.320s] -- Up-to-date: /home/uboot/data/ros2_uboot/install/micro_ros_msgs/share/ament_index/resource_index/rosidl_interfaces/micro_ros_msgs
[1.321s] -- Up-to-date: /home/uboot/data/ros2_uboot/install/micro_ros_msgs/include/micro_ros_msgs
[1.321s] -- Up-to-date: /home/uboot/data/ros2_uboot/install/micro_ros_msgs/include/micro_ros_msgs/msg
[1.321s] -- Up-to-date: /home/uboot/data/ros2_uboot/install/micro_ros_msgs/include/micro_ros_msgs/msg/rosidl_generator_c__visibility_control.h
[1.322s] -- Up-to-date: /home/uboot/data/ros2_uboot/install/micro_ros_msgs/include/micro_ros_msgs/msg/graph.h
[1.322s] -- Up-to-date: /home/uboot/data/ros2_uboot/install/micro_ros_msgs/include/micro_ros_msgs/msg/detail
[1.323s] -- Up-to-date: /home/uboot/data/ros2_uboot/install/micro_ros_msgs/include/micro_ros_msgs/msg/detail/node__struct.h
[1.323s] -- Up-to-date: /home/uboot/data/ros2_uboot/install/micro_ros_msgs/include/micro_ros_msgs/msg/detail/graph__functions.h
[1.323s] -- Up-to-date: /home/uboot/data/ros2_uboot/install/micro_ros_msgs/include/micro_ros_msgs/msg/detail/graph__struct.h
[1.324s] -- Up-to-date: /home/uboot/data/ros2_uboot/install/micro_ros_msgs/include/micro_ros_msgs/msg/detail/node__functions.c
[1.324s] -- Up-to-date: /home/uboot/data/ros2_uboot/install/micro_ros_msgs/include/micro_ros_msgs/msg/detail/graph__type_support.h
[1.325s] -- Up-to-date: /home/uboot/data/ros2_uboot/install/micro_ros_msgs/include/micro_ros_msgs/msg/detail/entity__functions.c
[1.325s] -- Up-to-date: /home/uboot/data/ros2_uboot/install/micro_ros_msgs/include/micro_ros_msgs/msg/detail/graph__functions.c
[1.325s] -- Up-to-date: /home/uboot/data/ros2_uboot/install/micro_ros_msgs/include/micro_ros_msgs/msg/detail/node__functions.h
[1.325s] -- Up-to-date: /home/uboot/data/ros2_uboot/install/micro_ros_msgs/include/micro_ros_msgs/msg/detail/entity__functions.h
[1.325s] -- Up-to-date: /home/uboot/data/ros2_uboot/install/micro_ros_msgs/include/micro_ros_msgs/msg/detail/entity__struct.h
[1.325s] -- Up-to-date: /home/uboot/data/ros2_uboot/install/micro_ros_msgs/include/micro_ros_msgs/msg/detail/entity__type_support.h
[1.325s] -- Up-to-date: /home/uboot/data/ros2_uboot/install/micro_ros_msgs/include/micro_ros_msgs/msg/detail/node__type_support.h
[1.325s] -- Up-to-date: /home/uboot/data/ros2_uboot/install/micro_ros_msgs/include/micro_ros_msgs/msg/entity.h
[1.325s] -- Up-to-date: /home/uboot/data/ros2_uboot/install/micro_ros_msgs/include/micro_ros_msgs/msg/node.h
[1.325s] -- Up-to-date: /home/uboot/data/ros2_uboot/install/micro_ros_msgs/share/micro_ros_msgs/environment/library_path.sh
[1.325s] -- Up-to-date: /home/uboot/data/ros2_uboot/install/micro_ros_msgs/share/micro_ros_msgs/environment/library_path.dsv
[1.325s] -- Up-to-date: /home/uboot/data/ros2_uboot/install/micro_ros_msgs/lib/libmicro_ros_msgs__rosidl_generator_c.so
[1.325s] -- Up-to-date: /home/uboot/data/ros2_uboot/install/micro_ros_msgs/include/micro_ros_msgs
[1.326s] -- Up-to-date: /home/uboot/data/ros2_uboot/install/micro_ros_msgs/include/micro_ros_msgs/msg
[1.326s] -- Up-to-date: /home/uboot/data/ros2_uboot/install/micro_ros_msgs/include/micro_ros_msgs/msg/detail
[1.326s] -- Up-to-date: /home/uboot/data/ros2_uboot/install/micro_ros_msgs/include/micro_ros_msgs/msg/detail/entity__rosidl_typesupport_fastrtps_c.h
[1.326s] -- Up-to-date: /home/uboot/data/ros2_uboot/install/micro_ros_msgs/include/micro_ros_msgs/msg/detail/node__rosidl_typesupport_fastrtps_c.h
[1.326s] -- Up-to-date: /home/uboot/data/ros2_uboot/install/micro_ros_msgs/include/micro_ros_msgs/msg/detail/graph__rosidl_typesupport_fastrtps_c.h
[1.326s] -- Up-to-date: /home/uboot/data/ros2_uboot/install/micro_ros_msgs/include/micro_ros_msgs/msg/rosidl_typesupport_fastrtps_c__visibility_control.h
[1.330s] -- Up-to-date: /home/uboot/data/ros2_uboot/install/micro_ros_msgs/lib/libmicro_ros_msgs__rosidl_typesupport_fastrtps_c.so
[1.330s] -- Up-to-date: /home/uboot/data/ros2_uboot/install/micro_ros_msgs/include/micro_ros_msgs
[1.330s] -- Up-to-date: /home/uboot/data/ros2_uboot/install/micro_ros_msgs/include/micro_ros_msgs/msg
[1.330s] -- Up-to-date: /home/uboot/data/ros2_uboot/install/micro_ros_msgs/include/micro_ros_msgs/msg/rosidl_typesupport_fastrtps_cpp__visibility_control.h
[1.330s] -- Up-to-date: /home/uboot/data/ros2_uboot/install/micro_ros_msgs/include/micro_ros_msgs/msg/detail
[1.330s] -- Up-to-date: /home/uboot/data/ros2_uboot/install/micro_ros_msgs/include/micro_ros_msgs/msg/detail/graph__rosidl_typesupport_fastrtps_cpp.hpp
[1.330s] -- Up-to-date: /home/uboot/data/ros2_uboot/install/micro_ros_msgs/include/micro_ros_msgs/msg/detail/node__rosidl_typesupport_fastrtps_cpp.hpp
[1.330s] -- Up-to-date: /home/uboot/data/ros2_uboot/install/micro_ros_msgs/include/micro_ros_msgs/msg/detail/dds_fastrtps
[1.330s] -- Up-to-date: /home/uboot/data/ros2_uboot/install/micro_ros_msgs/include/micro_ros_msgs/msg/detail/entity__rosidl_typesupport_fastrtps_cpp.hpp
[1.331s] -- Up-to-date: /home/uboot/data/ros2_uboot/install/micro_ros_msgs/lib/libmicro_ros_msgs__rosidl_typesupport_fastrtps_cpp.so
[1.331s] -- Up-to-date: /home/uboot/data/ros2_uboot/install/micro_ros_msgs/include/micro_ros_msgs
[1.331s] -- Up-to-date: /home/uboot/data/ros2_uboot/install/micro_ros_msgs/include/micro_ros_msgs/msg
[1.331s] -- Up-to-date: /home/uboot/data/ros2_uboot/install/micro_ros_msgs/include/micro_ros_msgs/msg/rosidl_typesupport_introspection_c__visibility_control.h
[1.331s] -- Up-to-date: /home/uboot/data/ros2_uboot/install/micro_ros_msgs/include/micro_ros_msgs/msg/detail
[1.331s] -- Up-to-date: /home/uboot/data/ros2_uboot/install/micro_ros_msgs/include/micro_ros_msgs/msg/detail/node__type_support.c
[1.332s] -- Up-to-date: /home/uboot/data/ros2_uboot/install/micro_ros_msgs/include/micro_ros_msgs/msg/detail/graph__rosidl_typesupport_introspection_c.h
[1.332s] -- Up-to-date: /home/uboot/data/ros2_uboot/install/micro_ros_msgs/include/micro_ros_msgs/msg/detail/node__rosidl_typesupport_introspection_c.h
[1.332s] -- Up-to-date: /home/uboot/data/ros2_uboot/install/micro_ros_msgs/include/micro_ros_msgs/msg/detail/entity__rosidl_typesupport_introspection_c.h
[1.332s] -- Up-to-date: /home/uboot/data/ros2_uboot/install/micro_ros_msgs/include/micro_ros_msgs/msg/detail/graph__type_support.c
[1.332s] -- Up-to-date: /home/uboot/data/ros2_uboot/install/micro_ros_msgs/include/micro_ros_msgs/msg/detail/entity__type_support.c
[1.332s] -- Up-to-date: /home/uboot/data/ros2_uboot/install/micro_ros_msgs/lib/libmicro_ros_msgs__rosidl_typesupport_introspection_c.so
[1.332s] -- Up-to-date: /home/uboot/data/ros2_uboot/install/micro_ros_msgs/lib/libmicro_ros_msgs__rosidl_typesupport_c.so
[1.332s] -- Up-to-date: /home/uboot/data/ros2_uboot/install/micro_ros_msgs/include/micro_ros_msgs
[1.332s] -- Up-to-date: /home/uboot/data/ros2_uboot/install/micro_ros_msgs/include/micro_ros_msgs/msg
[1.332s] -- Up-to-date: /home/uboot/data/ros2_uboot/install/micro_ros_msgs/include/micro_ros_msgs/msg/detail
[1.333s] -- Up-to-date: /home/uboot/data/ros2_uboot/install/micro_ros_msgs/include/micro_ros_msgs/msg/detail/graph__type_support.hpp
[1.333s] -- Up-to-date: /home/uboot/data/ros2_uboot/install/micro_ros_msgs/include/micro_ros_msgs/msg/detail/graph__struct.hpp
[1.334s] -- Up-to-date: /home/uboot/data/ros2_uboot/install/micro_ros_msgs/include/micro_ros_msgs/msg/detail/node__traits.hpp
[1.334s] -- Up-to-date: /home/uboot/data/ros2_uboot/install/micro_ros_msgs/include/micro_ros_msgs/msg/detail/node__builder.hpp
[1.334s] -- Up-to-date: /home/uboot/data/ros2_uboot/install/micro_ros_msgs/include/micro_ros_msgs/msg/detail/graph__traits.hpp
[1.335s] -- Up-to-date: /home/uboot/data/ros2_uboot/install/micro_ros_msgs/include/micro_ros_msgs/msg/detail/node__struct.hpp
[1.335s] -- Up-to-date: /home/uboot/data/ros2_uboot/install/micro_ros_msgs/include/micro_ros_msgs/msg/detail/graph__builder.hpp
[1.335s] -- Up-to-date: /home/uboot/data/ros2_uboot/install/micro_ros_msgs/include/micro_ros_msgs/msg/detail/node__type_support.hpp
[1.335s] -- Up-to-date: /home/uboot/data/ros2_uboot/install/micro_ros_msgs/include/micro_ros_msgs/msg/detail/entity__builder.hpp
[1.335s] -- Up-to-date: /home/uboot/data/ros2_uboot/install/micro_ros_msgs/include/micro_ros_msgs/msg/detail/entity__traits.hpp
[1.335s] -- Up-to-date: /home/uboot/data/ros2_uboot/install/micro_ros_msgs/include/micro_ros_msgs/msg/detail/entity__type_support.hpp
[1.335s] -- Up-to-date: /home/uboot/data/ros2_uboot/install/micro_ros_msgs/include/micro_ros_msgs/msg/detail/entity__struct.hpp
[1.336s] -- Up-to-date: /home/uboot/data/ros2_uboot/install/micro_ros_msgs/include/micro_ros_msgs/msg/graph.hpp
[1.336s] -- Up-to-date: /home/uboot/data/ros2_uboot/install/micro_ros_msgs/include/micro_ros_msgs/msg/node.hpp
[1.336s] -- Up-to-date: /home/uboot/data/ros2_uboot/install/micro_ros_msgs/include/micro_ros_msgs/msg/entity.hpp
[1.336s] -- Up-to-date: /home/uboot/data/ros2_uboot/install/micro_ros_msgs/include/micro_ros_msgs/msg/rosidl_generator_cpp__visibility_control.hpp
[1.336s] -- Up-to-date: /home/uboot/data/ros2_uboot/install/micro_ros_msgs/include/micro_ros_msgs
[1.336s] -- Up-to-date: /home/uboot/data/ros2_uboot/install/micro_ros_msgs/include/micro_ros_msgs/msg
[1.336s] -- Up-to-date: /home/uboot/data/ros2_uboot/install/micro_ros_msgs/include/micro_ros_msgs/msg/detail
[1.336s] -- Up-to-date: /home/uboot/data/ros2_uboot/install/micro_ros_msgs/include/micro_ros_msgs/msg/detail/entity__type_support.cpp
[1.336s] -- Up-to-date: /home/uboot/data/ros2_uboot/install/micro_ros_msgs/include/micro_ros_msgs/msg/detail/node__type_support.cpp
[1.336s] -- Up-to-date: /home/uboot/data/ros2_uboot/install/micro_ros_msgs/include/micro_ros_msgs/msg/detail/graph__type_support.cpp
[1.336s] -- Up-to-date: /home/uboot/data/ros2_uboot/install/micro_ros_msgs/include/micro_ros_msgs/msg/detail/entity__rosidl_typesupport_introspection_cpp.hpp
[1.336s] -- Up-to-date: /home/uboot/data/ros2_uboot/install/micro_ros_msgs/include/micro_ros_msgs/msg/detail/node__rosidl_typesupport_introspection_cpp.hpp
[1.336s] -- Up-to-date: /home/uboot/data/ros2_uboot/install/micro_ros_msgs/include/micro_ros_msgs/msg/detail/graph__rosidl_typesupport_introspection_cpp.hpp
[1.336s] -- Up-to-date: /home/uboot/data/ros2_uboot/install/micro_ros_msgs/lib/libmicro_ros_msgs__rosidl_typesupport_introspection_cpp.so
[1.337s] -- Up-to-date: /home/uboot/data/ros2_uboot/install/micro_ros_msgs/lib/libmicro_ros_msgs__rosidl_typesupport_cpp.so
[1.337s] -- Up-to-date: /home/uboot/data/ros2_uboot/install/micro_ros_msgs/share/micro_ros_msgs/environment/pythonpath.sh
[1.337s] -- Up-to-date: /home/uboot/data/ros2_uboot/install/micro_ros_msgs/share/micro_ros_msgs/environment/pythonpath.dsv
[1.338s] -- Up-to-date: /home/uboot/data/ros2_uboot/install/micro_ros_msgs/lib/python3.8/site-packages/micro_ros_msgs/__init__.py
[1.402s] -- Up-to-date: /home/uboot/data/ros2_uboot/install/micro_ros_msgs/lib/python3.8/site-packages/micro_ros_msgs/msg
[1.402s] -- Up-to-date: /home/uboot/data/ros2_uboot/install/micro_ros_msgs/lib/python3.8/site-packages/micro_ros_msgs/msg/__init__.py
[1.403s] -- Up-to-date: /home/uboot/data/ros2_uboot/install/micro_ros_msgs/lib/python3.8/site-packages/micro_ros_msgs/msg/_node_s.c
[1.403s] -- Up-to-date: /home/uboot/data/ros2_uboot/install/micro_ros_msgs/lib/python3.8/site-packages/micro_ros_msgs/msg/_entity_s.c
[1.403s] -- Up-to-date: /home/uboot/data/ros2_uboot/install/micro_ros_msgs/lib/python3.8/site-packages/micro_ros_msgs/msg/_graph.py
[1.403s] -- Up-to-date: /home/uboot/data/ros2_uboot/install/micro_ros_msgs/lib/python3.8/site-packages/micro_ros_msgs/msg/_node.py
[1.403s] -- Up-to-date: /home/uboot/data/ros2_uboot/install/micro_ros_msgs/lib/python3.8/site-packages/micro_ros_msgs/msg/_graph_s.c
[1.403s] -- Up-to-date: /home/uboot/data/ros2_uboot/install/micro_ros_msgs/lib/python3.8/site-packages/micro_ros_msgs/msg/_entity.py
[1.404s] -- Up-to-date: /home/uboot/data/ros2_uboot/install/micro_ros_msgs/lib/python3.8/site-packages/micro_ros_msgs/micro_ros_msgs_s__rosidl_typesupport_fastrtps_c.cpython-38-aarch64-linux-gnu.so
[1.405s] -- Up-to-date: /home/uboot/data/ros2_uboot/install/micro_ros_msgs/lib/python3.8/site-packages/micro_ros_msgs/micro_ros_msgs_s__rosidl_typesupport_introspection_c.cpython-38-aarch64-linux-gnu.so
[1.407s] -- Up-to-date: /home/uboot/data/ros2_uboot/install/micro_ros_msgs/lib/python3.8/site-packages/micro_ros_msgs/micro_ros_msgs_s__rosidl_typesupport_c.cpython-38-aarch64-linux-gnu.so
[1.409s] -- Up-to-date: /home/uboot/data/ros2_uboot/install/micro_ros_msgs/lib/libmicro_ros_msgs__python.so
[1.411s] -- Up-to-date: /home/uboot/data/ros2_uboot/install/micro_ros_msgs/share/micro_ros_msgs/msg/Graph.idl
[1.411s] -- Up-to-date: /home/uboot/data/ros2_uboot/install/micro_ros_msgs/share/micro_ros_msgs/msg/Node.idl
[1.411s] -- Up-to-date: /home/uboot/data/ros2_uboot/install/micro_ros_msgs/share/micro_ros_msgs/msg/Entity.idl
[1.412s] -- Up-to-date: /home/uboot/data/ros2_uboot/install/micro_ros_msgs/share/micro_ros_msgs/msg/Graph.msg
[1.412s] -- Up-to-date: /home/uboot/data/ros2_uboot/install/micro_ros_msgs/share/micro_ros_msgs/msg/Node.msg
[1.412s] -- Up-to-date: /home/uboot/data/ros2_uboot/install/micro_ros_msgs/share/micro_ros_msgs/msg/Entity.msg
[1.412s] -- Up-to-date: /home/uboot/data/ros2_uboot/install/micro_ros_msgs/share/ament_index/resource_index/package_run_dependencies/micro_ros_msgs
[1.413s] -- Up-to-date: /home/uboot/data/ros2_uboot/install/micro_ros_msgs/share/ament_index/resource_index/parent_prefix_path/micro_ros_msgs
[1.413s] -- Up-to-date: /home/uboot/data/ros2_uboot/install/micro_ros_msgs/share/micro_ros_msgs/environment/ament_prefix_path.sh
[1.413s] -- Up-to-date: /home/uboot/data/ros2_uboot/install/micro_ros_msgs/share/micro_ros_msgs/environment/ament_prefix_path.dsv
[1.413s] -- Up-to-date: /home/uboot/data/ros2_uboot/install/micro_ros_msgs/share/micro_ros_msgs/environment/path.sh
[1.413s] -- Up-to-date: /home/uboot/data/ros2_uboot/install/micro_ros_msgs/share/micro_ros_msgs/environment/path.dsv
[1.414s] -- Up-to-date: /home/uboot/data/ros2_uboot/install/micro_ros_msgs/share/micro_ros_msgs/local_setup.bash
[1.414s] -- Up-to-date: /home/uboot/data/ros2_uboot/install/micro_ros_msgs/share/micro_ros_msgs/local_setup.sh
[1.414s] -- Up-to-date: /home/uboot/data/ros2_uboot/install/micro_ros_msgs/share/micro_ros_msgs/local_setup.zsh
[1.414s] -- Up-to-date: /home/uboot/data/ros2_uboot/install/micro_ros_msgs/share/micro_ros_msgs/local_setup.dsv
[1.414s] -- Installing: /home/uboot/data/ros2_uboot/install/micro_ros_msgs/share/micro_ros_msgs/package.dsv
[1.417s] -- Up-to-date: /home/uboot/data/ros2_uboot/install/micro_ros_msgs/share/ament_index/resource_index/packages/micro_ros_msgs
[1.421s] -- Up-to-date: /home/uboot/data/ros2_uboot/install/micro_ros_msgs/share/micro_ros_msgs/cmake/micro_ros_msgs__rosidl_generator_cExport.cmake
[1.421s] -- Up-to-date: /home/uboot/data/ros2_uboot/install/micro_ros_msgs/share/micro_ros_msgs/cmake/micro_ros_msgs__rosidl_generator_cExport-noconfig.cmake
[1.423s] -- Up-to-date: /home/uboot/data/ros2_uboot/install/micro_ros_msgs/share/micro_ros_msgs/cmake/micro_ros_msgs__rosidl_typesupport_introspection_cExport.cmake
[1.423s] -- Up-to-date: /home/uboot/data/ros2_uboot/install/micro_ros_msgs/share/micro_ros_msgs/cmake/micro_ros_msgs__rosidl_typesupport_introspection_cExport-noconfig.cmake
[1.425s] -- Up-to-date: /home/uboot/data/ros2_uboot/install/micro_ros_msgs/share/micro_ros_msgs/cmake/micro_ros_msgs__rosidl_typesupport_cExport.cmake
[1.425s] -- Up-to-date: /home/uboot/data/ros2_uboot/install/micro_ros_msgs/share/micro_ros_msgs/cmake/micro_ros_msgs__rosidl_typesupport_cExport-noconfig.cmake
[1.427s] -- Up-to-date: /home/uboot/data/ros2_uboot/install/micro_ros_msgs/share/micro_ros_msgs/cmake/micro_ros_msgs__rosidl_generator_cppExport.cmake
[1.428s] -- Up-to-date: /home/uboot/data/ros2_uboot/install/micro_ros_msgs/share/micro_ros_msgs/cmake/micro_ros_msgs__rosidl_typesupport_introspection_cppExport.cmake
[1.429s] -- Up-to-date: /home/uboot/data/ros2_uboot/install/micro_ros_msgs/share/micro_ros_msgs/cmake/micro_ros_msgs__rosidl_typesupport_introspection_cppExport-noconfig.cmake
[1.429s] -- Up-to-date: /home/uboot/data/ros2_uboot/install/micro_ros_msgs/share/micro_ros_msgs/cmake/micro_ros_msgs__rosidl_typesupport_cppExport.cmake
[1.430s] -- Up-to-date: /home/uboot/data/ros2_uboot/install/micro_ros_msgs/share/micro_ros_msgs/cmake/micro_ros_msgs__rosidl_typesupport_cppExport-noconfig.cmake
[1.430s] -- Up-to-date: /home/uboot/data/ros2_uboot/install/micro_ros_msgs/share/micro_ros_msgs/cmake/rosidl_cmake-extras.cmake
[1.430s] -- Up-to-date: /home/uboot/data/ros2_uboot/install/micro_ros_msgs/share/micro_ros_msgs/cmake/ament_cmake_export_dependencies-extras.cmake
[1.431s] -- Up-to-date: /home/uboot/data/ros2_uboot/install/micro_ros_msgs/share/micro_ros_msgs/cmake/ament_cmake_export_libraries-extras.cmake
[1.431s] -- Up-to-date: /home/uboot/data/ros2_uboot/install/micro_ros_msgs/share/micro_ros_msgs/cmake/ament_cmake_export_targets-extras.cmake
[1.431s] -- Up-to-date: /home/uboot/data/ros2_uboot/install/micro_ros_msgs/share/micro_ros_msgs/cmake/ament_cmake_export_include_directories-extras.cmake
[1.431s] -- Up-to-date: /home/uboot/data/ros2_uboot/install/micro_ros_msgs/share/micro_ros_msgs/cmake/rosidl_cmake_export_typesupport_libraries-extras.cmake
[1.431s] -- Up-to-date: /home/uboot/data/ros2_uboot/install/micro_ros_msgs/share/micro_ros_msgs/cmake/rosidl_cmake_export_typesupport_targets-extras.cmake
[1.432s] -- Up-to-date: /home/uboot/data/ros2_uboot/install/micro_ros_msgs/share/micro_ros_msgs/cmake/micro_ros_msgsConfig.cmake
[1.432s] -- Up-to-date: /home/uboot/data/ros2_uboot/install/micro_ros_msgs/share/micro_ros_msgs/cmake/micro_ros_msgsConfig-version.cmake
[1.432s] -- Up-to-date: /home/uboot/data/ros2_uboot/install/micro_ros_msgs/share/micro_ros_msgs/package.xml
[2.322s] Invoked command in '/home/uboot/data/ros2_uboot/build/micro_ros_msgs' returned '0': CMAKE_PREFIX_PATH=${CMAKE_PREFIX_PATH}:/home/uboot/data/ros2_uboot/install/yolo_v5:/home/uboot/data/ros2_uboot/install/uboot_chat:/home/uboot/data/ros2_uboot/install/task_scheduler:/home/uboot/data/ros2_uboot/install/fishbot_description:/opt/ros/foxy /usr/bin/cmake --install /home/uboot/data/ros2_uboot/build/micro_ros_msgs
